Model Technology ModelSim SE-64 vlog 10.2c Compiler 2013.07 Jul 19 2013
-- Compiling module v_smpte_uhdsdi_v1_0_5_crc2
-- Compiling module v_smpte_uhdsdi_v1_0_5_edh_anc_rx
-- Compiling module v_smpte_uhdsdi_v1_0_5_edh_autodetect
-- Compiling module v_smpte_uhdsdi_v1_0_5_edh_crc16
-- Compiling module v_smpte_uhdsdi_v1_0_5_edh_crc
-- Compiling module v_smpte_uhdsdi_v1_0_5_edh_errcnt
-- Compiling module v_smpte_uhdsdi_v1_0_5_edh_flags
-- Compiling module v_smpte_uhdsdi_v1_0_5_edh_fly_field
-- Compiling module v_smpte_uhdsdi_v1_0_5_edh_fly_fsm
-- Compiling module v_smpte_uhdsdi_v1_0_5_edh_fly_horz
-- Compiling module v_smpte_uhdsdi_v1_0_5_edh_fly_vert
-- Compiling module v_smpte_uhdsdi_v1_0_5_edh_flywheel
-- Compiling module v_smpte_uhdsdi_v1_0_5_edh_loc
-- Compiling module v_smpte_uhdsdi_v1_0_5_edh_processor
-- Compiling module v_smpte_uhdsdi_v1_0_5_edh_rx
-- Compiling module v_smpte_uhdsdi_v1_0_5_edh_trs_detect
-- Compiling module v_smpte_uhdsdi_v1_0_5_edh_tx
-- Compiling module v_smpte_uhdsdi_v1_0_5_edh_video_decode
-- Compiling module v_smpte_uhdsdi_v1_0_5_rx_autorate
-- Compiling module v_smpte_uhdsdi_v1_0_5_rx_crc
-- Compiling module v_smpte_uhdsdi_v1_0_5_rx_decoder
-- Compiling module v_smpte_uhdsdi_v1_0_5_rx_demux_4
-- Compiling module v_smpte_uhdsdi_v1_0_5_rx_framer
-- Compiling module v_smpte_uhdsdi_v1_0_5_rx_st352_pid_capture
-- Compiling module v_smpte_uhdsdi_v1_0_5_rx_to_demux
-- Compiling module v_smpte_uhdsdi_v1_0_5_rx_transport_detect
-- Compiling module v_smpte_uhdsdi_v1_0_5_rx_trs_restore
-- Compiling module v_smpte_uhdsdi_v1_0_5_rx
-- Compiling module v_smpte_uhdsdi_v1_0_5_tx_bitrep_20b
-- Compiling module v_smpte_uhdsdi_v1_0_5_tx_channel
-- Compiling module v_smpte_uhdsdi_v1_0_5_tx_encoder
-- Compiling module v_smpte_uhdsdi_v1_0_5_tx_insert_crc
-- Compiling module v_smpte_uhdsdi_v1_0_5_tx_insert_ln
-- Compiling module v_smpte_uhdsdi_v1_0_5_tx_mux
-- Compiling module v_smpte_uhdsdi_v1_0_5_tx_output
-- Compiling module v_smpte_uhdsdi_v1_0_5_tx_scrambler
-- Compiling module v_smpte_uhdsdi_v1_0_5_tx_st352_pid_insert
-- Compiling module v_smpte_uhdsdi_v1_0_5_tx_syncbit_insert
-- Compiling module v_smpte_uhdsdi_v1_0_5_tx_trsgen
-- Compiling module v_smpte_uhdsdi_v1_0_5_tx
-- Compiling module v_smpte_uhdsdi_v1_0_5

Top level modules:
	v_smpte_uhdsdi_v1_0_5
