Model Technology ModelSim SE-64 vcom 10.2c Compiler 2013.07 Jul 19 2013
-- Loading package STANDARD
-- Loading package TEXTIO
-- Loading package std_logic_1164
-- Compiling entity ld_arith_reg
-- Loading package NUMERIC_STD
-- Compiling architecture imp of ld_arith_reg
-- Loading package std_logic_arith
-- Loading package STD_LOGIC_UNSIGNED
-- Loading package lib_pkg
-- Compiling entity async_statemachine
-- Compiling architecture imp of async_statemachine
-- Loading entity ld_arith_reg
-- Compiling entity async_counters
-- Compiling architecture imp of async_counters
-- Loading package ATTRIBUTES
-- Loading package std_logic_misc
-- Loading package ipif_pkg
** Error: (vcom-11) Could not find unisim.vcomponents.
** Error: D:\Xilinx\vivado\Vivado\2018.2\data\ip\xilinx\axi_epc_v2_0\hdl\axi_epc_v2_0_vh_rfs.vhd(2022): (vcom-1195) Cannot find expanded name "unisim.vcomponents".
** Error: D:\Xilinx\vivado\Vivado\2018.2\data\ip\xilinx\axi_epc_v2_0\hdl\axi_epc_v2_0_vh_rfs.vhd(2022): Unknown expanded name.
** Error: D:\Xilinx\vivado\Vivado\2018.2\data\ip\xilinx\axi_epc_v2_0\hdl\axi_epc_v2_0_vh_rfs.vhd(2101): VHDL Compiler exiting
