Model Technology ModelSim SE-64 vcom 10.2c Compiler 2013.07 Jul 19 2013
-- Loading package STANDARD
-- Loading package TEXTIO
-- Loading package std_logic_1164
-- Loading package NUMERIC_STD
-- Compiling entity counter_f
-- Compiling architecture imp of counter_f
-- Loading package std_logic_arith
-- Loading package STD_LOGIC_UNSIGNED
-- Compiling entity time_out
-- Compiling architecture RTL of time_out
-- Loading entity counter_f
-- Compiling entity ahb_skid_buf
-- Compiling architecture implementation of ahb_skid_buf
-- Loading package ATTRIBUTES
-- Loading package std_logic_misc
-- Compiling entity axi_slv_if
-- Compiling architecture RTL of axi_slv_if
-- Compiling entity ahb_mstr_if
-- Compiling architecture RTL of ahb_mstr_if
-- Compiling entity axi_ahblite_bridge
-- Compiling architecture RTL of axi_ahblite_bridge
-- Loading entity ahb_skid_buf
-- Loading entity axi_slv_if
-- Loading entity ahb_mstr_if
-- Loading entity time_out
