Model Technology ModelSim SE-64 vlog 10.2c Compiler 2013.07 Jul 19 2013
-- Compiling module AND2B1L
-- Compiling module AUTOBUF
-- Compiling module BIBUF
-- Compiling module BITSLICE_CONTROL
-- Compiling module BSCANE2
-- Compiling module BUF
-- Compiling module BUFCE_LEAF
-- Compiling module BUFCE_ROW
-- Compiling module BUFG
-- Compiling module BUFGCE
-- Compiling module BUFGCE_DIV
-- Compiling module BUFGCTRL
-- Compiling module BUFGP
-- Compiling module BUFG_GT
-- Compiling module BUFG_GT_SYNC
-- Compiling module BUFG_PS
-- Compiling module BUFH
-- Compiling module BUFHCE
-- Compiling module BUFIO
-- Compiling module BUFMR
-- Compiling module BUFMRCE
-- Compiling module BUFR
-- Compiling module CAPTUREE2
-- Compiling module CARRY4
-- Compiling module CARRY8
-- Compiling module CFGLUT5
-- Compiling module CMAC
-- Compiling module CMACE4
-- Compiling module DCIRESET
-- Compiling module DCM_ADV
-- Compiling module dcm_adv_clock_divide_by_2
-- Compiling module dcm_adv_maximum_period_check
-- Compiling module dcm_adv_clock_lost
-- Compiling module DCM_SP
-- Compiling module dcm_sp_clock_divide_by_2
-- Compiling module dcm_sp_maximum_period_check
-- Compiling module dcm_sp_clock_lost
-- Compiling module DIFFINBUF
-- Compiling module DNA_PORT
-- Compiling module DNA_PORTE2
-- Compiling module DPHY_DIFFINBUF
-- Compiling module DSP48E1
-- Compiling module DSP48E2
-- Compiling module DSP_ALU
-- Compiling module DSP_A_B_DATA
-- Compiling module DSP_C_DATA
-- Compiling module DSP_MULTIPLIER
-- Compiling module DSP_M_DATA
-- Compiling module DSP_OUTPUT
-- Compiling module DSP_PREADD
-- Compiling module DSP_PREADD_DATA
-- Compiling module EFUSE_USR
-- Compiling module FDCE
-- Compiling module FDPE
-- Compiling module FDRE
-- Compiling module FDSE
-- Compiling module FE
-- Compiling module FIFO18E1
-- Compiling module FF18_INTERNAL_VLOG
-- Compiling module FIFO18E2
-- Compiling module FIFO36E1
-- Compiling module FF36_INTERNAL_VLOG
-- Compiling module FIFO36E2
-- Compiling module FRAME_ECCE2
-- Compiling module FRAME_ECCE3
-- Compiling module FRAME_ECCE4
-- Compiling module GND
-- Compiling module GTHE2_CHANNEL
-- Compiling module GTHE2_COMMON
-- Compiling module GTHE3_CHANNEL
-- Compiling module GTHE3_COMMON
-- Compiling module GTHE4_CHANNEL
-- Compiling module GTHE4_COMMON
-- Compiling module GTPE2_CHANNEL
-- Compiling module GTPE2_COMMON
-- Compiling module GTXE2_CHANNEL
-- Compiling module GTXE2_COMMON
-- Compiling module GTYE3_CHANNEL
-- Compiling module GTYE3_COMMON
-- Compiling module GTYE4_CHANNEL
-- Compiling module GTYE4_COMMON
-- Compiling module HARD_SYNC
-- Compiling module HBM_ONE_STACK_INTF
-- Compiling module HBM_REF_CLK
-- Compiling module HBM_SNGLBLI_INTF_APB
-- Compiling module HBM_SNGLBLI_INTF_AXI
-- Compiling module HBM_TWO_STACK_INTF
-- Compiling module HPIO_VREF
-- Compiling module HSADC
-- Compiling module HSDAC
-- Compiling module IBUF
-- Compiling module IBUFCTRL
-- Compiling module IBUFDS
-- Compiling module IBUFDSE3
-- Compiling module IBUFDS_DIFF_OUT
-- Compiling module IBUFDS_DIFF_OUT_IBUFDISABLE
-- Compiling module IBUFDS_DIFF_OUT_INTERMDISABLE
-- Compiling module IBUFDS_DPHY
-- Compiling module IBUFDS_GTE2
-- Compiling module IBUFDS_GTE3
-- Compiling module IBUFDS_GTE4
-- Compiling module IBUFDS_IBUFDISABLE
-- Compiling module IBUFDS_IBUFDISABLE_INT
-- Compiling module IBUFDS_INTERMDISABLE
-- Compiling module IBUFDS_INTERMDISABLE_INT
-- Compiling module IBUFE3
-- Compiling module IBUF_ANALOG
-- Compiling module IBUF_IBUFDISABLE
-- Compiling module IBUF_INTERMDISABLE
-- Compiling module ICAPE2
-- Compiling module ICAPE3
-- Compiling module IDDR
-- Compiling module IDDRE1
-- Compiling module IDDR_2CLK
-- Compiling module IDELAYCTRL
-- Compiling module IDELAYE2
-- Compiling module IDELAYE2_FINEDELAY
-- Compiling module IDELAYE3
-- Compiling module ILKN
-- Compiling module ILKNE4
-- Compiling module INBUF
-- Compiling module INV
-- Compiling module IN_FIFO
-- Compiling module IOBUF
-- Compiling module IOBUFDS
-- Compiling module IOBUFDSE3
-- Compiling module IOBUFDS_DCIEN
-- Compiling module IOBUFDS_DIFF_OUT
-- Compiling module IOBUFDS_DIFF_OUT_DCIEN
-- Compiling module IOBUFDS_DIFF_OUT_INTERMDISABLE
-- Compiling module IOBUFDS_INTERMDISABLE
-- Compiling module IOBUFE3
-- Compiling module IOBUF_ANALOG
-- Compiling module IOBUF_DCIEN
-- Compiling module IOBUF_INTERMDISABLE
-- Compiling module ISERDES
-- Compiling module ISERDESE1
-- Compiling module bscntrl_iserdese1_vlog
-- Compiling module ice_iserdese1_vlog
-- Compiling module ISERDESE2
-- Compiling module ISERDESE3
-- Compiling module ISERDES_NODELAY
-- Compiling module JTAG_SIME2
-- Compiling module KEEPER
-- Compiling module LDCE
-- Compiling UDP latchsre_ldce
-- Compiling module LDPE
-- Compiling UDP latchsre_ldpe
-- Compiling module LUT1
-- Compiling UDP x_lut1_mux2
-- Compiling module LUT2
-- Compiling UDP x_lut2_mux4
-- Compiling module LUT3
-- Compiling UDP x_lut3_mux8
-- Compiling module LUT4
-- Compiling module LUT5
-- Compiling module LUT6
-- Compiling module LUT6_2
-- Compiling module MASTER_JTAG
-- Compiling module MMCME2_ADV
-- Compiling module MMCME2_BASE
-- Compiling module MMCME3_ADV
-- Compiling module MMCME3_BASE
-- Compiling module MMCME4_ADV
-- Compiling module MMCME4_BASE
-- Compiling module MUXCY
-- Compiling module MUXF7
-- Compiling module MUXF8
-- Compiling module MUXF9
-- Compiling module OBUF
-- Compiling module OBUFDS
-- Compiling module OBUFDS_DPHY
-- Compiling module OBUFDS_GTE3
-- Compiling module OBUFDS_GTE3_ADV
-- Compiling module OBUFDS_GTE4
-- Compiling module OBUFDS_GTE4_ADV
-- Compiling module OBUFT
-- Compiling module OBUFTDS
-- Compiling module OBUFTDS_DCIEN
-- Compiling module OBUFT_DCIEN
-- Compiling module ODDR
-- Compiling module ODDRE1
-- Compiling module ODELAYE2
-- Compiling module ODELAYE2_FINEDELAY
-- Compiling module ODELAYE3
-- Compiling module OR2L
-- Compiling module OSERDES
-- Compiling module OSERDESE1
-- Compiling module selfheal_oserdese1_vlog
-- Compiling module plg_oserdese1_vlog
-- Compiling module rank12d_oserdese1_vlog
-- Compiling module trif_oserdese1_vlog
-- Compiling module txbuffer_oserdese1_vlog
-- Compiling module fifo_tdpipe_oserdese1_vlog
-- Compiling module fifo_reset_oserdese1_vlog
-- Compiling module fifo_addr_oserdese1_vlog
-- Compiling module iodlyctrl_npre_oserdese1_vlog
-- Compiling module dout_oserdese1_vlog
-- Compiling module tout_oserdese1_vlog
-- Compiling module OSERDESE2
-- Compiling module OSERDESE3
-- Compiling module OUT_FIFO
-- Compiling module PCIE40E4
-- Compiling module PCIE4CE4
-- Compiling module PCIE_2_1
-- Compiling module PCIE_3_0
-- Compiling module PCIE_3_1
-- Compiling module PHASER_IN
-- Compiling module PHASER_IN_PHY
-- Compiling module PHASER_OUT
-- Compiling module PHASER_OUT_PHY
-- Compiling module PHASER_REF
-- Compiling module PHY_CONTROL
-- Compiling module PLLE2_ADV
-- Compiling module PLLE2_BASE
-- Compiling module PLLE3_ADV
-- Compiling module PLLE3_BASE
-- Compiling module PLLE4_ADV
-- Compiling module PLLE4_BASE
-- Compiling module PS7
-- Compiling module PS8
-- Compiling module PULLDOWN
-- Compiling module PULLUP
-- Compiling module RAM128X1D
-- Compiling module RAM128X1S
-- Compiling module RAM256X1D
-- Compiling module RAM256X1S
-- Compiling module RAM32M
-- Compiling module RAM32M16
-- Compiling module RAM32X1D
-- Compiling module RAM32X1S
-- Compiling module RAM512X1S
-- Compiling module RAM64M
-- Compiling module RAM64M8
-- Compiling module RAM64X1D
-- Compiling module RAM64X1S
-- Compiling module RAM64X8SW
-- Compiling module RAMB18E1
-- Compiling module RB18_INTERNAL_VLOG
-- Compiling module RAMB18E2
-- Compiling module RAMB36E1
-- Compiling module RB36_INTERNAL_VLOG
-- Compiling module RAMB36E2
-- Compiling module RAMD32
-- Compiling module RAMD64E
-- Compiling module RAMS32
-- Compiling module RAMS64E
-- Compiling module RAMS64E1
-- Compiling module RIU_OR
-- Compiling module RXTX_BITSLICE
-- Compiling module RX_BITSLICE
-- Compiling module SIM_CONFIGE2
-- Compiling module SIM_CONFIGE3
-- Compiling module SRL16E
-- Compiling module SRLC16E
-- Compiling module SRLC32E
-- Compiling module STARTUPE2
-- Compiling module STARTUPE3
-- Compiling module SYSMONE1
-- Compiling module SYSMONE4
-- Compiling module TX_BITSLICE
-- Compiling module TX_BITSLICE_TRI
-- Compiling module URAM288
-- Compiling module URAM288_BASE
-- Compiling module USR_ACCESSE2
-- Compiling module VCC
-- Compiling module VCU
-- Compiling module XADC
-- Compiling module XORCY
-- Compiling module ZHOLD_DELAY

Top level modules:
	AND2B1L
	AUTOBUF
	BIBUF
	BITSLICE_CONTROL
	BSCANE2
	BUF
	BUFCE_LEAF
	BUFCE_ROW
	BUFG
	BUFGCE
	BUFGCE_DIV
	BUFGP
	BUFG_GT
	BUFG_GT_SYNC
	BUFG_PS
	BUFH
	BUFHCE
	BUFIO
	BUFMR
	BUFMRCE
	BUFR
	CAPTUREE2
	CARRY4
	CARRY8
	CFGLUT5
	CMAC
	CMACE4
	DCIRESET
	DCM_ADV
	DCM_SP
	DIFFINBUF
	DNA_PORT
	DNA_PORTE2
	DPHY_DIFFINBUF
	DSP48E1
	DSP48E2
	DSP_ALU
	DSP_A_B_DATA
	DSP_C_DATA
	DSP_MULTIPLIER
	DSP_M_DATA
	DSP_OUTPUT
	DSP_PREADD
	DSP_PREADD_DATA
	EFUSE_USR
	FDCE
	FDPE
	FDRE
	FDSE
	FE
	FIFO18E1
	FIFO18E2
	FIFO36E1
	FIFO36E2
	FRAME_ECCE2
	FRAME_ECCE3
	FRAME_ECCE4
	GND
	GTHE2_CHANNEL
	GTHE2_COMMON
	GTHE3_CHANNEL
	GTHE3_COMMON
	GTHE4_CHANNEL
	GTHE4_COMMON
	GTPE2_CHANNEL
	GTPE2_COMMON
	GTXE2_CHANNEL
	GTXE2_COMMON
	GTYE3_CHANNEL
	GTYE3_COMMON
	GTYE4_CHANNEL
	GTYE4_COMMON
	HARD_SYNC
	HBM_ONE_STACK_INTF
	HBM_REF_CLK
	HBM_SNGLBLI_INTF_APB
	HBM_SNGLBLI_INTF_AXI
	HBM_TWO_STACK_INTF
	HPIO_VREF
	HSADC
	HSDAC
	IBUF
	IBUFCTRL
	IBUFDS
	IBUFDSE3
	IBUFDS_DIFF_OUT
	IBUFDS_DIFF_OUT_IBUFDISABLE
	IBUFDS_DIFF_OUT_INTERMDISABLE
	IBUFDS_DPHY
	IBUFDS_GTE2
	IBUFDS_GTE3
	IBUFDS_GTE4
	IBUFDS_IBUFDISABLE
	IBUFDS_IBUFDISABLE_INT
	IBUFDS_INTERMDISABLE
	IBUFDS_INTERMDISABLE_INT
	IBUFE3
	IBUF_ANALOG
	IBUF_IBUFDISABLE
	IBUF_INTERMDISABLE
	ICAPE2
	ICAPE3
	IDDR
	IDDRE1
	IDDR_2CLK
	IDELAYCTRL
	IDELAYE2
	IDELAYE2_FINEDELAY
	IDELAYE3
	ILKN
	ILKNE4
	INBUF
	IN_FIFO
	IOBUF
	IOBUFDS
	IOBUFDSE3
	IOBUFDS_DCIEN
	IOBUFDS_DIFF_OUT
	IOBUFDS_DIFF_OUT_DCIEN
	IOBUFDS_DIFF_OUT_INTERMDISABLE
	IOBUFDS_INTERMDISABLE
	IOBUFE3
	IOBUF_ANALOG
	IOBUF_DCIEN
	IOBUF_INTERMDISABLE
	ISERDES
	ISERDESE1
	ISERDESE2
	ISERDESE3
	ISERDES_NODELAY
	JTAG_SIME2
	KEEPER
	LDCE
	LDPE
	LUT1
	LUT2
	LUT3
	LUT4
	LUT5
	LUT6
	LUT6_2
	MASTER_JTAG
	MMCME2_BASE
	MMCME3_BASE
	MMCME4_BASE
	MUXCY
	MUXF7
	MUXF8
	MUXF9
	OBUF
	OBUFDS
	OBUFDS_DPHY
	OBUFDS_GTE3
	OBUFDS_GTE3_ADV
	OBUFDS_GTE4
	OBUFDS_GTE4_ADV
	OBUFT
	OBUFTDS
	OBUFTDS_DCIEN
	OBUFT_DCIEN
	ODDR
	ODDRE1
	ODELAYE2
	ODELAYE2_FINEDELAY
	ODELAYE3
	OR2L
	OSERDES
	OSERDESE1
	OSERDESE2
	OSERDESE3
	OUT_FIFO
	PCIE40E4
	PCIE4CE4
	PCIE_2_1
	PCIE_3_0
	PCIE_3_1
	PHASER_IN
	PHASER_IN_PHY
	PHASER_OUT
	PHASER_OUT_PHY
	PHASER_REF
	PHY_CONTROL
	PLLE2_BASE
	PLLE3_BASE
	PLLE4_BASE
	PS7
	PS8
	PULLDOWN
	PULLUP
	RAM128X1D
	RAM128X1S
	RAM256X1D
	RAM256X1S
	RAM32M
	RAM32M16
	RAM32X1D
	RAM32X1S
	RAM512X1S
	RAM64M
	RAM64M8
	RAM64X1D
	RAM64X1S
	RAM64X8SW
	RAMB18E1
	RAMB18E2
	RAMB36E1
	RAMB36E2
	RAMD32
	RAMD64E
	RAMS32
	RAMS64E
	RAMS64E1
	RIU_OR
	RXTX_BITSLICE
	RX_BITSLICE
	SRL16E
	SRLC16E
	SRLC32E
	STARTUPE2
	STARTUPE3
	SYSMONE1
	SYSMONE4
	TX_BITSLICE
	TX_BITSLICE_TRI
	URAM288
	URAM288_BASE
	USR_ACCESSE2
	VCC
	VCU
	XADC
	XORCY
	ZHOLD_DELAY
