Unable to capture context for thread 5932 in process 9536, can not generate back trace
Exception at PC 0x00007FFE437CBB93
Printing stacktrace...

Exception at PC 0x00007FFE8C677788
Exception at PC 0x00007FFE8C677788
Exception at PC 0x00007FFE8C677788
Exception at PC 0x00007FFE8C677788
Exception at PC 0x00007FFE8C677788
Exception at PC 0x00007FFE8C677788
Exception at PC 0x00007FFE8C677788
Exception at PC 0x00007FFE8C677788
Exception at PC 0x00007FFE8C677788
Exception at PC 0x00007FFE8C677788
Exception at PC 0x00007FFE8C677788
Exception at PC 0x00007FFE8C677788
Exception at PC 0x00007FFE8C677788
Exception at PC 0x00007FFE8C677788
Exception at PC 0x00007FFE8C677788
Exception at PC 0x00007FFE8C677788
Exception at PC 0x00007FFE8C677788
[0]  [0x00007FFE437CBB93]
[1]  [0x00007FFE437CBB93]
[2]  [0x00007FFE437CB4A1]
[3]  [0x00007FFE437CB3EF]
[4]  [0x00007FFE437B19FE]
[5]  [0x00007FFE437B0ED1]
[6]  [0x00007FFE437B0D76]
[7]  [0x00007FFE437579F6]
[8]  [0x00007FFE43747AFB]
[9]  [0x00007FFE4386E90A]
[10]  [0x00007FFE43889F87]
[11]  [0x00007FFE4388A05F]
[12] (BaseThreadInitThunk+0x14) [0x00007FFE8DC38364]
[13] (RtlUserThreadStart+0x21) [0x00007FFE8FBC70D1]
Done
Exception at PC 0x00007FFE8C677788
