Model Technology ModelSim SE-64 vcom 10.2c Compiler 2013.07 Jul 19 2013
-- Loading package STANDARD
-- Compiling package vid_edid_v1_0_0_family_support
-- Compiling package body vid_edid_v1_0_0_family_support
-- Loading package vid_edid_v1_0_0_family_support
-- Loading package TEXTIO
-- Loading package std_logic_1164
-- Loading package vid_edid_v1_0_0_family_support
-- Compiling entity vid_edid_v1_0_0_pselect_f
-- Compiling architecture imp of vid_edid_v1_0_0_pselect_f
-- Loading package std_logic_arith
-- Loading package STD_LOGIC_UNSIGNED
-- Compiling package vid_edid_v1_0_0_proc_common_pkg
-- Compiling package body vid_edid_v1_0_0_proc_common_pkg
-- Loading package vid_edid_v1_0_0_proc_common_pkg
-- Loading package NUMERIC_STD
-- Compiling entity vid_edid_v1_0_0_counter_f
-- Compiling architecture imp of vid_edid_v1_0_0_counter_f
-- Compiling package vid_edid_v1_0_0_common_pkg
-- Compiling package body vid_edid_v1_0_0_common_pkg
-- Loading package vid_edid_v1_0_0_common_pkg
-- Compiling entity vid_edid_v1_0_0_multiplexor
-- Compiling architecture RTL of vid_edid_v1_0_0_multiplexor
-- Loading package vid_edid_v1_0_0_proc_common_pkg
-- Compiling entity vid_edid_v1_0_0_axilite_sif
-- Compiling architecture RTL of vid_edid_v1_0_0_axilite_sif
-- Compiling entity vid_edid_v1_0_0_apb_mif
-- Compiling architecture RTL of vid_edid_v1_0_0_apb_mif
-- Loading package ATTRIBUTES
-- Loading package std_logic_misc
-- Compiling entity vid_edid_v1_0_0_psel_decoder
-- Compiling architecture RTL of vid_edid_v1_0_0_psel_decoder
-- Loading package vid_edid_v1_0_0_common_pkg
-- Compiling entity vid_edid_v1_0_0_rom
-- Compiling architecture rtl of vid_edid_v1_0_0_rom
-- Compiling entity vid_edid_v1_0_0_axi_apb_bridge
-- Compiling architecture RTL of vid_edid_v1_0_0_axi_apb_bridge
-- Compiling entity vid_edid_v1_0_0_edid_rom
-- Compiling architecture rtl of vid_edid_v1_0_0_edid_rom
-- Loading entity vid_edid_v1_0_0_rom
