
*** Running vivado
    with args -log ram_8_256.vds -m64 -product Vivado -mode batch -messageDb vivado.pb -notrace -source ram_8_256.tcl


****** Vivado v2018.2 (64-bit)
  **** SW Build 2258646 on Thu Jun 14 20:02:38 MDT 2018
  **** IP Build 2256618 on Thu Jun 14 22:10:49 MDT 2018
    ** Copyright 1986-2018 Xilinx, Inc. All Rights Reserved.

source ram_8_256.tcl -notrace
Command: synth_design -top ram_8_256 -part xc7a100tfgg484-2 -mode out_of_context
Starting synth_design
Attempting to get a license for feature 'Synthesis' and/or device 'xc7a100t'
INFO: [Common 17-349] Got license for feature 'Synthesis' and/or device 'xc7a100t'
INFO: Launching helper process for spawning children vivado processes
INFO: Helper process launched with PID 31917 
---------------------------------------------------------------------------------
Starting RTL Elaboration : Time (s): cpu = 00:00:07 ; elapsed = 00:00:16 . Memory (MB): peak = 1249.996 ; gain = 80.785 ; free physical = 20453 ; free virtual = 25955
---------------------------------------------------------------------------------
INFO: [Synth 8-638] synthesizing module 'ram_8_256' [/home/feilong/Storages/fpga/28_sobel/sobel/sobel.srcs/sources_1/ip/ram_8_256/synth/ram_8_256.vhd:73]
	Parameter C_FAMILY bound to: artix7 - type: string 
	Parameter C_XDEVICEFAMILY bound to: artix7 - type: string 
	Parameter C_ELABORATION_DIR bound to: ./ - type: string 
	Parameter C_INTERFACE_TYPE bound to: 0 - type: integer 
	Parameter C_AXI_TYPE bound to: 1 - type: integer 
	Parameter C_AXI_SLAVE_TYPE bound to: 0 - type: integer 
	Parameter C_USE_BRAM_BLOCK bound to: 0 - type: integer 
	Parameter C_ENABLE_32BIT_ADDRESS bound to: 0 - type: integer 
	Parameter C_CTRL_ECC_ALGO bound to: NONE - type: string 
	Parameter C_HAS_AXI_ID bound to: 0 - type: integer 
	Parameter C_AXI_ID_WIDTH bound to: 4 - type: integer 
	Parameter C_MEM_TYPE bound to: 1 - type: integer 
	Parameter C_BYTE_SIZE bound to: 9 - type: integer 
	Parameter C_ALGORITHM bound to: 1 - type: integer 
	Parameter C_PRIM_TYPE bound to: 1 - type: integer 
	Parameter C_LOAD_INIT_FILE bound to: 0 - type: integer 
	Parameter C_INIT_FILE_NAME bound to: no_coe_file_loaded - type: string 
	Parameter C_INIT_FILE bound to: ram_8_256.mem - type: string 
	Parameter C_USE_DEFAULT_DATA bound to: 0 - type: integer 
	Parameter C_DEFAULT_DATA bound to: 0 - type: string 
	Parameter C_HAS_RSTA bound to: 0 - type: integer 
	Parameter C_RST_PRIORITY_A bound to: CE - type: string 
	Parameter C_RSTRAM_A bound to: 0 - type: integer 
	Parameter C_INITA_VAL bound to: 0 - type: string 
	Parameter C_HAS_ENA bound to: 1 - type: integer 
	Parameter C_HAS_REGCEA bound to: 0 - type: integer 
	Parameter C_USE_BYTE_WEA bound to: 0 - type: integer 
	Parameter C_WEA_WIDTH bound to: 1 - type: integer 
	Parameter C_WRITE_MODE_A bound to: NO_CHANGE - type: string 
	Parameter C_WRITE_WIDTH_A bound to: 8 - type: integer 
	Parameter C_READ_WIDTH_A bound to: 8 - type: integer 
	Parameter C_WRITE_DEPTH_A bound to: 64 - type: integer 
	Parameter C_READ_DEPTH_A bound to: 64 - type: integer 
	Parameter C_ADDRA_WIDTH bound to: 6 - type: integer 
	Parameter C_HAS_RSTB bound to: 0 - type: integer 
	Parameter C_RST_PRIORITY_B bound to: CE - type: string 
	Parameter C_RSTRAM_B bound to: 0 - type: integer 
	Parameter C_INITB_VAL bound to: 0 - type: string 
	Parameter C_HAS_ENB bound to: 1 - type: integer 
	Parameter C_HAS_REGCEB bound to: 0 - type: integer 
	Parameter C_USE_BYTE_WEB bound to: 0 - type: integer 
	Parameter C_WEB_WIDTH bound to: 1 - type: integer 
	Parameter C_WRITE_MODE_B bound to: WRITE_FIRST - type: string 
	Parameter C_WRITE_WIDTH_B bound to: 256 - type: integer 
	Parameter C_READ_WIDTH_B bound to: 256 - type: integer 
	Parameter C_WRITE_DEPTH_B bound to: 2 - type: integer 
	Parameter C_READ_DEPTH_B bound to: 2 - type: integer 
	Parameter C_ADDRB_WIDTH bound to: 1 - type: integer 
	Parameter C_HAS_MEM_OUTPUT_REGS_A bound to: 0 - type: integer 
	Parameter C_HAS_MEM_OUTPUT_REGS_B bound to: 0 - type: integer 
	Parameter C_HAS_MUX_OUTPUT_REGS_A bound to: 0 - type: integer 
	Parameter C_HAS_MUX_OUTPUT_REGS_B bound to: 0 - type: integer 
	Parameter C_MUX_PIPELINE_STAGES bound to: 0 - type: integer 
	Parameter C_HAS_SOFTECC_INPUT_REGS_A bound to: 0 - type: integer 
	Parameter C_HAS_SOFTECC_OUTPUT_REGS_B bound to: 0 - type: integer 
	Parameter C_USE_SOFTECC bound to: 0 - type: integer 
	Parameter C_USE_ECC bound to: 0 - type: integer 
	Parameter C_EN_ECC_PIPE bound to: 0 - type: integer 
	Parameter C_HAS_INJECTERR bound to: 0 - type: integer 
	Parameter C_SIM_COLLISION_CHECK bound to: ALL - type: string 
	Parameter C_COMMON_CLK bound to: 0 - type: integer 
	Parameter C_DISABLE_WARN_BHV_COLL bound to: 0 - type: integer 
	Parameter C_EN_SLEEP_PIN bound to: 0 - type: integer 
	Parameter C_USE_URAM bound to: 0 - type: integer 
	Parameter C_EN_RDADDRA_CHG bound to: 0 - type: integer 
	Parameter C_EN_RDADDRB_CHG bound to: 0 - type: integer 
	Parameter C_EN_DEEPSLEEP_PIN bound to: 0 - type: integer 
	Parameter C_EN_SHUTDOWN_PIN bound to: 0 - type: integer 
	Parameter C_EN_SAFETY_CKT bound to: 0 - type: integer 
	Parameter C_DISABLE_WARN_BHV_RANGE bound to: 0 - type: integer 
	Parameter C_COUNT_36K_BRAM bound to: 4 - type: string 
	Parameter C_COUNT_18K_BRAM bound to: 0 - type: string 
	Parameter C_EST_POWER_SUMMARY bound to: Estimated Power for IP     :     17.2732 mW - type: string 
INFO: [Synth 8-3491] module 'blk_mem_gen_v8_4_1' declared at '/home/feilong/Storages/fpga/28_sobel/sobel/sobel.srcs/sources_1/ip/ram_8_256/hdl/blk_mem_gen_v8_4_vhsyn_rfs.vhd:195313' bound to instance 'U0' of component 'blk_mem_gen_v8_4_1' [/home/feilong/Storages/fpga/28_sobel/sobel/sobel.srcs/sources_1/ip/ram_8_256/synth/ram_8_256.vhd:241]
INFO: [Synth 8-256] done synthesizing module 'ram_8_256' (9#1) [/home/feilong/Storages/fpga/28_sobel/sobel/sobel.srcs/sources_1/ip/ram_8_256/synth/ram_8_256.vhd:73]
WARNING: [Synth 8-3331] design blk_mem_gen_prim_wrapper__parameterized2 has unconnected port SSRA
WARNING: [Synth 8-3331] design blk_mem_gen_prim_wrapper__parameterized2 has unconnected port REGCEA
WARNING: [Synth 8-3331] design blk_mem_gen_prim_wrapper__parameterized2 has unconnected port SSRB
WARNING: [Synth 8-3331] design blk_mem_gen_prim_wrapper__parameterized2 has unconnected port WEB[0]
WARNING: [Synth 8-3331] design blk_mem_gen_prim_wrapper__parameterized2 has unconnected port DINB[71]
WARNING: [Synth 8-3331] design blk_mem_gen_prim_wrapper__parameterized2 has unconnected port DINB[70]
WARNING: [Synth 8-3331] design blk_mem_gen_prim_wrapper__parameterized2 has unconnected port DINB[69]
WARNING: [Synth 8-3331] design blk_mem_gen_prim_wrapper__parameterized2 has unconnected port DINB[68]
WARNING: [Synth 8-3331] design blk_mem_gen_prim_wrapper__parameterized2 has unconnected port DINB[67]
WARNING: [Synth 8-3331] design blk_mem_gen_prim_wrapper__parameterized2 has unconnected port DINB[66]
WARNING: [Synth 8-3331] design blk_mem_gen_prim_wrapper__parameterized2 has unconnected port DINB[65]
WARNING: [Synth 8-3331] design blk_mem_gen_prim_wrapper__parameterized2 has unconnected port DINB[64]
WARNING: [Synth 8-3331] design blk_mem_gen_prim_wrapper__parameterized2 has unconnected port DINB[63]
WARNING: [Synth 8-3331] design blk_mem_gen_prim_wrapper__parameterized2 has unconnected port DINB[62]
WARNING: [Synth 8-3331] design blk_mem_gen_prim_wrapper__parameterized2 has unconnected port DINB[61]
WARNING: [Synth 8-3331] design blk_mem_gen_prim_wrapper__parameterized2 has unconnected port DINB[60]
WARNING: [Synth 8-3331] design blk_mem_gen_prim_wrapper__parameterized2 has unconnected port DINB[59]
WARNING: [Synth 8-3331] design blk_mem_gen_prim_wrapper__parameterized2 has unconnected port DINB[58]
WARNING: [Synth 8-3331] design blk_mem_gen_prim_wrapper__parameterized2 has unconnected port DINB[57]
WARNING: [Synth 8-3331] design blk_mem_gen_prim_wrapper__parameterized2 has unconnected port DINB[56]
WARNING: [Synth 8-3331] design blk_mem_gen_prim_wrapper__parameterized2 has unconnected port DINB[55]
WARNING: [Synth 8-3331] design blk_mem_gen_prim_wrapper__parameterized2 has unconnected port DINB[54]
WARNING: [Synth 8-3331] design blk_mem_gen_prim_wrapper__parameterized2 has unconnected port DINB[53]
WARNING: [Synth 8-3331] design blk_mem_gen_prim_wrapper__parameterized2 has unconnected port DINB[52]
WARNING: [Synth 8-3331] design blk_mem_gen_prim_wrapper__parameterized2 has unconnected port DINB[51]
WARNING: [Synth 8-3331] design blk_mem_gen_prim_wrapper__parameterized2 has unconnected port DINB[50]
WARNING: [Synth 8-3331] design blk_mem_gen_prim_wrapper__parameterized2 has unconnected port DINB[49]
WARNING: [Synth 8-3331] design blk_mem_gen_prim_wrapper__parameterized2 has unconnected port DINB[48]
WARNING: [Synth 8-3331] design blk_mem_gen_prim_wrapper__parameterized2 has unconnected port DINB[47]
WARNING: [Synth 8-3331] design blk_mem_gen_prim_wrapper__parameterized2 has unconnected port DINB[46]
WARNING: [Synth 8-3331] design blk_mem_gen_prim_wrapper__parameterized2 has unconnected port DINB[45]
WARNING: [Synth 8-3331] design blk_mem_gen_prim_wrapper__parameterized2 has unconnected port DINB[44]
WARNING: [Synth 8-3331] design blk_mem_gen_prim_wrapper__parameterized2 has unconnected port DINB[43]
WARNING: [Synth 8-3331] design blk_mem_gen_prim_wrapper__parameterized2 has unconnected port DINB[42]
WARNING: [Synth 8-3331] design blk_mem_gen_prim_wrapper__parameterized2 has unconnected port DINB[41]
WARNING: [Synth 8-3331] design blk_mem_gen_prim_wrapper__parameterized2 has unconnected port DINB[40]
WARNING: [Synth 8-3331] design blk_mem_gen_prim_wrapper__parameterized2 has unconnected port DINB[39]
WARNING: [Synth 8-3331] design blk_mem_gen_prim_wrapper__parameterized2 has unconnected port DINB[38]
WARNING: [Synth 8-3331] design blk_mem_gen_prim_wrapper__parameterized2 has unconnected port DINB[37]
WARNING: [Synth 8-3331] design blk_mem_gen_prim_wrapper__parameterized2 has unconnected port DINB[36]
WARNING: [Synth 8-3331] design blk_mem_gen_prim_wrapper__parameterized2 has unconnected port DINB[35]
WARNING: [Synth 8-3331] design blk_mem_gen_prim_wrapper__parameterized2 has unconnected port DINB[34]
WARNING: [Synth 8-3331] design blk_mem_gen_prim_wrapper__parameterized2 has unconnected port DINB[33]
WARNING: [Synth 8-3331] design blk_mem_gen_prim_wrapper__parameterized2 has unconnected port DINB[32]
WARNING: [Synth 8-3331] design blk_mem_gen_prim_wrapper__parameterized2 has unconnected port DINB[31]
WARNING: [Synth 8-3331] design blk_mem_gen_prim_wrapper__parameterized2 has unconnected port DINB[30]
WARNING: [Synth 8-3331] design blk_mem_gen_prim_wrapper__parameterized2 has unconnected port DINB[29]
WARNING: [Synth 8-3331] design blk_mem_gen_prim_wrapper__parameterized2 has unconnected port DINB[28]
WARNING: [Synth 8-3331] design blk_mem_gen_prim_wrapper__parameterized2 has unconnected port DINB[27]
WARNING: [Synth 8-3331] design blk_mem_gen_prim_wrapper__parameterized2 has unconnected port DINB[26]
WARNING: [Synth 8-3331] design blk_mem_gen_prim_wrapper__parameterized2 has unconnected port DINB[25]
WARNING: [Synth 8-3331] design blk_mem_gen_prim_wrapper__parameterized2 has unconnected port DINB[24]
WARNING: [Synth 8-3331] design blk_mem_gen_prim_wrapper__parameterized2 has unconnected port DINB[23]
WARNING: [Synth 8-3331] design blk_mem_gen_prim_wrapper__parameterized2 has unconnected port DINB[22]
WARNING: [Synth 8-3331] design blk_mem_gen_prim_wrapper__parameterized2 has unconnected port DINB[21]
WARNING: [Synth 8-3331] design blk_mem_gen_prim_wrapper__parameterized2 has unconnected port DINB[20]
WARNING: [Synth 8-3331] design blk_mem_gen_prim_wrapper__parameterized2 has unconnected port DINB[19]
WARNING: [Synth 8-3331] design blk_mem_gen_prim_wrapper__parameterized2 has unconnected port DINB[18]
WARNING: [Synth 8-3331] design blk_mem_gen_prim_wrapper__parameterized2 has unconnected port DINB[17]
WARNING: [Synth 8-3331] design blk_mem_gen_prim_wrapper__parameterized2 has unconnected port DINB[16]
WARNING: [Synth 8-3331] design blk_mem_gen_prim_wrapper__parameterized2 has unconnected port DINB[15]
WARNING: [Synth 8-3331] design blk_mem_gen_prim_wrapper__parameterized2 has unconnected port DINB[14]
WARNING: [Synth 8-3331] design blk_mem_gen_prim_wrapper__parameterized2 has unconnected port DINB[13]
WARNING: [Synth 8-3331] design blk_mem_gen_prim_wrapper__parameterized2 has unconnected port DINB[12]
WARNING: [Synth 8-3331] design blk_mem_gen_prim_wrapper__parameterized2 has unconnected port DINB[11]
WARNING: [Synth 8-3331] design blk_mem_gen_prim_wrapper__parameterized2 has unconnected port DINB[10]
WARNING: [Synth 8-3331] design blk_mem_gen_prim_wrapper__parameterized2 has unconnected port DINB[9]
WARNING: [Synth 8-3331] design blk_mem_gen_prim_wrapper__parameterized2 has unconnected port DINB[8]
WARNING: [Synth 8-3331] design blk_mem_gen_prim_wrapper__parameterized2 has unconnected port DINB[7]
WARNING: [Synth 8-3331] design blk_mem_gen_prim_wrapper__parameterized2 has unconnected port DINB[6]
WARNING: [Synth 8-3331] design blk_mem_gen_prim_wrapper__parameterized2 has unconnected port DINB[5]
WARNING: [Synth 8-3331] design blk_mem_gen_prim_wrapper__parameterized2 has unconnected port DINB[4]
WARNING: [Synth 8-3331] design blk_mem_gen_prim_wrapper__parameterized2 has unconnected port DINB[3]
WARNING: [Synth 8-3331] design blk_mem_gen_prim_wrapper__parameterized2 has unconnected port DINB[2]
WARNING: [Synth 8-3331] design blk_mem_gen_prim_wrapper__parameterized2 has unconnected port DINB[1]
WARNING: [Synth 8-3331] design blk_mem_gen_prim_wrapper__parameterized2 has unconnected port DINB[0]
WARNING: [Synth 8-3331] design blk_mem_gen_prim_wrapper__parameterized2 has unconnected port SLEEP
WARNING: [Synth 8-3331] design blk_mem_gen_prim_wrapper__parameterized2 has unconnected port ECCPIPECE
WARNING: [Synth 8-3331] design blk_mem_gen_prim_wrapper__parameterized2 has unconnected port ram_rstram_a
WARNING: [Synth 8-3331] design blk_mem_gen_prim_wrapper__parameterized2 has unconnected port ram_rstreg_a
WARNING: [Synth 8-3331] design blk_mem_gen_prim_wrapper__parameterized1 has unconnected port SSRA
WARNING: [Synth 8-3331] design blk_mem_gen_prim_wrapper__parameterized1 has unconnected port REGCEA
WARNING: [Synth 8-3331] design blk_mem_gen_prim_wrapper__parameterized1 has unconnected port SSRB
WARNING: [Synth 8-3331] design blk_mem_gen_prim_wrapper__parameterized1 has unconnected port WEB[0]
WARNING: [Synth 8-3331] design blk_mem_gen_prim_wrapper__parameterized1 has unconnected port DINB[71]
WARNING: [Synth 8-3331] design blk_mem_gen_prim_wrapper__parameterized1 has unconnected port DINB[70]
WARNING: [Synth 8-3331] design blk_mem_gen_prim_wrapper__parameterized1 has unconnected port DINB[69]
WARNING: [Synth 8-3331] design blk_mem_gen_prim_wrapper__parameterized1 has unconnected port DINB[68]
WARNING: [Synth 8-3331] design blk_mem_gen_prim_wrapper__parameterized1 has unconnected port DINB[67]
WARNING: [Synth 8-3331] design blk_mem_gen_prim_wrapper__parameterized1 has unconnected port DINB[66]
WARNING: [Synth 8-3331] design blk_mem_gen_prim_wrapper__parameterized1 has unconnected port DINB[65]
WARNING: [Synth 8-3331] design blk_mem_gen_prim_wrapper__parameterized1 has unconnected port DINB[64]
WARNING: [Synth 8-3331] design blk_mem_gen_prim_wrapper__parameterized1 has unconnected port DINB[63]
WARNING: [Synth 8-3331] design blk_mem_gen_prim_wrapper__parameterized1 has unconnected port DINB[62]
WARNING: [Synth 8-3331] design blk_mem_gen_prim_wrapper__parameterized1 has unconnected port DINB[61]
WARNING: [Synth 8-3331] design blk_mem_gen_prim_wrapper__parameterized1 has unconnected port DINB[60]
WARNING: [Synth 8-3331] design blk_mem_gen_prim_wrapper__parameterized1 has unconnected port DINB[59]
WARNING: [Synth 8-3331] design blk_mem_gen_prim_wrapper__parameterized1 has unconnected port DINB[58]
WARNING: [Synth 8-3331] design blk_mem_gen_prim_wrapper__parameterized1 has unconnected port DINB[57]
WARNING: [Synth 8-3331] design blk_mem_gen_prim_wrapper__parameterized1 has unconnected port DINB[56]
INFO: [Common 17-14] Message 'Synth 8-3331' appears 100 times and further instances of the messages will be disabled. Use the Tcl command set_msg_config to change the current settings.
---------------------------------------------------------------------------------
Finished RTL Elaboration : Time (s): cpu = 00:01:32 ; elapsed = 00:01:50 . Memory (MB): peak = 1461.145 ; gain = 291.934 ; free physical = 20384 ; free virtual = 25901
---------------------------------------------------------------------------------

Report Check Netlist: 
+------+------------------+-------+---------+-------+------------------+
|      |Item              |Errors |Warnings |Status |Description       |
+------+------------------+-------+---------+-------+------------------+
|1     |multi_driven_nets |      0|        0|Passed |Multi driven nets |
+------+------------------+-------+---------+-------+------------------+
---------------------------------------------------------------------------------
Start Handling Custom Attributes
---------------------------------------------------------------------------------
---------------------------------------------------------------------------------
Finished Handling Custom Attributes : Time (s): cpu = 00:01:33 ; elapsed = 00:01:50 . Memory (MB): peak = 1461.145 ; gain = 291.934 ; free physical = 20383 ; free virtual = 25906
---------------------------------------------------------------------------------
---------------------------------------------------------------------------------
Finished RTL Optimization Phase 1 : Time (s): cpu = 00:01:33 ; elapsed = 00:01:50 . Memory (MB): peak = 1461.145 ; gain = 291.934 ; free physical = 20383 ; free virtual = 25906
---------------------------------------------------------------------------------
INFO: [Netlist 29-17] Analyzing 4 Unisim elements for replacement
INFO: [Netlist 29-28] Unisim Transformation completed in 0 CPU seconds
INFO: [Device 21-403] Loading part xc7a100tfgg484-2
INFO: [Project 1-570] Preparing netlist for logic optimization

Processing XDC Constraints
Initializing timing engine
Parsing XDC File [/home/feilong/Storages/fpga/28_sobel/sobel/sobel.srcs/sources_1/ip/ram_8_256/ram_8_256_ooc.xdc] for cell 'U0'
Finished Parsing XDC File [/home/feilong/Storages/fpga/28_sobel/sobel/sobel.srcs/sources_1/ip/ram_8_256/ram_8_256_ooc.xdc] for cell 'U0'
Parsing XDC File [/home/feilong/Storages/fpga/28_sobel/sobel/sobel.runs/ram_8_256_synth_1/dont_touch.xdc]
Finished Parsing XDC File [/home/feilong/Storages/fpga/28_sobel/sobel/sobel.runs/ram_8_256_synth_1/dont_touch.xdc]
Completed Processing XDC Constraints

INFO: [Project 1-111] Unisim Transformation Summary:
No Unisim elements were transformed.

Constraint Validation Runtime : Time (s): cpu = 00:00:00.04 ; elapsed = 00:00:00.04 . Memory (MB): peak = 1608.184 ; gain = 0.000 ; free physical = 20051 ; free virtual = 25583
---------------------------------------------------------------------------------
Finished Constraint Validation : Time (s): cpu = 00:01:46 ; elapsed = 00:02:18 . Memory (MB): peak = 1608.184 ; gain = 438.973 ; free physical = 20153 ; free virtual = 25691
---------------------------------------------------------------------------------
---------------------------------------------------------------------------------
Start Loading Part and Timing Information
---------------------------------------------------------------------------------
Loading part: xc7a100tfgg484-2
---------------------------------------------------------------------------------
Finished Loading Part and Timing Information : Time (s): cpu = 00:01:46 ; elapsed = 00:02:18 . Memory (MB): peak = 1608.184 ; gain = 438.973 ; free physical = 20153 ; free virtual = 25691
---------------------------------------------------------------------------------
---------------------------------------------------------------------------------
Start Applying 'set_property' XDC Constraints
---------------------------------------------------------------------------------
Applied set_property DONT_TOUCH = true for U0. (constraint file  /home/feilong/Storages/fpga/28_sobel/sobel/sobel.runs/ram_8_256_synth_1/dont_touch.xdc, line 9).
---------------------------------------------------------------------------------
Finished applying 'set_property' XDC Constraints : Time (s): cpu = 00:01:46 ; elapsed = 00:02:18 . Memory (MB): peak = 1608.184 ; gain = 438.973 ; free physical = 20155 ; free virtual = 25693
---------------------------------------------------------------------------------
---------------------------------------------------------------------------------
Finished RTL Optimization Phase 2 : Time (s): cpu = 00:01:47 ; elapsed = 00:02:19 . Memory (MB): peak = 1608.184 ; gain = 438.973 ; free physical = 20148 ; free virtual = 25693
---------------------------------------------------------------------------------

Report RTL Partitions: 
+-+--------------+------------+----------+
| |RTL Partition |Replication |Instances |
+-+--------------+------------+----------+
+-+--------------+------------+----------+
---------------------------------------------------------------------------------
Start RTL Component Statistics 
---------------------------------------------------------------------------------
Detailed RTL Component Info : 
---------------------------------------------------------------------------------
Finished RTL Component Statistics 
---------------------------------------------------------------------------------
---------------------------------------------------------------------------------
Start RTL Hierarchical Component Statistics 
---------------------------------------------------------------------------------
Hierarchical RTL Component report 
---------------------------------------------------------------------------------
Finished RTL Hierarchical Component Statistics
---------------------------------------------------------------------------------
---------------------------------------------------------------------------------
Start Part Resource Summary
---------------------------------------------------------------------------------
Part Resources:
DSPs: 240 (col length:80)
BRAMs: 270 (col length: RAMB18 80 RAMB36 40)
---------------------------------------------------------------------------------
Finished Part Resource Summary
---------------------------------------------------------------------------------
---------------------------------------------------------------------------------
Start Cross Boundary and Area Optimization
---------------------------------------------------------------------------------
Warning: Parallel synthesis criteria is not met 
---------------------------------------------------------------------------------
Finished Cross Boundary and Area Optimization : Time (s): cpu = 00:01:47 ; elapsed = 00:02:19 . Memory (MB): peak = 1608.184 ; gain = 438.973 ; free physical = 20135 ; free virtual = 25692
---------------------------------------------------------------------------------

Report RTL Partitions: 
+-+--------------+------------+----------+
| |RTL Partition |Replication |Instances |
+-+--------------+------------+----------+
+-+--------------+------------+----------+
---------------------------------------------------------------------------------
Start Applying XDC Timing Constraints
---------------------------------------------------------------------------------
---------------------------------------------------------------------------------
Finished Applying XDC Timing Constraints : Time (s): cpu = 00:01:56 ; elapsed = 00:02:31 . Memory (MB): peak = 1608.184 ; gain = 438.973 ; free physical = 20119 ; free virtual = 25678
---------------------------------------------------------------------------------
---------------------------------------------------------------------------------
Start Timing Optimization
---------------------------------------------------------------------------------
---------------------------------------------------------------------------------
Finished Timing Optimization : Time (s): cpu = 00:01:56 ; elapsed = 00:02:31 . Memory (MB): peak = 1608.184 ; gain = 438.973 ; free physical = 20119 ; free virtual = 25677
---------------------------------------------------------------------------------

Report RTL Partitions: 
+-+--------------+------------+----------+
| |RTL Partition |Replication |Instances |
+-+--------------+------------+----------+
+-+--------------+------------+----------+
---------------------------------------------------------------------------------
Start Technology Mapping
---------------------------------------------------------------------------------
---------------------------------------------------------------------------------
Finished Technology Mapping : Time (s): cpu = 00:01:56 ; elapsed = 00:02:31 . Memory (MB): peak = 1608.184 ; gain = 438.973 ; free physical = 20119 ; free virtual = 25677
---------------------------------------------------------------------------------

Report RTL Partitions: 
+-+--------------+------------+----------+
| |RTL Partition |Replication |Instances |
+-+--------------+------------+----------+
+-+--------------+------------+----------+
---------------------------------------------------------------------------------
Start IO Insertion
---------------------------------------------------------------------------------
---------------------------------------------------------------------------------
Start Flattening Before IO Insertion
---------------------------------------------------------------------------------
---------------------------------------------------------------------------------
Finished Flattening Before IO Insertion
---------------------------------------------------------------------------------
---------------------------------------------------------------------------------
Start Final Netlist Cleanup
---------------------------------------------------------------------------------
---------------------------------------------------------------------------------
Finished Final Netlist Cleanup
---------------------------------------------------------------------------------
---------------------------------------------------------------------------------
Finished IO Insertion : Time (s): cpu = 00:01:57 ; elapsed = 00:02:32 . Memory (MB): peak = 1608.184 ; gain = 438.973 ; free physical = 20118 ; free virtual = 25677
---------------------------------------------------------------------------------

Report Check Netlist: 
+------+------------------+-------+---------+-------+------------------+
|      |Item              |Errors |Warnings |Status |Description       |
+------+------------------+-------+---------+-------+------------------+
|1     |multi_driven_nets |      0|        0|Passed |Multi driven nets |
+------+------------------+-------+---------+-------+------------------+
---------------------------------------------------------------------------------
Start Renaming Generated Instances
---------------------------------------------------------------------------------
---------------------------------------------------------------------------------
Finished Renaming Generated Instances : Time (s): cpu = 00:01:57 ; elapsed = 00:02:32 . Memory (MB): peak = 1608.184 ; gain = 438.973 ; free physical = 20118 ; free virtual = 25677
---------------------------------------------------------------------------------

Report RTL Partitions: 
+-+--------------+------------+----------+
| |RTL Partition |Replication |Instances |
+-+--------------+------------+----------+
+-+--------------+------------+----------+
---------------------------------------------------------------------------------
Start Rebuilding User Hierarchy
---------------------------------------------------------------------------------
---------------------------------------------------------------------------------
Finished Rebuilding User Hierarchy : Time (s): cpu = 00:01:57 ; elapsed = 00:02:32 . Memory (MB): peak = 1608.184 ; gain = 438.973 ; free physical = 20118 ; free virtual = 25677
---------------------------------------------------------------------------------
---------------------------------------------------------------------------------
Start Renaming Generated Ports
---------------------------------------------------------------------------------
---------------------------------------------------------------------------------
Finished Renaming Generated Ports : Time (s): cpu = 00:01:57 ; elapsed = 00:02:32 . Memory (MB): peak = 1608.184 ; gain = 438.973 ; free physical = 20118 ; free virtual = 25677
---------------------------------------------------------------------------------
---------------------------------------------------------------------------------
Start Handling Custom Attributes
---------------------------------------------------------------------------------
---------------------------------------------------------------------------------
Finished Handling Custom Attributes : Time (s): cpu = 00:01:57 ; elapsed = 00:02:32 . Memory (MB): peak = 1608.184 ; gain = 438.973 ; free physical = 20118 ; free virtual = 25677
---------------------------------------------------------------------------------
---------------------------------------------------------------------------------
Start Renaming Generated Nets
---------------------------------------------------------------------------------
---------------------------------------------------------------------------------
Finished Renaming Generated Nets : Time (s): cpu = 00:01:57 ; elapsed = 00:02:32 . Memory (MB): peak = 1608.184 ; gain = 438.973 ; free physical = 20118 ; free virtual = 25677
---------------------------------------------------------------------------------
---------------------------------------------------------------------------------
Start Writing Synthesis Report
---------------------------------------------------------------------------------

Report BlackBoxes: 
+-+--------------+----------+
| |BlackBox name |Instances |
+-+--------------+----------+
+-+--------------+----------+

Report Cell Usage: 
+------+---------+------+
|      |Cell     |Count |
+------+---------+------+
|1     |RAMB36E1 |     4|
+------+---------+------+

Report Instance Areas: 
+------+---------------------------------------------+-----------------------------------------+------+
|      |Instance                                     |Module                                   |Cells |
+------+---------------------------------------------+-----------------------------------------+------+
|1     |top                                          |                                         |     4|
|2     |  U0                                         |blk_mem_gen_v8_4_1                       |     4|
|3     |    inst_blk_mem_gen                         |blk_mem_gen_v8_4_1_synth                 |     4|
|4     |      \gnbram.gnativebmg.native_blk_mem_gen  |blk_mem_gen_top                          |     4|
|5     |        \valid.cstr                          |blk_mem_gen_generic_cstr                 |     4|
|6     |          \ramloop[0].ram.r                  |blk_mem_gen_prim_width                   |     1|
|7     |            \prim_noinit.ram                 |blk_mem_gen_prim_wrapper                 |     1|
|8     |          \ramloop[1].ram.r                  |blk_mem_gen_prim_width__parameterized0   |     1|
|9     |            \prim_noinit.ram                 |blk_mem_gen_prim_wrapper__parameterized0 |     1|
|10    |          \ramloop[2].ram.r                  |blk_mem_gen_prim_width__parameterized1   |     1|
|11    |            \prim_noinit.ram                 |blk_mem_gen_prim_wrapper__parameterized1 |     1|
|12    |          \ramloop[3].ram.r                  |blk_mem_gen_prim_width__parameterized2   |     1|
|13    |            \prim_noinit.ram                 |blk_mem_gen_prim_wrapper__parameterized2 |     1|
+------+---------------------------------------------+-----------------------------------------+------+
---------------------------------------------------------------------------------
Finished Writing Synthesis Report : Time (s): cpu = 00:01:57 ; elapsed = 00:02:32 . Memory (MB): peak = 1608.184 ; gain = 438.973 ; free physical = 20118 ; free virtual = 25677
---------------------------------------------------------------------------------
Synthesis finished with 0 errors, 0 critical warnings and 384 warnings.
Synthesis Optimization Runtime : Time (s): cpu = 00:01:46 ; elapsed = 00:02:08 . Memory (MB): peak = 1608.184 ; gain = 291.934 ; free physical = 20173 ; free virtual = 25732
Synthesis Optimization Complete : Time (s): cpu = 00:01:57 ; elapsed = 00:02:32 . Memory (MB): peak = 1608.184 ; gain = 438.973 ; free physical = 20184 ; free virtual = 25743
INFO: [Project 1-571] Translating synthesized netlist
INFO: [Netlist 29-17] Analyzing 4 Unisim elements for replacement
INFO: [Netlist 29-28] Unisim Transformation completed in 0 CPU seconds
INFO: [Project 1-570] Preparing netlist for logic optimization
INFO: [Opt 31-138] Pushed 0 inverter(s) to 0 load pin(s).
INFO: [Project 1-111] Unisim Transformation Summary:
No Unisim elements were transformed.

INFO: [Common 17-83] Releasing license: Synthesis
17 Infos, 100 Warnings, 0 Critical Warnings and 0 Errors encountered.
synth_design completed successfully
synth_design: Time (s): cpu = 00:01:59 ; elapsed = 00:02:33 . Memory (MB): peak = 1608.184 ; gain = 444.914 ; free physical = 20161 ; free virtual = 25720
WARNING: [Constraints 18-5210] No constraint will be written out.
INFO: [Common 17-1381] The checkpoint '/home/feilong/Storages/fpga/28_sobel/sobel/sobel.runs/ram_8_256_synth_1/ram_8_256.dcp' has been generated.
