#-----------------------------------------------------------
# Vivado v2018.2 (64-bit)
# SW Build 2258646 on Thu Jun 14 20:02:38 MDT 2018
# IP Build 2256618 on Thu Jun 14 22:10:49 MDT 2018
# Start of session at: Sun Aug 19 09:42:45 2018
# Process ID: 30278
# Current directory: /home/feilong/Storages/fpga/25_4_uart_ddr/exp/mig_7series_0_ex
# Command line: vivado -notrace -source /home/feilong/Storages/fpga/25_4_uart_ddr/project/project.srcs/sources_1/ip/mig_7series_0/mig_7series_0_ex.tcl
# Log file: /home/feilong/Storages/fpga/25_4_uart_ddr/exp/mig_7series_0_ex/vivado.log
# Journal file: /home/feilong/Storages/fpga/25_4_uart_ddr/exp/mig_7series_0_ex/vivado.jou
#-----------------------------------------------------------
start_gui
source /home/feilong/Storages/fpga/25_4_uart_ddr/project/project.srcs/sources_1/ip/mig_7series_0/mig_7series_0_ex.tcl -notrace
INFO: [open_example_project] Creating new example project...
INFO: [IP_Flow 19-234] Refreshing IP repositories
INFO: [IP_Flow 19-1704] No user IP repositories specified
INFO: [IP_Flow 19-2313] Loaded Vivado IP repository '/opt/Xilinx/Vivado/2018.2/data/ip'.
create_project: Time (s): cpu = 00:00:20 ; elapsed = 00:00:06 . Memory (MB): peak = 6119.605 ; gain = 70.070 ; free physical = 12070 ; free virtual = 22939
INFO: [open_example_project] Importing original IP ...
INFO: [open_example_project] Generating the example project IP ...
INFO: [open_example_project] Adding example synthesis HDL files ...
INFO: [open_example_project] Adding example XDC files ...
INFO: [open_example_project] Adding simulation HDL files ...
INFO: [open_example_project] Adding simulation miscellaneous files ...
INFO: [open_example_project] Sourcing example extension scripts ...
Post Processing the example_design
INFO: [open_example_project] Rebuilding all the top level IPs ...
WARNING: [Vivado 12-3672] The is_managed property should only be queried on the file object representing this IP. Use the get_files command to access file objects.
WARNING: [Vivado 12-3670] The generate_synth_checkpoint property should only be queried on the file object representing this IP. Use the get_files command to access file objects.
INFO: [exportsim-Tcl-35] Exporting simulation files for "XSIM" (Xilinx Vivado Simulator)...
WARNING: [Vivado 12-3672] The is_managed property should only be queried on the file object representing this IP. Use the get_files command to access file objects.
WARNING: [Vivado 12-3670] The generate_synth_checkpoint property should only be queried on the file object representing this IP. Use the get_files command to access file objects.
INFO: [exportsim-Tcl-29] Script generated: '/home/feilong/Storages/fpga/25_4_uart_ddr/exp/mig_7series_0_ex/mig_7series_0_ex.ip_user_files/sim_scripts/mig_7series_0/xsim/mig_7series_0.sh'
INFO: [SIM-utils-43] Exported '/home/feilong/Storages/fpga/25_4_uart_ddr/exp/mig_7series_0_ex/mig_7series_0_ex.ip_user_files/sim_scripts/mig_7series_0/xsim/mig_a.prj'
INFO: [exportsim-Tcl-35] Exporting simulation files for "MODELSIM" (Mentor Graphics ModelSim Simulator)...
WARNING: [Vivado 12-3672] The is_managed property should only be queried on the file object representing this IP. Use the get_files command to access file objects.
WARNING: [Vivado 12-3670] The generate_synth_checkpoint property should only be queried on the file object representing this IP. Use the get_files command to access file objects.
INFO: [exportsim-Tcl-29] Script generated: '/home/feilong/Storages/fpga/25_4_uart_ddr/exp/mig_7series_0_ex/mig_7series_0_ex.ip_user_files/sim_scripts/mig_7series_0/modelsim/mig_7series_0.sh'
INFO: [SIM-utils-43] Exported '/home/feilong/Storages/fpga/25_4_uart_ddr/exp/mig_7series_0_ex/mig_7series_0_ex.ip_user_files/sim_scripts/mig_7series_0/modelsim/mig_a.prj'
INFO: [exportsim-Tcl-35] Exporting simulation files for "QUESTA" (Mentor Graphics Questa Advanced Simulator)...
WARNING: [Vivado 12-3672] The is_managed property should only be queried on the file object representing this IP. Use the get_files command to access file objects.
WARNING: [Vivado 12-3670] The generate_synth_checkpoint property should only be queried on the file object representing this IP. Use the get_files command to access file objects.
INFO: [exportsim-Tcl-29] Script generated: '/home/feilong/Storages/fpga/25_4_uart_ddr/exp/mig_7series_0_ex/mig_7series_0_ex.ip_user_files/sim_scripts/mig_7series_0/questa/mig_7series_0.sh'
INFO: [SIM-utils-43] Exported '/home/feilong/Storages/fpga/25_4_uart_ddr/exp/mig_7series_0_ex/mig_7series_0_ex.ip_user_files/sim_scripts/mig_7series_0/questa/mig_a.prj'
INFO: [exportsim-Tcl-35] Exporting simulation files for "IES" (Cadence Incisive Enterprise Simulator)...
WARNING: [Vivado 12-3672] The is_managed property should only be queried on the file object representing this IP. Use the get_files command to access file objects.
WARNING: [Vivado 12-3670] The generate_synth_checkpoint property should only be queried on the file object representing this IP. Use the get_files command to access file objects.
INFO: [exportsim-Tcl-29] Script generated: '/home/feilong/Storages/fpga/25_4_uart_ddr/exp/mig_7series_0_ex/mig_7series_0_ex.ip_user_files/sim_scripts/mig_7series_0/ies/mig_7series_0.sh'
INFO: [SIM-utils-43] Exported '/home/feilong/Storages/fpga/25_4_uart_ddr/exp/mig_7series_0_ex/mig_7series_0_ex.ip_user_files/sim_scripts/mig_7series_0/ies/mig_a.prj'
INFO: [exportsim-Tcl-35] Exporting simulation files for "VCS" (Synopsys Verilog Compiler Simulator)...
WARNING: [Vivado 12-3672] The is_managed property should only be queried on the file object representing this IP. Use the get_files command to access file objects.
WARNING: [Vivado 12-3670] The generate_synth_checkpoint property should only be queried on the file object representing this IP. Use the get_files command to access file objects.
INFO: [exportsim-Tcl-29] Script generated: '/home/feilong/Storages/fpga/25_4_uart_ddr/exp/mig_7series_0_ex/mig_7series_0_ex.ip_user_files/sim_scripts/mig_7series_0/vcs/mig_7series_0.sh'
INFO: [SIM-utils-43] Exported '/home/feilong/Storages/fpga/25_4_uart_ddr/exp/mig_7series_0_ex/mig_7series_0_ex.ip_user_files/sim_scripts/mig_7series_0/vcs/mig_a.prj'
INFO: [exportsim-Tcl-35] Exporting simulation files for "RIVIERA" (Aldec Riviera-PRO Simulator)...
WARNING: [Vivado 12-3672] The is_managed property should only be queried on the file object representing this IP. Use the get_files command to access file objects.
WARNING: [Vivado 12-3670] The generate_synth_checkpoint property should only be queried on the file object representing this IP. Use the get_files command to access file objects.
INFO: [exportsim-Tcl-29] Script generated: '/home/feilong/Storages/fpga/25_4_uart_ddr/exp/mig_7series_0_ex/mig_7series_0_ex.ip_user_files/sim_scripts/mig_7series_0/riviera/mig_7series_0.sh'
INFO: [SIM-utils-43] Exported '/home/feilong/Storages/fpga/25_4_uart_ddr/exp/mig_7series_0_ex/mig_7series_0_ex.ip_user_files/sim_scripts/mig_7series_0/riviera/mig_a.prj'
INFO: [exportsim-Tcl-35] Exporting simulation files for "ACTIVEHDL" (Aldec Active-HDL Simulator)...
WARNING: [Vivado 12-3672] The is_managed property should only be queried on the file object representing this IP. Use the get_files command to access file objects.
WARNING: [Vivado 12-3670] The generate_synth_checkpoint property should only be queried on the file object representing this IP. Use the get_files command to access file objects.
INFO: [exportsim-Tcl-29] Script generated: '/home/feilong/Storages/fpga/25_4_uart_ddr/exp/mig_7series_0_ex/mig_7series_0_ex.ip_user_files/sim_scripts/mig_7series_0/activehdl/mig_7series_0.sh'
INFO: [SIM-utils-43] Exported '/home/feilong/Storages/fpga/25_4_uart_ddr/exp/mig_7series_0_ex/mig_7series_0_ex.ip_user_files/sim_scripts/mig_7series_0/activehdl/mig_a.prj'
INFO: [exportsim-Tcl-35] Exporting simulation files for "XCELIUM" (Cadence Xcelium Parallel Simulator)...
WARNING: [Vivado 12-3672] The is_managed property should only be queried on the file object representing this IP. Use the get_files command to access file objects.
WARNING: [Vivado 12-3670] The generate_synth_checkpoint property should only be queried on the file object representing this IP. Use the get_files command to access file objects.
INFO: [exportsim-Tcl-29] Script generated: '/home/feilong/Storages/fpga/25_4_uart_ddr/exp/mig_7series_0_ex/mig_7series_0_ex.ip_user_files/sim_scripts/mig_7series_0/xcelium/mig_7series_0.sh'
INFO: [SIM-utils-43] Exported '/home/feilong/Storages/fpga/25_4_uart_ddr/exp/mig_7series_0_ex/mig_7series_0_ex.ip_user_files/sim_scripts/mig_7series_0/xcelium/mig_a.prj'
export_ip_user_files: Time (s): cpu = 00:00:08 ; elapsed = 00:00:06 . Memory (MB): peak = 6216.664 ; gain = 0.000 ; free physical = 12030 ; free virtual = 22897
INFO: [open_example_project] Open Example Project completed
update_compile_order -fileset sources_1
update_compile_order -fileset sim_1
update_compile_order -fileset sources_1
exit
INFO: [Common 17-206] Exiting Vivado at Sun Aug 19 09:46:18 2018...
