Vivado Simulator 2018.2
Copyright 1986-1999, 2001-2018 Xilinx, Inc. All Rights Reserved.
Running: D:/Xilinx/vivado/Vivado/2018.2/bin/unwrapped/win64.o/xelab.exe -wto 7ae3406260cf4ff39df5a4c502001fcc --incr --debug typical --relax --mt 2 -L xil_defaultlib -L unisims_ver -L unimacro_ver -L secureip -L xpm --snapshot sim_tb_top_behav xil_defaultlib.sim_tb_top xil_defaultlib.glbl -log elaborate.log 
Using 2 slave threads.
Starting static elaboration
WARNING: [VRFC 10-278] actual bit length 32 differs from formal bit length 1 for port reset [D:/fpga/25_uart_send_pic_to_hdmi_version_two/project/project.srcs/sim_1/new/top_test.v:173]
WARNING: [VRFC 10-278] actual bit length 32 differs from formal bit length 1 for port app_sr_req [D:/fpga/25_uart_send_pic_to_hdmi_version_two/project/project.srcs/sim_1/new/top_test.v:407]
WARNING: [VRFC 10-278] actual bit length 32 differs from formal bit length 1 for port app_ref_req [D:/fpga/25_uart_send_pic_to_hdmi_version_two/project/project.srcs/sim_1/new/top_test.v:408]
WARNING: [VRFC 10-278] actual bit length 32 differs from formal bit length 1 for port app_zq_req [D:/fpga/25_uart_send_pic_to_hdmi_version_two/project/project.srcs/sim_1/new/top_test.v:409]
Completed static elaboration
Starting simulation data flow analysis
Completed simulation data flow analysis
Time Resolution for simulation is 1fs
Compiling module xil_defaultlib.WireDelay(Delay_g=0.0,Delay_rd=0...
Compiling module xil_defaultlib.bit8to256
Compiling module unisims_ver.BUFG
Compiling module unisims_ver.IBUF
Compiling module unisims_ver.MMCME2_ADV(CLKFBOUT_MULT_F=13.0,...
Compiling module xil_defaultlib.clk_wiz_0_clk_wiz_0_clk_wiz
Compiling module xil_defaultlib.clk_wiz_0
Compiling module unisims_ver.RAM32M
Compiling module unisims_ver.LUT6
Compiling module unisims_ver.FDSE_default
Compiling module unisims_ver.FDRE_default
Compiling module unisims_ver.x_lut3_mux8
Compiling module unisims_ver.LUT3
Compiling module unisims_ver.LUT5
Compiling module unisims_ver.LUT4
Compiling module unisims_ver.x_lut2_mux4
Compiling module unisims_ver.LUT2
Compiling module unisims_ver.CARRY4
Compiling module unisims_ver.x_lut1_mux2
Compiling module unisims_ver.LUT1
Compiling module unisims_ver.XADC(INIT_40=16'b01000000000000,...
Compiling module xil_defaultlib.mig_7series_1_mig_7series_v4_1_t...
Compiling module xil_defaultlib.mig_7series_1_mig_7series_v4_1_c...
Compiling module unisims_ver.MMCME2_ADV(BANDWIDTH="HIGH",CLKF...
Compiling module unisims_ver.PLLE2_ADV(CLKFBOUT_MULT=4,CLKIN1...
Compiling module unisims_ver.FDPE_default
Compiling module unisims_ver.BUFH
Compiling module xil_defaultlib.mig_7series_1_mig_7series_v4_1_i...
Compiling module unisims_ver.IDELAYCTRL_default
Compiling module xil_defaultlib.mig_7series_1_mig_7series_v4_1_i...
Compiling module unisims_ver.MUXF7
Compiling module xil_defaultlib.mig_7series_1_mig_7series_v4_1_d...
Compiling module unisims_ver.FDRE(INIT=1'b1)
Compiling module xil_defaultlib.mig_7series_1_mig_7series_v4_1_d...
Compiling module xil_defaultlib.mig_7series_1_mig_7series_v4_1_d...
Compiling module unisims_ver.SRL16E_default
Compiling module xil_defaultlib.mig_7series_1_mig_7series_v4_1_d...
Compiling module xil_defaultlib.mig_7series_1_mig_7series_v4_1_d...
Compiling module xil_defaultlib.mig_7series_1_mig_7series_v4_1_d...
Compiling module unisims_ver.FDCE_default
Compiling module xil_defaultlib.mig_7series_1_mig_7series_v4_1_d...
Compiling module xil_defaultlib.mig_7series_1_mig_7series_v4_1_d...
Compiling module xil_defaultlib.mig_7series_1_mig_7series_v4_1_d...
Compiling module xil_defaultlib.mig_7series_1_mig_7series_v4_1_d...
Compiling module unisims_ver.OBUF
Compiling module unisims_ver.OBUFT
Compiling module unisims_ver.IOBUF_INTERMDISABLE_default
Compiling module unisims_ver.IDDR
Compiling module xil_defaultlib.mig_7series_1_mig_7series_v4_1_p...
Compiling module unisims_ver.IOBUFDS_DIFF_OUT_INTERMDISABLE(D...
Compiling module xil_defaultlib.mig_7series_1_mig_7series_v4_1_p...
Compiling module xil_defaultlib.mig_7series_1_mig_7series_v4_1_p...
Compiling module xil_defaultlib.mig_7series_1_mig_7series_v4_1_p...
Compiling module xil_defaultlib.mig_7series_1_mig_7series_v4_1_d...
Compiling module xil_defaultlib.mig_7series_1_mig_7series_v4_1_d...
Compiling module xil_defaultlib.mig_7series_1_mig_7series_v4_1_d...
Compiling module unisims_ver.ODDR(DDR_CLK_EDGE="SAME_EDGE")
Compiling module unisims_ver.IDELAYE2(HIGH_PERFORMANCE_MODE="...
Compiling secureip modules ...
Compiling module unisims_ver.ISERDESE2(INTERFACE_TYPE="MEMORY...
Compiling secureip modules ...
Compiling module unisims_ver.OSERDESE2(INIT_OQ=1'b1,INIT_TQ=1...
Compiling secureip modules ...
Compiling module unisims_ver.OSERDESE2(INIT_OQ=1'b1,INIT_TQ=1...
Compiling module xil_defaultlib.mig_7series_1_mig_7series_v4_1_d...
Compiling module xil_defaultlib.mig_7series_1_mig_7series_v4_1_d...
Compiling secureip modules ...
Compiling module unisims_ver.IN_FIFO
Compiling module xil_defaultlib.mig_7series_1_mig_7series_v4_1_d...
Compiling secureip modules ...
Compiling module unisims_ver.OUT_FIFO
Compiling secureip modules ...
Compiling module unisims_ver.PHASER_IN_PHY(BURST_MODE="TRUE",...
Compiling secureip modules ...
Compiling module unisims_ver.PHASER_OUT_PHY(CLKOUT_DIV=2,DATA...
Compiling module xil_defaultlib.mig_7series_1_mig_7series_v4_1_d...
Compiling module xil_defaultlib.mig_7series_1_mig_7series_v4_1_d...
Compiling module xil_defaultlib.mig_7series_1_mig_7series_v4_1_d...
Compiling module xil_defaultlib.mig_7series_1_mig_7series_v4_1_d...
Compiling module xil_defaultlib.mig_7series_1_mig_7series_v4_1_d...
Compiling module xil_defaultlib.mig_7series_1_mig_7series_v4_1_d...
Compiling module xil_defaultlib.mig_7series_1_mig_7series_v4_1_d...
Compiling module xil_defaultlib.mig_7series_1_mig_7series_v4_1_d...
Compiling module xil_defaultlib.mig_7series_1_mig_7series_v4_1_d...
Compiling module xil_defaultlib.mig_7series_1_mig_7series_v4_1_d...
Compiling module xil_defaultlib.mig_7series_1_mig_7series_v4_1_d...
Compiling module xil_defaultlib.mig_7series_1_mig_7series_v4_1_d...
Compiling module xil_defaultlib.mig_7series_1_mig_7series_v4_1_d...
Compiling module unisims_ver.PHASER_REF
Compiling secureip modules ...
Compiling module unisims_ver.PHY_CONTROL(AO_TOGGLE=1,BURST_MO...
Compiling module xil_defaultlib.mig_7series_1_mig_7series_v4_1_d...
Compiling secureip modules ...
Compiling module unisims_ver.OSERDESE2(DATA_RATE_OQ="SDR",DAT...
Compiling module xil_defaultlib.mig_7series_1_mig_7series_v4_1_d...
Compiling module xil_defaultlib.mig_7series_1_mig_7series_v4_1_d...
Compiling module unisims_ver.OUT_FIFO(ARRAY_MODE="ARRAY_MODE_...
Compiling module unisims_ver.PHASER_OUT_PHY(FINE_DELAY=60,MEM...
Compiling module xil_defaultlib.mig_7series_1_mig_7series_v4_1_d...
Compiling module xil_defaultlib.mig_7series_1_mig_7series_v4_1_d...
Compiling module unisims_ver.OBUFDS
Compiling module xil_defaultlib.mig_7series_1_mig_7series_v4_1_d...
Compiling module xil_defaultlib.mig_7series_1_mig_7series_v4_1_d...
Compiling module xil_defaultlib.mig_7series_1_mig_7series_v4_1_d...
Compiling module xil_defaultlib.mig_7series_1_mig_7series_v4_1_d...
Compiling module xil_defaultlib.mig_7series_1_mig_7series_v4_1_d...
Compiling module xil_defaultlib.mig_7series_1_mig_7series_v4_1_d...
Compiling module xil_defaultlib.mig_7series_1_mig_7series_v4_1_d...
Compiling module xil_defaultlib.mig_7series_1_mig_7series_v4_1_d...
Compiling module unisims_ver.PHY_CONTROL(AO_TOGGLE=1,BURST_MO...
Compiling module xil_defaultlib.mig_7series_1_mig_7series_v4_1_d...
Compiling module xil_defaultlib.mig_7series_1_mig_7series_v4_1_d...
Compiling module xil_defaultlib.mig_7series_1_mig_7series_v4_1_d...
Compiling module xil_defaultlib.mig_7series_1_mig_7series_v4_1_d...
Compiling module xil_defaultlib.mig_7series_1_mig_7series_v4_1_r...
Compiling module xil_defaultlib.mig_7series_1_mig_7series_v4_1_r...
Compiling module xil_defaultlib.mig_7series_1_mig_7series_v4_1_r...
Compiling module xil_defaultlib.mig_7series_1_mig_7series_v4_1_r...
Compiling module xil_defaultlib.mig_7series_1_mig_7series_v4_1_a...
Compiling module xil_defaultlib.mig_7series_1_mig_7series_v4_1_a...
Compiling module xil_defaultlib.mig_7series_1_mig_7series_v4_1_a...
Compiling module xil_defaultlib.mig_7series_1_mig_7series_v4_1_b...
Compiling module xil_defaultlib.mig_7series_1_mig_7series_v4_1_b...
Compiling module xil_defaultlib.mig_7series_1_mig_7series_v4_1_b...
Compiling module xil_defaultlib.mig_7series_1_mig_7series_v4_1_b...
Compiling module xil_defaultlib.mig_7series_1_mig_7series_v4_1_b...
Compiling module xil_defaultlib.mig_7series_1_mig_7series_v4_1_b...
Compiling module xil_defaultlib.mig_7series_1_mig_7series_v4_1_b...
Compiling module xil_defaultlib.mig_7series_1_mig_7series_v4_1_b...
Compiling module xil_defaultlib.mig_7series_1_mig_7series_v4_1_b...
Compiling module xil_defaultlib.mig_7series_1_mig_7series_v4_1_b...
Compiling module xil_defaultlib.mig_7series_1_mig_7series_v4_1_b...
Compiling module xil_defaultlib.mig_7series_1_mig_7series_v4_1_b...
Compiling module xil_defaultlib.mig_7series_1_mig_7series_v4_1_b...
Compiling module xil_defaultlib.mig_7series_1_mig_7series_v4_1_b...
Compiling module xil_defaultlib.mig_7series_1_mig_7series_v4_1_b...
Compiling module xil_defaultlib.mig_7series_1_mig_7series_v4_1_b...
Compiling module xil_defaultlib.mig_7series_1_mig_7series_v4_1_b...
Compiling module xil_defaultlib.mig_7series_1_mig_7series_v4_1_b...
Compiling module xil_defaultlib.mig_7series_1_mig_7series_v4_1_c...
Compiling module unisims_ver.SRLC32E_default
Compiling module xil_defaultlib.mig_7series_1_mig_7series_v4_1_r...
Compiling module xil_defaultlib.mig_7series_1_mig_7series_v4_1_r...
Compiling module xil_defaultlib.mig_7series_1_mig_7series_v4_1_r...
Compiling module xil_defaultlib.mig_7series_1_mig_7series_v4_1_r...
Compiling module xil_defaultlib.mig_7series_1_mig_7series_v4_1_m...
Compiling module xil_defaultlib.mig_7series_1_mig_7series_v4_1_m...
Compiling module xil_defaultlib.mig_7series_1_mig_7series_v4_1_u...
Compiling module xil_defaultlib.mig_7series_1_mig_7series_v4_1_u...
Compiling module xil_defaultlib.mig_7series_1_mig_7series_v4_1_u...
Compiling module xil_defaultlib.mig_7series_1_mig_7series_v4_1_u...
Compiling module xil_defaultlib.mig_7series_1_mig_7series_v4_1_m...
Compiling module xil_defaultlib.mig_7series_1_mig_7series_1_mig
Compiling module xil_defaultlib.mig_7series_1
Compiling module xil_defaultlib.ila_1
Compiling module xil_defaultlib.uartaddr
Compiling module xil_defaultlib.uart_rx_path_default
Compiling module unisims_ver.GND
Compiling module xil_defaultlib.ila_uart_bindec
Compiling module xil_defaultlib.ila_uart_blk_mem_gen_mux__parame...
Compiling module unisims_ver.RB18_INTERNAL_VLOG(DOA_REG=1,DOB...
Compiling module unisims_ver.RAMB18E1(DOA_REG=1,DOB_REG=1,REA...
Compiling module xil_defaultlib.ila_uart_blk_mem_gen_prim_wrappe...
Compiling module xil_defaultlib.ila_uart_blk_mem_gen_prim_width
Compiling module unisims_ver.RB36_INTERNAL_VLOG(DOA_REG=1,DOB...
Compiling module unisims_ver.RAMB36E1(DOA_REG=1,DOB_REG=1,REA...
Compiling module xil_defaultlib.ila_uart_blk_mem_gen_prim_wrappe...
Compiling module xil_defaultlib.ila_uart_blk_mem_gen_prim_width_...
Compiling module xil_defaultlib.ila_uart_blk_mem_gen_prim_wrappe...
Compiling module xil_defaultlib.ila_uart_blk_mem_gen_prim_width_...
Compiling module xil_defaultlib.ila_uart_blk_mem_gen_generic_cst...
Compiling module xil_defaultlib.ila_uart_blk_mem_gen_top
Compiling module xil_defaultlib.ila_uart_blk_mem_gen_v8_3_6_synt...
Compiling module xil_defaultlib.ila_uart_blk_mem_gen_v8_3_6
Compiling module xil_defaultlib.ila_uart_ila_v6_2_7_ila_trace_me...
Compiling module xil_defaultlib.ila_uart_ltlib_v1_0_0_cfglut6__p...
Compiling module xil_defaultlib.ila_uart_ltlib_v1_0_0_cfglut7
Compiling module xil_defaultlib.ila_uart_ltlib_v1_0_0_cfglut7_25
Compiling module xil_defaultlib.ila_uart_ltlib_v1_0_0_cfglut6
Compiling module unisims_ver.SRLC16E_default
Compiling module xil_defaultlib.ila_uart_ltlib_v1_0_0_cfglut4_32
Compiling module xil_defaultlib.ila_uart_ltlib_v1_0_0_cfglut5_33
Compiling module xil_defaultlib.ila_uart_ltlib_v1_0_0_cfglut6_34
Compiling module unisims_ver.CFGLUT5_default
Compiling module xil_defaultlib.ila_uart_ltlib_v1_0_0_all_typeA_...
Compiling module xil_defaultlib.ila_uart_ltlib_v1_0_0_all_typeA_...
Compiling module xil_defaultlib.ila_uart_ltlib_v1_0_0_all_typeA_...
Compiling module xil_defaultlib.ila_uart_ltlib_v1_0_0_allx_typeA...
Compiling module xil_defaultlib.ila_uart_ltlib_v1_0_0_match_node...
Compiling module xil_defaultlib.ila_uart_ila_v6_2_7_ila_cap_samp...
Compiling module xil_defaultlib.ila_uart_ltlib_v1_0_0_cfglut4
Compiling module xil_defaultlib.ila_uart_ltlib_v1_0_0_cfglut5
Compiling module xil_defaultlib.ila_uart_ltlib_v1_0_0_cfglut5_26
Compiling module xil_defaultlib.ila_uart_ltlib_v1_0_0_all_typeA_...
Compiling module xil_defaultlib.ila_uart_ltlib_v1_0_0_all_typeA_...
Compiling module xil_defaultlib.ila_uart_ltlib_v1_0_0_all_typeA_...
Compiling module xil_defaultlib.ila_uart_ltlib_v1_0_0_allx_typeA...
Compiling module xil_defaultlib.ila_uart_ltlib_v1_0_0_match_node...
Compiling module xil_defaultlib.ila_uart_ltlib_v1_0_0_all_typeA_...
Compiling module xil_defaultlib.ila_uart_ltlib_v1_0_0_all_typeA_...
Compiling module xil_defaultlib.ila_uart_ltlib_v1_0_0_all_typeA_...
Compiling module xil_defaultlib.ila_uart_ltlib_v1_0_0_allx_typeA...
Compiling module xil_defaultlib.ila_uart_ltlib_v1_0_0_match_node...
Compiling module xil_defaultlib.ila_uart_ila_v6_2_7_ila_cap_wind...
Compiling module xil_defaultlib.ila_uart_ila_v6_2_7_ila_cap_addr...
Compiling module xil_defaultlib.ila_uart_ila_v6_2_7_ila_cap_ctrl...
Compiling module xil_defaultlib.ila_uart_xsdbs_v1_0_2_reg_p2s
Compiling module xil_defaultlib.ila_uart_xsdbs_v1_0_2_reg_p2s__p...
Compiling module xil_defaultlib.ila_uart_xsdbs_v1_0_2_reg_p2s__p...
Compiling module xil_defaultlib.ila_uart_xsdbs_v1_0_2_xsdbs
Compiling module xil_defaultlib.ila_uart_xsdbs_v1_0_2_reg_ctl_23
Compiling module xil_defaultlib.ila_uart_xsdbs_v1_0_2_reg__param...
Compiling module xil_defaultlib.ila_uart_xsdbs_v1_0_2_reg_ctl_22
Compiling module xil_defaultlib.ila_uart_xsdbs_v1_0_2_reg__param...
Compiling module xil_defaultlib.ila_uart_xsdbs_v1_0_2_reg_ctl_21
Compiling module xil_defaultlib.ila_uart_xsdbs_v1_0_2_reg__param...
Compiling module xil_defaultlib.ila_uart_xsdbs_v1_0_2_reg_ctl_20
Compiling module xil_defaultlib.ila_uart_xsdbs_v1_0_2_reg__param...
Compiling module xil_defaultlib.ila_uart_xsdbs_v1_0_2_reg_ctl_19
Compiling module xil_defaultlib.ila_uart_xsdbs_v1_0_2_reg__param...
Compiling module xil_defaultlib.ila_uart_xsdbs_v1_0_2_reg_ctl__p...
Compiling module xil_defaultlib.ila_uart_xsdbs_v1_0_2_reg__param...
Compiling module unisims_ver.MUXF8
Compiling module xil_defaultlib.ila_uart_xsdbs_v1_0_2_reg_ctl_17
Compiling module xil_defaultlib.ila_uart_xsdbs_v1_0_2_reg__param...
Compiling module xil_defaultlib.ila_uart_xsdbs_v1_0_2_reg_ctl__p...
Compiling module xil_defaultlib.ila_uart_xsdbs_v1_0_2_reg__param...
Compiling module xil_defaultlib.ila_uart_xsdbs_v1_0_2_reg_stat_1...
Compiling module xil_defaultlib.ila_uart_xsdbs_v1_0_2_reg__param...
Compiling module xil_defaultlib.ila_uart_xsdbs_v1_0_2_reg_ctl__p...
Compiling module xil_defaultlib.ila_uart_xsdbs_v1_0_2_reg__param...
Compiling module xil_defaultlib.ila_uart_xsdbs_v1_0_2_reg_ctl_14
Compiling module xil_defaultlib.ila_uart_xsdbs_v1_0_2_reg__param...
Compiling module xil_defaultlib.ila_uart_xsdbs_v1_0_2_reg_ctl__p...
Compiling module xil_defaultlib.ila_uart_xsdbs_v1_0_2_reg__param...
Compiling module xil_defaultlib.ila_uart_xsdbs_v1_0_2_reg_ctl_13
Compiling module xil_defaultlib.ila_uart_xsdbs_v1_0_2_reg__param...
Compiling module xil_defaultlib.ila_uart_xsdbs_v1_0_2_reg_ctl_12
Compiling module xil_defaultlib.ila_uart_xsdbs_v1_0_2_reg__param...
Compiling module xil_defaultlib.ila_uart_xsdbs_v1_0_2_reg_ctl_11
Compiling module xil_defaultlib.ila_uart_xsdbs_v1_0_2_reg__param...
Compiling module xil_defaultlib.ila_uart_xsdbs_v1_0_2_reg_stat_1...
Compiling module xil_defaultlib.ila_uart_xsdbs_v1_0_2_reg__param...
Compiling module xil_defaultlib.ila_uart_xsdbs_v1_0_2_reg_stat_9
Compiling module xil_defaultlib.ila_uart_xsdbs_v1_0_2_reg__param...
Compiling module xil_defaultlib.ila_uart_xsdbs_v1_0_2_reg_stat_2...
Compiling module xil_defaultlib.ila_uart_xsdbs_v1_0_2_reg__param...
Compiling module xil_defaultlib.ila_uart_xsdbs_v1_0_2_reg_stat_8
Compiling module xil_defaultlib.ila_uart_xsdbs_v1_0_2_reg__param...
Compiling module xil_defaultlib.ila_uart_xsdbs_v1_0_2_reg_p2s__p...
Compiling module xil_defaultlib.ila_uart_xsdbs_v1_0_2_reg_ctl
Compiling module xil_defaultlib.ila_uart_xsdbs_v1_0_2_reg_stream
Compiling module xil_defaultlib.ila_uart_xsdbs_v1_0_2_reg_stat
Compiling module xil_defaultlib.ila_uart_xsdbs_v1_0_2_reg_stream...
Compiling module xil_defaultlib.ila_uart_ila_v6_2_7_ila_register
Compiling module xil_defaultlib.ila_uart_ltlib_v1_0_0_rising_edg...
Compiling module xil_defaultlib.ila_uart_ltlib_v1_0_0_async_edge...
Compiling module xil_defaultlib.ila_uart_ltlib_v1_0_0_async_edge...
Compiling module xil_defaultlib.ila_uart_ltlib_v1_0_0_async_edge...
Compiling module xil_defaultlib.ila_uart_ltlib_v1_0_0_async_edge...
Compiling module xil_defaultlib.ila_uart_ltlib_v1_0_0_rising_edg...
Compiling module xil_defaultlib.ila_uart_ila_v6_2_7_ila_reset_ct...
Compiling module xil_defaultlib.ila_uart_ltlib_v1_0_0_all_typeA_...
Compiling module xil_defaultlib.ila_uart_ltlib_v1_0_0_all_typeA_...
Compiling module xil_defaultlib.ila_uart_ltlib_v1_0_0_allx_typeA
Compiling module xil_defaultlib.ila_uart_ltlib_v1_0_0_match
Compiling module xil_defaultlib.ila_uart_ltlib_v1_0_0_all_typeA_...
Compiling module xil_defaultlib.ila_uart_ltlib_v1_0_0_all_typeA_...
Compiling module xil_defaultlib.ila_uart_ltlib_v1_0_0_allx_typeA...
Compiling module xil_defaultlib.ila_uart_ltlib_v1_0_0_match__par...
Compiling module xil_defaultlib.ila_uart_ltlib_v1_0_0_all_typeA_...
Compiling module xil_defaultlib.ila_uart_ltlib_v1_0_0_all_typeA
Compiling module xil_defaultlib.ila_uart_ltlib_v1_0_0_allx_typeA...
Compiling module xil_defaultlib.ila_uart_ltlib_v1_0_0_match__par...
Compiling module xil_defaultlib.ila_uart_ila_v6_2_7_ila_trig_mat...
Compiling module xil_defaultlib.ila_uart_ila_v6_2_7_ila_trigger
Compiling module xil_defaultlib.ila_uart_ltlib_v1_0_0_generic_me...
Compiling module xil_defaultlib.ila_uart_ila_v6_2_7_ila_core
Compiling module xil_defaultlib.ila_uart_ila_v6_2_7_ila
Compiling module xil_defaultlib.ila_uart
Compiling module xil_defaultlib.uart_tx_path_default
Compiling module xil_defaultlib.top_test_default
Compiling module xil_defaultlib.ddr3_model_default
Compiling module xil_defaultlib.sim_tb_top
Compiling module xil_defaultlib.glbl
Built simulation snapshot sim_tb_top_behav
