
*** Running vivado
    with args -log base_mb_wrapper.vds -m64 -product Vivado -mode batch -messageDb vivado.pb -notrace -source base_mb_wrapper.tcl


****** Vivado v2018.2 (64-bit)
  **** SW Build 2258646 on Thu Jun 14 20:03:12 MDT 2018
  **** IP Build 2256618 on Thu Jun 14 22:10:49 MDT 2018
    ** Copyright 1986-2018 Xilinx, Inc. All Rights Reserved.

source base_mb_wrapper.tcl -notrace
INFO: [IP_Flow 19-234] Refreshing IP repositories
INFO: [IP_Flow 19-1704] No user IP repositories specified
INFO: [IP_Flow 19-2313] Loaded Vivado IP repository 'D:/Xilinx/vivado/Vivado/2018.2/data/ip'.
add_files: Time (s): cpu = 00:00:07 ; elapsed = 00:00:07 . Memory (MB): peak = 281.930 ; gain = 58.797
Command: synth_design -top base_mb_wrapper -part xc7a200tfbg676-2
Starting synth_design
Attempting to get a license for feature 'Synthesis' and/or device 'xc7a200t'
INFO: [Common 17-349] Got license for feature 'Synthesis' and/or device 'xc7a200t'
INFO: Launching helper process for spawning children vivado processes
INFO: Helper process launched with PID 19160 
---------------------------------------------------------------------------------
Starting RTL Elaboration : Time (s): cpu = 00:00:03 ; elapsed = 00:00:03 . Memory (MB): peak = 391.852 ; gain = 103.008
---------------------------------------------------------------------------------
INFO: [Synth 8-638] synthesizing module 'base_mb_wrapper' [D:/fpga/08_vivado/project_1/project_1.srcs/sources_1/bd/base_mb/hdl/base_mb_wrapper.vhd:25]
INFO: [Synth 8-3491] module 'base_mb' declared at 'D:/fpga/08_vivado/project_1/project_1.srcs/sources_1/bd/base_mb/synth/base_mb.v:21' bound to instance 'base_mb_i' of component 'base_mb' [D:/fpga/08_vivado/project_1/project_1.srcs/sources_1/bd/base_mb/hdl/base_mb_wrapper.vhd:37]
INFO: [Synth 8-6157] synthesizing module 'base_mb' [D:/fpga/08_vivado/project_1/project_1.srcs/sources_1/bd/base_mb/synth/base_mb.v:21]
INFO: [Synth 8-6157] synthesizing module 'base_mb_axi_gpio_0_0' [D:/fpga/08_vivado/project_1/project_1.runs/synth_1/.Xil/Vivado-18704-DESKTOP-B3SJCBK/realtime/base_mb_axi_gpio_0_0_stub.v:6]
INFO: [Synth 8-6155] done synthesizing module 'base_mb_axi_gpio_0_0' (1#1) [D:/fpga/08_vivado/project_1/project_1.runs/synth_1/.Xil/Vivado-18704-DESKTOP-B3SJCBK/realtime/base_mb_axi_gpio_0_0_stub.v:6]
INFO: [Synth 8-6157] synthesizing module 'base_mb_axi_uartlite_0_0' [D:/fpga/08_vivado/project_1/project_1.runs/synth_1/.Xil/Vivado-18704-DESKTOP-B3SJCBK/realtime/base_mb_axi_uartlite_0_0_stub.v:6]
INFO: [Synth 8-6155] done synthesizing module 'base_mb_axi_uartlite_0_0' (2#1) [D:/fpga/08_vivado/project_1/project_1.runs/synth_1/.Xil/Vivado-18704-DESKTOP-B3SJCBK/realtime/base_mb_axi_uartlite_0_0_stub.v:6]
WARNING: [Synth 8-350] instance 'axi_uartlite_0' of module 'base_mb_axi_uartlite_0_0' requires 22 connections, but only 21 given [D:/fpga/08_vivado/project_1/project_1.srcs/sources_1/bd/base_mb/synth/base_mb.v:157]
INFO: [Synth 8-6157] synthesizing module 'base_mb_clk_wiz_1_0' [D:/fpga/08_vivado/project_1/project_1.runs/synth_1/.Xil/Vivado-18704-DESKTOP-B3SJCBK/realtime/base_mb_clk_wiz_1_0_stub.v:5]
INFO: [Synth 8-6155] done synthesizing module 'base_mb_clk_wiz_1_0' (3#1) [D:/fpga/08_vivado/project_1/project_1.runs/synth_1/.Xil/Vivado-18704-DESKTOP-B3SJCBK/realtime/base_mb_clk_wiz_1_0_stub.v:5]
INFO: [Synth 8-6157] synthesizing module 'base_mb_mdm_1_0' [D:/fpga/08_vivado/project_1/project_1.runs/synth_1/.Xil/Vivado-18704-DESKTOP-B3SJCBK/realtime/base_mb_mdm_1_0_stub.v:6]
INFO: [Synth 8-6155] done synthesizing module 'base_mb_mdm_1_0' (4#1) [D:/fpga/08_vivado/project_1/project_1.runs/synth_1/.Xil/Vivado-18704-DESKTOP-B3SJCBK/realtime/base_mb_mdm_1_0_stub.v:6]
INFO: [Synth 8-6157] synthesizing module 'base_mb_microblaze_0_0' [D:/fpga/08_vivado/project_1/project_1.runs/synth_1/.Xil/Vivado-18704-DESKTOP-B3SJCBK/realtime/base_mb_microblaze_0_0_stub.v:6]
INFO: [Synth 8-6155] done synthesizing module 'base_mb_microblaze_0_0' (5#1) [D:/fpga/08_vivado/project_1/project_1.runs/synth_1/.Xil/Vivado-18704-DESKTOP-B3SJCBK/realtime/base_mb_microblaze_0_0_stub.v:6]
WARNING: [Synth 8-350] instance 'microblaze_0' of module 'base_mb_microblaze_0_0' requires 52 connections, but only 51 given [D:/fpga/08_vivado/project_1/project_1.srcs/sources_1/bd/base_mb/synth/base_mb.v:198]
INFO: [Synth 8-6157] synthesizing module 'base_mb_microblaze_0_axi_periph_0' [D:/fpga/08_vivado/project_1/project_1.srcs/sources_1/bd/base_mb/synth/base_mb.v:346]
INFO: [Synth 8-6157] synthesizing module 'm00_couplers_imp_18U4BL6' [D:/fpga/08_vivado/project_1/project_1.srcs/sources_1/bd/base_mb/synth/base_mb.v:808]
INFO: [Synth 8-6155] done synthesizing module 'm00_couplers_imp_18U4BL6' (6#1) [D:/fpga/08_vivado/project_1/project_1.srcs/sources_1/bd/base_mb/synth/base_mb.v:808]
INFO: [Synth 8-6157] synthesizing module 'm01_couplers_imp_AM0Y5L' [D:/fpga/08_vivado/project_1/project_1.srcs/sources_1/bd/base_mb/synth/base_mb.v:940]
INFO: [Synth 8-6155] done synthesizing module 'm01_couplers_imp_AM0Y5L' (7#1) [D:/fpga/08_vivado/project_1/project_1.srcs/sources_1/bd/base_mb/synth/base_mb.v:940]
INFO: [Synth 8-6157] synthesizing module 's00_couplers_imp_AQ37SM' [D:/fpga/08_vivado/project_1/project_1.srcs/sources_1/bd/base_mb/synth/base_mb.v:1306]
INFO: [Synth 8-6155] done synthesizing module 's00_couplers_imp_AQ37SM' (8#1) [D:/fpga/08_vivado/project_1/project_1.srcs/sources_1/bd/base_mb/synth/base_mb.v:1306]
INFO: [Synth 8-6157] synthesizing module 'base_mb_xbar_0' [D:/fpga/08_vivado/project_1/project_1.runs/synth_1/.Xil/Vivado-18704-DESKTOP-B3SJCBK/realtime/base_mb_xbar_0_stub.v:6]
INFO: [Synth 8-6155] done synthesizing module 'base_mb_xbar_0' (9#1) [D:/fpga/08_vivado/project_1/project_1.runs/synth_1/.Xil/Vivado-18704-DESKTOP-B3SJCBK/realtime/base_mb_xbar_0_stub.v:6]
WARNING: [Synth 8-350] instance 'xbar' of module 'base_mb_xbar_0' requires 40 connections, but only 38 given [D:/fpga/08_vivado/project_1/project_1.srcs/sources_1/bd/base_mb/synth/base_mb.v:767]
INFO: [Synth 8-6155] done synthesizing module 'base_mb_microblaze_0_axi_periph_0' (10#1) [D:/fpga/08_vivado/project_1/project_1.srcs/sources_1/bd/base_mb/synth/base_mb.v:346]
INFO: [Synth 8-6157] synthesizing module 'microblaze_0_local_memory_imp_Q0A2Y' [D:/fpga/08_vivado/project_1/project_1.srcs/sources_1/bd/base_mb/synth/base_mb.v:1072]
INFO: [Synth 8-6157] synthesizing module 'base_mb_dlmb_bram_if_cntlr_0' [D:/fpga/08_vivado/project_1/project_1.runs/synth_1/.Xil/Vivado-18704-DESKTOP-B3SJCBK/realtime/base_mb_dlmb_bram_if_cntlr_0_stub.v:6]
INFO: [Synth 8-6155] done synthesizing module 'base_mb_dlmb_bram_if_cntlr_0' (11#1) [D:/fpga/08_vivado/project_1/project_1.runs/synth_1/.Xil/Vivado-18704-DESKTOP-B3SJCBK/realtime/base_mb_dlmb_bram_if_cntlr_0_stub.v:6]
INFO: [Synth 8-6157] synthesizing module 'base_mb_dlmb_v10_0' [D:/fpga/08_vivado/project_1/project_1.runs/synth_1/.Xil/Vivado-18704-DESKTOP-B3SJCBK/realtime/base_mb_dlmb_v10_0_stub.v:6]
INFO: [Synth 8-6155] done synthesizing module 'base_mb_dlmb_v10_0' (12#1) [D:/fpga/08_vivado/project_1/project_1.runs/synth_1/.Xil/Vivado-18704-DESKTOP-B3SJCBK/realtime/base_mb_dlmb_v10_0_stub.v:6]
WARNING: [Synth 8-350] instance 'dlmb_v10' of module 'base_mb_dlmb_v10_0' requires 25 connections, but only 24 given [D:/fpga/08_vivado/project_1/project_1.srcs/sources_1/bd/base_mb/synth/base_mb.v:1218]
INFO: [Synth 8-6157] synthesizing module 'base_mb_ilmb_bram_if_cntlr_0' [D:/fpga/08_vivado/project_1/project_1.runs/synth_1/.Xil/Vivado-18704-DESKTOP-B3SJCBK/realtime/base_mb_ilmb_bram_if_cntlr_0_stub.v:6]
INFO: [Synth 8-6155] done synthesizing module 'base_mb_ilmb_bram_if_cntlr_0' (13#1) [D:/fpga/08_vivado/project_1/project_1.runs/synth_1/.Xil/Vivado-18704-DESKTOP-B3SJCBK/realtime/base_mb_ilmb_bram_if_cntlr_0_stub.v:6]
INFO: [Synth 8-6157] synthesizing module 'base_mb_ilmb_v10_0' [D:/fpga/08_vivado/project_1/project_1.runs/synth_1/.Xil/Vivado-18704-DESKTOP-B3SJCBK/realtime/base_mb_ilmb_v10_0_stub.v:6]
INFO: [Synth 8-6155] done synthesizing module 'base_mb_ilmb_v10_0' (14#1) [D:/fpga/08_vivado/project_1/project_1.runs/synth_1/.Xil/Vivado-18704-DESKTOP-B3SJCBK/realtime/base_mb_ilmb_v10_0_stub.v:6]
WARNING: [Synth 8-350] instance 'ilmb_v10' of module 'base_mb_ilmb_v10_0' requires 25 connections, but only 24 given [D:/fpga/08_vivado/project_1/project_1.srcs/sources_1/bd/base_mb/synth/base_mb.v:1264]
INFO: [Synth 8-6157] synthesizing module 'base_mb_lmb_bram_0' [D:/fpga/08_vivado/project_1/project_1.runs/synth_1/.Xil/Vivado-18704-DESKTOP-B3SJCBK/realtime/base_mb_lmb_bram_0_stub.v:6]
INFO: [Synth 8-6155] done synthesizing module 'base_mb_lmb_bram_0' (15#1) [D:/fpga/08_vivado/project_1/project_1.runs/synth_1/.Xil/Vivado-18704-DESKTOP-B3SJCBK/realtime/base_mb_lmb_bram_0_stub.v:6]
WARNING: [Synth 8-350] instance 'lmb_bram' of module 'base_mb_lmb_bram_0' requires 16 connections, but only 14 given [D:/fpga/08_vivado/project_1/project_1.srcs/sources_1/bd/base_mb/synth/base_mb.v:1289]
INFO: [Synth 8-6155] done synthesizing module 'microblaze_0_local_memory_imp_Q0A2Y' (16#1) [D:/fpga/08_vivado/project_1/project_1.srcs/sources_1/bd/base_mb/synth/base_mb.v:1072]
INFO: [Synth 8-6157] synthesizing module 'base_mb_rst_clk_wiz_1_100M_0' [D:/fpga/08_vivado/project_1/project_1.runs/synth_1/.Xil/Vivado-18704-DESKTOP-B3SJCBK/realtime/base_mb_rst_clk_wiz_1_100M_0_stub.v:6]
INFO: [Synth 8-6155] done synthesizing module 'base_mb_rst_clk_wiz_1_100M_0' (17#1) [D:/fpga/08_vivado/project_1/project_1.runs/synth_1/.Xil/Vivado-18704-DESKTOP-B3SJCBK/realtime/base_mb_rst_clk_wiz_1_100M_0_stub.v:6]
WARNING: [Synth 8-350] instance 'rst_clk_wiz_1_100M' of module 'base_mb_rst_clk_wiz_1_100M_0' requires 10 connections, but only 9 given [D:/fpga/08_vivado/project_1/project_1.srcs/sources_1/bd/base_mb/synth/base_mb.v:334]
INFO: [Synth 8-6155] done synthesizing module 'base_mb' (18#1) [D:/fpga/08_vivado/project_1/project_1.srcs/sources_1/bd/base_mb/synth/base_mb.v:21]
INFO: [Synth 8-256] done synthesizing module 'base_mb_wrapper' (19#1) [D:/fpga/08_vivado/project_1/project_1.srcs/sources_1/bd/base_mb/hdl/base_mb_wrapper.vhd:25]
WARNING: [Synth 8-3331] design s00_couplers_imp_AQ37SM has unconnected port M_ACLK
WARNING: [Synth 8-3331] design s00_couplers_imp_AQ37SM has unconnected port M_ARESETN
WARNING: [Synth 8-3331] design s00_couplers_imp_AQ37SM has unconnected port S_ACLK
WARNING: [Synth 8-3331] design s00_couplers_imp_AQ37SM has unconnected port S_ARESETN
WARNING: [Synth 8-3331] design m01_couplers_imp_AM0Y5L has unconnected port M_ACLK
WARNING: [Synth 8-3331] design m01_couplers_imp_AM0Y5L has unconnected port M_ARESETN
WARNING: [Synth 8-3331] design m01_couplers_imp_AM0Y5L has unconnected port S_ACLK
WARNING: [Synth 8-3331] design m01_couplers_imp_AM0Y5L has unconnected port S_ARESETN
WARNING: [Synth 8-3331] design m00_couplers_imp_18U4BL6 has unconnected port M_ACLK
WARNING: [Synth 8-3331] design m00_couplers_imp_18U4BL6 has unconnected port M_ARESETN
WARNING: [Synth 8-3331] design m00_couplers_imp_18U4BL6 has unconnected port S_ACLK
WARNING: [Synth 8-3331] design m00_couplers_imp_18U4BL6 has unconnected port S_ARESETN
---------------------------------------------------------------------------------
Finished RTL Elaboration : Time (s): cpu = 00:00:04 ; elapsed = 00:00:05 . Memory (MB): peak = 446.227 ; gain = 157.383
---------------------------------------------------------------------------------

Report Check Netlist: 
+------+------------------+-------+---------+-------+------------------+
|      |Item              |Errors |Warnings |Status |Description       |
+------+------------------+-------+---------+-------+------------------+
|1     |multi_driven_nets |      0|        0|Passed |Multi driven nets |
+------+------------------+-------+---------+-------+------------------+
---------------------------------------------------------------------------------
Start Handling Custom Attributes
---------------------------------------------------------------------------------
---------------------------------------------------------------------------------
Finished Handling Custom Attributes : Time (s): cpu = 00:00:04 ; elapsed = 00:00:05 . Memory (MB): peak = 446.227 ; gain = 157.383
---------------------------------------------------------------------------------
---------------------------------------------------------------------------------
Finished RTL Optimization Phase 1 : Time (s): cpu = 00:00:04 ; elapsed = 00:00:05 . Memory (MB): peak = 446.227 ; gain = 157.383
---------------------------------------------------------------------------------
INFO: [Device 21-403] Loading part xc7a200tfbg676-2
INFO: [Project 1-570] Preparing netlist for logic optimization

Processing XDC Constraints
Initializing timing engine
Parsing XDC File [d:/fpga/08_vivado/project_1/project_1.srcs/sources_1/bd/base_mb/ip/base_mb_microblaze_0_0/base_mb_microblaze_0_0/base_mb_microblaze_0_0_in_context.xdc] for cell 'base_mb_i/microblaze_0'
Finished Parsing XDC File [d:/fpga/08_vivado/project_1/project_1.srcs/sources_1/bd/base_mb/ip/base_mb_microblaze_0_0/base_mb_microblaze_0_0/base_mb_microblaze_0_0_in_context.xdc] for cell 'base_mb_i/microblaze_0'
Parsing XDC File [d:/fpga/08_vivado/project_1/project_1.srcs/sources_1/bd/base_mb/ip/base_mb_mdm_1_0/base_mb_mdm_1_0/base_mb_mdm_1_0_in_context.xdc] for cell 'base_mb_i/mdm_1'
Finished Parsing XDC File [d:/fpga/08_vivado/project_1/project_1.srcs/sources_1/bd/base_mb/ip/base_mb_mdm_1_0/base_mb_mdm_1_0/base_mb_mdm_1_0_in_context.xdc] for cell 'base_mb_i/mdm_1'
Parsing XDC File [d:/fpga/08_vivado/project_1/project_1.srcs/sources_1/bd/base_mb/ip/base_mb_clk_wiz_1_0/base_mb_clk_wiz_1_0/base_mb_clk_wiz_1_0_in_context.xdc] for cell 'base_mb_i/clk_wiz_1'
Finished Parsing XDC File [d:/fpga/08_vivado/project_1/project_1.srcs/sources_1/bd/base_mb/ip/base_mb_clk_wiz_1_0/base_mb_clk_wiz_1_0/base_mb_clk_wiz_1_0_in_context.xdc] for cell 'base_mb_i/clk_wiz_1'
Parsing XDC File [d:/fpga/08_vivado/project_1/project_1.srcs/sources_1/bd/base_mb/ip/base_mb_rst_clk_wiz_1_100M_0/base_mb_rst_clk_wiz_1_100M_0/base_mb_rst_clk_wiz_1_100M_0_in_context.xdc] for cell 'base_mb_i/rst_clk_wiz_1_100M'
Finished Parsing XDC File [d:/fpga/08_vivado/project_1/project_1.srcs/sources_1/bd/base_mb/ip/base_mb_rst_clk_wiz_1_100M_0/base_mb_rst_clk_wiz_1_100M_0/base_mb_rst_clk_wiz_1_100M_0_in_context.xdc] for cell 'base_mb_i/rst_clk_wiz_1_100M'
Parsing XDC File [d:/fpga/08_vivado/project_1/project_1.srcs/sources_1/bd/base_mb/ip/base_mb_axi_uartlite_0_0/base_mb_axi_uartlite_0_0/base_mb_axi_uartlite_0_0_in_context.xdc] for cell 'base_mb_i/axi_uartlite_0'
Finished Parsing XDC File [d:/fpga/08_vivado/project_1/project_1.srcs/sources_1/bd/base_mb/ip/base_mb_axi_uartlite_0_0/base_mb_axi_uartlite_0_0/base_mb_axi_uartlite_0_0_in_context.xdc] for cell 'base_mb_i/axi_uartlite_0'
Parsing XDC File [d:/fpga/08_vivado/project_1/project_1.srcs/sources_1/bd/base_mb/ip/base_mb_axi_gpio_0_0/base_mb_axi_gpio_0_0/base_mb_axi_gpio_0_0_in_context.xdc] for cell 'base_mb_i/axi_gpio_0'
Finished Parsing XDC File [d:/fpga/08_vivado/project_1/project_1.srcs/sources_1/bd/base_mb/ip/base_mb_axi_gpio_0_0/base_mb_axi_gpio_0_0/base_mb_axi_gpio_0_0_in_context.xdc] for cell 'base_mb_i/axi_gpio_0'
Parsing XDC File [d:/fpga/08_vivado/project_1/project_1.srcs/sources_1/bd/base_mb/ip/base_mb_xbar_0/base_mb_xbar_0/base_mb_xbar_0_in_context.xdc] for cell 'base_mb_i/microblaze_0_axi_periph/xbar'
Finished Parsing XDC File [d:/fpga/08_vivado/project_1/project_1.srcs/sources_1/bd/base_mb/ip/base_mb_xbar_0/base_mb_xbar_0/base_mb_xbar_0_in_context.xdc] for cell 'base_mb_i/microblaze_0_axi_periph/xbar'
Parsing XDC File [d:/fpga/08_vivado/project_1/project_1.srcs/sources_1/bd/base_mb/ip/base_mb_dlmb_v10_0/base_mb_dlmb_v10_0/base_mb_dlmb_v10_0_in_context.xdc] for cell 'base_mb_i/microblaze_0_local_memory/dlmb_v10'
Finished Parsing XDC File [d:/fpga/08_vivado/project_1/project_1.srcs/sources_1/bd/base_mb/ip/base_mb_dlmb_v10_0/base_mb_dlmb_v10_0/base_mb_dlmb_v10_0_in_context.xdc] for cell 'base_mb_i/microblaze_0_local_memory/dlmb_v10'
Parsing XDC File [d:/fpga/08_vivado/project_1/project_1.srcs/sources_1/bd/base_mb/ip/base_mb_ilmb_v10_0/base_mb_ilmb_v10_0/base_mb_dlmb_v10_0_in_context.xdc] for cell 'base_mb_i/microblaze_0_local_memory/ilmb_v10'
Finished Parsing XDC File [d:/fpga/08_vivado/project_1/project_1.srcs/sources_1/bd/base_mb/ip/base_mb_ilmb_v10_0/base_mb_ilmb_v10_0/base_mb_dlmb_v10_0_in_context.xdc] for cell 'base_mb_i/microblaze_0_local_memory/ilmb_v10'
Parsing XDC File [d:/fpga/08_vivado/project_1/project_1.srcs/sources_1/bd/base_mb/ip/base_mb_dlmb_bram_if_cntlr_0/base_mb_dlmb_bram_if_cntlr_0/base_mb_dlmb_bram_if_cntlr_0_in_context.xdc] for cell 'base_mb_i/microblaze_0_local_memory/dlmb_bram_if_cntlr'
Finished Parsing XDC File [d:/fpga/08_vivado/project_1/project_1.srcs/sources_1/bd/base_mb/ip/base_mb_dlmb_bram_if_cntlr_0/base_mb_dlmb_bram_if_cntlr_0/base_mb_dlmb_bram_if_cntlr_0_in_context.xdc] for cell 'base_mb_i/microblaze_0_local_memory/dlmb_bram_if_cntlr'
Parsing XDC File [d:/fpga/08_vivado/project_1/project_1.srcs/sources_1/bd/base_mb/ip/base_mb_ilmb_bram_if_cntlr_0/base_mb_ilmb_bram_if_cntlr_0/base_mb_ilmb_bram_if_cntlr_0_in_context.xdc] for cell 'base_mb_i/microblaze_0_local_memory/ilmb_bram_if_cntlr'
Finished Parsing XDC File [d:/fpga/08_vivado/project_1/project_1.srcs/sources_1/bd/base_mb/ip/base_mb_ilmb_bram_if_cntlr_0/base_mb_ilmb_bram_if_cntlr_0/base_mb_ilmb_bram_if_cntlr_0_in_context.xdc] for cell 'base_mb_i/microblaze_0_local_memory/ilmb_bram_if_cntlr'
Parsing XDC File [d:/fpga/08_vivado/project_1/project_1.srcs/sources_1/bd/base_mb/ip/base_mb_lmb_bram_0/base_mb_lmb_bram_0/base_mb_lmb_bram_0_in_context.xdc] for cell 'base_mb_i/microblaze_0_local_memory/lmb_bram'
Finished Parsing XDC File [d:/fpga/08_vivado/project_1/project_1.srcs/sources_1/bd/base_mb/ip/base_mb_lmb_bram_0/base_mb_lmb_bram_0/base_mb_lmb_bram_0_in_context.xdc] for cell 'base_mb_i/microblaze_0_local_memory/lmb_bram'
Parsing XDC File [D:/fpga/08_vivado/project_1/project_1.runs/synth_1/dont_touch.xdc]
Finished Parsing XDC File [D:/fpga/08_vivado/project_1/project_1.runs/synth_1/dont_touch.xdc]
Completed Processing XDC Constraints

INFO: [Project 1-111] Unisim Transformation Summary:
No Unisim elements were transformed.

Constraint Validation Runtime : Time (s): cpu = 00:00:00 ; elapsed = 00:00:00.039 . Memory (MB): peak = 802.363 ; gain = 0.008
WARNING: [Timing 38-316] Clock period '20.000' specified during out-of-context synthesis of instance 'base_mb_i/microblaze_0_local_memory/lmb_bram' at clock pin 'clka' is different from the actual clock period '10.000', this can lead to different synthesis results.
---------------------------------------------------------------------------------
Finished Constraint Validation : Time (s): cpu = 00:00:20 ; elapsed = 00:00:23 . Memory (MB): peak = 803.680 ; gain = 514.836
---------------------------------------------------------------------------------
---------------------------------------------------------------------------------
Start Loading Part and Timing Information
---------------------------------------------------------------------------------
Loading part: xc7a200tfbg676-2
---------------------------------------------------------------------------------
Finished Loading Part and Timing Information : Time (s): cpu = 00:00:20 ; elapsed = 00:00:23 . Memory (MB): peak = 803.680 ; gain = 514.836
---------------------------------------------------------------------------------
---------------------------------------------------------------------------------
Start Applying 'set_property' XDC Constraints
---------------------------------------------------------------------------------
Applied set_property IO_BUFFER_TYPE = NONE for sys_diff_clock_clk_n. (constraint file  d:/fpga/08_vivado/project_1/project_1.srcs/sources_1/bd/base_mb/ip/base_mb_clk_wiz_1_0/base_mb_clk_wiz_1_0/base_mb_clk_wiz_1_0_in_context.xdc, line 3).
Applied set_property CLOCK_BUFFER_TYPE = NONE for sys_diff_clock_clk_n. (constraint file  d:/fpga/08_vivado/project_1/project_1.srcs/sources_1/bd/base_mb/ip/base_mb_clk_wiz_1_0/base_mb_clk_wiz_1_0/base_mb_clk_wiz_1_0_in_context.xdc, line 4).
Applied set_property IO_BUFFER_TYPE = NONE for sys_diff_clock_clk_p. (constraint file  d:/fpga/08_vivado/project_1/project_1.srcs/sources_1/bd/base_mb/ip/base_mb_clk_wiz_1_0/base_mb_clk_wiz_1_0/base_mb_clk_wiz_1_0_in_context.xdc, line 5).
Applied set_property CLOCK_BUFFER_TYPE = NONE for sys_diff_clock_clk_p. (constraint file  d:/fpga/08_vivado/project_1/project_1.srcs/sources_1/bd/base_mb/ip/base_mb_clk_wiz_1_0/base_mb_clk_wiz_1_0/base_mb_clk_wiz_1_0_in_context.xdc, line 6).
Applied set_property DONT_TOUCH = true for base_mb_i. (constraint file  auto generated constraint, line ).
Applied set_property DONT_TOUCH = true for base_mb_i/microblaze_0. (constraint file  auto generated constraint, line ).
Applied set_property DONT_TOUCH = true for base_mb_i/mdm_1. (constraint file  auto generated constraint, line ).
Applied set_property DONT_TOUCH = true for base_mb_i/clk_wiz_1. (constraint file  auto generated constraint, line ).
Applied set_property DONT_TOUCH = true for base_mb_i/rst_clk_wiz_1_100M. (constraint file  auto generated constraint, line ).
Applied set_property DONT_TOUCH = true for base_mb_i/axi_uartlite_0. (constraint file  auto generated constraint, line ).
Applied set_property DONT_TOUCH = true for base_mb_i/axi_gpio_0. (constraint file  auto generated constraint, line ).
Applied set_property DONT_TOUCH = true for base_mb_i/microblaze_0_axi_periph. (constraint file  auto generated constraint, line ).
Applied set_property DONT_TOUCH = true for base_mb_i/microblaze_0_axi_periph/xbar. (constraint file  auto generated constraint, line ).
Applied set_property DONT_TOUCH = true for base_mb_i/microblaze_0_local_memory/dlmb_v10. (constraint file  auto generated constraint, line ).
Applied set_property DONT_TOUCH = true for base_mb_i/microblaze_0_local_memory/ilmb_v10. (constraint file  auto generated constraint, line ).
Applied set_property DONT_TOUCH = true for base_mb_i/microblaze_0_local_memory/dlmb_bram_if_cntlr. (constraint file  auto generated constraint, line ).
Applied set_property DONT_TOUCH = true for base_mb_i/microblaze_0_local_memory/ilmb_bram_if_cntlr. (constraint file  auto generated constraint, line ).
Applied set_property DONT_TOUCH = true for base_mb_i/microblaze_0_local_memory/lmb_bram. (constraint file  auto generated constraint, line ).
---------------------------------------------------------------------------------
Finished applying 'set_property' XDC Constraints : Time (s): cpu = 00:00:21 ; elapsed = 00:00:23 . Memory (MB): peak = 803.680 ; gain = 514.836
---------------------------------------------------------------------------------
---------------------------------------------------------------------------------
Finished RTL Optimization Phase 2 : Time (s): cpu = 00:00:21 ; elapsed = 00:00:23 . Memory (MB): peak = 803.680 ; gain = 514.836
---------------------------------------------------------------------------------

Report RTL Partitions: 
+-+--------------+------------+----------+
| |RTL Partition |Replication |Instances |
+-+--------------+------------+----------+
+-+--------------+------------+----------+
---------------------------------------------------------------------------------
Start RTL Component Statistics 
---------------------------------------------------------------------------------
Detailed RTL Component Info : 
---------------------------------------------------------------------------------
Finished RTL Component Statistics 
---------------------------------------------------------------------------------
---------------------------------------------------------------------------------
Start RTL Hierarchical Component Statistics 
---------------------------------------------------------------------------------
Hierarchical RTL Component report 
---------------------------------------------------------------------------------
Finished RTL Hierarchical Component Statistics
---------------------------------------------------------------------------------
---------------------------------------------------------------------------------
Start Part Resource Summary
---------------------------------------------------------------------------------
Part Resources:
DSPs: 740 (col length:100)
BRAMs: 730 (col length: RAMB18 100 RAMB36 50)
---------------------------------------------------------------------------------
Finished Part Resource Summary
---------------------------------------------------------------------------------
---------------------------------------------------------------------------------
Start Cross Boundary and Area Optimization
---------------------------------------------------------------------------------
Warning: Parallel synthesis criteria is not met 
WARNING: [Synth 8-3331] design base_mb_microblaze_0_axi_periph_0 has unconnected port M00_ACLK
WARNING: [Synth 8-3331] design base_mb_microblaze_0_axi_periph_0 has unconnected port M00_ARESETN
WARNING: [Synth 8-3331] design base_mb_microblaze_0_axi_periph_0 has unconnected port M01_ACLK
WARNING: [Synth 8-3331] design base_mb_microblaze_0_axi_periph_0 has unconnected port M01_ARESETN
WARNING: [Synth 8-3331] design base_mb_microblaze_0_axi_periph_0 has unconnected port S00_ACLK
WARNING: [Synth 8-3331] design base_mb_microblaze_0_axi_periph_0 has unconnected port S00_ARESETN
---------------------------------------------------------------------------------
Finished Cross Boundary and Area Optimization : Time (s): cpu = 00:00:22 ; elapsed = 00:00:25 . Memory (MB): peak = 803.680 ; gain = 514.836
---------------------------------------------------------------------------------

Report RTL Partitions: 
+-+--------------+------------+----------+
| |RTL Partition |Replication |Instances |
+-+--------------+------------+----------+
+-+--------------+------------+----------+
---------------------------------------------------------------------------------
Start Applying XDC Timing Constraints
---------------------------------------------------------------------------------
INFO: [Synth 8-5578] Moved timing constraint from pin 'base_mb_i/mdm_1/Dbg_Clk_0' to pin 'base_mb_i/mdm_1/bbstub_Dbg_Clk_0/O'
INFO: [Synth 8-5578] Moved timing constraint from pin 'base_mb_i/mdm_1/Dbg_Update_0' to pin 'base_mb_i/mdm_1/bbstub_Dbg_Update_0/O'
INFO: [Synth 8-5578] Moved timing constraint from pin 'base_mb_i/clk_wiz_1/clk_out1' to pin 'base_mb_i/clk_wiz_1/bbstub_clk_out1/O'
INFO: [Synth 8-5578] Moved timing constraint from pin 'base_mb_i/microblaze_0_local_memory/dlmb_bram_if_cntlr/BRAM_Clk_A' to pin 'base_mb_i/microblaze_0_local_memory/dlmb_bram_if_cntlr/bbstub_BRAM_Clk_A/O'
INFO: [Synth 8-5578] Moved timing constraint from pin 'base_mb_i/microblaze_0_local_memory/ilmb_bram_if_cntlr/BRAM_Clk_A' to pin 'base_mb_i/microblaze_0_local_memory/ilmb_bram_if_cntlr/bbstub_BRAM_Clk_A/O'
INFO: [Synth 8-5819] Moved 5 constraints on hierarchical pins to their respective driving/loading pins
---------------------------------------------------------------------------------
Finished Applying XDC Timing Constraints : Time (s): cpu = 00:00:34 ; elapsed = 00:00:38 . Memory (MB): peak = 816.891 ; gain = 528.047
---------------------------------------------------------------------------------
---------------------------------------------------------------------------------
Start Timing Optimization
---------------------------------------------------------------------------------
---------------------------------------------------------------------------------
Finished Timing Optimization : Time (s): cpu = 00:00:34 ; elapsed = 00:00:39 . Memory (MB): peak = 817.039 ; gain = 528.195
---------------------------------------------------------------------------------

Report RTL Partitions: 
+-+--------------+------------+----------+
| |RTL Partition |Replication |Instances |
+-+--------------+------------+----------+
+-+--------------+------------+----------+
---------------------------------------------------------------------------------
Start Technology Mapping
---------------------------------------------------------------------------------
---------------------------------------------------------------------------------
Finished Technology Mapping : Time (s): cpu = 00:00:34 ; elapsed = 00:00:39 . Memory (MB): peak = 817.711 ; gain = 528.867
---------------------------------------------------------------------------------

Report RTL Partitions: 
+-+--------------+------------+----------+
| |RTL Partition |Replication |Instances |
+-+--------------+------------+----------+
+-+--------------+------------+----------+
---------------------------------------------------------------------------------
Start IO Insertion
---------------------------------------------------------------------------------
---------------------------------------------------------------------------------
Start Flattening Before IO Insertion
---------------------------------------------------------------------------------
---------------------------------------------------------------------------------
Finished Flattening Before IO Insertion
---------------------------------------------------------------------------------
---------------------------------------------------------------------------------
Start Final Netlist Cleanup
---------------------------------------------------------------------------------
---------------------------------------------------------------------------------
Finished Final Netlist Cleanup
---------------------------------------------------------------------------------
---------------------------------------------------------------------------------
Finished IO Insertion : Time (s): cpu = 00:00:36 ; elapsed = 00:00:40 . Memory (MB): peak = 818.273 ; gain = 529.430
---------------------------------------------------------------------------------

Report Check Netlist: 
+------+------------------+-------+---------+-------+------------------+
|      |Item              |Errors |Warnings |Status |Description       |
+------+------------------+-------+---------+-------+------------------+
|1     |multi_driven_nets |      0|        0|Passed |Multi driven nets |
+------+------------------+-------+---------+-------+------------------+
---------------------------------------------------------------------------------
Start Renaming Generated Instances
---------------------------------------------------------------------------------
---------------------------------------------------------------------------------
Finished Renaming Generated Instances : Time (s): cpu = 00:00:36 ; elapsed = 00:00:40 . Memory (MB): peak = 818.273 ; gain = 529.430
---------------------------------------------------------------------------------

Report RTL Partitions: 
+-+--------------+------------+----------+
| |RTL Partition |Replication |Instances |
+-+--------------+------------+----------+
+-+--------------+------------+----------+
---------------------------------------------------------------------------------
Start Rebuilding User Hierarchy
---------------------------------------------------------------------------------
---------------------------------------------------------------------------------
Finished Rebuilding User Hierarchy : Time (s): cpu = 00:00:36 ; elapsed = 00:00:40 . Memory (MB): peak = 818.273 ; gain = 529.430
---------------------------------------------------------------------------------
---------------------------------------------------------------------------------
Start Renaming Generated Ports
---------------------------------------------------------------------------------
---------------------------------------------------------------------------------
Finished Renaming Generated Ports : Time (s): cpu = 00:00:36 ; elapsed = 00:00:40 . Memory (MB): peak = 818.273 ; gain = 529.430
---------------------------------------------------------------------------------
---------------------------------------------------------------------------------
Start Handling Custom Attributes
---------------------------------------------------------------------------------
---------------------------------------------------------------------------------
Finished Handling Custom Attributes : Time (s): cpu = 00:00:36 ; elapsed = 00:00:40 . Memory (MB): peak = 818.273 ; gain = 529.430
---------------------------------------------------------------------------------
---------------------------------------------------------------------------------
Start Renaming Generated Nets
---------------------------------------------------------------------------------
---------------------------------------------------------------------------------
Finished Renaming Generated Nets : Time (s): cpu = 00:00:36 ; elapsed = 00:00:40 . Memory (MB): peak = 818.273 ; gain = 529.430
---------------------------------------------------------------------------------
---------------------------------------------------------------------------------
Start Writing Synthesis Report
---------------------------------------------------------------------------------

Report BlackBoxes: 
+------+-----------------------------+----------+
|      |BlackBox name                |Instances |
+------+-----------------------------+----------+
|1     |base_mb_xbar_0               |         1|
|2     |base_mb_axi_gpio_0_0         |         1|
|3     |base_mb_axi_uartlite_0_0     |         1|
|4     |base_mb_clk_wiz_1_0          |         1|
|5     |base_mb_mdm_1_0              |         1|
|6     |base_mb_microblaze_0_0       |         1|
|7     |base_mb_rst_clk_wiz_1_100M_0 |         1|
|8     |base_mb_dlmb_bram_if_cntlr_0 |         1|
|9     |base_mb_dlmb_v10_0           |         1|
|10    |base_mb_ilmb_bram_if_cntlr_0 |         1|
|11    |base_mb_ilmb_v10_0           |         1|
|12    |base_mb_lmb_bram_0           |         1|
+------+-----------------------------+----------+

Report Cell Usage: 
+------+-----------------------------+------+
|      |Cell                         |Count |
+------+-----------------------------+------+
|1     |base_mb_axi_gpio_0_0         |     1|
|2     |base_mb_axi_uartlite_0_0     |     1|
|3     |base_mb_clk_wiz_1_0          |     1|
|4     |base_mb_dlmb_bram_if_cntlr_0 |     1|
|5     |base_mb_dlmb_v10_0           |     1|
|6     |base_mb_ilmb_bram_if_cntlr_0 |     1|
|7     |base_mb_ilmb_v10_0           |     1|
|8     |base_mb_lmb_bram_0           |     1|
|9     |base_mb_mdm_1_0              |     1|
|10    |base_mb_microblaze_0_0       |     1|
|11    |base_mb_rst_clk_wiz_1_100M_0 |     1|
|12    |base_mb_xbar_0               |     1|
|13    |IBUF                         |     2|
|14    |OBUF                         |     5|
+------+-----------------------------+------+

Report Instance Areas: 
+------+------------------------------+------------------------------------+------+
|      |Instance                      |Module                              |Cells |
+------+------------------------------+------------------------------------+------+
|1     |top                           |                                    |  1096|
|2     |  base_mb_i                   |base_mb                             |  1089|
|3     |    microblaze_0_axi_periph   |base_mb_microblaze_0_axi_periph_0   |   263|
|4     |    microblaze_0_local_memory |microblaze_0_local_memory_imp_Q0A2Y |   496|
+------+------------------------------+------------------------------------+------+
---------------------------------------------------------------------------------
Finished Writing Synthesis Report : Time (s): cpu = 00:00:36 ; elapsed = 00:00:40 . Memory (MB): peak = 818.273 ; gain = 529.430
---------------------------------------------------------------------------------
Synthesis finished with 0 errors, 0 critical warnings and 6 warnings.
Synthesis Optimization Runtime : Time (s): cpu = 00:00:19 ; elapsed = 00:00:25 . Memory (MB): peak = 818.273 ; gain = 171.977
Synthesis Optimization Complete : Time (s): cpu = 00:00:36 ; elapsed = 00:00:40 . Memory (MB): peak = 818.273 ; gain = 529.430
INFO: [Project 1-571] Translating synthesized netlist
INFO: [Netlist 29-17] Analyzing 2 Unisim elements for replacement
INFO: [Netlist 29-28] Unisim Transformation completed in 0 CPU seconds
INFO: [Project 1-570] Preparing netlist for logic optimization
INFO: [Opt 31-138] Pushed 0 inverter(s) to 0 load pin(s).
INFO: [Project 1-111] Unisim Transformation Summary:
No Unisim elements were transformed.

INFO: [Common 17-83] Releasing license: Synthesis
59 Infos, 26 Warnings, 0 Critical Warnings and 0 Errors encountered.
synth_design completed successfully
synth_design: Time (s): cpu = 00:00:39 ; elapsed = 00:00:44 . Memory (MB): peak = 842.738 ; gain = 560.809
WARNING: [Constraints 18-5210] No constraint will be written out.
INFO: [Common 17-1381] The checkpoint 'D:/fpga/08_vivado/project_1/project_1.runs/synth_1/base_mb_wrapper.dcp' has been generated.
INFO: [runtcl-4] Executing : report_utilization -file base_mb_wrapper_utilization_synth.rpt -pb base_mb_wrapper_utilization_synth.pb
report_utilization: Time (s): cpu = 00:00:00 ; elapsed = 00:00:00.155 . Memory (MB): peak = 843.016 ; gain = 0.000
INFO: [Common 17-206] Exiting Vivado at Fri Aug 10 08:59:22 2018...
