MIG: 17:10:10 : ################# RUNNING MIG BATCH ###################
MIG: 17:10:10 : Writing IN file for 'mig_7series_1'...compDirPath: d:/Xilinx/vivado/Vivado/2018.2/data/ip/xilinx/mig_7series_v4_1... instDirPath: d:/fpga/25_uart_send_pic_to_hdmi_version_two/exp2/mig_7series_1_ex/mig_7series_1_ex.srcs/sources_1/ip/mig_7series_1
MIG: 17:10:10 : synp_flow:  -- synthesis_mode: Other
MIG: 17:10:10 : outputDirectory: d:/fpga/25_uart_send_pic_to_hdmi_version_two/exp2/mig_7series_1_ex/mig_7series_1_ex.srcs/sources_1/ip/mig_7series_1/_tmp/
MIG: 17:10:10 : vivado_mode: xpg_pa
MIG: 17:10:10 :  locked false  
MIG: 17:10:10 : HDL Language: Verilog
MIG: 17:10:10 : compInfo: false
MIG: 17:10:10 : Vivado Options xc7a100t fgg484 -2
MIG: 17:10:10 : 1: xc7a100t 2: fgg484 3: -2
MIG: 17:10:10 : relative mig path: coregen/ip/xilinx/other/com/xilinx/ip/mig_7series_v4_1/bin/nt64/mig.exe
MIG: 17:10:10 : xilinx_path: D:/Xilinx/vivado/Vivado/2018.2/ids_lite/ISE
MIG: 17:10:10 : I am in catch area
MIG: 17:10:10 : Running D:/Xilinx/vivado/Vivado/2018.2/ids_lite/ISE/coregen/ip/xilinx/other/com/xilinx/ip/mig_7series_v4_1/bin/nt64/mig.exe -cg_exc_inp d:/fpga/25_uart_send_pic_to_hdmi_version_two/exp2/mig_7series_1_ex/mig_7series_1_ex.srcs/sources_1/ip/mig_7series_1/xil_txt.in -cg_exc_out d:/fpga/25_uart_send_pic_to_hdmi_version_two/exp2/mig_7series_1_ex/mig_7series_1_ex.srcs/sources_1/ip/mig_7series_1/xil_txt.out ... 
MIG: 17:10:22 : XML_INPUT_FILE: d:/fpga/25_uart_send_pic_to_hdmi_version_two/exp2/mig_7series_1_ex/mig_7series_1_ex.srcs/sources_1/ip/mig_7series_1/mig_a.prj
MIG: 17:10:22 : Component_Name: mig_7series_1
MIG: 17:10:22 : Moving mig_7series_1 ...
MIG: 17:10:23 : Moving mig_7series_1.veo ...
MIG: 17:10:23 : Moving mig_7series_1_xmdf.tcl ...
MIG: 17:10:23 : Running simulation.xit
MIG: 17:10:23 : IGN:     <ModuleName>mig_7series_0</ModuleName> <==>     <ModuleName>mig_7series_1</ModuleName> 
MIG: 17:10:23 : IGN:         <InputClkFreq>200</InputClkFreq> <==>         <InputClkFreq>200</InputClkFreq> 
MIG: 17:10:24 : Running vlog_sim_rpr.xit .. PRASAD DBG1
MIG: 17:10:24 : IGN:     <ModuleName>mig_7series_0</ModuleName> <==>     <ModuleName>mig_7series_1</ModuleName> 
MIG: 17:10:24 : IGN:         <InputClkFreq>200</InputClkFreq> <==>         <InputClkFreq>200</InputClkFreq> 
MIG: 14:24:19 : xml_input_file: mig_a.prj
MIG: 14:24:20 : Absolute path of xml_input_file: d:/fpga/25_uart_send_pic_to_hdmi_version_two/exp2/mig_7series_1_ex/mig_7series_1_ex.srcs/sources_1/ip/mig_7series_1/mig_a.prj
MIG: 14:24:20 : xml_input_file: mig_a.prj
MIG: 14:24:20 : Absolute path of xml_input_file: d:/fpga/25_uart_send_pic_to_hdmi_version_two/exp2/mig_7series_1_ex/mig_7series_1_ex.srcs/sources_1/ip/mig_7series_1/mig_a.prj
