Model Technology ModelSim SE-64 vlog 10.2c Compiler 2013.07 Jul 19 2013
-- Compiling module processing_system7_vip_v1_0_5_arb_wr
-- Compiling module processing_system7_vip_v1_0_5_arb_rd
-- Compiling module processing_system7_vip_v1_0_5_arb_wr_4
-- Compiling module processing_system7_vip_v1_0_5_arb_rd_4
-- Compiling module processing_system7_vip_v1_0_5_arb_hp2_3
-- Compiling module processing_system7_vip_v1_0_5_arb_hp0_1
-- Compiling module processing_system7_vip_v1_0_5_ssw_hp
-- Compiling module processing_system7_vip_v1_0_5_sparse_mem
-- Compiling module processing_system7_vip_v1_0_5_reg_map
-- Compiling module processing_system7_vip_v1_0_5_ocm_mem
-- Compiling module processing_system7_vip_v1_0_5_intr_wr_mem
-- Compiling module processing_system7_vip_v1_0_5_intr_rd_mem
-- Compiling module processing_system7_vip_v1_0_5_fmsw_gp
-- Compiling module processing_system7_vip_v1_0_5_regc
-- Compiling module processing_system7_vip_v1_0_5_ocmc
-- Compiling module processing_system7_vip_v1_0_5_interconnect_model
-- Compiling module processing_system7_vip_v1_0_5_gen_reset
-- Compiling module processing_system7_vip_v1_0_5_gen_clock
-- Compiling module processing_system7_vip_v1_0_5_ddrc
-- Compiling package processing_system7_vip_v1_0_vl_rfs_sv_unit
-- Importing package xilinx_vip.axi_vip_pkg
-- Importing package xilinx_vip.xil_common_vip_pkg
-- Compiling module processing_system7_vip_v1_0_5_axi_slave
-- Compiling module processing_system7_vip_v1_0_5_axi_master
-- Compiling module processing_system7_vip_v1_0_5_afi_slave
-- Compiling module processing_system7_vip_v1_0_5

Top level modules:
	processing_system7_vip_v1_0_5_intr_wr_mem
	processing_system7_vip_v1_0_5
