Model Technology ModelSim SE-64 vlog 10.2c Compiler 2013.07 Jul 19 2013
** Error: D:\Xilinx\vivado\Vivado\2018.2\data\ip\xilinx\xhmc_v1_0\hdl\verilog\mmcm\xhmc_v1_0_mmcm_clk_wiz.v(64): The appropriate key has not been specified
** Error: D:\Xilinx\vivado\Vivado\2018.2\data\ip\xilinx\xhmc_v1_0\hdl\verilog\mmcm\xhmc_v1_0_mmcm_clk_wiz.v(64): syntax error in protected region.
** Error: D:\Xilinx\vivado\Vivado\2018.2\data\ip\xilinx\xhmc_v1_0\hdl\verilog\mmcm\xhmc_v1_0_mmcm.v(64): The appropriate key has not been specified
** Error: D:\Xilinx\vivado\Vivado\2018.2\data\ip\xilinx\xhmc_v1_0\hdl\verilog\mmcm\xhmc_v1_0_mmcm.v(64): syntax error in protected region.
** Error: D:\Xilinx\vivado\Vivado\2018.2\data\ip\xilinx\xhmc_v1_0\hdl\verilog\hmc_core\xhmc_v1_0_deskew_mem.v(64): The appropriate key has not been specified
** Error: D:\Xilinx\vivado\Vivado\2018.2\data\ip\xilinx\xhmc_v1_0\hdl\verilog\hmc_core\xhmc_v1_0_deskew_mem.v(64): syntax error in protected region.
** Error: D:\Xilinx\vivado\Vivado\2018.2\data\ip\xilinx\xhmc_v1_0\hdl\verilog\hmc_core\xhmc_v1_0_fifo_pfch_ctrl.v(64): The appropriate key has not been specified
** Error: D:\Xilinx\vivado\Vivado\2018.2\data\ip\xilinx\xhmc_v1_0\hdl\verilog\hmc_core\xhmc_v1_0_fifo_pfch_ctrl.v(64): syntax error in protected region.
** Error: D:\Xilinx\vivado\Vivado\2018.2\data\ip\xilinx\xhmc_v1_0\hdl\verilog\hmc_core\xhmc_v1_0_hmc_lfsr.v(64): The appropriate key has not been specified
** Error: D:\Xilinx\vivado\Vivado\2018.2\data\ip\xilinx\xhmc_v1_0\hdl\verilog\hmc_core\xhmc_v1_0_hmc_lfsr.v(64): syntax error in protected region.
** Error: D:\Xilinx\vivado\Vivado\2018.2\data\ip\xilinx\xhmc_v1_0\hdl\verilog\hmc_core\xhmc_v1_0_mem_hmc_dport_1r1w.v(64): The appropriate key has not been specified
** Error: D:\Xilinx\vivado\Vivado\2018.2\data\ip\xilinx\xhmc_v1_0\hdl\verilog\hmc_core\xhmc_v1_0_mem_hmc_dport_1r1w.v(64): syntax error in protected region.
** Error: D:\Xilinx\vivado\Vivado\2018.2\data\ip\xilinx\xhmc_v1_0\hdl\verilog\hmc_core\xhmc_v1_0_sync_fifo_ctrl.v(64): The appropriate key has not been specified
** Error: D:\Xilinx\vivado\Vivado\2018.2\data\ip\xilinx\xhmc_v1_0\hdl\verilog\hmc_core\xhmc_v1_0_sync_fifo_ctrl.v(64): syntax error in protected region.
** Error: D:\Xilinx\vivado\Vivado\2018.2\data\ip\xilinx\xhmc_v1_0\hdl\verilog\hmc_core\xhmc_v1_0_seq_offset_ctrl.v(64): The appropriate key has not been specified
** Error: D:\Xilinx\vivado\Vivado\2018.2\data\ip\xilinx\xhmc_v1_0\hdl\verilog\hmc_core\xhmc_v1_0_seq_offset_ctrl.v(64): syntax error in protected region.
** Error: D:\Xilinx\vivado\Vivado\2018.2\data\ip\xilinx\xhmc_v1_0\hdl\verilog\hmc_core\xhmc_v1_0_hmc_crc32_engine.v(64): The appropriate key has not been specified
** Error: D:\Xilinx\vivado\Vivado\2018.2\data\ip\xilinx\xhmc_v1_0\hdl\verilog\hmc_core\xhmc_v1_0_hmc_crc32_engine.v(64): syntax error in protected region.
** Error: D:\Xilinx\vivado\Vivado\2018.2\data\ip\xilinx\xhmc_v1_0\hdl\verilog\hmc_core\xhmc_v1_0_hmc_crc32_incr_upd.v(64): The appropriate key has not been specified
** Error: D:\Xilinx\vivado\Vivado\2018.2\data\ip\xilinx\xhmc_v1_0\hdl\verilog\hmc_core\xhmc_v1_0_hmc_crc32_incr_upd.v(64): syntax error in protected region.
** Error: D:\Xilinx\vivado\Vivado\2018.2\data\ip\xilinx\xhmc_v1_0\hdl\verilog\hmc_core\xhmc_v1_0_hmc_csr.v(64): The appropriate key has not been specified
** Error: D:\Xilinx\vivado\Vivado\2018.2\data\ip\xilinx\xhmc_v1_0\hdl\verilog\hmc_core\xhmc_v1_0_hmc_csr.v(64): syntax error in protected region.
** Error: D:\Xilinx\vivado\Vivado\2018.2\data\ip\xilinx\xhmc_v1_0\hdl\verilog\hmc_core\xhmc_v1_0_hmc_descrambler_top.v(64): The appropriate key has not been specified
** Error: D:\Xilinx\vivado\Vivado\2018.2\data\ip\xilinx\xhmc_v1_0\hdl\verilog\hmc_core\xhmc_v1_0_hmc_descrambler_top.v(64): syntax error in protected region.
** Error: D:\Xilinx\vivado\Vivado\2018.2\data\ip\xilinx\xhmc_v1_0\hdl\verilog\hmc_core\xhmc_v1_0_hmc_deskew_lane.v(64): The appropriate key has not been specified
** Error: D:\Xilinx\vivado\Vivado\2018.2\data\ip\xilinx\xhmc_v1_0\hdl\verilog\hmc_core\xhmc_v1_0_hmc_deskew_lane.v(64): syntax error in protected region.
** Error: D:\Xilinx\vivado\Vivado\2018.2\data\ip\xilinx\xhmc_v1_0\hdl\verilog\hmc_core\xhmc_v1_0_hmc_deskew.v(64): The appropriate key has not been specified
** Error: D:\Xilinx\vivado\Vivado\2018.2\data\ip\xilinx\xhmc_v1_0\hdl\verilog\hmc_core\xhmc_v1_0_hmc_deskew.v(64): syntax error in protected region.
** Error: D:\Xilinx\vivado\Vivado\2018.2\data\ip\xilinx\xhmc_v1_0\hdl\verilog\hmc_core\xhmc_v1_0_hmc_gearbox.v(64): The appropriate key has not been specified
** Error: D:\Xilinx\vivado\Vivado\2018.2\data\ip\xilinx\xhmc_v1_0\hdl\verilog\hmc_core\xhmc_v1_0_hmc_gearbox.v(64): syntax error in protected region.
** Error: D:\Xilinx\vivado\Vivado\2018.2\data\ip\xilinx\xhmc_v1_0\hdl\verilog\hmc_core\xhmc_v1_0_hmc_lane_destriping.v(64): The appropriate key has not been specified
** Error: D:\Xilinx\vivado\Vivado\2018.2\data\ip\xilinx\xhmc_v1_0\hdl\verilog\hmc_core\xhmc_v1_0_hmc_lane_destriping.v(64): syntax error in protected region.
** Error: D:\Xilinx\vivado\Vivado\2018.2\data\ip\xilinx\xhmc_v1_0\hdl\verilog\hmc_core\xhmc_v1_0_hmc_lane_reversal.v(64): The appropriate key has not been specified
** Error: D:\Xilinx\vivado\Vivado\2018.2\data\ip\xilinx\xhmc_v1_0\hdl\verilog\hmc_core\xhmc_v1_0_hmc_lane_reversal.v(64): syntax error in protected region.
** Error: D:\Xilinx\vivado\Vivado\2018.2\data\ip\xilinx\xhmc_v1_0\hdl\verilog\hmc_core\xhmc_v1_0_hmc_lane_striping.v(64): The appropriate key has not been specified
** Error: D:\Xilinx\vivado\Vivado\2018.2\data\ip\xilinx\xhmc_v1_0\hdl\verilog\hmc_core\xhmc_v1_0_hmc_lane_striping.v(64): syntax error in protected region.
** Error: D:\Xilinx\vivado\Vivado\2018.2\data\ip\xilinx\xhmc_v1_0\hdl\verilog\hmc_core\xhmc_v1_0_hmc_phy_ctrl.v(64): The appropriate key has not been specified
** Error: D:\Xilinx\vivado\Vivado\2018.2\data\ip\xilinx\xhmc_v1_0\hdl\verilog\hmc_core\xhmc_v1_0_hmc_phy_ctrl.v(64): syntax error in protected region.
** Error: D:\Xilinx\vivado\Vivado\2018.2\data\ip\xilinx\xhmc_v1_0\hdl\verilog\hmc_core\xhmc_v1_0_hmc_phy_rx_lane.v(64): The appropriate key has not been specified
** Error: D:\Xilinx\vivado\Vivado\2018.2\data\ip\xilinx\xhmc_v1_0\hdl\verilog\hmc_core\xhmc_v1_0_hmc_phy_rx_lane.v(64): syntax error in protected region.
** Error: D:\Xilinx\vivado\Vivado\2018.2\data\ip\xilinx\xhmc_v1_0\hdl\verilog\hmc_core\xhmc_v1_0_hmc_phy_tx_lane.v(64): The appropriate key has not been specified
** Error: D:\Xilinx\vivado\Vivado\2018.2\data\ip\xilinx\xhmc_v1_0\hdl\verilog\hmc_core\xhmc_v1_0_hmc_phy_tx_lane.v(64): syntax error in protected region.
** Error: D:\Xilinx\vivado\Vivado\2018.2\data\ip\xilinx\xhmc_v1_0\hdl\verilog\hmc_core\xhmc_v1_0_hmc_rst_ctrl.v(64): The appropriate key has not been specified
** Error: D:\Xilinx\vivado\Vivado\2018.2\data\ip\xilinx\xhmc_v1_0\hdl\verilog\hmc_core\xhmc_v1_0_hmc_rst_ctrl.v(64): syntax error in protected region.
** Error: D:\Xilinx\vivado\Vivado\2018.2\data\ip\xilinx\xhmc_v1_0\hdl\verilog\hmc_core\xhmc_v1_0_hmc_scrambler_top.v(64): The appropriate key has not been specified
** Error: D:\Xilinx\vivado\Vivado\2018.2\data\ip\xilinx\xhmc_v1_0\hdl\verilog\hmc_core\xhmc_v1_0_hmc_scrambler_top.v(64): syntax error in protected region.
** Error: D:\Xilinx\vivado\Vivado\2018.2\data\ip\xilinx\xhmc_v1_0\hdl\verilog\hmc_core\xhmc_v1_0_hmc_scrambler.v(64): The appropriate key has not been specified
** Error: D:\Xilinx\vivado\Vivado\2018.2\data\ip\xilinx\xhmc_v1_0\hdl\verilog\hmc_core\xhmc_v1_0_hmc_scrambler.v(64): syntax error in protected region.
** Error: D:\Xilinx\vivado\Vivado\2018.2\data\ip\xilinx\xhmc_v1_0\hdl\verilog\hmc_core\xhmc_v1_0_hmc_ts1_align.v(64): The appropriate key has not been specified
** Error: D:\Xilinx\vivado\Vivado\2018.2\data\ip\xilinx\xhmc_v1_0\hdl\verilog\hmc_core\xhmc_v1_0_hmc_ts1_align.v(64): syntax error in protected region.
** Error: D:\Xilinx\vivado\Vivado\2018.2\data\ip\xilinx\xhmc_v1_0\hdl\verilog\hmc_core\xhmc_v1_0_hmc_ts1_gen.v(64): The appropriate key has not been specified
** Error: D:\Xilinx\vivado\Vivado\2018.2\data\ip\xilinx\xhmc_v1_0\hdl\verilog\hmc_core\xhmc_v1_0_hmc_ts1_gen.v(64): syntax error in protected region.
** Error: D:\Xilinx\vivado\Vivado\2018.2\data\ip\xilinx\xhmc_v1_0\hdl\verilog\hmc_core\xhmc_v1_0_retry_seq_ctrl.v(64): The appropriate key has not been specified
** Error: D:\Xilinx\vivado\Vivado\2018.2\data\ip\xilinx\xhmc_v1_0\hdl\verilog\hmc_core\xhmc_v1_0_retry_seq_ctrl.v(64): syntax error in protected region.
** Error: D:\Xilinx\vivado\Vivado\2018.2\data\ip\xilinx\xhmc_v1_0\hdl\verilog\hmc_core\xhmc_v1_0_rx_crc_check.v(64): The appropriate key has not been specified
** Error: D:\Xilinx\vivado\Vivado\2018.2\data\ip\xilinx\xhmc_v1_0\hdl\verilog\hmc_core\xhmc_v1_0_rx_crc_check.v(64): syntax error in protected region.
** Error: D:\Xilinx\vivado\Vivado\2018.2\data\ip\xilinx\xhmc_v1_0\hdl\verilog\hmc_core\xhmc_v1_0_rx_err_mode_ctrl.v(64): The appropriate key has not been specified
** Error: D:\Xilinx\vivado\Vivado\2018.2\data\ip\xilinx\xhmc_v1_0\hdl\verilog\hmc_core\xhmc_v1_0_rx_err_mode_ctrl.v(64): syntax error in protected region.
** Error: D:\Xilinx\vivado\Vivado\2018.2\data\ip\xilinx\xhmc_v1_0\hdl\verilog\hmc_core\xhmc_v1_0_rx_errresp_fifo.v(64): The appropriate key has not been specified
** Error: D:\Xilinx\vivado\Vivado\2018.2\data\ip\xilinx\xhmc_v1_0\hdl\verilog\hmc_core\xhmc_v1_0_rx_errresp_fifo.v(64): syntax error in protected region.
** Error: D:\Xilinx\vivado\Vivado\2018.2\data\ip\xilinx\xhmc_v1_0\hdl\verilog\hmc_core\xhmc_v1_0_rx_errresp_fifo.v(64): syntax error in protected region.
** Error: D:\Xilinx\vivado\Vivado\2018.2\data\ip\xilinx\xhmc_v1_0\hdl\verilog\hmc_core\xhmc_v1_0_rx_input_buffer.v(64): The appropriate key has not been specified
** Error: D:\Xilinx\vivado\Vivado\2018.2\data\ip\xilinx\xhmc_v1_0\hdl\verilog\hmc_core\xhmc_v1_0_rx_input_buffer.v(64): syntax error in protected region.
** Error: D:\Xilinx\vivado\Vivado\2018.2\data\ip\xilinx\xhmc_v1_0\hdl\verilog\hmc_core\xhmc_v1_0_rx_pkt_bndry_det.v(64): The appropriate key has not been specified
** Error: D:\Xilinx\vivado\Vivado\2018.2\data\ip\xilinx\xhmc_v1_0\hdl\verilog\hmc_core\xhmc_v1_0_rx_pkt_bndry_det.v(64): syntax error in protected region.
** Error: D:\Xilinx\vivado\Vivado\2018.2\data\ip\xilinx\xhmc_v1_0\hdl\verilog\hmc_core\xhmc_v1_0_rx_pkt_bndry_top.v(64): The appropriate key has not been specified
** Error: D:\Xilinx\vivado\Vivado\2018.2\data\ip\xilinx\xhmc_v1_0\hdl\verilog\hmc_core\xhmc_v1_0_rx_pkt_bndry_top.v(64): syntax error in protected region.
** Error: D:\Xilinx\vivado\Vivado\2018.2\data\ip\xilinx\xhmc_v1_0\hdl\verilog\hmc_core\xhmc_v1_0_rx_pkt_proc.v(64): The appropriate key has not been specified
** Error: D:\Xilinx\vivado\Vivado\2018.2\data\ip\xilinx\xhmc_v1_0\hdl\verilog\hmc_core\xhmc_v1_0_rx_pkt_proc.v(64): syntax error in protected region.
** Error: D:\Xilinx\vivado\Vivado\2018.2\data\ip\xilinx\xhmc_v1_0\hdl\verilog\hmc_core\xhmc_v1_0_tl_ll_rx_top.v(64): The appropriate key has not been specified
** Error: D:\Xilinx\vivado\Vivado\2018.2\data\ip\xilinx\xhmc_v1_0\hdl\verilog\hmc_core\xhmc_v1_0_tl_ll_rx_top.v(64): syntax error in protected region.
** Error: D:\Xilinx\vivado\Vivado\2018.2\data\ip\xilinx\xhmc_v1_0\hdl\verilog\hmc_core\xhmc_v1_0_tl_ll_top.v(64): The appropriate key has not been specified
** Error: D:\Xilinx\vivado\Vivado\2018.2\data\ip\xilinx\xhmc_v1_0\hdl\verilog\hmc_core\xhmc_v1_0_tl_ll_top.v(64): syntax error in protected region.
** Error: D:\Xilinx\vivado\Vivado\2018.2\data\ip\xilinx\xhmc_v1_0\hdl\verilog\hmc_core\xhmc_v1_0_tl_ll_tx_top.v(64): The appropriate key has not been specified
** Error: D:\Xilinx\vivado\Vivado\2018.2\data\ip\xilinx\xhmc_v1_0\hdl\verilog\hmc_core\xhmc_v1_0_tl_ll_tx_top.v(64): syntax error in protected region.
** Error: D:\Xilinx\vivado\Vivado\2018.2\data\ip\xilinx\xhmc_v1_0\hdl\verilog\hmc_core\xhmc_v1_0_tx_crc_calc.v(64): The appropriate key has not been specified
** Error: D:\Xilinx\vivado\Vivado\2018.2\data\ip\xilinx\xhmc_v1_0\hdl\verilog\hmc_core\xhmc_v1_0_tx_crc_calc.v(64): syntax error in protected region.
** Error: D:\Xilinx\vivado\Vivado\2018.2\data\ip\xilinx\xhmc_v1_0\hdl\verilog\hmc_core\xhmc_v1_0_tx_flow_ctrl.v(64): The appropriate key has not been specified
** Error: D:\Xilinx\vivado\Vivado\2018.2\data\ip\xilinx\xhmc_v1_0\hdl\verilog\hmc_core\xhmc_v1_0_tx_flow_ctrl.v(64): syntax error in protected region.
** Error: D:\Xilinx\vivado\Vivado\2018.2\data\ip\xilinx\xhmc_v1_0\hdl\verilog\hmc_core\xhmc_v1_0_tx_frp_rtc_embed.v(64): The appropriate key has not been specified
** Error: D:\Xilinx\vivado\Vivado\2018.2\data\ip\xilinx\xhmc_v1_0\hdl\verilog\hmc_core\xhmc_v1_0_tx_frp_rtc_embed.v(64): syntax error in protected region.
** Error: D:\Xilinx\vivado\Vivado\2018.2\data\ip\xilinx\xhmc_v1_0\hdl\verilog\hmc_core\xhmc_v1_0_tx_output_buffer.v(64): The appropriate key has not been specified
** Error: D:\Xilinx\vivado\Vivado\2018.2\data\ip\xilinx\xhmc_v1_0\hdl\verilog\hmc_core\xhmc_v1_0_tx_output_buffer.v(64): syntax error in protected region.
** Error: D:\Xilinx\vivado\Vivado\2018.2\data\ip\xilinx\xhmc_v1_0\hdl\verilog\hmc_core\xhmc_v1_0_tx_rbuf_lkup_wr.v(64): The appropriate key has not been specified
** Error: D:\Xilinx\vivado\Vivado\2018.2\data\ip\xilinx\xhmc_v1_0\hdl\verilog\hmc_core\xhmc_v1_0_tx_rbuf_lkup_wr.v(64): syntax error in protected region.
** Error: D:\Xilinx\vivado\Vivado\2018.2\data\ip\xilinx\xhmc_v1_0\hdl\verilog\hmc_core\xhmc_v1_0_tx_retry_buffer.v(64): The appropriate key has not been specified
** Error: D:\Xilinx\vivado\Vivado\2018.2\data\ip\xilinx\xhmc_v1_0\hdl\verilog\hmc_core\xhmc_v1_0_tx_retry_buffer.v(64): syntax error in protected region.
** Error: D:\Xilinx\vivado\Vivado\2018.2\data\ip\xilinx\xhmc_v1_0\hdl\verilog\hmc_core\xhmc_v1_0_tx_rrp_embed.v(64): The appropriate key has not been specified
** Error: D:\Xilinx\vivado\Vivado\2018.2\data\ip\xilinx\xhmc_v1_0\hdl\verilog\hmc_core\xhmc_v1_0_tx_rrp_embed.v(64): syntax error in protected region.
** Error: D:\Xilinx\vivado\Vivado\2018.2\data\ip\xilinx\xhmc_v1_0\hdl\verilog\hmc_core\xhmc_v1_0_tx_token_mgmt.v(64): The appropriate key has not been specified
** Error: D:\Xilinx\vivado\Vivado\2018.2\data\ip\xilinx\xhmc_v1_0\hdl\verilog\hmc_core\xhmc_v1_0_tx_token_mgmt.v(64): syntax error in protected region.
