Model Technology ModelSim SE-64 vlog 10.2c Compiler 2013.07 Jul 19 2013
-- Compiling module gtwizard_ultrascale_v1_7_4_bit_synchronizer
-- Compiling module gtwizard_ultrascale_v1_7_4_gte4_drp_arb
-- Compiling module gtwizard_ultrascale_v1_7_4_gthe4_delay_powergood
-- Compiling module gtwizard_ultrascale_v1_7_4_gtye4_delay_powergood
-- Compiling module gtwizard_ultrascale_v1_7_4_gthe3_cpll_cal
-- Compiling module gtwizard_ultrascale_v1_7_4_gthe3_cpll_cal_freq_counter
-- Compiling module gtwizard_ultrascale_v1_7_4_gthe4_cpll_cal
-- Compiling module gtwizard_ultrascale_v1_7_4_gthe4_cpll_cal_rx
-- Compiling module gtwizard_ultrascale_v1_7_4_gthe4_cpll_cal_tx
-- Compiling module gtwizard_ultrascale_v1_7_4_gthe4_cpll_cal_freq_counter
-- Compiling module gtwizard_ultrascale_v1_7_4_gtye4_cpll_cal
-- Compiling module gtwizard_ultrascale_v1_7_4_gtye4_cpll_cal_rx
-- Compiling module gtwizard_ultrascale_v1_7_4_gtye4_cpll_cal_tx
-- Compiling module gtwizard_ultrascale_v1_7_4_gtye4_cpll_cal_freq_counter
-- Compiling module gtwizard_ultrascale_v1_7_4_gtwiz_buffbypass_rx
-- Compiling module gtwizard_ultrascale_v1_7_4_gtwiz_buffbypass_tx
-- Compiling module gtwizard_ultrascale_v1_7_4_gtwiz_reset
-- Compiling module gtwizard_ultrascale_v1_7_4_gtwiz_userclk_rx
-- Compiling module gtwizard_ultrascale_v1_7_4_gtwiz_userclk_tx
-- Compiling module gtwizard_ultrascale_v1_7_4_gtwiz_userdata_rx
-- Compiling module gtwizard_ultrascale_v1_7_4_gtwiz_userdata_tx
-- Compiling module gtwizard_ultrascale_v1_7_4_reset_synchronizer
-- Compiling module gtwizard_ultrascale_v1_7_4_reset_inv_synchronizer

Top level modules:
	gtwizard_ultrascale_v1_7_4_gthe4_delay_powergood
	gtwizard_ultrascale_v1_7_4_gtye4_delay_powergood
	gtwizard_ultrascale_v1_7_4_gthe3_cpll_cal
	gtwizard_ultrascale_v1_7_4_gthe4_cpll_cal
	gtwizard_ultrascale_v1_7_4_gtye4_cpll_cal
	gtwizard_ultrascale_v1_7_4_gtwiz_buffbypass_rx
	gtwizard_ultrascale_v1_7_4_gtwiz_buffbypass_tx
	gtwizard_ultrascale_v1_7_4_gtwiz_reset
	gtwizard_ultrascale_v1_7_4_gtwiz_userclk_rx
	gtwizard_ultrascale_v1_7_4_gtwiz_userclk_tx
	gtwizard_ultrascale_v1_7_4_gtwiz_userdata_rx
	gtwizard_ultrascale_v1_7_4_gtwiz_userdata_tx
