MIG: 10:29:25 : Running customizer.xit
MIG: 10:29:26 : ################# RUNNING MIG INTERACTIVE ###################
MIG: 10:29:26 : Writing IN file for 'mig_7series_0'...compDirPath: d:/Xilinx/vivado/Vivado/2018.2/data/ip/xilinx/mig_7series_v4_1... instDirPath: c:/Users/fei_l/AppData/Roaming/Xilinx/Vivado/.Xil/Vivado-12088-DESKTOP-B3SJCBK/coregen/mig_7series_0
MIG: 10:29:26 : synp_flow:  -- synthesis_mode: Other
MIG: 10:29:26 : outputDirectory: c:/Users/fei_l/AppData/Roaming/Xilinx/Vivado/.Xil/Vivado-12088-DESKTOP-B3SJCBK/coregen/mig_7series_0/_tmp/
MIG: 10:29:26 : vivado_mode: xpg_pa
MIG: 10:29:26 :  locked false  
MIG: 10:29:26 : HDL Language: Verilog
MIG: 10:29:26 : compInfo: true
MIG: 10:29:26 : relative mig path: coregen/ip/xilinx/other/com/xilinx/ip/mig_7series_v4_1/bin/nt64/mig.exe
MIG: 10:29:26 : xilinx_path: D:/Xilinx/vivado/Vivado/2018.2/ids_lite/ISE
MIG: 10:29:26 : I am in catch area
MIG: 10:29:26 : Running D:/Xilinx/vivado/Vivado/2018.2/ids_lite/ISE/coregen/ip/xilinx/other/com/xilinx/ip/mig_7series_v4_1/bin/nt64/mig.exe -cg_exc_inp c:/Users/fei_l/AppData/Roaming/Xilinx/Vivado/.Xil/Vivado-12088-DESKTOP-B3SJCBK/coregen/mig_7series_0/xil_txt.in -cg_exc_out c:/Users/fei_l/AppData/Roaming/Xilinx/Vivado/.Xil/Vivado-12088-DESKTOP-B3SJCBK/coregen/mig_7series_0/xil_txt.out ... 
MIG: 11:56:17 : Prasad before: xmlPropertyPrj --  .prj
MIG: 11:56:17 : Prasad After: xmlPropertyPrj -- mig_a.prj
MIG: 11:56:17 : XML_INPUT_FILE: c:/Users/fei_l/AppData/Roaming/Xilinx/Vivado/.Xil/Vivado-12088-DESKTOP-B3SJCBK/coregen/mig_7series_0/mig_a.prj
MIG: 11:56:17 : Component_Name: ddr_mig
MIG: 11:56:17 : Moving ddr3.ucf ...
MIG: 11:56:17 : Moving ddr_mig ...
MIG: 11:56:17 : Moving ddr_mig.veo ...
MIG: 11:56:17 : Moving ddr_mig_xmdf.tcl ...
MIG: 11:56:17 : Sending back 0
MIG: 11:56:21 : xml_input_file: mig_a.prj
MIG: 11:56:21 : Absolute path of xml_input_file: d:/fpga/24_ddr3_vivado/prj/ddr3.srcs/sources_1/ip/ddr_mig/mig_a.prj
MIG: 11:56:21 : xml_input_file: mig_a.prj
MIG: 11:56:21 : Absolute path of xml_input_file: d:/fpga/24_ddr3_vivado/prj/ddr3.srcs/sources_1/ip/ddr_mig/mig_a.prj
MIG: 11:56:21 : In updateAllModelParams
MIG: 11:56:21 : IGN:     <ModuleName>ddr_mig</ModuleName> <==>     <ModuleName>ddr_mig</ModuleName> 
MIG: 11:56:21 : IGN:         <InputClkFreq>200</InputClkFreq> <==>         <InputClkFreq>200</InputClkFreq> 
MIG: 11:56:21 : XGUI hdlLanguage: Verilog
MIG: 11:56:21 : xgui vivado_mode: xpg_pa
MIG: 11:56:21 : xgui hdlLanguage: Verilog -- hdlExt: v
MIG: 11:56:21 : Reading D:/fpga/24_ddr3_vivado/prj/ddr3.srcs/sources_1/ip/ddr_mig/ddr_mig/user_design/rtl/ddr_mig_mig.v ...
MIG: 11:56:23 : 1
MIG: 11:56:23 : Inside fn mem: DDR3
MIG: 11:56:23 : detect_uiclk: 100000000
MIG: 11:56:23 : cntrl:  memtype: DDR3
MIG: 11:56:23 : 800
MIG: 11:56:23 :  MMCM_VCO single ctrl param_name: MMCM_VCO --  possibleMaxVcoVal: 800 
MIG: 11:56:23 : 
MIG: 11:56:23 : 
MIG: 11:56:23 : 100000000
MIG: 11:56:23 : 
MIG: 11:56:23 :  polarity_value: 1
MIG: 11:56:23 : 
MIG: 11:56:23 : 
MIG: 11:56:23 : cntrl:  memtype: DDR3
MIG: 11:56:23 : 
MIG: 11:56:23 :  Valid Param: DDR3_BANK_WIDTH ==> 3
MIG: 11:56:23 : 
MIG: 11:56:23 :  Valid Param: DDR3_CK_WIDTH ==> 1
MIG: 11:56:23 :  Invalid Param: DDR3_COL_WIDTH ==> 10
MIG: 11:56:23 : 
MIG: 11:56:23 :  Valid Param: DDR3_CS_WIDTH ==> 1
MIG: 11:56:23 : 
MIG: 11:56:23 :  Valid Param: DDR3_nCS_PER_RANK ==> 1
MIG: 11:56:23 : 
MIG: 11:56:23 :  Valid Param: DDR3_CKE_WIDTH ==> 1
MIG: 11:56:23 :  Invalid Param: DDR3_DATA_BUF_ADDR_WIDTH ==> 5
MIG: 11:56:23 :  Invalid Param: DDR3_DQ_CNT_WIDTH ==> 5
MIG: 11:56:23 :  Invalid Param: DDR3_DQ_PER_DM ==> 8
MIG: 11:56:23 : 32
MIG: 11:56:23 :  Valid Param: DDR3_DQ_WIDTH ==> 32
MIG: 11:56:23 : 4
MIG: 11:56:23 :  Valid Param: DDR3_DQS_WIDTH ==> 4
MIG: 11:56:23 : 2
MIG: 11:56:23 :  Valid Param: DDR3_DQS_CNT_WIDTH ==> 2
MIG: 11:56:23 :  Invalid Param: DDR3_DRAM_WIDTH ==> 8
MIG: 11:56:23 : 
MIG: 11:56:23 :  Valid Param: ECC ==> OFF
MIG: 11:56:23 : 32
MIG: 11:56:23 :  Valid Param: DDR3_DATA_WIDTH ==> 32
MIG: 11:56:23 :  Invalid Param: ECC_TEST ==> "OFF"
MIG: 11:56:23 :  Invalid Param: DDR3_PAYLOAD_WIDTH ==> (ECC_TEST == "OFF") ? DATA_WIDTH : DQ_WIDTH
MIG: 11:56:23 :  Invalid Param: DDR3_MEM_ADDR_ORDER ==> "BANK_ROW_COLUMN"
MIG: 11:56:23 :  Invalid Param: DDR3_nBANK_MACHS ==> 4
MIG: 11:56:23 :  Invalid Param: DDR3_RANKS ==> 1
MIG: 11:56:23 : 
MIG: 11:56:23 :  Valid Param: DDR3_ODT_WIDTH ==> 1
MIG: 11:56:23 : 15
MIG: 11:56:23 :  Valid Param: DDR3_ROW_WIDTH ==> 15
MIG: 11:56:23 : 29
MIG: 11:56:23 :  Valid Param: DDR3_ADDR_WIDTH ==> 29
MIG: 11:56:23 : 0
MIG: 11:56:23 :  Valid Param: DDR3_USE_CS_PORT ==> 0
MIG: 11:56:23 : 0
MIG: 11:56:23 :  Valid Param: DDR3_USE_DM_PORT ==> 0
MIG: 11:56:23 : 
MIG: 11:56:23 :  Valid Param: DDR3_USE_ODT_PORT ==> 1
MIG: 11:56:23 :  Invalid Param: DDR3_IS_CLK_SHARED ==> "FALSE"
MIG: 11:56:23 :  Invalid Param: DDR3_PHY_CONTROL_MASTER_BANK ==> 1
MIG: 11:56:23 :  Invalid Param: DDR3_MEM_DENSITY ==> "4Gb"
MIG: 11:56:23 :  Invalid Param: DDR3_MEM_SPEEDGRADE ==> "15E"
MIG: 11:56:23 :  Invalid Param: DDR3_MEM_DEVICE_WIDTH ==> 16
MIG: 11:56:23 :  Invalid Param: DDR3_AL ==> "0"
MIG: 11:56:23 :  Invalid Param: DDR3_nAL ==> 0
MIG: 11:56:23 :  Invalid Param: DDR3_BURST_MODE ==> "8"
MIG: 11:56:23 :  Invalid Param: DDR3_BURST_TYPE ==> "SEQ"
MIG: 11:56:23 :  Invalid Param: DDR3_CL ==> 6
MIG: 11:56:23 :  Invalid Param: DDR3_CWL ==> 5
MIG: 11:56:23 :  Invalid Param: DDR3_OUTPUT_DRV ==> "HIGH"
MIG: 11:56:23 :  Invalid Param: DDR3_RTT_NOM ==> "60"
MIG: 11:56:23 :  Invalid Param: DDR3_RTT_WR ==> "OFF"
MIG: 11:56:23 :  Invalid Param: DDR3_ADDR_CMD_MODE ==> "1T"
MIG: 11:56:23 : 
MIG: 11:56:23 :  Valid Param: DDR3_REG_CTRL ==> OFF
MIG: 11:56:23 :  Invalid Param: DDR3_CA_MIRROR ==> "OFF"
MIG: 11:56:23 :  Invalid Param: DDR3_VDD_OP_VOLT ==> "150"
MIG: 11:56:23 :  Invalid Param: DDR3_CLKIN_PERIOD ==> 5000
MIG: 11:56:23 :  Invalid Param: DDR3_CLKFBOUT_MULT ==> 4
MIG: 11:56:23 :  Invalid Param: DDR3_DIVCLK_DIVIDE ==> 1
MIG: 11:56:23 :  Invalid Param: DDR3_CLKOUT0_PHASE ==> 0.0
MIG: 11:56:23 :  Invalid Param: DDR3_CLKOUT0_DIVIDE ==> 1
MIG: 11:56:23 :  Invalid Param: DDR3_CLKOUT1_DIVIDE ==> 2
MIG: 11:56:23 :  Invalid Param: DDR3_CLKOUT2_DIVIDE ==> 32
MIG: 11:56:23 :  Invalid Param: DDR3_CLKOUT3_DIVIDE ==> 8
MIG: 11:56:23 :  Invalid Param: DDR3_MMCM_VCO ==> 800
MIG: 11:56:23 :  Invalid Param: DDR3_MMCM_MULT_F ==> 8
MIG: 11:56:23 :  Invalid Param: DDR3_MMCM_DIVCLK_DIVIDE ==> 1
MIG: 11:56:23 :  Invalid Param: DDR3_tCKE ==> 5625
MIG: 11:56:23 :  Invalid Param: DDR3_tFAW ==> 45000
MIG: 11:56:23 :  Invalid Param: DDR3_tPRDI ==> 1_000_000
MIG: 11:56:23 :  Invalid Param: DDR3_tRAS ==> 36000
MIG: 11:56:23 :  Invalid Param: DDR3_tRCD ==> 13500
MIG: 11:56:23 :  Invalid Param: DDR3_tREFI ==> 7800000
MIG: 11:56:23 :  Invalid Param: DDR3_tRFC ==> 260000
MIG: 11:56:23 :  Invalid Param: DDR3_tRP ==> 13500
MIG: 11:56:23 :  Invalid Param: DDR3_tRRD ==> 7500
MIG: 11:56:23 :  Invalid Param: DDR3_tRTP ==> 7500
MIG: 11:56:23 :  Invalid Param: DDR3_tWTR ==> 7500
MIG: 11:56:23 :  Invalid Param: DDR3_tZQI ==> 128_000_000
MIG: 11:56:23 :  Invalid Param: DDR3_tZQCS ==> 64
MIG: 11:56:23 :  Invalid Param: DDR3_SIM_BYPASS_INIT_CAL ==> "OFF"
MIG: 11:56:23 :  Invalid Param: DDR3_SIMULATION ==> "FALSE"
MIG: 11:56:23 :  Invalid Param: DDR3_BYTE_LANES_B0 ==> 4'b1111
MIG: 11:56:23 :  Invalid Param: DDR3_BYTE_LANES_B1 ==> 4'b1111
MIG: 11:56:23 :  Invalid Param: DDR3_BYTE_LANES_B2 ==> 4'b0000
MIG: 11:56:23 :  Invalid Param: DDR3_BYTE_LANES_B3 ==> 4'b0000
MIG: 11:56:23 :  Invalid Param: DDR3_BYTE_LANES_B4 ==> 4'b0000
MIG: 11:56:23 :  Invalid Param: DDR3_DATA_CTL_B0 ==> 4'b1111
MIG: 11:56:23 :  Invalid Param: DDR3_DATA_CTL_B1 ==> 4'b0000
MIG: 11:56:23 :  Invalid Param: DDR3_DATA_CTL_B2 ==> 4'b0000
MIG: 11:56:23 :  Invalid Param: DDR3_DATA_CTL_B3 ==> 4'b0000
MIG: 11:56:23 :  Invalid Param: DDR3_DATA_CTL_B4 ==> 4'b0000
MIG: 11:56:23 :  Invalid Param: DDR3_PHY_0_BITLANES ==> 48'h3F6_2FB_3F5_2F7
MIG: 11:56:23 :  Invalid Param: DDR3_PHY_1_BITLANES ==> 48'h07C_FF5_403_0F4
MIG: 11:56:23 :  Invalid Param: DDR3_PHY_2_BITLANES ==> 48'h000_000_000_000
MIG: 11:56:23 :  Invalid Param: DDR3_CK_BYTE_MAP ==> 144'h00_00_00_00_00_00_00_00_00_00_00_00_00_00_00_00_00_11
MIG: 11:56:23 :  Invalid Param: DDR3_ADDR_MAP ==> 192'h000_106_104_12B_125_132_124_102_105_110_107_126_111_122_127_12A
MIG: 11:56:23 :  Invalid Param: DDR3_BANK_MAP ==> 36'h128_134_11A
MIG: 11:56:23 :  Invalid Param: DDR3_CAS_MAP ==> 12'h133
MIG: 11:56:23 :  Invalid Param: DDR3_CKE_ODT_BYTE_MAP ==> 8'h00
MIG: 11:56:23 :  Invalid Param: DDR3_CKE_MAP ==> 96'h000_000_000_000_000_000_000_135
MIG: 11:56:23 :  Invalid Param: DDR3_ODT_MAP ==> 96'h000_000_000_000_000_000_000_120
MIG: 11:56:23 :  Invalid Param: DDR3_CS_MAP ==> 120'h000_000_000_000_000_000_000_000_000_000
MIG: 11:56:23 :  Invalid Param: DDR3_PARITY_MAP ==> 12'h000
MIG: 11:56:23 :  Invalid Param: DDR3_RAS_MAP ==> 12'h136
MIG: 11:56:23 :  Invalid Param: DDR3_WE_MAP ==> 12'h129
MIG: 11:56:23 :  Invalid Param: DDR3_DQS_BYTE_MAP ==> 144'h00_00_00_00_00_00_00_00_00_00_00_00_00_00_00_01_02_03
MIG: 11:56:23 :  Invalid Param: DDR3_DATA0_MAP ==> 96'h034_036_032_038_031_039_035_037
MIG: 11:56:23 :  Invalid Param: DDR3_DATA1_MAP ==> 96'h026_023_024_025_020_021_027_029
MIG: 11:56:23 :  Invalid Param: DDR3_DATA2_MAP ==> 96'h017_018_014_016_010_012_015_019
MIG: 11:56:23 :  Invalid Param: DDR3_DATA3_MAP ==> 96'h004_001_009_000_002_005_007_006
MIG: 11:56:23 :  Invalid Param: DDR3_DATA4_MAP ==> 96'h000_000_000_000_000_000_000_000
MIG: 11:56:23 :  Invalid Param: DDR3_DATA5_MAP ==> 96'h000_000_000_000_000_000_000_000
MIG: 11:56:23 :  Invalid Param: DDR3_DATA6_MAP ==> 96'h000_000_000_000_000_000_000_000
MIG: 11:56:23 :  Invalid Param: DDR3_DATA7_MAP ==> 96'h000_000_000_000_000_000_000_000
MIG: 11:56:23 :  Invalid Param: DDR3_DATA8_MAP ==> 96'h000_000_000_000_000_000_000_000
MIG: 11:56:23 :  Invalid Param: DDR3_DATA9_MAP ==> 96'h000_000_000_000_000_000_000_000
MIG: 11:56:23 :  Invalid Param: DDR3_DATA10_MAP ==> 96'h000_000_000_000_000_000_000_000
MIG: 11:56:23 :  Invalid Param: DDR3_DATA11_MAP ==> 96'h000_000_000_000_000_000_000_000
MIG: 11:56:23 :  Invalid Param: DDR3_DATA12_MAP ==> 96'h000_000_000_000_000_000_000_000
MIG: 11:56:23 :  Invalid Param: DDR3_DATA13_MAP ==> 96'h000_000_000_000_000_000_000_000
MIG: 11:56:23 :  Invalid Param: DDR3_DATA14_MAP ==> 96'h000_000_000_000_000_000_000_000
MIG: 11:56:23 :  Invalid Param: DDR3_DATA15_MAP ==> 96'h000_000_000_000_000_000_000_000
MIG: 11:56:23 :  Invalid Param: DDR3_DATA16_MAP ==> 96'h000_000_000_000_000_000_000_000
MIG: 11:56:23 :  Invalid Param: DDR3_DATA17_MAP ==> 96'h000_000_000_000_000_000_000_000
MIG: 11:56:23 :  Invalid Param: DDR3_MASK0_MAP ==> 108'h000_000_000_000_000_000_000_000_000
MIG: 11:56:23 :  Invalid Param: DDR3_MASK1_MAP ==> 108'h000_000_000_000_000_000_000_000_000
MIG: 11:56:23 :  Invalid Param: DDR3_SLOT_0_CONFIG ==> 8'b0000_0001
MIG: 11:56:23 :  Invalid Param: DDR3_SLOT_1_CONFIG ==> 8'b0000_0000
MIG: 11:56:23 :  Invalid Param: DDR3_IBUF_LPWR_MODE ==> "OFF"
MIG: 11:56:23 :  Invalid Param: DDR3_DATA_IO_IDLE_PWRDWN ==> "ON"
MIG: 11:56:23 :  Invalid Param: DDR3_BANK_TYPE ==> "HR_IO"
MIG: 11:56:23 :  Invalid Param: DDR3_DATA_IO_PRIM_TYPE ==> "HR_LP"
MIG: 11:56:23 :  Invalid Param: DDR3_CKE_ODT_AUX ==> "FALSE"
MIG: 11:56:23 :  Invalid Param: DDR3_USER_REFRESH ==> "OFF"
MIG: 11:56:23 :  Invalid Param: DDR3_WRLVL ==> "ON"
MIG: 11:56:23 :  Invalid Param: DDR3_ORDERING ==> "STRICT"
MIG: 11:56:23 :  Invalid Param: DDR3_CALIB_ROW_ADD ==> 16'h0000
MIG: 11:56:23 :  Invalid Param: DDR3_CALIB_COL_ADD ==> 12'h000
MIG: 11:56:23 :  Invalid Param: DDR3_CALIB_BA_ADD ==> 3'h0
MIG: 11:56:23 :  Invalid Param: DDR3_TCQ ==> 100
MIG: 11:56:23 :  Invalid Param: DDR3_IDELAY_ADJ ==> "OFF"
MIG: 11:56:23 :  Invalid Param: DDR3_FINE_PER_BIT ==> "OFF"
MIG: 11:56:23 :  Invalid Param: DDR3_CENTER_COMP_MODE ==> "OFF"
MIG: 11:56:23 :  Invalid Param: DDR3_PI_VAL_ADJ ==> "OFF"
MIG: 11:56:23 :  Invalid Param: DDR3_IODELAY_GRP0 ==> "DDR_MIG_IODELAY_MIG0"
MIG: 11:56:23 :  Invalid Param: DDR3_IODELAY_GRP1 ==> "DDR_MIG_IODELAY_MIG1"
MIG: 11:56:23 :  Invalid Param: DDR3_SYSCLK_TYPE ==> "NO_BUFFER"
MIG: 11:56:23 :  Invalid Param: DDR3_REFCLK_TYPE ==> "NO_BUFFER"
MIG: 11:56:23 :  Invalid Param: DDR3_SYS_RST_PORT ==> "FALSE"
MIG: 11:56:23 :  Invalid Param: DDR3_FPGA_SPEED_GRADE ==> 2
MIG: 11:56:23 :  Invalid Param: DDR3_CMD_PIPE_PLUS1 ==> "ON"
MIG: 11:56:23 :  Invalid Param: DDR3_DRAM_TYPE ==> "DDR3"
MIG: 11:56:23 :  Invalid Param: DDR3_CAL_WIDTH ==> "HALF"
MIG: 11:56:23 :  Invalid Param: DDR3_STARVE_LIMIT ==> 2
MIG: 11:56:23 :  Invalid Param: DDR3_REF_CLK_MMCM_IODELAY_CTRL ==> "FALSE"
MIG: 11:56:23 :  Invalid Param: DDR3_REFCLK_FREQ ==> 200.0
MIG: 11:56:23 :  Invalid Param: DDR3_DIFF_TERM_REFCLK ==> "TRUE"
MIG: 11:56:23 :  Invalid Param: DDR3_tCK ==> 2500
MIG: 11:56:23 : 4
MIG: 11:56:23 :  Valid Param: DDR3_nCK_PER_CLK ==> 4
MIG: 11:56:23 :  Invalid Param: DDR3_DIFF_TERM_SYSCLK ==> "TRUE"
MIG: 11:56:23 : 
MIG: 11:56:23 :  Valid Param: DDR3_DEBUG_PORT ==> OFF
MIG: 11:56:23 : 
MIG: 11:56:23 :  Invalid Param: DDR3_TEMP_MON_CONTROL ==> "INTERNAL"
MIG: 11:56:23 :  Invalid Param: DDR3_FPGA_VOLT_TYPE ==> "N"
MIG: 11:56:23 :  Invalid Param: DDR3_RST_ACT_LOW ==> 1
MIG: 11:56:23 : NOBUF
MIG: 11:56:23 : NOBUF
MIG: 11:56:23 : 
MIG: 11:56:23 : Same Interface
MIG: 11:56:40 : Running synthesis.xit
MIG: 11:56:40 : IGN:     <ModuleName>ddr_mig</ModuleName> <==>     <ModuleName>ddr_mig</ModuleName> 
MIG: 11:56:40 : IGN:         <InputClkFreq>200</InputClkFreq> <==>         <InputClkFreq>200</InputClkFreq> 
MIG: 11:56:40 : Running vlog_synth_rpr.xit
MIG: 11:56:40 : IGN:     <ModuleName>ddr_mig</ModuleName> <==>     <ModuleName>ddr_mig</ModuleName> 
MIG: 11:56:40 : IGN:         <InputClkFreq>200</InputClkFreq> <==>         <InputClkFreq>200</InputClkFreq> 
MIG: 11:56:41 : Running simulation.xit
MIG: 11:56:41 : IGN:     <ModuleName>ddr_mig</ModuleName> <==>     <ModuleName>ddr_mig</ModuleName> 
MIG: 11:56:41 : IGN:         <InputClkFreq>200</InputClkFreq> <==>         <InputClkFreq>200</InputClkFreq> 
MIG: 11:56:42 : Running vlog_sim_rpr.xit .. PRASAD DBG1
MIG: 11:56:42 : IGN:     <ModuleName>ddr_mig</ModuleName> <==>     <ModuleName>ddr_mig</ModuleName> 
MIG: 11:56:42 : IGN:         <InputClkFreq>200</InputClkFreq> <==>         <InputClkFreq>200</InputClkFreq> 
MIG: 11:56:42 : Running implementation.xit
MIG: 11:56:43 : IGN:     <ModuleName>ddr_mig</ModuleName> <==>     <ModuleName>ddr_mig</ModuleName> 
MIG: 11:56:43 : IGN:         <InputClkFreq>200</InputClkFreq> <==>         <InputClkFreq>200</InputClkFreq> 
MIG: 14:05:51 : Running synthesis.xit
MIG: 14:05:51 : IGN:     <ModuleName>ddr_mig</ModuleName> <==>     <ModuleName>ddr_mig</ModuleName> 
MIG: 14:05:51 : IGN:         <InputClkFreq>200</InputClkFreq> <==>         <InputClkFreq>200</InputClkFreq> 
MIG: 14:05:52 : Running vlog_synth_rpr.xit
MIG: 14:05:52 : IGN:     <ModuleName>ddr_mig</ModuleName> <==>     <ModuleName>ddr_mig</ModuleName> 
MIG: 14:05:52 : IGN:         <InputClkFreq>200</InputClkFreq> <==>         <InputClkFreq>200</InputClkFreq> 
MIG: 14:05:53 : Running simulation.xit
MIG: 14:05:53 : IGN:     <ModuleName>ddr_mig</ModuleName> <==>     <ModuleName>ddr_mig</ModuleName> 
MIG: 14:05:53 : IGN:         <InputClkFreq>200</InputClkFreq> <==>         <InputClkFreq>200</InputClkFreq> 
MIG: 14:05:54 : Running vlog_sim_rpr.xit .. PRASAD DBG1
MIG: 14:05:54 : IGN:     <ModuleName>ddr_mig</ModuleName> <==>     <ModuleName>ddr_mig</ModuleName> 
MIG: 14:05:54 : IGN:         <InputClkFreq>200</InputClkFreq> <==>         <InputClkFreq>200</InputClkFreq> 
MIG: 14:05:54 : Running implementation.xit
MIG: 14:05:54 : IGN:     <ModuleName>ddr_mig</ModuleName> <==>     <ModuleName>ddr_mig</ModuleName> 
MIG: 14:05:54 : IGN:         <InputClkFreq>200</InputClkFreq> <==>         <InputClkFreq>200</InputClkFreq> 
