Model Technology ModelSim SE-64 vcom 10.2c Compiler 2013.07 Jul 19 2013
-- Loading package STANDARD
-- Loading package TEXTIO
-- Loading package std_logic_1164
-- Compiling entity pselect_f
-- Compiling architecture imp of pselect_f
-- Loading package NUMERIC_STD
-- Compiling entity counter_f
-- Compiling architecture imp of counter_f
-- Loading package std_logic_arith
-- Loading package STD_LOGIC_UNSIGNED
-- Loading package ATTRIBUTES
-- Loading package std_logic_misc
-- Loading entity pselect_f
-- Compiling entity psel_decoder
-- Compiling architecture RTL of psel_decoder
-- Compiling entity multiplexor
-- Compiling architecture RTL of multiplexor
-- Loading package lib_pkg
-- Loading entity counter_f
-- Compiling entity axilite_sif
-- Compiling architecture RTL of axilite_sif
-- Compiling entity apb_mif
-- Compiling architecture RTL of apb_mif
-- Compiling entity axi_apb_bridge
-- Compiling architecture RTL of axi_apb_bridge
-- Loading entity psel_decoder
-- Loading entity multiplexor
-- Loading entity axilite_sif
-- Loading entity apb_mif
