Model Technology ModelSim SE-64 vlog 10.2c Compiler 2013.07 Jul 19 2013
-- Compiling module generic_baseblocks_v2_1_0_carry_and
-- Compiling module generic_baseblocks_v2_1_0_carry_latch_and
-- Compiling module generic_baseblocks_v2_1_0_carry_latch_or
-- Compiling module generic_baseblocks_v2_1_0_carry_or
-- Compiling module generic_baseblocks_v2_1_0_carry
-- Compiling module generic_baseblocks_v2_1_0_command_fifo
-- Compiling module generic_baseblocks_v2_1_0_comparator_mask_static
-- Compiling module generic_baseblocks_v2_1_0_comparator_mask
-- Compiling module generic_baseblocks_v2_1_0_comparator_sel_mask_static
-- Compiling module generic_baseblocks_v2_1_0_comparator_sel_mask
-- Compiling module generic_baseblocks_v2_1_0_comparator_sel_static
-- Compiling module generic_baseblocks_v2_1_0_comparator_sel
-- Compiling module generic_baseblocks_v2_1_0_comparator_static
-- Compiling module generic_baseblocks_v2_1_0_comparator
-- Compiling module generic_baseblocks_v2_1_0_mux_enc
-- Compiling module generic_baseblocks_v2_1_0_mux
-- Compiling module generic_baseblocks_v2_1_0_nto1_mux

Top level modules:
	generic_baseblocks_v2_1_0_carry_latch_and
	generic_baseblocks_v2_1_0_carry_or
	generic_baseblocks_v2_1_0_carry
	generic_baseblocks_v2_1_0_command_fifo
	generic_baseblocks_v2_1_0_comparator_mask_static
	generic_baseblocks_v2_1_0_comparator_mask
	generic_baseblocks_v2_1_0_comparator_sel_mask_static
	generic_baseblocks_v2_1_0_comparator_sel_mask
	generic_baseblocks_v2_1_0_comparator_sel_static
	generic_baseblocks_v2_1_0_comparator_sel
	generic_baseblocks_v2_1_0_comparator_static
	generic_baseblocks_v2_1_0_comparator
	generic_baseblocks_v2_1_0_mux_enc
	generic_baseblocks_v2_1_0_nto1_mux
