MIG: 09:16:55 : xml_input_file: mig_a.prj
MIG: 09:16:55 : Absolute path of xml_input_file: /home/feilong/Storages/fpga/25_uart_send_pic_to_hdmi/project/project.srcs/sources_1/ip/mig_7series_1/mig_a.prj
MIG: 09:16:55 : xml_input_file: mig_a.prj
MIG: 09:16:55 : Absolute path of xml_input_file: /home/feilong/Storages/fpga/25_uart_send_pic_to_hdmi/project/project.srcs/sources_1/ip/mig_7series_1/mig_a.prj
MIG: 09:16:55 : In updateAllModelParams
MIG: 09:16:55 : ################# RUNNING MIG BATCH ###################
MIG: 09:16:55 : Writing IN file for 'mig_7series_1'...compDirPath: /opt/Xilinx/Vivado/2018.2/data/ip/xilinx/mig_7series_v4_1... instDirPath: /home/feilong/Storages/fpga/25_uart_send_pic_to_hdmi/project/project.srcs/sources_1/ip/mig_7series_1
MIG: 09:16:55 : synp_flow:  -- synthesis_mode: Other
MIG: 09:16:55 : outputDirectory: /home/feilong/Storages/fpga/25_uart_send_pic_to_hdmi/project/project.srcs/sources_1/ip/mig_7series_1/_tmp/
MIG: 09:16:55 : vivado_mode: xpg_pa
MIG: 09:16:55 :  locked false  
MIG: 09:16:55 : HDL Language: Verilog
MIG: 09:16:55 : compInfo: true
MIG: 09:16:55 : Vivado Options xc7a100t fgg484 -2
MIG: 09:16:55 : 1: xc7a100t 2: fgg484 3: -2
MIG: 09:16:55 : relative mig path: coregen/ip/xilinx/other/com/xilinx/ip/mig_7series_v4_1/bin/lin64/mig
MIG: 09:16:55 : xilinx_path: /opt/Xilinx/Vivado/2018.2/ids_lite/ISE
MIG: 09:16:55 : I am in catch area
MIG: 09:16:55 : Running /opt/Xilinx/Vivado/2018.2/ids_lite/ISE/coregen/ip/xilinx/other/com/xilinx/ip/mig_7series_v4_1/bin/lin64/mig -cg_exc_inp /home/feilong/Storages/fpga/25_uart_send_pic_to_hdmi/project/project.srcs/sources_1/ip/mig_7series_1/xil_txt.in -cg_exc_out /home/feilong/Storages/fpga/25_uart_send_pic_to_hdmi/project/project.srcs/sources_1/ip/mig_7series_1/xil_txt.out ... 
MIG: 09:17:06 : XML_INPUT_FILE: /home/feilong/Storages/fpga/25_uart_send_pic_to_hdmi/project/project.srcs/sources_1/ip/mig_7series_1/mig_a.prj
MIG: 09:17:06 : Component_Name: mig_7series_1
MIG: 09:17:06 : Moving mig_7series_1 ...
MIG: 09:17:06 : Moving mig_7series_1.veo ...
MIG: 09:17:06 : Moving mig_7series_1_xmdf.tcl ...
MIG: 09:17:06 : XGUI hdlLanguage: Verilog
MIG: 09:17:06 : xgui vivado_mode: xpg_pa
MIG: 09:17:06 : xgui hdlLanguage: Verilog -- hdlExt: v
MIG: 09:17:06 : Reading /home/feilong/Storages/fpga/25_uart_send_pic_to_hdmi/project/project.srcs/sources_1/ip/mig_7series_1/mig_7series_1/user_design/rtl/mig_7series_1_mig.v ...
MIG: 09:17:07 : 
MIG: 09:17:07 : Inside fn mem: DDR3
MIG: 09:17:07 : detect_uiclk: 100000000
MIG: 09:17:07 : cntrl:  memtype: DDR3
MIG: 09:17:07 : 
MIG: 09:17:07 :  MMCM_VCO single ctrl param_name: MMCM_VCO --  possibleMaxVcoVal: 800 
MIG: 09:17:07 : 
MIG: 09:17:07 : 
MIG: 09:17:07 : 
MIG: 09:17:07 : 
MIG: 09:17:07 :  polarity_value: 1
MIG: 09:17:07 : 
MIG: 09:17:07 : 
MIG: 09:17:07 : cntrl:  memtype: DDR3
MIG: 09:17:07 : 
MIG: 09:17:07 :  Valid Param: DDR3_BANK_WIDTH ==> 3
MIG: 09:17:07 : 
MIG: 09:17:07 :  Valid Param: DDR3_CK_WIDTH ==> 1
MIG: 09:17:07 :  Invalid Param: DDR3_COL_WIDTH ==> 10
MIG: 09:17:07 : 
MIG: 09:17:07 :  Valid Param: DDR3_CS_WIDTH ==> 1
MIG: 09:17:07 : 
MIG: 09:17:07 :  Valid Param: DDR3_nCS_PER_RANK ==> 1
MIG: 09:17:07 : 
MIG: 09:17:07 :  Valid Param: DDR3_CKE_WIDTH ==> 1
MIG: 09:17:07 :  Invalid Param: DDR3_DATA_BUF_ADDR_WIDTH ==> 5
MIG: 09:17:07 :  Invalid Param: DDR3_DQ_CNT_WIDTH ==> 5
MIG: 09:17:07 :  Invalid Param: DDR3_DQ_PER_DM ==> 8
MIG: 09:17:07 : 
MIG: 09:17:07 :  Valid Param: DDR3_DM_WIDTH ==> 4
MIG: 09:17:07 : 
MIG: 09:17:07 :  Valid Param: DDR3_DQ_WIDTH ==> 32
MIG: 09:17:07 : 
MIG: 09:17:07 :  Valid Param: DDR3_DQS_WIDTH ==> 4
MIG: 09:17:07 : 
MIG: 09:17:07 :  Valid Param: DDR3_DQS_CNT_WIDTH ==> 2
MIG: 09:17:07 :  Invalid Param: DDR3_DRAM_WIDTH ==> 8
MIG: 09:17:07 : 
MIG: 09:17:07 :  Valid Param: ECC ==> OFF
MIG: 09:17:07 : 
MIG: 09:17:07 :  Valid Param: DDR3_DATA_WIDTH ==> 32
MIG: 09:17:07 :  Invalid Param: ECC_TEST ==> "OFF"
MIG: 09:17:07 :  Invalid Param: DDR3_PAYLOAD_WIDTH ==> (ECC_TEST == "OFF") ? DATA_WIDTH : DQ_WIDTH
MIG: 09:17:07 :  Invalid Param: DDR3_MEM_ADDR_ORDER ==> "BANK_ROW_COLUMN"
MIG: 09:17:07 :  Invalid Param: DDR3_nBANK_MACHS ==> 4
MIG: 09:17:07 :  Invalid Param: DDR3_RANKS ==> 1
MIG: 09:17:07 : 
MIG: 09:17:07 :  Valid Param: DDR3_ODT_WIDTH ==> 1
MIG: 09:17:07 : 
MIG: 09:17:07 :  Valid Param: DDR3_ROW_WIDTH ==> 14
MIG: 09:17:07 : 
MIG: 09:17:07 :  Valid Param: DDR3_ADDR_WIDTH ==> 28
MIG: 09:17:07 : 
MIG: 09:17:07 :  Valid Param: DDR3_USE_CS_PORT ==> 0
MIG: 09:17:07 : 
MIG: 09:17:07 :  Valid Param: DDR3_USE_DM_PORT ==> 1
MIG: 09:17:07 : 
MIG: 09:17:07 :  Valid Param: DDR3_USE_ODT_PORT ==> 1
MIG: 09:17:07 :  Invalid Param: DDR3_IS_CLK_SHARED ==> "FALSE"
MIG: 09:17:07 :  Invalid Param: DDR3_PHY_CONTROL_MASTER_BANK ==> 1
MIG: 09:17:07 :  Invalid Param: DDR3_MEM_DENSITY ==> "2Gb"
MIG: 09:17:07 :  Invalid Param: DDR3_MEM_SPEEDGRADE ==> "15E"
MIG: 09:17:07 :  Invalid Param: DDR3_MEM_DEVICE_WIDTH ==> 16
MIG: 09:17:07 :  Invalid Param: DDR3_AL ==> "0"
MIG: 09:17:07 :  Invalid Param: DDR3_nAL ==> 0
MIG: 09:17:07 :  Invalid Param: DDR3_BURST_MODE ==> "8"
MIG: 09:17:07 :  Invalid Param: DDR3_BURST_TYPE ==> "SEQ"
MIG: 09:17:07 :  Invalid Param: DDR3_CL ==> 6
MIG: 09:17:07 :  Invalid Param: DDR3_CWL ==> 5
MIG: 09:17:07 :  Invalid Param: DDR3_OUTPUT_DRV ==> "HIGH"
MIG: 09:17:07 :  Invalid Param: DDR3_RTT_NOM ==> "60"
MIG: 09:17:07 :  Invalid Param: DDR3_RTT_WR ==> "OFF"
MIG: 09:17:07 :  Invalid Param: DDR3_ADDR_CMD_MODE ==> "1T"
MIG: 09:17:07 : 
MIG: 09:17:07 :  Valid Param: DDR3_REG_CTRL ==> OFF
MIG: 09:17:07 :  Invalid Param: DDR3_CA_MIRROR ==> "OFF"
MIG: 09:17:07 :  Invalid Param: DDR3_VDD_OP_VOLT ==> "150"
MIG: 09:17:07 :  Invalid Param: DDR3_CLKIN_PERIOD ==> 5000
MIG: 09:17:07 :  Invalid Param: DDR3_CLKFBOUT_MULT ==> 4
MIG: 09:17:07 :  Invalid Param: DDR3_DIVCLK_DIVIDE ==> 1
MIG: 09:17:07 :  Invalid Param: DDR3_CLKOUT0_PHASE ==> 0.0
MIG: 09:17:07 :  Invalid Param: DDR3_CLKOUT0_DIVIDE ==> 1
MIG: 09:17:07 :  Invalid Param: DDR3_CLKOUT1_DIVIDE ==> 2
MIG: 09:17:07 :  Invalid Param: DDR3_CLKOUT2_DIVIDE ==> 32
MIG: 09:17:07 :  Invalid Param: DDR3_CLKOUT3_DIVIDE ==> 8
MIG: 09:17:07 :  Invalid Param: DDR3_MMCM_VCO ==> 800
MIG: 09:17:07 :  Invalid Param: DDR3_MMCM_MULT_F ==> 8
MIG: 09:17:07 :  Invalid Param: DDR3_MMCM_DIVCLK_DIVIDE ==> 1
MIG: 09:17:07 :  Invalid Param: DDR3_tCKE ==> 5625
MIG: 09:17:07 :  Invalid Param: DDR3_tFAW ==> 45000
MIG: 09:17:07 :  Invalid Param: DDR3_tPRDI ==> 1_000_000
MIG: 09:17:07 :  Invalid Param: DDR3_tRAS ==> 36000
MIG: 09:17:07 :  Invalid Param: DDR3_tRCD ==> 13500
MIG: 09:17:07 :  Invalid Param: DDR3_tREFI ==> 7800000
MIG: 09:17:07 :  Invalid Param: DDR3_tRFC ==> 160000
MIG: 09:17:07 :  Invalid Param: DDR3_tRP ==> 13500
MIG: 09:17:07 :  Invalid Param: DDR3_tRRD ==> 7500
MIG: 09:17:07 :  Invalid Param: DDR3_tRTP ==> 7500
MIG: 09:17:07 :  Invalid Param: DDR3_tWTR ==> 7500
MIG: 09:17:07 :  Invalid Param: DDR3_tZQI ==> 128_000_000
MIG: 09:17:07 :  Invalid Param: DDR3_tZQCS ==> 64
MIG: 09:17:07 :  Invalid Param: DDR3_SIM_BYPASS_INIT_CAL ==> "OFF"
MIG: 09:17:07 :  Invalid Param: DDR3_SIMULATION ==> "FALSE"
MIG: 09:17:07 :  Invalid Param: DDR3_BYTE_LANES_B0 ==> 4'b1111
MIG: 09:17:07 :  Invalid Param: DDR3_BYTE_LANES_B1 ==> 4'b1111
MIG: 09:17:07 :  Invalid Param: DDR3_BYTE_LANES_B2 ==> 4'b0000
MIG: 09:17:07 :  Invalid Param: DDR3_BYTE_LANES_B3 ==> 4'b0000
MIG: 09:17:07 :  Invalid Param: DDR3_BYTE_LANES_B4 ==> 4'b0000
MIG: 09:17:07 :  Invalid Param: DDR3_DATA_CTL_B0 ==> 4'b1111
MIG: 09:17:07 :  Invalid Param: DDR3_DATA_CTL_B1 ==> 4'b0000
MIG: 09:17:07 :  Invalid Param: DDR3_DATA_CTL_B2 ==> 4'b0000
MIG: 09:17:07 :  Invalid Param: DDR3_DATA_CTL_B3 ==> 4'b0000
MIG: 09:17:07 :  Invalid Param: DDR3_DATA_CTL_B4 ==> 4'b0000
MIG: 09:17:07 :  Invalid Param: DDR3_PHY_0_BITLANES ==> 48'h3FE_2FF_3F7_2FF
MIG: 09:17:07 :  Invalid Param: DDR3_PHY_1_BITLANES ==> 48'h07C_FF5_403_0B4
MIG: 09:17:07 :  Invalid Param: DDR3_PHY_2_BITLANES ==> 48'h000_000_000_000
MIG: 09:17:07 :  Invalid Param: DDR3_CK_BYTE_MAP ==> 144'h00_00_00_00_00_00_00_00_00_00_00_00_00_00_00_00_00_11
MIG: 09:17:07 :  Invalid Param: DDR3_ADDR_MAP ==> 192'h000_000_104_12B_125_132_124_102_105_110_107_126_111_122_127_12A
MIG: 09:17:07 :  Invalid Param: DDR3_BANK_MAP ==> 36'h128_134_11A
MIG: 09:17:07 :  Invalid Param: DDR3_CAS_MAP ==> 12'h133
MIG: 09:17:07 :  Invalid Param: DDR3_CKE_ODT_BYTE_MAP ==> 8'h00
MIG: 09:17:07 :  Invalid Param: DDR3_CKE_MAP ==> 96'h000_000_000_000_000_000_000_135
MIG: 09:17:07 :  Invalid Param: DDR3_ODT_MAP ==> 96'h000_000_000_000_000_000_000_120
MIG: 09:17:07 :  Invalid Param: DDR3_CS_MAP ==> 120'h000_000_000_000_000_000_000_000_000_000
MIG: 09:17:07 :  Invalid Param: DDR3_PARITY_MAP ==> 12'h000
MIG: 09:17:07 :  Invalid Param: DDR3_RAS_MAP ==> 12'h136
MIG: 09:17:07 :  Invalid Param: DDR3_WE_MAP ==> 12'h129
MIG: 09:17:07 :  Invalid Param: DDR3_DQS_BYTE_MAP ==> 144'h00_00_00_00_00_00_00_00_00_00_00_00_00_00_00_01_02_03
MIG: 09:17:07 :  Invalid Param: DDR3_DATA0_MAP ==> 96'h034_036_032_038_031_039_035_037
MIG: 09:17:07 :  Invalid Param: DDR3_DATA1_MAP ==> 96'h026_023_024_025_020_021_027_029
MIG: 09:17:07 :  Invalid Param: DDR3_DATA2_MAP ==> 96'h017_018_014_016_010_012_015_019
MIG: 09:17:07 :  Invalid Param: DDR3_DATA3_MAP ==> 96'h004_001_009_000_002_005_007_006
MIG: 09:17:07 :  Invalid Param: DDR3_DATA4_MAP ==> 96'h000_000_000_000_000_000_000_000
MIG: 09:17:07 :  Invalid Param: DDR3_DATA5_MAP ==> 96'h000_000_000_000_000_000_000_000
MIG: 09:17:07 :  Invalid Param: DDR3_DATA6_MAP ==> 96'h000_000_000_000_000_000_000_000
MIG: 09:17:07 :  Invalid Param: DDR3_DATA7_MAP ==> 96'h000_000_000_000_000_000_000_000
MIG: 09:17:07 :  Invalid Param: DDR3_DATA8_MAP ==> 96'h000_000_000_000_000_000_000_000
MIG: 09:17:07 :  Invalid Param: DDR3_DATA9_MAP ==> 96'h000_000_000_000_000_000_000_000
MIG: 09:17:07 :  Invalid Param: DDR3_DATA10_MAP ==> 96'h000_000_000_000_000_000_000_000
MIG: 09:17:07 :  Invalid Param: DDR3_DATA11_MAP ==> 96'h000_000_000_000_000_000_000_000
MIG: 09:17:07 :  Invalid Param: DDR3_DATA12_MAP ==> 96'h000_000_000_000_000_000_000_000
MIG: 09:17:07 :  Invalid Param: DDR3_DATA13_MAP ==> 96'h000_000_000_000_000_000_000_000
MIG: 09:17:07 :  Invalid Param: DDR3_DATA14_MAP ==> 96'h000_000_000_000_000_000_000_000
MIG: 09:17:07 :  Invalid Param: DDR3_DATA15_MAP ==> 96'h000_000_000_000_000_000_000_000
MIG: 09:17:07 :  Invalid Param: DDR3_DATA16_MAP ==> 96'h000_000_000_000_000_000_000_000
MIG: 09:17:07 :  Invalid Param: DDR3_DATA17_MAP ==> 96'h000_000_000_000_000_000_000_000
MIG: 09:17:07 :  Invalid Param: DDR3_MASK0_MAP ==> 108'h000_000_000_000_000_003_011_022_033
MIG: 09:17:07 :  Invalid Param: DDR3_MASK1_MAP ==> 108'h000_000_000_000_000_000_000_000_000
MIG: 09:17:07 :  Invalid Param: DDR3_SLOT_0_CONFIG ==> 8'b0000_0001
MIG: 09:17:07 :  Invalid Param: DDR3_SLOT_1_CONFIG ==> 8'b0000_0000
MIG: 09:17:07 :  Invalid Param: DDR3_IBUF_LPWR_MODE ==> "OFF"
MIG: 09:17:07 :  Invalid Param: DDR3_DATA_IO_IDLE_PWRDWN ==> "ON"
MIG: 09:17:07 :  Invalid Param: DDR3_BANK_TYPE ==> "HR_IO"
MIG: 09:17:07 :  Invalid Param: DDR3_DATA_IO_PRIM_TYPE ==> "HR_LP"
MIG: 09:17:07 :  Invalid Param: DDR3_CKE_ODT_AUX ==> "FALSE"
MIG: 09:17:07 :  Invalid Param: DDR3_USER_REFRESH ==> "OFF"
MIG: 09:17:07 :  Invalid Param: DDR3_WRLVL ==> "ON"
MIG: 09:17:07 :  Invalid Param: DDR3_ORDERING ==> "STRICT"
MIG: 09:17:07 :  Invalid Param: DDR3_CALIB_ROW_ADD ==> 16'h0000
MIG: 09:17:07 :  Invalid Param: DDR3_CALIB_COL_ADD ==> 12'h000
MIG: 09:17:08 :  Invalid Param: DDR3_CALIB_BA_ADD ==> 3'h0
MIG: 09:17:08 :  Invalid Param: DDR3_TCQ ==> 100
MIG: 09:17:08 :  Invalid Param: DDR3_IDELAY_ADJ ==> "OFF"
MIG: 09:17:08 :  Invalid Param: DDR3_FINE_PER_BIT ==> "OFF"
MIG: 09:17:08 :  Invalid Param: DDR3_CENTER_COMP_MODE ==> "OFF"
MIG: 09:17:08 :  Invalid Param: DDR3_PI_VAL_ADJ ==> "OFF"
MIG: 09:17:08 :  Invalid Param: DDR3_IODELAY_GRP0 ==> "MIG_7SERIES_1_IODELAY_MIG0"
MIG: 09:17:08 :  Invalid Param: DDR3_IODELAY_GRP1 ==> "MIG_7SERIES_1_IODELAY_MIG1"
MIG: 09:17:08 :  Invalid Param: DDR3_SYSCLK_TYPE ==> "NO_BUFFER"
MIG: 09:17:08 :  Invalid Param: DDR3_REFCLK_TYPE ==> "USE_SYSTEM_CLOCK"
MIG: 09:17:08 :  Invalid Param: DDR3_SYS_RST_PORT ==> "FALSE"
MIG: 09:17:08 :  Invalid Param: DDR3_FPGA_SPEED_GRADE ==> 2
MIG: 09:17:08 :  Invalid Param: DDR3_CMD_PIPE_PLUS1 ==> "ON"
MIG: 09:17:08 :  Invalid Param: DDR3_DRAM_TYPE ==> "DDR3"
MIG: 09:17:08 :  Invalid Param: DDR3_CAL_WIDTH ==> "HALF"
MIG: 09:17:08 :  Invalid Param: DDR3_STARVE_LIMIT ==> 2
MIG: 09:17:08 :  Invalid Param: DDR3_REF_CLK_MMCM_IODELAY_CTRL ==> "FALSE"
MIG: 09:17:08 :  Invalid Param: DDR3_REFCLK_FREQ ==> 200.0
MIG: 09:17:08 :  Invalid Param: DDR3_DIFF_TERM_REFCLK ==> "TRUE"
MIG: 09:17:08 :  Invalid Param: DDR3_tCK ==> 2500
MIG: 09:17:08 : 
MIG: 09:17:08 :  Valid Param: DDR3_nCK_PER_CLK ==> 4
MIG: 09:17:08 :  Invalid Param: DDR3_DIFF_TERM_SYSCLK ==> "TRUE"
MIG: 09:17:08 : 
MIG: 09:17:08 :  Valid Param: DDR3_DEBUG_PORT ==> OFF
MIG: 09:17:08 : 
MIG: 09:17:08 :  Invalid Param: DDR3_TEMP_MON_CONTROL ==> "INTERNAL"
MIG: 09:17:08 :  Invalid Param: DDR3_FPGA_VOLT_TYPE ==> "N"
MIG: 09:17:08 :  Invalid Param: DDR3_RST_ACT_LOW ==> 1
MIG: 09:17:08 : 
MIG: 09:17:08 : 
MIG: 09:17:08 : 
MIG: 09:17:08 : Same Interface
MIG: 09:18:18 : xml_input_file: mig_a.prj
MIG: 09:18:18 : Absolute path of xml_input_file: /home/feilong/Storages/fpga/25_uart_send_pic_to_hdmi/project/project.srcs/sources_1/ip/mig_7series_1/mig_a.prj
MIG: 09:18:18 : xml_input_file: mig_a.prj
MIG: 09:18:18 : Absolute path of xml_input_file: /home/feilong/Storages/fpga/25_uart_send_pic_to_hdmi/project/project.srcs/sources_1/ip/mig_7series_1/mig_a.prj
MIG: 09:18:18 : In updateAllModelParams
MIG: 09:18:18 : IGN:     <ModuleName>mig_7series_0</ModuleName> <==>     <ModuleName>mig_7series_1</ModuleName> 
MIG: 09:18:18 : IGN:         <InputClkFreq>200</InputClkFreq> <==>         <InputClkFreq>200</InputClkFreq> 
MIG: 09:18:18 : XGUI hdlLanguage: Verilog
MIG: 09:18:18 : xgui vivado_mode: xpg_pa
MIG: 09:18:18 : xgui hdlLanguage: Verilog -- hdlExt: v
MIG: 09:18:18 : Reading /home/feilong/Storages/fpga/25_uart_send_pic_to_hdmi/project/project.srcs/sources_1/ip/mig_7series_1/mig_7series_1/user_design/rtl/mig_7series_1_mig.v ...
MIG: 09:18:19 : 
MIG: 09:18:19 : Inside fn mem: DDR3
MIG: 09:18:19 : detect_uiclk: 100000000
MIG: 09:18:19 : cntrl:  memtype: DDR3
MIG: 09:18:19 : 
MIG: 09:18:19 :  MMCM_VCO single ctrl param_name: MMCM_VCO --  possibleMaxVcoVal: 800 
MIG: 09:18:19 : 
MIG: 09:18:19 : 
MIG: 09:18:19 : 
MIG: 09:18:19 : 
MIG: 09:18:19 :  polarity_value: 1
MIG: 09:18:19 : 
MIG: 09:18:19 : 
MIG: 09:18:19 : cntrl:  memtype: DDR3
MIG: 09:18:19 : 
MIG: 09:18:19 :  Valid Param: DDR3_BANK_WIDTH ==> 3
MIG: 09:18:19 : 
MIG: 09:18:19 :  Valid Param: DDR3_CK_WIDTH ==> 1
MIG: 09:18:19 :  Invalid Param: DDR3_COL_WIDTH ==> 10
MIG: 09:18:19 : 
MIG: 09:18:19 :  Valid Param: DDR3_CS_WIDTH ==> 1
MIG: 09:18:19 : 
MIG: 09:18:19 :  Valid Param: DDR3_nCS_PER_RANK ==> 1
MIG: 09:18:19 : 
MIG: 09:18:19 :  Valid Param: DDR3_CKE_WIDTH ==> 1
MIG: 09:18:19 :  Invalid Param: DDR3_DATA_BUF_ADDR_WIDTH ==> 5
MIG: 09:18:19 :  Invalid Param: DDR3_DQ_CNT_WIDTH ==> 5
MIG: 09:18:19 :  Invalid Param: DDR3_DQ_PER_DM ==> 8
MIG: 09:18:19 : 
MIG: 09:18:19 :  Valid Param: DDR3_DM_WIDTH ==> 4
MIG: 09:18:19 : 
MIG: 09:18:19 :  Valid Param: DDR3_DQ_WIDTH ==> 32
MIG: 09:18:19 : 
MIG: 09:18:19 :  Valid Param: DDR3_DQS_WIDTH ==> 4
MIG: 09:18:19 : 
MIG: 09:18:19 :  Valid Param: DDR3_DQS_CNT_WIDTH ==> 2
MIG: 09:18:19 :  Invalid Param: DDR3_DRAM_WIDTH ==> 8
MIG: 09:18:19 : 
MIG: 09:18:19 :  Valid Param: ECC ==> OFF
MIG: 09:18:19 : 
MIG: 09:18:19 :  Valid Param: DDR3_DATA_WIDTH ==> 32
MIG: 09:18:19 :  Invalid Param: ECC_TEST ==> "OFF"
MIG: 09:18:19 :  Invalid Param: DDR3_PAYLOAD_WIDTH ==> (ECC_TEST == "OFF") ? DATA_WIDTH : DQ_WIDTH
MIG: 09:18:19 :  Invalid Param: DDR3_MEM_ADDR_ORDER ==> "BANK_ROW_COLUMN"
MIG: 09:18:19 :  Invalid Param: DDR3_nBANK_MACHS ==> 4
MIG: 09:18:19 :  Invalid Param: DDR3_RANKS ==> 1
MIG: 09:18:19 : 
MIG: 09:18:19 :  Valid Param: DDR3_ODT_WIDTH ==> 1
MIG: 09:18:19 : 
MIG: 09:18:19 :  Valid Param: DDR3_ROW_WIDTH ==> 14
MIG: 09:18:19 : 
MIG: 09:18:19 :  Valid Param: DDR3_ADDR_WIDTH ==> 28
MIG: 09:18:19 : 
MIG: 09:18:19 :  Valid Param: DDR3_USE_CS_PORT ==> 0
MIG: 09:18:19 : 
MIG: 09:18:19 :  Valid Param: DDR3_USE_DM_PORT ==> 1
MIG: 09:18:19 : 
MIG: 09:18:19 :  Valid Param: DDR3_USE_ODT_PORT ==> 1
MIG: 09:18:19 :  Invalid Param: DDR3_IS_CLK_SHARED ==> "FALSE"
MIG: 09:18:19 :  Invalid Param: DDR3_PHY_CONTROL_MASTER_BANK ==> 1
MIG: 09:18:19 :  Invalid Param: DDR3_MEM_DENSITY ==> "2Gb"
MIG: 09:18:19 :  Invalid Param: DDR3_MEM_SPEEDGRADE ==> "15E"
MIG: 09:18:19 :  Invalid Param: DDR3_MEM_DEVICE_WIDTH ==> 16
MIG: 09:18:19 :  Invalid Param: DDR3_AL ==> "0"
MIG: 09:18:19 :  Invalid Param: DDR3_nAL ==> 0
MIG: 09:18:19 :  Invalid Param: DDR3_BURST_MODE ==> "8"
MIG: 09:18:19 :  Invalid Param: DDR3_BURST_TYPE ==> "SEQ"
MIG: 09:18:19 :  Invalid Param: DDR3_CL ==> 6
MIG: 09:18:19 :  Invalid Param: DDR3_CWL ==> 5
MIG: 09:18:19 :  Invalid Param: DDR3_OUTPUT_DRV ==> "HIGH"
MIG: 09:18:19 :  Invalid Param: DDR3_RTT_NOM ==> "60"
MIG: 09:18:19 :  Invalid Param: DDR3_RTT_WR ==> "OFF"
MIG: 09:18:19 :  Invalid Param: DDR3_ADDR_CMD_MODE ==> "1T"
MIG: 09:18:19 : 
MIG: 09:18:19 :  Valid Param: DDR3_REG_CTRL ==> OFF
MIG: 09:18:19 :  Invalid Param: DDR3_CA_MIRROR ==> "OFF"
MIG: 09:18:19 :  Invalid Param: DDR3_VDD_OP_VOLT ==> "150"
MIG: 09:18:19 :  Invalid Param: DDR3_CLKIN_PERIOD ==> 5000
MIG: 09:18:19 :  Invalid Param: DDR3_CLKFBOUT_MULT ==> 4
MIG: 09:18:19 :  Invalid Param: DDR3_DIVCLK_DIVIDE ==> 1
MIG: 09:18:19 :  Invalid Param: DDR3_CLKOUT0_PHASE ==> 0.0
MIG: 09:18:19 :  Invalid Param: DDR3_CLKOUT0_DIVIDE ==> 1
MIG: 09:18:19 :  Invalid Param: DDR3_CLKOUT1_DIVIDE ==> 2
MIG: 09:18:19 :  Invalid Param: DDR3_CLKOUT2_DIVIDE ==> 32
MIG: 09:18:19 :  Invalid Param: DDR3_CLKOUT3_DIVIDE ==> 8
MIG: 09:18:19 :  Invalid Param: DDR3_MMCM_VCO ==> 800
MIG: 09:18:19 :  Invalid Param: DDR3_MMCM_MULT_F ==> 8
MIG: 09:18:19 :  Invalid Param: DDR3_MMCM_DIVCLK_DIVIDE ==> 1
MIG: 09:18:19 :  Invalid Param: DDR3_tCKE ==> 5625
MIG: 09:18:19 :  Invalid Param: DDR3_tFAW ==> 45000
MIG: 09:18:19 :  Invalid Param: DDR3_tPRDI ==> 1_000_000
MIG: 09:18:19 :  Invalid Param: DDR3_tRAS ==> 36000
MIG: 09:18:19 :  Invalid Param: DDR3_tRCD ==> 13500
MIG: 09:18:19 :  Invalid Param: DDR3_tREFI ==> 7800000
MIG: 09:18:19 :  Invalid Param: DDR3_tRFC ==> 160000
MIG: 09:18:19 :  Invalid Param: DDR3_tRP ==> 13500
MIG: 09:18:19 :  Invalid Param: DDR3_tRRD ==> 7500
MIG: 09:18:19 :  Invalid Param: DDR3_tRTP ==> 7500
MIG: 09:18:19 :  Invalid Param: DDR3_tWTR ==> 7500
MIG: 09:18:19 :  Invalid Param: DDR3_tZQI ==> 128_000_000
MIG: 09:18:19 :  Invalid Param: DDR3_tZQCS ==> 64
MIG: 09:18:19 :  Invalid Param: DDR3_SIM_BYPASS_INIT_CAL ==> "OFF"
MIG: 09:18:19 :  Invalid Param: DDR3_SIMULATION ==> "FALSE"
MIG: 09:18:19 :  Invalid Param: DDR3_BYTE_LANES_B0 ==> 4'b1111
MIG: 09:18:19 :  Invalid Param: DDR3_BYTE_LANES_B1 ==> 4'b1111
MIG: 09:18:19 :  Invalid Param: DDR3_BYTE_LANES_B2 ==> 4'b0000
MIG: 09:18:19 :  Invalid Param: DDR3_BYTE_LANES_B3 ==> 4'b0000
MIG: 09:18:19 :  Invalid Param: DDR3_BYTE_LANES_B4 ==> 4'b0000
MIG: 09:18:19 :  Invalid Param: DDR3_DATA_CTL_B0 ==> 4'b1111
MIG: 09:18:19 :  Invalid Param: DDR3_DATA_CTL_B1 ==> 4'b0000
MIG: 09:18:19 :  Invalid Param: DDR3_DATA_CTL_B2 ==> 4'b0000
MIG: 09:18:19 :  Invalid Param: DDR3_DATA_CTL_B3 ==> 4'b0000
MIG: 09:18:19 :  Invalid Param: DDR3_DATA_CTL_B4 ==> 4'b0000
MIG: 09:18:19 :  Invalid Param: DDR3_PHY_0_BITLANES ==> 48'h3FE_2FF_3F7_2FF
MIG: 09:18:19 :  Invalid Param: DDR3_PHY_1_BITLANES ==> 48'h07C_FF5_403_0B4
MIG: 09:18:19 :  Invalid Param: DDR3_PHY_2_BITLANES ==> 48'h000_000_000_000
MIG: 09:18:19 :  Invalid Param: DDR3_CK_BYTE_MAP ==> 144'h00_00_00_00_00_00_00_00_00_00_00_00_00_00_00_00_00_11
MIG: 09:18:19 :  Invalid Param: DDR3_ADDR_MAP ==> 192'h000_000_104_12B_125_132_124_102_105_110_107_126_111_122_127_12A
MIG: 09:18:19 :  Invalid Param: DDR3_BANK_MAP ==> 36'h128_134_11A
MIG: 09:18:19 :  Invalid Param: DDR3_CAS_MAP ==> 12'h133
MIG: 09:18:19 :  Invalid Param: DDR3_CKE_ODT_BYTE_MAP ==> 8'h00
MIG: 09:18:19 :  Invalid Param: DDR3_CKE_MAP ==> 96'h000_000_000_000_000_000_000_135
MIG: 09:18:19 :  Invalid Param: DDR3_ODT_MAP ==> 96'h000_000_000_000_000_000_000_120
MIG: 09:18:19 :  Invalid Param: DDR3_CS_MAP ==> 120'h000_000_000_000_000_000_000_000_000_000
MIG: 09:18:19 :  Invalid Param: DDR3_PARITY_MAP ==> 12'h000
MIG: 09:18:19 :  Invalid Param: DDR3_RAS_MAP ==> 12'h136
MIG: 09:18:19 :  Invalid Param: DDR3_WE_MAP ==> 12'h129
MIG: 09:18:19 :  Invalid Param: DDR3_DQS_BYTE_MAP ==> 144'h00_00_00_00_00_00_00_00_00_00_00_00_00_00_00_01_02_03
MIG: 09:18:19 :  Invalid Param: DDR3_DATA0_MAP ==> 96'h034_036_032_038_031_039_035_037
MIG: 09:18:19 :  Invalid Param: DDR3_DATA1_MAP ==> 96'h026_023_024_025_020_021_027_029
MIG: 09:18:19 :  Invalid Param: DDR3_DATA2_MAP ==> 96'h017_018_014_016_010_012_015_019
MIG: 09:18:19 :  Invalid Param: DDR3_DATA3_MAP ==> 96'h004_001_009_000_002_005_007_006
MIG: 09:18:19 :  Invalid Param: DDR3_DATA4_MAP ==> 96'h000_000_000_000_000_000_000_000
MIG: 09:18:19 :  Invalid Param: DDR3_DATA5_MAP ==> 96'h000_000_000_000_000_000_000_000
MIG: 09:18:19 :  Invalid Param: DDR3_DATA6_MAP ==> 96'h000_000_000_000_000_000_000_000
MIG: 09:18:19 :  Invalid Param: DDR3_DATA7_MAP ==> 96'h000_000_000_000_000_000_000_000
MIG: 09:18:19 :  Invalid Param: DDR3_DATA8_MAP ==> 96'h000_000_000_000_000_000_000_000
MIG: 09:18:19 :  Invalid Param: DDR3_DATA9_MAP ==> 96'h000_000_000_000_000_000_000_000
MIG: 09:18:19 :  Invalid Param: DDR3_DATA10_MAP ==> 96'h000_000_000_000_000_000_000_000
MIG: 09:18:19 :  Invalid Param: DDR3_DATA11_MAP ==> 96'h000_000_000_000_000_000_000_000
MIG: 09:18:19 :  Invalid Param: DDR3_DATA12_MAP ==> 96'h000_000_000_000_000_000_000_000
MIG: 09:18:19 :  Invalid Param: DDR3_DATA13_MAP ==> 96'h000_000_000_000_000_000_000_000
MIG: 09:18:19 :  Invalid Param: DDR3_DATA14_MAP ==> 96'h000_000_000_000_000_000_000_000
MIG: 09:18:19 :  Invalid Param: DDR3_DATA15_MAP ==> 96'h000_000_000_000_000_000_000_000
MIG: 09:18:19 :  Invalid Param: DDR3_DATA16_MAP ==> 96'h000_000_000_000_000_000_000_000
MIG: 09:18:19 :  Invalid Param: DDR3_DATA17_MAP ==> 96'h000_000_000_000_000_000_000_000
MIG: 09:18:19 :  Invalid Param: DDR3_MASK0_MAP ==> 108'h000_000_000_000_000_003_011_022_033
MIG: 09:18:19 :  Invalid Param: DDR3_MASK1_MAP ==> 108'h000_000_000_000_000_000_000_000_000
MIG: 09:18:19 :  Invalid Param: DDR3_SLOT_0_CONFIG ==> 8'b0000_0001
MIG: 09:18:19 :  Invalid Param: DDR3_SLOT_1_CONFIG ==> 8'b0000_0000
MIG: 09:18:19 :  Invalid Param: DDR3_IBUF_LPWR_MODE ==> "OFF"
MIG: 09:18:19 :  Invalid Param: DDR3_DATA_IO_IDLE_PWRDWN ==> "ON"
MIG: 09:18:19 :  Invalid Param: DDR3_BANK_TYPE ==> "HR_IO"
MIG: 09:18:19 :  Invalid Param: DDR3_DATA_IO_PRIM_TYPE ==> "HR_LP"
MIG: 09:18:19 :  Invalid Param: DDR3_CKE_ODT_AUX ==> "FALSE"
MIG: 09:18:19 :  Invalid Param: DDR3_USER_REFRESH ==> "OFF"
MIG: 09:18:19 :  Invalid Param: DDR3_WRLVL ==> "ON"
MIG: 09:18:19 :  Invalid Param: DDR3_ORDERING ==> "STRICT"
MIG: 09:18:19 :  Invalid Param: DDR3_CALIB_ROW_ADD ==> 16'h0000
MIG: 09:18:19 :  Invalid Param: DDR3_CALIB_COL_ADD ==> 12'h000
MIG: 09:18:19 :  Invalid Param: DDR3_CALIB_BA_ADD ==> 3'h0
MIG: 09:18:19 :  Invalid Param: DDR3_TCQ ==> 100
MIG: 09:18:19 :  Invalid Param: DDR3_IDELAY_ADJ ==> "OFF"
MIG: 09:18:19 :  Invalid Param: DDR3_FINE_PER_BIT ==> "OFF"
MIG: 09:18:19 :  Invalid Param: DDR3_CENTER_COMP_MODE ==> "OFF"
MIG: 09:18:19 :  Invalid Param: DDR3_PI_VAL_ADJ ==> "OFF"
MIG: 09:18:19 :  Invalid Param: DDR3_IODELAY_GRP0 ==> "MIG_7SERIES_1_IODELAY_MIG0"
MIG: 09:18:19 :  Invalid Param: DDR3_IODELAY_GRP1 ==> "MIG_7SERIES_1_IODELAY_MIG1"
MIG: 09:18:19 :  Invalid Param: DDR3_SYSCLK_TYPE ==> "NO_BUFFER"
MIG: 09:18:19 :  Invalid Param: DDR3_REFCLK_TYPE ==> "USE_SYSTEM_CLOCK"
MIG: 09:18:19 :  Invalid Param: DDR3_SYS_RST_PORT ==> "FALSE"
MIG: 09:18:19 :  Invalid Param: DDR3_FPGA_SPEED_GRADE ==> 2
MIG: 09:18:19 :  Invalid Param: DDR3_CMD_PIPE_PLUS1 ==> "ON"
MIG: 09:18:19 :  Invalid Param: DDR3_DRAM_TYPE ==> "DDR3"
MIG: 09:18:19 :  Invalid Param: DDR3_CAL_WIDTH ==> "HALF"
MIG: 09:18:19 :  Invalid Param: DDR3_STARVE_LIMIT ==> 2
MIG: 09:18:19 :  Invalid Param: DDR3_REF_CLK_MMCM_IODELAY_CTRL ==> "FALSE"
MIG: 09:18:19 :  Invalid Param: DDR3_REFCLK_FREQ ==> 200.0
MIG: 09:18:19 :  Invalid Param: DDR3_DIFF_TERM_REFCLK ==> "TRUE"
MIG: 09:18:19 :  Invalid Param: DDR3_tCK ==> 2500
MIG: 09:18:19 : 
MIG: 09:18:19 :  Valid Param: DDR3_nCK_PER_CLK ==> 4
MIG: 09:18:19 :  Invalid Param: DDR3_DIFF_TERM_SYSCLK ==> "TRUE"
MIG: 09:18:19 : 
MIG: 09:18:19 :  Valid Param: DDR3_DEBUG_PORT ==> OFF
MIG: 09:18:19 : 
MIG: 09:18:19 :  Invalid Param: DDR3_TEMP_MON_CONTROL ==> "INTERNAL"
MIG: 09:18:19 :  Invalid Param: DDR3_FPGA_VOLT_TYPE ==> "N"
MIG: 09:18:19 :  Invalid Param: DDR3_RST_ACT_LOW ==> 1
MIG: 09:18:19 : 
MIG: 09:18:19 : 
MIG: 09:18:19 : 
MIG: 09:18:19 : Same Interface
MIG: 09:18:20 : Running synthesis.xit
MIG: 09:18:20 : IGN:     <ModuleName>mig_7series_0</ModuleName> <==>     <ModuleName>mig_7series_1</ModuleName> 
MIG: 09:18:20 : IGN:         <InputClkFreq>200</InputClkFreq> <==>         <InputClkFreq>200</InputClkFreq> 
MIG: 09:18:20 : Running vlog_synth_rpr.xit
MIG: 09:18:20 : IGN:     <ModuleName>mig_7series_0</ModuleName> <==>     <ModuleName>mig_7series_1</ModuleName> 
MIG: 09:18:20 : IGN:         <InputClkFreq>200</InputClkFreq> <==>         <InputClkFreq>200</InputClkFreq> 
MIG: 09:18:20 : Running implementation.xit
MIG: 09:18:20 : IGN:     <ModuleName>mig_7series_0</ModuleName> <==>     <ModuleName>mig_7series_1</ModuleName> 
MIG: 09:18:20 : IGN:         <InputClkFreq>200</InputClkFreq> <==>         <InputClkFreq>200</InputClkFreq> 
