Model Technology ModelSim SE-64 vlog 10.2c Compiler 2013.07 Jul 19 2013
-- Compiling interface axi4stream_vip_axi4streampc
-- Compiling interface axi_vip_axi4pc
-- Compiling package xil_common_vip_pkg
-- Compiling package axi4stream_vip_pkg
-- Importing package xil_common_vip_pkg
-- Compiling package axi_vip_pkg
-- Compiling interface axi4stream_vip_if
-- Compiling package axi4stream_vip_if_sv_unit
-- Importing package axi4stream_vip_pkg
-- Importing package xil_common_vip_pkg
-- Compiling interface axi4stream_vip_if
-- Compiling interface axi_vip_if
-- Compiling package axi_vip_if_sv_unit
-- Importing package axi_vip_pkg
-- Importing package xil_common_vip_pkg
-- Compiling interface axi_vip_if
-- Compiling interface clk_vip_if
-- Compiling interface rst_vip_if

Top level modules:
	--none--
