Model Technology ModelSim SE-64 vlog 10.2c Compiler 2013.07 Jul 19 2013
-- Compiling module axi_interconnect_v1_7_14_a_axi3_conv
-- Compiling module axi_interconnect_v1_7_14_addr_arbiter_sasd
-- Compiling module axi_interconnect_v1_7_14_addr_arbiter
-- Compiling module axi_interconnect_v1_7_14_addr_decoder
-- Compiling module axi_interconnect_v1_7_14_a_downsizer
-- Compiling module axi_interconnect_v1_7_14_arbiter_resp
-- Compiling module axi_interconnect_v1_7_14_a_upsizer
-- Compiling module axi_interconnect_v1_7_14_axi3_conv
-- Compiling module axi_interconnect_v1_7_14_axic_fifo
-- Compiling module axi_interconnect_v1_7_14_axi_clock_converter
-- Compiling module axi_interconnect_v1_7_14_axic_register_slice
-- Compiling module axi_interconnect_v1_7_14_axic_reg_srl_fifo
-- Compiling module axi_interconnect_v1_7_14_axi_crossbar
-- Compiling module axi_interconnect_v1_7_14_axic_srl_fifo
-- Compiling module axi_interconnect_v1_7_14_axi_data_fifo
-- Compiling module axi_interconnect_v1_7_14_axi_downsizer
-- Compiling module axi_interconnect_v1_7_14_axilite_conv
-- Compiling module axi_interconnect_v1_7_14_axi_protocol_converter
-- Compiling module axi_interconnect_v1_7_14_axi_register_slice
-- Compiling module axi_interconnect_v1_7_14_axi_upsizer
-- Compiling module axi_interconnect_v1_7_14_b_downsizer
-- Compiling module axi_interconnect_v1_7_14_carry_and
-- Compiling module axi_interconnect_v1_7_14_carry_latch_and
-- Compiling module axi_interconnect_v1_7_14_carry_latch_or
-- Compiling module axi_interconnect_v1_7_14_carry_or
-- Compiling module axi_interconnect_v1_7_14_carry
-- Compiling module axi_interconnect_v1_7_14_command_fifo
-- Compiling module axi_interconnect_v1_7_14_comparator_mask_static
-- Compiling module axi_interconnect_v1_7_14_comparator_mask
-- Compiling module axi_interconnect_v1_7_14_comparator_sel_mask_static
-- Compiling module axi_interconnect_v1_7_14_comparator_sel_mask
-- Compiling module axi_interconnect_v1_7_14_comparator_sel_static
-- Compiling module axi_interconnect_v1_7_14_comparator_sel
-- Compiling module axi_interconnect_v1_7_14_comparator_static
-- Compiling module axi_interconnect_v1_7_14_comparator
-- Compiling module axi_interconnect_v1_7_14_converter_bank
-- Compiling module axi_interconnect_v1_7_14_crossbar_sasd
-- Compiling module axi_interconnect_v1_7_14_crossbar
-- Compiling module axi_interconnect_v1_7_14_data_fifo_bank
-- Compiling module axi_interconnect_v1_7_14_decerr_slave
-- Compiling module axi_interconnect_v1_7_14_fifo_gen
-- Compiling module axi_interconnect_v1_7_14_mux_enc
-- Compiling module axi_interconnect_v1_7_14_mux
-- Compiling module axi_interconnect_v1_7_14_ndeep_srl
-- Compiling module axi_interconnect_v1_7_14_nto1_mux
-- Compiling module axi_interconnect_v1_7_14_protocol_conv_bank
-- Compiling module axi_interconnect_v1_7_14_r_axi3_conv
-- Compiling module axi_interconnect_v1_7_14_r_downsizer
-- Compiling module axi_interconnect_v1_7_14_register_slice_bank
-- Compiling module axi_interconnect_v1_7_14_r_upsizer
-- Compiling module axi_interconnect_v1_7_14_si_transactor
-- Compiling module axi_interconnect_v1_7_14_splitter
-- Compiling module axi_interconnect_v1_7_14_w_axi3_conv
-- Compiling module axi_interconnect_v1_7_14_wdata_mux
-- Compiling module axi_interconnect_v1_7_14_wdata_router
-- Compiling module axi_interconnect_v1_7_14_w_downsizer
-- Compiling module axi_interconnect_v1_7_14_w_upsizer
-- Compiling module axi_interconnect_v1_7_14_axic_sample_cycle_ratio
-- Compiling module axi_interconnect_v1_7_14_axic_sync_clock_converter
-- Compiling module axi_interconnect_v1_7_14_axi_interconnect
-- Compiling module axi_interconnect_v1_7_14_top

Top level modules:
	axi_interconnect_v1_7_14_carry
	axi_interconnect_v1_7_14_comparator_mask_static
	axi_interconnect_v1_7_14_comparator_mask
	axi_interconnect_v1_7_14_comparator_sel_mask_static
	axi_interconnect_v1_7_14_comparator_sel_mask
	axi_interconnect_v1_7_14_top
