Model Technology ModelSim SE-64 vlog 10.2c Compiler 2013.07 Jul 19 2013
-- Compiling module axi_traffic_gen_v2_0_18_asynch_rst_ff
-- Compiling module axi_traffic_gen_v2_0_18_slvram_v7
-- Compiling module axi_traffic_gen_v2_0_18_regslice
-- Compiling module axi_traffic_gen_v2_0_18_inferram
-- Compiling module axi_traffic_gen_v2_0_18_randgen
-- Compiling module axi_traffic_gen_v2_0_18_id_track
-- Compiling module axi_traffic_gen_v2_0_18_ex_fifo
-- Compiling module axi_traffic_gen_v2_0_18_cmdram
-- Compiling module axi_traffic_gen_v2_0_18_addrgen
-- Compiling module axi_traffic_gen_v2_0_18_s_w_channel
-- Compiling module axi_traffic_gen_v2_0_18_s_r_channel
-- Compiling module axi_traffic_gen_v2_0_18_sharedram_wrap
-- Compiling module axi_traffic_gen_v2_0_18_registers
-- Compiling module axi_traffic_gen_v2_0_18_paramram_wrap
-- Compiling module axi_traffic_gen_v2_0_18_paramram_64_wrap
-- Compiling module axi_traffic_gen_v2_0_18_addrram_wrap
-- Compiling module axi_traffic_gen_v2_0_18_m_w_channel
-- Compiling module axi_traffic_gen_v2_0_18_m_r_channel
-- Compiling module axi_traffic_gen_v2_0_18_cmdram_wrap
-- Compiling module axi_traffic_gen_v2_0_18_static_regblk
-- Compiling module axi_traffic_gen_v2_0_18_static_cmdgen
-- Compiling module axi_traffic_gen_v2_0_18_static_mrdwr
-- Compiling module axi_traffic_gen_v2_0_18_static_top
-- Compiling module axi_traffic_gen_v2_0_18_slave_only_top
-- Compiling module axi_traffic_gen_v2_0_18_basic_n_full_top
-- Compiling module axi_traffic_gen_v2_0_18_axis_fifo
-- Compiling module axi_traffic_gen_v2_0_18_streaming_top
-- Compiling module axi_traffic_gen_v2_0_18_systeminit_dmg
-- Compiling module axi_traffic_gen_v2_0_18_systeminit_mrdwr
-- Compiling module axi_traffic_gen_v2_0_18_systeminit_top
-- Compiling module axi_traffic_gen_v2_0_18_top

Top level modules:
	axi_traffic_gen_v2_0_18_top
