Model Technology ModelSim SE-64 vlog 10.2c Compiler 2013.07 Jul 19 2013
-- Compiling module zynq_ultra_ps_e_vip_v1_0_3_arb_wr
-- Compiling module zynq_ultra_ps_e_vip_v1_0_3_arb_rd
-- Compiling module zynq_ultra_ps_e_vip_v1_0_3_arb_wr_6
-- Compiling module zynq_ultra_ps_e_vip_v1_0_3_arb_rd_6
-- Compiling module zynq_ultra_ps_e_vip_v1_0_3_arb_rd_wr
-- Compiling module zynq_ultra_ps_e_vip_v1_0_3_sparse_mem
-- Compiling module zynq_ultra_ps_e_vip_v1_0_3_reg_map
-- Compiling module zynq_ultra_ps_e_vip_v1_0_3_ocm_mem
-- Compiling module zynq_ultra_ps_e_vip_v1_0_3_regc
-- Compiling module zynq_ultra_ps_e_vip_v1_0_3_ocmc
-- Compiling module zynq_ultra_ps_e_vip_v1_0_3_interconnect_model
-- Compiling module zynq_ultra_ps_e_vip_v1_0_3_ddr_interconnect_model
-- Compiling module zynq_ultra_ps_e_vip_v1_0_3_gen_reset
-- Compiling module zynq_ultra_ps_e_vip_v1_0_3_gen_clock
-- Compiling module zynq_ultra_ps_e_vip_v1_0_3_ddrc
-- Compiling package zynq_ultra_ps_e_vip_v1_0_vl_rfs_sv_unit
-- Importing package xilinx_vip.axi_vip_pkg
-- Importing package xilinx_vip.xil_common_vip_pkg
-- Compiling module zynq_ultra_ps_e_vip_v1_0_3_axi_slave
-- Compiling module zynq_ultra_ps_e_vip_v1_0_3_axi_slave_acp
-- Compiling module zynq_ultra_ps_e_vip_v1_0_3_axi_master
-- Compiling module zynq_ultra_ps_e_vip_v1_0_3

Top level modules:
	zynq_ultra_ps_e_vip_v1_0_3
