
*** Running vivado
    with args -log top.vds -m64 -product Vivado -mode batch -messageDb vivado.pb -notrace -source top.tcl


****** Vivado v2018.2 (64-bit)
  **** SW Build 2258646 on Thu Jun 14 20:03:12 MDT 2018
  **** IP Build 2256618 on Thu Jun 14 22:10:49 MDT 2018
    ** Copyright 1986-2018 Xilinx, Inc. All Rights Reserved.

source top.tcl -notrace
source D:/fpga/usefulTCL/SynthesisStart.tcl
HTTP/1.1 200 OK
Server: nginx/1.12.2
Date: Sat, 18 Aug 2018 04:54:19 GMT
Content-Type: application/json
Content-Length: 271
Connection: keep-alive
Access-Control-Allow-Origin: *
Access-Control-Allow-Methods: GET, POST, OPTIONS
Access-Control-Expose-Headers: Content-Length,Content-Type,Date,Server,Connection
Strict-Transport-Security: max-age=31536000; includeSubdomains

{"ok":true,"result":{"message_id":665,"from":{"id":631376709,"is_bot":true,"first_name":"programBot","username":"feilong_pro_bot"},"chat":{"id":369768837,"first_name":"Cirno","username":"CirnoFeilong","type":"private"},"date":1534568059,"text":"Vivado Synthesis Start!"}}HTTP/1.1 200 OK
Server: nginx/1.12.2
Date: Sat, 18 Aug 2018 04:54:21 GMT
Content-Type: application/json
Content-Length: 106
Connection: keep-alive
Access-Control-Allow-Origin: *
Access-Control-Allow-Methods: GET, POST, OPTIONS
Access-Control-Expose-Headers: Content-Length,Content-Type,Date,Server,Connection
Strict-Transport-Security: max-age=31536000; includeSubdomains

{"ok":true,"result":{"id":631376709,"is_bot":true,"first_name":"programBot","username":"feilong_pro_bot"}}Command: synth_design -top top -part xc7a100tfgg484-2
Starting synth_design
Attempting to get a license for feature 'Synthesis' and/or device 'xc7a100t'
INFO: [Common 17-349] Got license for feature 'Synthesis' and/or device 'xc7a100t'
INFO: Launching helper process for spawning children vivado processes
INFO: Helper process launched with PID 84916 
---------------------------------------------------------------------------------
Starting RTL Elaboration : Time (s): cpu = 00:00:04 ; elapsed = 00:00:03 . Memory (MB): peak = 387.270 ; gain = 91.016
---------------------------------------------------------------------------------
INFO: [Synth 8-6157] synthesizing module 'top' [D:/fpga/25_uart_send_pic_to_hdmi_version_two/project/project.srcs/sources_1/new/top.v:75]
INFO: [Synth 8-6157] synthesizing module 'bit8to256' [D:/fpga/25_uart_send_pic_to_hdmi_version_two/project/project.srcs/sources_1/new/bit8to256.v:6]
INFO: [Synth 8-6155] done synthesizing module 'bit8to256' (1#1) [D:/fpga/25_uart_send_pic_to_hdmi_version_two/project/project.srcs/sources_1/new/bit8to256.v:6]
INFO: [Synth 8-6157] synthesizing module 'clk_wiz_0' [D:/fpga/25_uart_send_pic_to_hdmi_version_two/project/project.runs/synth_4/.Xil/Vivado-53812-DESKTOP-B3SJCBK/realtime/clk_wiz_0_stub.v:5]
INFO: [Synth 8-6155] done synthesizing module 'clk_wiz_0' (2#1) [D:/fpga/25_uart_send_pic_to_hdmi_version_two/project/project.runs/synth_4/.Xil/Vivado-53812-DESKTOP-B3SJCBK/realtime/clk_wiz_0_stub.v:5]
WARNING: [Synth 8-350] instance 'clk_wiz_inst' of module 'clk_wiz_0' requires 5 connections, but only 4 given [D:/fpga/25_uart_send_pic_to_hdmi_version_two/project/project.srcs/sources_1/new/top.v:164]
INFO: [Synth 8-6157] synthesizing module 'mig_7series_1' [D:/fpga/25_uart_send_pic_to_hdmi_version_two/project/project.runs/synth_4/.Xil/Vivado-53812-DESKTOP-B3SJCBK/realtime/mig_7series_1_stub.v:5]
INFO: [Synth 8-6155] done synthesizing module 'mig_7series_1' (3#1) [D:/fpga/25_uart_send_pic_to_hdmi_version_two/project/project.runs/synth_4/.Xil/Vivado-53812-DESKTOP-B3SJCBK/realtime/mig_7series_1_stub.v:5]
WARNING: [Synth 8-350] instance 'u_mig_7series_inst' of module 'mig_7series_1' requires 40 connections, but only 35 given [D:/fpga/25_uart_send_pic_to_hdmi_version_two/project/project.srcs/sources_1/new/top.v:183]
INFO: [Synth 8-6157] synthesizing module 'uartaddr' [D:/fpga/25_uart_send_pic_to_hdmi_version_two/project/project.srcs/sources_1/new/uartddr.v:2]
	Parameter Length bound to: 10 - type: integer 
	Parameter Status_Idle bound to: 5'b00001 
	Parameter Status_Write_DDR bound to: 5'b00010 
	Parameter Status_READ_DDR bound to: 5'b00100 
	Parameter Status_READ_END bound to: 5'b01000 
	Parameter Status_Err bound to: 5'b10000 
	Parameter RS_SEND_CMD bound to: 6'b000001 
	Parameter RS_WAIT_DATA bound to: 6'b000010 
	Parameter RS_PRE_UART bound to: 6'b000100 
	Parameter RS_TX_TRIG bound to: 6'b001000 
	Parameter RS_FIN bound to: 6'b010000 
	Parameter WS_WAIT_RX bound to: 5'b00001 
	Parameter WS_CACHE_DATA bound to: 5'b00010 
	Parameter WS_TRIG_CMD bound to: 5'b00100 
	Parameter WS_FIN bound to: 5'b01000 
	Parameter rdTimeLim bound to: 100 - type: integer 
WARNING: [Synth 8-6014] Unused sequential element rdTime_reg was removed.  [D:/fpga/25_uart_send_pic_to_hdmi_version_two/project/project.srcs/sources_1/new/uartddr.v:164]
WARNING: [Synth 8-5788] Register app_cmd_reg in module uartaddr is has both Set and reset with same priority. This may cause simulation mismatches. Consider rewriting code  [D:/fpga/25_uart_send_pic_to_hdmi_version_two/project/project.srcs/sources_1/new/uartddr.v:119]
WARNING: [Synth 8-5788] Register writeStatus_reg in module uartaddr is has both Set and reset with same priority. This may cause simulation mismatches. Consider rewriting code  [D:/fpga/25_uart_send_pic_to_hdmi_version_two/project/project.srcs/sources_1/new/uartddr.v:120]
WARNING: [Synth 8-5788] Register readStatus_reg in module uartaddr is has both Set and reset with same priority. This may cause simulation mismatches. Consider rewriting code  [D:/fpga/25_uart_send_pic_to_hdmi_version_two/project/project.srcs/sources_1/new/uartddr.v:151]
WARNING: [Synth 8-5788] Register recvDataTemp_reg in module uartaddr is has both Set and reset with same priority. This may cause simulation mismatches. Consider rewriting code  [D:/fpga/25_uart_send_pic_to_hdmi_version_two/project/project.srcs/sources_1/new/uartddr.v:162]
WARNING: [Synth 8-5788] Register uart_tx_data_reg in module uartaddr is has both Set and reset with same priority. This may cause simulation mismatches. Consider rewriting code  [D:/fpga/25_uart_send_pic_to_hdmi_version_two/project/project.srcs/sources_1/new/uartddr.v:174]
WARNING: [Synth 8-5788] Register uart_tx_en_reg in module uartaddr is has both Set and reset with same priority. This may cause simulation mismatches. Consider rewriting code  [D:/fpga/25_uart_send_pic_to_hdmi_version_two/project/project.srcs/sources_1/new/uartddr.v:183]
WARNING: [Synth 8-5788] Register trigedrx_reg in module uartaddr is has both Set and reset with same priority. This may cause simulation mismatches. Consider rewriting code  [D:/fpga/25_uart_send_pic_to_hdmi_version_two/project/project.srcs/sources_1/new/uartddr.v:185]
INFO: [Synth 8-6155] done synthesizing module 'uartaddr' (4#1) [D:/fpga/25_uart_send_pic_to_hdmi_version_two/project/project.srcs/sources_1/new/uartddr.v:2]
WARNING: [Synth 8-350] instance 'uartaddr_inst' of module 'uartaddr' requires 17 connections, but only 16 given [D:/fpga/25_uart_send_pic_to_hdmi_version_two/project/project.srcs/sources_1/new/top.v:238]
INFO: [Synth 8-6157] synthesizing module 'uart_rx_path' [D:/fpga/25_uart_send_pic_to_hdmi_version_two/project/project.srcs/sources_1/new/uart_rx_path.v:3]
	Parameter CLKSPEED bound to: 100000000 - type: integer 
	Parameter BANDRATE bound to: 115200 - type: integer 
	Parameter BAUD_DIV bound to: 13'b0001101100100 
	Parameter BAUD_DIV_CAP bound to: 13'b0000110110010 
INFO: [Synth 8-226] default block is never used [D:/fpga/25_uart_send_pic_to_hdmi_version_two/project/project.srcs/sources_1/new/uart_rx_path.v:53]
INFO: [Synth 8-6155] done synthesizing module 'uart_rx_path' (5#1) [D:/fpga/25_uart_send_pic_to_hdmi_version_two/project/project.srcs/sources_1/new/uart_rx_path.v:3]
WARNING: [Synth 8-350] instance 'uart_rx_path_u' of module 'uart_rx_path' requires 5 connections, but only 4 given [D:/fpga/25_uart_send_pic_to_hdmi_version_two/project/project.srcs/sources_1/new/top.v:258]
INFO: [Synth 8-6157] synthesizing module 'uart_tx_path' [D:/fpga/25_uart_send_pic_to_hdmi_version_two/project/project.srcs/sources_1/new/uart_tx_path.v:4]
	Parameter CLKSPEED bound to: 100000000 - type: integer 
	Parameter BANDRATE bound to: 115200 - type: integer 
	Parameter BAUD_DIV bound to: 13'b0001101100100 
	Parameter BAUD_DIV_CAP bound to: 13'b0000110110010 
INFO: [Synth 8-6155] done synthesizing module 'uart_tx_path' (6#1) [D:/fpga/25_uart_send_pic_to_hdmi_version_two/project/project.srcs/sources_1/new/uart_tx_path.v:4]
WARNING: [Synth 8-3848] Net tg_compare_error in module/entity top does not have driver. [D:/fpga/25_uart_send_pic_to_hdmi_version_two/project/project.srcs/sources_1/new/top.v:109]
INFO: [Synth 8-6155] done synthesizing module 'top' (7#1) [D:/fpga/25_uart_send_pic_to_hdmi_version_two/project/project.srcs/sources_1/new/top.v:75]
WARNING: [Synth 8-3331] design uartaddr has unconnected port uartdata[7]
WARNING: [Synth 8-3331] design uartaddr has unconnected port uartdata[6]
WARNING: [Synth 8-3331] design uartaddr has unconnected port uartdata[5]
WARNING: [Synth 8-3331] design uartaddr has unconnected port uartdata[4]
WARNING: [Synth 8-3331] design uartaddr has unconnected port uartdata[3]
WARNING: [Synth 8-3331] design uartaddr has unconnected port uartdata[2]
WARNING: [Synth 8-3331] design uartaddr has unconnected port uartdata[1]
WARNING: [Synth 8-3331] design uartaddr has unconnected port uartdata[0]
WARNING: [Synth 8-3331] design top has unconnected port tg_compare_error
WARNING: [Synth 8-3331] design top has unconnected port sys_rst
---------------------------------------------------------------------------------
Finished RTL Elaboration : Time (s): cpu = 00:00:05 ; elapsed = 00:00:05 . Memory (MB): peak = 441.098 ; gain = 144.844
---------------------------------------------------------------------------------

Report Check Netlist: 
+------+------------------+-------+---------+-------+------------------+
|      |Item              |Errors |Warnings |Status |Description       |
+------+------------------+-------+---------+-------+------------------+
|1     |multi_driven_nets |      0|        0|Passed |Multi driven nets |
+------+------------------+-------+---------+-------+------------------+
---------------------------------------------------------------------------------
Start Handling Custom Attributes
---------------------------------------------------------------------------------
---------------------------------------------------------------------------------
Finished Handling Custom Attributes : Time (s): cpu = 00:00:05 ; elapsed = 00:00:05 . Memory (MB): peak = 441.098 ; gain = 144.844
---------------------------------------------------------------------------------
---------------------------------------------------------------------------------
Finished RTL Optimization Phase 1 : Time (s): cpu = 00:00:05 ; elapsed = 00:00:05 . Memory (MB): peak = 441.098 ; gain = 144.844
---------------------------------------------------------------------------------
INFO: [Device 21-403] Loading part xc7a100tfgg484-2
INFO: [Project 1-570] Preparing netlist for logic optimization

Processing XDC Constraints
Initializing timing engine
Parsing XDC File [d:/fpga/25_uart_send_pic_to_hdmi_version_two/project/project.srcs/sources_1/ip/mig_7series_1/mig_7series_1/mig_7series_1_in_context.xdc] for cell 'u_mig_7series_inst'
Finished Parsing XDC File [d:/fpga/25_uart_send_pic_to_hdmi_version_two/project/project.srcs/sources_1/ip/mig_7series_1/mig_7series_1/mig_7series_1_in_context.xdc] for cell 'u_mig_7series_inst'
Parsing XDC File [d:/fpga/25_uart_send_pic_to_hdmi_version_two/project/project.srcs/sources_1/ip/clk_wiz_0/clk_wiz_0/clk_wiz_0_in_context.xdc] for cell 'clk_wiz_inst'
Finished Parsing XDC File [d:/fpga/25_uart_send_pic_to_hdmi_version_two/project/project.srcs/sources_1/ip/clk_wiz_0/clk_wiz_0/clk_wiz_0_in_context.xdc] for cell 'clk_wiz_inst'
Parsing XDC File [D:/fpga/25_uart_send_pic_to_hdmi_version_two/project/project.srcs/constrs_1/new/pin.xdc]
Finished Parsing XDC File [D:/fpga/25_uart_send_pic_to_hdmi_version_two/project/project.srcs/constrs_1/new/pin.xdc]
INFO: [Project 1-236] Implementation specific constraints were found while reading constraint file [D:/fpga/25_uart_send_pic_to_hdmi_version_two/project/project.srcs/constrs_1/new/pin.xdc]. These constraints will be ignored for synthesis but will be used in implementation. Impacted constraints are listed in the file [.Xil/top_propImpl.xdc].
Resolution: To avoid this warning, move constraints listed in [.Xil/top_propImpl.xdc] to another XDC file and exclude this new file from synthesis with the used_in_synthesis property (File Properties dialog in GUI) and re-run elaboration/synthesis.
Completed Processing XDC Constraints

INFO: [Project 1-111] Unisim Transformation Summary:
No Unisim elements were transformed.

Constraint Validation Runtime : Time (s): cpu = 00:00:00 ; elapsed = 00:00:00.009 . Memory (MB): peak = 808.070 ; gain = 0.000
---------------------------------------------------------------------------------
Finished Constraint Validation : Time (s): cpu = 00:00:21 ; elapsed = 00:00:23 . Memory (MB): peak = 808.070 ; gain = 511.816
---------------------------------------------------------------------------------
---------------------------------------------------------------------------------
Start Loading Part and Timing Information
---------------------------------------------------------------------------------
Loading part: xc7a100tfgg484-2
---------------------------------------------------------------------------------
Finished Loading Part and Timing Information : Time (s): cpu = 00:00:21 ; elapsed = 00:00:23 . Memory (MB): peak = 808.070 ; gain = 511.816
---------------------------------------------------------------------------------
---------------------------------------------------------------------------------
Start Applying 'set_property' XDC Constraints
---------------------------------------------------------------------------------
Applied set_property IO_BUFFER_TYPE = NONE for ddr3_addr[0]. (constraint file  d:/fpga/25_uart_send_pic_to_hdmi_version_two/project/project.srcs/sources_1/ip/mig_7series_1/mig_7series_1/mig_7series_1_in_context.xdc, line 2).
Applied set_property CLOCK_BUFFER_TYPE = NONE for ddr3_addr[0]. (constraint file  d:/fpga/25_uart_send_pic_to_hdmi_version_two/project/project.srcs/sources_1/ip/mig_7series_1/mig_7series_1/mig_7series_1_in_context.xdc, line 3).
Applied set_property IO_BUFFER_TYPE = NONE for ddr3_addr[10]. (constraint file  d:/fpga/25_uart_send_pic_to_hdmi_version_two/project/project.srcs/sources_1/ip/mig_7series_1/mig_7series_1/mig_7series_1_in_context.xdc, line 4).
Applied set_property CLOCK_BUFFER_TYPE = NONE for ddr3_addr[10]. (constraint file  d:/fpga/25_uart_send_pic_to_hdmi_version_two/project/project.srcs/sources_1/ip/mig_7series_1/mig_7series_1/mig_7series_1_in_context.xdc, line 5).
Applied set_property IO_BUFFER_TYPE = NONE for ddr3_addr[11]. (constraint file  d:/fpga/25_uart_send_pic_to_hdmi_version_two/project/project.srcs/sources_1/ip/mig_7series_1/mig_7series_1/mig_7series_1_in_context.xdc, line 6).
Applied set_property CLOCK_BUFFER_TYPE = NONE for ddr3_addr[11]. (constraint file  d:/fpga/25_uart_send_pic_to_hdmi_version_two/project/project.srcs/sources_1/ip/mig_7series_1/mig_7series_1/mig_7series_1_in_context.xdc, line 7).
Applied set_property IO_BUFFER_TYPE = NONE for ddr3_addr[12]. (constraint file  d:/fpga/25_uart_send_pic_to_hdmi_version_two/project/project.srcs/sources_1/ip/mig_7series_1/mig_7series_1/mig_7series_1_in_context.xdc, line 8).
Applied set_property CLOCK_BUFFER_TYPE = NONE for ddr3_addr[12]. (constraint file  d:/fpga/25_uart_send_pic_to_hdmi_version_two/project/project.srcs/sources_1/ip/mig_7series_1/mig_7series_1/mig_7series_1_in_context.xdc, line 9).
Applied set_property IO_BUFFER_TYPE = NONE for ddr3_addr[13]. (constraint file  d:/fpga/25_uart_send_pic_to_hdmi_version_two/project/project.srcs/sources_1/ip/mig_7series_1/mig_7series_1/mig_7series_1_in_context.xdc, line 10).
Applied set_property CLOCK_BUFFER_TYPE = NONE for ddr3_addr[13]. (constraint file  d:/fpga/25_uart_send_pic_to_hdmi_version_two/project/project.srcs/sources_1/ip/mig_7series_1/mig_7series_1/mig_7series_1_in_context.xdc, line 11).
Applied set_property IO_BUFFER_TYPE = NONE for ddr3_addr[1]. (constraint file  d:/fpga/25_uart_send_pic_to_hdmi_version_two/project/project.srcs/sources_1/ip/mig_7series_1/mig_7series_1/mig_7series_1_in_context.xdc, line 12).
Applied set_property CLOCK_BUFFER_TYPE = NONE for ddr3_addr[1]. (constraint file  d:/fpga/25_uart_send_pic_to_hdmi_version_two/project/project.srcs/sources_1/ip/mig_7series_1/mig_7series_1/mig_7series_1_in_context.xdc, line 13).
Applied set_property IO_BUFFER_TYPE = NONE for ddr3_addr[2]. (constraint file  d:/fpga/25_uart_send_pic_to_hdmi_version_two/project/project.srcs/sources_1/ip/mig_7series_1/mig_7series_1/mig_7series_1_in_context.xdc, line 14).
Applied set_property CLOCK_BUFFER_TYPE = NONE for ddr3_addr[2]. (constraint file  d:/fpga/25_uart_send_pic_to_hdmi_version_two/project/project.srcs/sources_1/ip/mig_7series_1/mig_7series_1/mig_7series_1_in_context.xdc, line 15).
Applied set_property IO_BUFFER_TYPE = NONE for ddr3_addr[3]. (constraint file  d:/fpga/25_uart_send_pic_to_hdmi_version_two/project/project.srcs/sources_1/ip/mig_7series_1/mig_7series_1/mig_7series_1_in_context.xdc, line 16).
Applied set_property CLOCK_BUFFER_TYPE = NONE for ddr3_addr[3]. (constraint file  d:/fpga/25_uart_send_pic_to_hdmi_version_two/project/project.srcs/sources_1/ip/mig_7series_1/mig_7series_1/mig_7series_1_in_context.xdc, line 17).
Applied set_property IO_BUFFER_TYPE = NONE for ddr3_addr[4]. (constraint file  d:/fpga/25_uart_send_pic_to_hdmi_version_two/project/project.srcs/sources_1/ip/mig_7series_1/mig_7series_1/mig_7series_1_in_context.xdc, line 18).
Applied set_property CLOCK_BUFFER_TYPE = NONE for ddr3_addr[4]. (constraint file  d:/fpga/25_uart_send_pic_to_hdmi_version_two/project/project.srcs/sources_1/ip/mig_7series_1/mig_7series_1/mig_7series_1_in_context.xdc, line 19).
Applied set_property IO_BUFFER_TYPE = NONE for ddr3_addr[5]. (constraint file  d:/fpga/25_uart_send_pic_to_hdmi_version_two/project/project.srcs/sources_1/ip/mig_7series_1/mig_7series_1/mig_7series_1_in_context.xdc, line 20).
Applied set_property CLOCK_BUFFER_TYPE = NONE for ddr3_addr[5]. (constraint file  d:/fpga/25_uart_send_pic_to_hdmi_version_two/project/project.srcs/sources_1/ip/mig_7series_1/mig_7series_1/mig_7series_1_in_context.xdc, line 21).
Applied set_property IO_BUFFER_TYPE = NONE for ddr3_addr[6]. (constraint file  d:/fpga/25_uart_send_pic_to_hdmi_version_two/project/project.srcs/sources_1/ip/mig_7series_1/mig_7series_1/mig_7series_1_in_context.xdc, line 22).
Applied set_property CLOCK_BUFFER_TYPE = NONE for ddr3_addr[6]. (constraint file  d:/fpga/25_uart_send_pic_to_hdmi_version_two/project/project.srcs/sources_1/ip/mig_7series_1/mig_7series_1/mig_7series_1_in_context.xdc, line 23).
Applied set_property IO_BUFFER_TYPE = NONE for ddr3_addr[7]. (constraint file  d:/fpga/25_uart_send_pic_to_hdmi_version_two/project/project.srcs/sources_1/ip/mig_7series_1/mig_7series_1/mig_7series_1_in_context.xdc, line 24).
Applied set_property CLOCK_BUFFER_TYPE = NONE for ddr3_addr[7]. (constraint file  d:/fpga/25_uart_send_pic_to_hdmi_version_two/project/project.srcs/sources_1/ip/mig_7series_1/mig_7series_1/mig_7series_1_in_context.xdc, line 25).
Applied set_property IO_BUFFER_TYPE = NONE for ddr3_addr[8]. (constraint file  d:/fpga/25_uart_send_pic_to_hdmi_version_two/project/project.srcs/sources_1/ip/mig_7series_1/mig_7series_1/mig_7series_1_in_context.xdc, line 26).
Applied set_property CLOCK_BUFFER_TYPE = NONE for ddr3_addr[8]. (constraint file  d:/fpga/25_uart_send_pic_to_hdmi_version_two/project/project.srcs/sources_1/ip/mig_7series_1/mig_7series_1/mig_7series_1_in_context.xdc, line 27).
Applied set_property IO_BUFFER_TYPE = NONE for ddr3_addr[9]. (constraint file  d:/fpga/25_uart_send_pic_to_hdmi_version_two/project/project.srcs/sources_1/ip/mig_7series_1/mig_7series_1/mig_7series_1_in_context.xdc, line 28).
Applied set_property CLOCK_BUFFER_TYPE = NONE for ddr3_addr[9]. (constraint file  d:/fpga/25_uart_send_pic_to_hdmi_version_two/project/project.srcs/sources_1/ip/mig_7series_1/mig_7series_1/mig_7series_1_in_context.xdc, line 29).
Applied set_property IO_BUFFER_TYPE = NONE for ddr3_ba[0]. (constraint file  d:/fpga/25_uart_send_pic_to_hdmi_version_two/project/project.srcs/sources_1/ip/mig_7series_1/mig_7series_1/mig_7series_1_in_context.xdc, line 30).
Applied set_property CLOCK_BUFFER_TYPE = NONE for ddr3_ba[0]. (constraint file  d:/fpga/25_uart_send_pic_to_hdmi_version_two/project/project.srcs/sources_1/ip/mig_7series_1/mig_7series_1/mig_7series_1_in_context.xdc, line 31).
Applied set_property IO_BUFFER_TYPE = NONE for ddr3_ba[1]. (constraint file  d:/fpga/25_uart_send_pic_to_hdmi_version_two/project/project.srcs/sources_1/ip/mig_7series_1/mig_7series_1/mig_7series_1_in_context.xdc, line 32).
Applied set_property CLOCK_BUFFER_TYPE = NONE for ddr3_ba[1]. (constraint file  d:/fpga/25_uart_send_pic_to_hdmi_version_two/project/project.srcs/sources_1/ip/mig_7series_1/mig_7series_1/mig_7series_1_in_context.xdc, line 33).
Applied set_property IO_BUFFER_TYPE = NONE for ddr3_ba[2]. (constraint file  d:/fpga/25_uart_send_pic_to_hdmi_version_two/project/project.srcs/sources_1/ip/mig_7series_1/mig_7series_1/mig_7series_1_in_context.xdc, line 34).
Applied set_property CLOCK_BUFFER_TYPE = NONE for ddr3_ba[2]. (constraint file  d:/fpga/25_uart_send_pic_to_hdmi_version_two/project/project.srcs/sources_1/ip/mig_7series_1/mig_7series_1/mig_7series_1_in_context.xdc, line 35).
Applied set_property IO_BUFFER_TYPE = NONE for ddr3_cas_n. (constraint file  d:/fpga/25_uart_send_pic_to_hdmi_version_two/project/project.srcs/sources_1/ip/mig_7series_1/mig_7series_1/mig_7series_1_in_context.xdc, line 36).
Applied set_property CLOCK_BUFFER_TYPE = NONE for ddr3_cas_n. (constraint file  d:/fpga/25_uart_send_pic_to_hdmi_version_two/project/project.srcs/sources_1/ip/mig_7series_1/mig_7series_1/mig_7series_1_in_context.xdc, line 37).
Applied set_property IO_BUFFER_TYPE = NONE for ddr3_ck_n[0]. (constraint file  d:/fpga/25_uart_send_pic_to_hdmi_version_two/project/project.srcs/sources_1/ip/mig_7series_1/mig_7series_1/mig_7series_1_in_context.xdc, line 38).
Applied set_property CLOCK_BUFFER_TYPE = NONE for ddr3_ck_n[0]. (constraint file  d:/fpga/25_uart_send_pic_to_hdmi_version_two/project/project.srcs/sources_1/ip/mig_7series_1/mig_7series_1/mig_7series_1_in_context.xdc, line 39).
Applied set_property IO_BUFFER_TYPE = NONE for ddr3_ck_p[0]. (constraint file  d:/fpga/25_uart_send_pic_to_hdmi_version_two/project/project.srcs/sources_1/ip/mig_7series_1/mig_7series_1/mig_7series_1_in_context.xdc, line 40).
Applied set_property CLOCK_BUFFER_TYPE = NONE for ddr3_ck_p[0]. (constraint file  d:/fpga/25_uart_send_pic_to_hdmi_version_two/project/project.srcs/sources_1/ip/mig_7series_1/mig_7series_1/mig_7series_1_in_context.xdc, line 41).
Applied set_property IO_BUFFER_TYPE = NONE for ddr3_cke[0]. (constraint file  d:/fpga/25_uart_send_pic_to_hdmi_version_two/project/project.srcs/sources_1/ip/mig_7series_1/mig_7series_1/mig_7series_1_in_context.xdc, line 42).
Applied set_property CLOCK_BUFFER_TYPE = NONE for ddr3_cke[0]. (constraint file  d:/fpga/25_uart_send_pic_to_hdmi_version_two/project/project.srcs/sources_1/ip/mig_7series_1/mig_7series_1/mig_7series_1_in_context.xdc, line 43).
Applied set_property IO_BUFFER_TYPE = NONE for ddr3_cs_n[0]. (constraint file  d:/fpga/25_uart_send_pic_to_hdmi_version_two/project/project.srcs/sources_1/ip/mig_7series_1/mig_7series_1/mig_7series_1_in_context.xdc, line 44).
Applied set_property CLOCK_BUFFER_TYPE = NONE for ddr3_cs_n[0]. (constraint file  d:/fpga/25_uart_send_pic_to_hdmi_version_two/project/project.srcs/sources_1/ip/mig_7series_1/mig_7series_1/mig_7series_1_in_context.xdc, line 45).
Applied set_property IO_BUFFER_TYPE = NONE for ddr3_dm[0]. (constraint file  d:/fpga/25_uart_send_pic_to_hdmi_version_two/project/project.srcs/sources_1/ip/mig_7series_1/mig_7series_1/mig_7series_1_in_context.xdc, line 46).
Applied set_property CLOCK_BUFFER_TYPE = NONE for ddr3_dm[0]. (constraint file  d:/fpga/25_uart_send_pic_to_hdmi_version_two/project/project.srcs/sources_1/ip/mig_7series_1/mig_7series_1/mig_7series_1_in_context.xdc, line 47).
Applied set_property IO_BUFFER_TYPE = NONE for ddr3_dm[1]. (constraint file  d:/fpga/25_uart_send_pic_to_hdmi_version_two/project/project.srcs/sources_1/ip/mig_7series_1/mig_7series_1/mig_7series_1_in_context.xdc, line 48).
Applied set_property CLOCK_BUFFER_TYPE = NONE for ddr3_dm[1]. (constraint file  d:/fpga/25_uart_send_pic_to_hdmi_version_two/project/project.srcs/sources_1/ip/mig_7series_1/mig_7series_1/mig_7series_1_in_context.xdc, line 49).
Applied set_property IO_BUFFER_TYPE = NONE for ddr3_dm[2]. (constraint file  d:/fpga/25_uart_send_pic_to_hdmi_version_two/project/project.srcs/sources_1/ip/mig_7series_1/mig_7series_1/mig_7series_1_in_context.xdc, line 50).
Applied set_property CLOCK_BUFFER_TYPE = NONE for ddr3_dm[2]. (constraint file  d:/fpga/25_uart_send_pic_to_hdmi_version_two/project/project.srcs/sources_1/ip/mig_7series_1/mig_7series_1/mig_7series_1_in_context.xdc, line 51).
Applied set_property IO_BUFFER_TYPE = NONE for ddr3_dm[3]. (constraint file  d:/fpga/25_uart_send_pic_to_hdmi_version_two/project/project.srcs/sources_1/ip/mig_7series_1/mig_7series_1/mig_7series_1_in_context.xdc, line 52).
Applied set_property CLOCK_BUFFER_TYPE = NONE for ddr3_dm[3]. (constraint file  d:/fpga/25_uart_send_pic_to_hdmi_version_two/project/project.srcs/sources_1/ip/mig_7series_1/mig_7series_1/mig_7series_1_in_context.xdc, line 53).
Applied set_property IO_BUFFER_TYPE = NONE for ddr3_dq[0]. (constraint file  d:/fpga/25_uart_send_pic_to_hdmi_version_two/project/project.srcs/sources_1/ip/mig_7series_1/mig_7series_1/mig_7series_1_in_context.xdc, line 54).
Applied set_property CLOCK_BUFFER_TYPE = NONE for ddr3_dq[0]. (constraint file  d:/fpga/25_uart_send_pic_to_hdmi_version_two/project/project.srcs/sources_1/ip/mig_7series_1/mig_7series_1/mig_7series_1_in_context.xdc, line 55).
Applied set_property IO_BUFFER_TYPE = NONE for ddr3_dq[10]. (constraint file  d:/fpga/25_uart_send_pic_to_hdmi_version_two/project/project.srcs/sources_1/ip/mig_7series_1/mig_7series_1/mig_7series_1_in_context.xdc, line 56).
Applied set_property CLOCK_BUFFER_TYPE = NONE for ddr3_dq[10]. (constraint file  d:/fpga/25_uart_send_pic_to_hdmi_version_two/project/project.srcs/sources_1/ip/mig_7series_1/mig_7series_1/mig_7series_1_in_context.xdc, line 57).
Applied set_property IO_BUFFER_TYPE = NONE for ddr3_dq[11]. (constraint file  d:/fpga/25_uart_send_pic_to_hdmi_version_two/project/project.srcs/sources_1/ip/mig_7series_1/mig_7series_1/mig_7series_1_in_context.xdc, line 58).
Applied set_property CLOCK_BUFFER_TYPE = NONE for ddr3_dq[11]. (constraint file  d:/fpga/25_uart_send_pic_to_hdmi_version_two/project/project.srcs/sources_1/ip/mig_7series_1/mig_7series_1/mig_7series_1_in_context.xdc, line 59).
Applied set_property IO_BUFFER_TYPE = NONE for ddr3_dq[12]. (constraint file  d:/fpga/25_uart_send_pic_to_hdmi_version_two/project/project.srcs/sources_1/ip/mig_7series_1/mig_7series_1/mig_7series_1_in_context.xdc, line 60).
Applied set_property CLOCK_BUFFER_TYPE = NONE for ddr3_dq[12]. (constraint file  d:/fpga/25_uart_send_pic_to_hdmi_version_two/project/project.srcs/sources_1/ip/mig_7series_1/mig_7series_1/mig_7series_1_in_context.xdc, line 61).
Applied set_property IO_BUFFER_TYPE = NONE for ddr3_dq[13]. (constraint file  d:/fpga/25_uart_send_pic_to_hdmi_version_two/project/project.srcs/sources_1/ip/mig_7series_1/mig_7series_1/mig_7series_1_in_context.xdc, line 62).
Applied set_property CLOCK_BUFFER_TYPE = NONE for ddr3_dq[13]. (constraint file  d:/fpga/25_uart_send_pic_to_hdmi_version_two/project/project.srcs/sources_1/ip/mig_7series_1/mig_7series_1/mig_7series_1_in_context.xdc, line 63).
Applied set_property IO_BUFFER_TYPE = NONE for ddr3_dq[14]. (constraint file  d:/fpga/25_uart_send_pic_to_hdmi_version_two/project/project.srcs/sources_1/ip/mig_7series_1/mig_7series_1/mig_7series_1_in_context.xdc, line 64).
Applied set_property CLOCK_BUFFER_TYPE = NONE for ddr3_dq[14]. (constraint file  d:/fpga/25_uart_send_pic_to_hdmi_version_two/project/project.srcs/sources_1/ip/mig_7series_1/mig_7series_1/mig_7series_1_in_context.xdc, line 65).
Applied set_property IO_BUFFER_TYPE = NONE for ddr3_dq[15]. (constraint file  d:/fpga/25_uart_send_pic_to_hdmi_version_two/project/project.srcs/sources_1/ip/mig_7series_1/mig_7series_1/mig_7series_1_in_context.xdc, line 66).
Applied set_property CLOCK_BUFFER_TYPE = NONE for ddr3_dq[15]. (constraint file  d:/fpga/25_uart_send_pic_to_hdmi_version_two/project/project.srcs/sources_1/ip/mig_7series_1/mig_7series_1/mig_7series_1_in_context.xdc, line 67).
Applied set_property IO_BUFFER_TYPE = NONE for ddr3_dq[16]. (constraint file  d:/fpga/25_uart_send_pic_to_hdmi_version_two/project/project.srcs/sources_1/ip/mig_7series_1/mig_7series_1/mig_7series_1_in_context.xdc, line 68).
Applied set_property CLOCK_BUFFER_TYPE = NONE for ddr3_dq[16]. (constraint file  d:/fpga/25_uart_send_pic_to_hdmi_version_two/project/project.srcs/sources_1/ip/mig_7series_1/mig_7series_1/mig_7series_1_in_context.xdc, line 69).
Applied set_property IO_BUFFER_TYPE = NONE for ddr3_dq[17]. (constraint file  d:/fpga/25_uart_send_pic_to_hdmi_version_two/project/project.srcs/sources_1/ip/mig_7series_1/mig_7series_1/mig_7series_1_in_context.xdc, line 70).
Applied set_property CLOCK_BUFFER_TYPE = NONE for ddr3_dq[17]. (constraint file  d:/fpga/25_uart_send_pic_to_hdmi_version_two/project/project.srcs/sources_1/ip/mig_7series_1/mig_7series_1/mig_7series_1_in_context.xdc, line 71).
Applied set_property IO_BUFFER_TYPE = NONE for ddr3_dq[18]. (constraint file  d:/fpga/25_uart_send_pic_to_hdmi_version_two/project/project.srcs/sources_1/ip/mig_7series_1/mig_7series_1/mig_7series_1_in_context.xdc, line 72).
Applied set_property CLOCK_BUFFER_TYPE = NONE for ddr3_dq[18]. (constraint file  d:/fpga/25_uart_send_pic_to_hdmi_version_two/project/project.srcs/sources_1/ip/mig_7series_1/mig_7series_1/mig_7series_1_in_context.xdc, line 73).
Applied set_property IO_BUFFER_TYPE = NONE for ddr3_dq[19]. (constraint file  d:/fpga/25_uart_send_pic_to_hdmi_version_two/project/project.srcs/sources_1/ip/mig_7series_1/mig_7series_1/mig_7series_1_in_context.xdc, line 74).
Applied set_property CLOCK_BUFFER_TYPE = NONE for ddr3_dq[19]. (constraint file  d:/fpga/25_uart_send_pic_to_hdmi_version_two/project/project.srcs/sources_1/ip/mig_7series_1/mig_7series_1/mig_7series_1_in_context.xdc, line 75).
Applied set_property IO_BUFFER_TYPE = NONE for ddr3_dq[1]. (constraint file  d:/fpga/25_uart_send_pic_to_hdmi_version_two/project/project.srcs/sources_1/ip/mig_7series_1/mig_7series_1/mig_7series_1_in_context.xdc, line 76).
Applied set_property CLOCK_BUFFER_TYPE = NONE for ddr3_dq[1]. (constraint file  d:/fpga/25_uart_send_pic_to_hdmi_version_two/project/project.srcs/sources_1/ip/mig_7series_1/mig_7series_1/mig_7series_1_in_context.xdc, line 77).
Applied set_property IO_BUFFER_TYPE = NONE for ddr3_dq[20]. (constraint file  d:/fpga/25_uart_send_pic_to_hdmi_version_two/project/project.srcs/sources_1/ip/mig_7series_1/mig_7series_1/mig_7series_1_in_context.xdc, line 78).
Applied set_property CLOCK_BUFFER_TYPE = NONE for ddr3_dq[20]. (constraint file  d:/fpga/25_uart_send_pic_to_hdmi_version_two/project/project.srcs/sources_1/ip/mig_7series_1/mig_7series_1/mig_7series_1_in_context.xdc, line 79).
Applied set_property IO_BUFFER_TYPE = NONE for ddr3_dq[21]. (constraint file  d:/fpga/25_uart_send_pic_to_hdmi_version_two/project/project.srcs/sources_1/ip/mig_7series_1/mig_7series_1/mig_7series_1_in_context.xdc, line 80).
Applied set_property CLOCK_BUFFER_TYPE = NONE for ddr3_dq[21]. (constraint file  d:/fpga/25_uart_send_pic_to_hdmi_version_two/project/project.srcs/sources_1/ip/mig_7series_1/mig_7series_1/mig_7series_1_in_context.xdc, line 81).
Applied set_property IO_BUFFER_TYPE = NONE for ddr3_dq[22]. (constraint file  d:/fpga/25_uart_send_pic_to_hdmi_version_two/project/project.srcs/sources_1/ip/mig_7series_1/mig_7series_1/mig_7series_1_in_context.xdc, line 82).
Applied set_property CLOCK_BUFFER_TYPE = NONE for ddr3_dq[22]. (constraint file  d:/fpga/25_uart_send_pic_to_hdmi_version_two/project/project.srcs/sources_1/ip/mig_7series_1/mig_7series_1/mig_7series_1_in_context.xdc, line 83).
Applied set_property IO_BUFFER_TYPE = NONE for ddr3_dq[23]. (constraint file  d:/fpga/25_uart_send_pic_to_hdmi_version_two/project/project.srcs/sources_1/ip/mig_7series_1/mig_7series_1/mig_7series_1_in_context.xdc, line 84).
Applied set_property CLOCK_BUFFER_TYPE = NONE for ddr3_dq[23]. (constraint file  d:/fpga/25_uart_send_pic_to_hdmi_version_two/project/project.srcs/sources_1/ip/mig_7series_1/mig_7series_1/mig_7series_1_in_context.xdc, line 85).
Applied set_property IO_BUFFER_TYPE = NONE for ddr3_dq[24]. (constraint file  d:/fpga/25_uart_send_pic_to_hdmi_version_two/project/project.srcs/sources_1/ip/mig_7series_1/mig_7series_1/mig_7series_1_in_context.xdc, line 86).
Applied set_property CLOCK_BUFFER_TYPE = NONE for ddr3_dq[24]. (constraint file  d:/fpga/25_uart_send_pic_to_hdmi_version_two/project/project.srcs/sources_1/ip/mig_7series_1/mig_7series_1/mig_7series_1_in_context.xdc, line 87).
Applied set_property IO_BUFFER_TYPE = NONE for ddr3_dq[25]. (constraint file  d:/fpga/25_uart_send_pic_to_hdmi_version_two/project/project.srcs/sources_1/ip/mig_7series_1/mig_7series_1/mig_7series_1_in_context.xdc, line 88).
Applied set_property CLOCK_BUFFER_TYPE = NONE for ddr3_dq[25]. (constraint file  d:/fpga/25_uart_send_pic_to_hdmi_version_two/project/project.srcs/sources_1/ip/mig_7series_1/mig_7series_1/mig_7series_1_in_context.xdc, line 89).
Applied set_property IO_BUFFER_TYPE = NONE for ddr3_dq[26]. (constraint file  d:/fpga/25_uart_send_pic_to_hdmi_version_two/project/project.srcs/sources_1/ip/mig_7series_1/mig_7series_1/mig_7series_1_in_context.xdc, line 90).
Applied set_property CLOCK_BUFFER_TYPE = NONE for ddr3_dq[26]. (constraint file  d:/fpga/25_uart_send_pic_to_hdmi_version_two/project/project.srcs/sources_1/ip/mig_7series_1/mig_7series_1/mig_7series_1_in_context.xdc, line 91).
Applied set_property IO_BUFFER_TYPE = NONE for ddr3_dq[27]. (constraint file  d:/fpga/25_uart_send_pic_to_hdmi_version_two/project/project.srcs/sources_1/ip/mig_7series_1/mig_7series_1/mig_7series_1_in_context.xdc, line 92).
Applied set_property CLOCK_BUFFER_TYPE = NONE for ddr3_dq[27]. (constraint file  d:/fpga/25_uart_send_pic_to_hdmi_version_two/project/project.srcs/sources_1/ip/mig_7series_1/mig_7series_1/mig_7series_1_in_context.xdc, line 93).
Applied set_property IO_BUFFER_TYPE = NONE for ddr3_dq[28]. (constraint file  d:/fpga/25_uart_send_pic_to_hdmi_version_two/project/project.srcs/sources_1/ip/mig_7series_1/mig_7series_1/mig_7series_1_in_context.xdc, line 94).
Applied set_property CLOCK_BUFFER_TYPE = NONE for ddr3_dq[28]. (constraint file  d:/fpga/25_uart_send_pic_to_hdmi_version_two/project/project.srcs/sources_1/ip/mig_7series_1/mig_7series_1/mig_7series_1_in_context.xdc, line 95).
Applied set_property IO_BUFFER_TYPE = NONE for ddr3_dq[29]. (constraint file  d:/fpga/25_uart_send_pic_to_hdmi_version_two/project/project.srcs/sources_1/ip/mig_7series_1/mig_7series_1/mig_7series_1_in_context.xdc, line 96).
Applied set_property CLOCK_BUFFER_TYPE = NONE for ddr3_dq[29]. (constraint file  d:/fpga/25_uart_send_pic_to_hdmi_version_two/project/project.srcs/sources_1/ip/mig_7series_1/mig_7series_1/mig_7series_1_in_context.xdc, line 97).
Applied set_property IO_BUFFER_TYPE = NONE for ddr3_dq[2]. (constraint file  d:/fpga/25_uart_send_pic_to_hdmi_version_two/project/project.srcs/sources_1/ip/mig_7series_1/mig_7series_1/mig_7series_1_in_context.xdc, line 98).
Applied set_property CLOCK_BUFFER_TYPE = NONE for ddr3_dq[2]. (constraint file  d:/fpga/25_uart_send_pic_to_hdmi_version_two/project/project.srcs/sources_1/ip/mig_7series_1/mig_7series_1/mig_7series_1_in_context.xdc, line 99).
Applied set_property IO_BUFFER_TYPE = NONE for ddr3_dq[30]. (constraint file  d:/fpga/25_uart_send_pic_to_hdmi_version_two/project/project.srcs/sources_1/ip/mig_7series_1/mig_7series_1/mig_7series_1_in_context.xdc, line 100).
Applied set_property CLOCK_BUFFER_TYPE = NONE for ddr3_dq[30]. (constraint file  d:/fpga/25_uart_send_pic_to_hdmi_version_two/project/project.srcs/sources_1/ip/mig_7series_1/mig_7series_1/mig_7series_1_in_context.xdc, line 101).
Applied set_property IO_BUFFER_TYPE = NONE for ddr3_dq[31]. (constraint file  d:/fpga/25_uart_send_pic_to_hdmi_version_two/project/project.srcs/sources_1/ip/mig_7series_1/mig_7series_1/mig_7series_1_in_context.xdc, line 102).
Applied set_property CLOCK_BUFFER_TYPE = NONE for ddr3_dq[31]. (constraint file  d:/fpga/25_uart_send_pic_to_hdmi_version_two/project/project.srcs/sources_1/ip/mig_7series_1/mig_7series_1/mig_7series_1_in_context.xdc, line 103).
Applied set_property IO_BUFFER_TYPE = NONE for ddr3_dq[3]. (constraint file  d:/fpga/25_uart_send_pic_to_hdmi_version_two/project/project.srcs/sources_1/ip/mig_7series_1/mig_7series_1/mig_7series_1_in_context.xdc, line 104).
Applied set_property CLOCK_BUFFER_TYPE = NONE for ddr3_dq[3]. (constraint file  d:/fpga/25_uart_send_pic_to_hdmi_version_two/project/project.srcs/sources_1/ip/mig_7series_1/mig_7series_1/mig_7series_1_in_context.xdc, line 105).
Applied set_property IO_BUFFER_TYPE = NONE for ddr3_dq[4]. (constraint file  d:/fpga/25_uart_send_pic_to_hdmi_version_two/project/project.srcs/sources_1/ip/mig_7series_1/mig_7series_1/mig_7series_1_in_context.xdc, line 106).
Applied set_property CLOCK_BUFFER_TYPE = NONE for ddr3_dq[4]. (constraint file  d:/fpga/25_uart_send_pic_to_hdmi_version_two/project/project.srcs/sources_1/ip/mig_7series_1/mig_7series_1/mig_7series_1_in_context.xdc, line 107).
Applied set_property IO_BUFFER_TYPE = NONE for ddr3_dq[5]. (constraint file  d:/fpga/25_uart_send_pic_to_hdmi_version_two/project/project.srcs/sources_1/ip/mig_7series_1/mig_7series_1/mig_7series_1_in_context.xdc, line 108).
Applied set_property CLOCK_BUFFER_TYPE = NONE for ddr3_dq[5]. (constraint file  d:/fpga/25_uart_send_pic_to_hdmi_version_two/project/project.srcs/sources_1/ip/mig_7series_1/mig_7series_1/mig_7series_1_in_context.xdc, line 109).
Applied set_property IO_BUFFER_TYPE = NONE for ddr3_dq[6]. (constraint file  d:/fpga/25_uart_send_pic_to_hdmi_version_two/project/project.srcs/sources_1/ip/mig_7series_1/mig_7series_1/mig_7series_1_in_context.xdc, line 110).
Applied set_property CLOCK_BUFFER_TYPE = NONE for ddr3_dq[6]. (constraint file  d:/fpga/25_uart_send_pic_to_hdmi_version_two/project/project.srcs/sources_1/ip/mig_7series_1/mig_7series_1/mig_7series_1_in_context.xdc, line 111).
Applied set_property IO_BUFFER_TYPE = NONE for ddr3_dq[7]. (constraint file  d:/fpga/25_uart_send_pic_to_hdmi_version_two/project/project.srcs/sources_1/ip/mig_7series_1/mig_7series_1/mig_7series_1_in_context.xdc, line 112).
Applied set_property CLOCK_BUFFER_TYPE = NONE for ddr3_dq[7]. (constraint file  d:/fpga/25_uart_send_pic_to_hdmi_version_two/project/project.srcs/sources_1/ip/mig_7series_1/mig_7series_1/mig_7series_1_in_context.xdc, line 113).
Applied set_property IO_BUFFER_TYPE = NONE for ddr3_dq[8]. (constraint file  d:/fpga/25_uart_send_pic_to_hdmi_version_two/project/project.srcs/sources_1/ip/mig_7series_1/mig_7series_1/mig_7series_1_in_context.xdc, line 114).
Applied set_property CLOCK_BUFFER_TYPE = NONE for ddr3_dq[8]. (constraint file  d:/fpga/25_uart_send_pic_to_hdmi_version_two/project/project.srcs/sources_1/ip/mig_7series_1/mig_7series_1/mig_7series_1_in_context.xdc, line 115).
Applied set_property IO_BUFFER_TYPE = NONE for ddr3_dq[9]. (constraint file  d:/fpga/25_uart_send_pic_to_hdmi_version_two/project/project.srcs/sources_1/ip/mig_7series_1/mig_7series_1/mig_7series_1_in_context.xdc, line 116).
Applied set_property CLOCK_BUFFER_TYPE = NONE for ddr3_dq[9]. (constraint file  d:/fpga/25_uart_send_pic_to_hdmi_version_two/project/project.srcs/sources_1/ip/mig_7series_1/mig_7series_1/mig_7series_1_in_context.xdc, line 117).
Applied set_property IO_BUFFER_TYPE = NONE for ddr3_dqs_n[0]. (constraint file  d:/fpga/25_uart_send_pic_to_hdmi_version_two/project/project.srcs/sources_1/ip/mig_7series_1/mig_7series_1/mig_7series_1_in_context.xdc, line 118).
Applied set_property CLOCK_BUFFER_TYPE = NONE for ddr3_dqs_n[0]. (constraint file  d:/fpga/25_uart_send_pic_to_hdmi_version_two/project/project.srcs/sources_1/ip/mig_7series_1/mig_7series_1/mig_7series_1_in_context.xdc, line 119).
Applied set_property IO_BUFFER_TYPE = NONE for ddr3_dqs_n[1]. (constraint file  d:/fpga/25_uart_send_pic_to_hdmi_version_two/project/project.srcs/sources_1/ip/mig_7series_1/mig_7series_1/mig_7series_1_in_context.xdc, line 120).
Applied set_property CLOCK_BUFFER_TYPE = NONE for ddr3_dqs_n[1]. (constraint file  d:/fpga/25_uart_send_pic_to_hdmi_version_two/project/project.srcs/sources_1/ip/mig_7series_1/mig_7series_1/mig_7series_1_in_context.xdc, line 121).
Applied set_property IO_BUFFER_TYPE = NONE for ddr3_dqs_n[2]. (constraint file  d:/fpga/25_uart_send_pic_to_hdmi_version_two/project/project.srcs/sources_1/ip/mig_7series_1/mig_7series_1/mig_7series_1_in_context.xdc, line 122).
Applied set_property CLOCK_BUFFER_TYPE = NONE for ddr3_dqs_n[2]. (constraint file  d:/fpga/25_uart_send_pic_to_hdmi_version_two/project/project.srcs/sources_1/ip/mig_7series_1/mig_7series_1/mig_7series_1_in_context.xdc, line 123).
Applied set_property IO_BUFFER_TYPE = NONE for ddr3_dqs_n[3]. (constraint file  d:/fpga/25_uart_send_pic_to_hdmi_version_two/project/project.srcs/sources_1/ip/mig_7series_1/mig_7series_1/mig_7series_1_in_context.xdc, line 124).
Applied set_property CLOCK_BUFFER_TYPE = NONE for ddr3_dqs_n[3]. (constraint file  d:/fpga/25_uart_send_pic_to_hdmi_version_two/project/project.srcs/sources_1/ip/mig_7series_1/mig_7series_1/mig_7series_1_in_context.xdc, line 125).
Applied set_property IO_BUFFER_TYPE = NONE for ddr3_dqs_p[0]. (constraint file  d:/fpga/25_uart_send_pic_to_hdmi_version_two/project/project.srcs/sources_1/ip/mig_7series_1/mig_7series_1/mig_7series_1_in_context.xdc, line 126).
Applied set_property CLOCK_BUFFER_TYPE = NONE for ddr3_dqs_p[0]. (constraint file  d:/fpga/25_uart_send_pic_to_hdmi_version_two/project/project.srcs/sources_1/ip/mig_7series_1/mig_7series_1/mig_7series_1_in_context.xdc, line 127).
Applied set_property IO_BUFFER_TYPE = NONE for ddr3_dqs_p[1]. (constraint file  d:/fpga/25_uart_send_pic_to_hdmi_version_two/project/project.srcs/sources_1/ip/mig_7series_1/mig_7series_1/mig_7series_1_in_context.xdc, line 128).
Applied set_property CLOCK_BUFFER_TYPE = NONE for ddr3_dqs_p[1]. (constraint file  d:/fpga/25_uart_send_pic_to_hdmi_version_two/project/project.srcs/sources_1/ip/mig_7series_1/mig_7series_1/mig_7series_1_in_context.xdc, line 129).
Applied set_property IO_BUFFER_TYPE = NONE for ddr3_dqs_p[2]. (constraint file  d:/fpga/25_uart_send_pic_to_hdmi_version_two/project/project.srcs/sources_1/ip/mig_7series_1/mig_7series_1/mig_7series_1_in_context.xdc, line 130).
Applied set_property CLOCK_BUFFER_TYPE = NONE for ddr3_dqs_p[2]. (constraint file  d:/fpga/25_uart_send_pic_to_hdmi_version_two/project/project.srcs/sources_1/ip/mig_7series_1/mig_7series_1/mig_7series_1_in_context.xdc, line 131).
Applied set_property IO_BUFFER_TYPE = NONE for ddr3_dqs_p[3]. (constraint file  d:/fpga/25_uart_send_pic_to_hdmi_version_two/project/project.srcs/sources_1/ip/mig_7series_1/mig_7series_1/mig_7series_1_in_context.xdc, line 132).
Applied set_property CLOCK_BUFFER_TYPE = NONE for ddr3_dqs_p[3]. (constraint file  d:/fpga/25_uart_send_pic_to_hdmi_version_two/project/project.srcs/sources_1/ip/mig_7series_1/mig_7series_1/mig_7series_1_in_context.xdc, line 133).
Applied set_property IO_BUFFER_TYPE = NONE for ddr3_odt[0]. (constraint file  d:/fpga/25_uart_send_pic_to_hdmi_version_two/project/project.srcs/sources_1/ip/mig_7series_1/mig_7series_1/mig_7series_1_in_context.xdc, line 134).
Applied set_property CLOCK_BUFFER_TYPE = NONE for ddr3_odt[0]. (constraint file  d:/fpga/25_uart_send_pic_to_hdmi_version_two/project/project.srcs/sources_1/ip/mig_7series_1/mig_7series_1/mig_7series_1_in_context.xdc, line 135).
Applied set_property IO_BUFFER_TYPE = NONE for ddr3_ras_n. (constraint file  d:/fpga/25_uart_send_pic_to_hdmi_version_two/project/project.srcs/sources_1/ip/mig_7series_1/mig_7series_1/mig_7series_1_in_context.xdc, line 136).
Applied set_property CLOCK_BUFFER_TYPE = NONE for ddr3_ras_n. (constraint file  d:/fpga/25_uart_send_pic_to_hdmi_version_two/project/project.srcs/sources_1/ip/mig_7series_1/mig_7series_1/mig_7series_1_in_context.xdc, line 137).
Applied set_property IO_BUFFER_TYPE = NONE for ddr3_reset_n. (constraint file  d:/fpga/25_uart_send_pic_to_hdmi_version_two/project/project.srcs/sources_1/ip/mig_7series_1/mig_7series_1/mig_7series_1_in_context.xdc, line 138).
Applied set_property CLOCK_BUFFER_TYPE = NONE for ddr3_reset_n. (constraint file  d:/fpga/25_uart_send_pic_to_hdmi_version_two/project/project.srcs/sources_1/ip/mig_7series_1/mig_7series_1/mig_7series_1_in_context.xdc, line 139).
Applied set_property IO_BUFFER_TYPE = NONE for ddr3_we_n. (constraint file  d:/fpga/25_uart_send_pic_to_hdmi_version_two/project/project.srcs/sources_1/ip/mig_7series_1/mig_7series_1/mig_7series_1_in_context.xdc, line 140).
Applied set_property CLOCK_BUFFER_TYPE = NONE for ddr3_we_n. (constraint file  d:/fpga/25_uart_send_pic_to_hdmi_version_two/project/project.srcs/sources_1/ip/mig_7series_1/mig_7series_1/mig_7series_1_in_context.xdc, line 141).
Applied set_property IO_BUFFER_TYPE = NONE for sys_clk_i. (constraint file  d:/fpga/25_uart_send_pic_to_hdmi_version_two/project/project.srcs/sources_1/ip/clk_wiz_0/clk_wiz_0/clk_wiz_0_in_context.xdc, line 4).
Applied set_property CLOCK_BUFFER_TYPE = NONE for sys_clk_i. (constraint file  d:/fpga/25_uart_send_pic_to_hdmi_version_two/project/project.srcs/sources_1/ip/clk_wiz_0/clk_wiz_0/clk_wiz_0_in_context.xdc, line 5).
Applied set_property DONT_TOUCH = true for u_mig_7series_inst. (constraint file  auto generated constraint, line ).
Applied set_property DONT_TOUCH = true for clk_wiz_inst. (constraint file  auto generated constraint, line ).
---------------------------------------------------------------------------------
Finished applying 'set_property' XDC Constraints : Time (s): cpu = 00:00:21 ; elapsed = 00:00:23 . Memory (MB): peak = 808.070 ; gain = 511.816
---------------------------------------------------------------------------------
INFO: [Synth 8-5546] ROM "status" won't be mapped to RAM because it is too sparse
INFO: [Synth 8-5545] ROM "status" won't be mapped to RAM because address size (32) is larger than maximum supported(25)
INFO: [Synth 8-5545] ROM "status" won't be mapped to RAM because address size (32) is larger than maximum supported(25)
INFO: [Synth 8-5545] ROM "saveCounter0" won't be mapped to RAM because address size (32) is larger than maximum supported(25)
INFO: [Synth 8-5546] ROM "app_cmd" won't be mapped to RAM because it is too sparse
INFO: [Synth 8-5546] ROM "writeStatus" won't be mapped to RAM because it is too sparse
INFO: [Synth 8-5546] ROM "readStatus" won't be mapped to RAM because it is too sparse
INFO: [Synth 8-5546] ROM "uart_tx_data" won't be mapped to RAM because it is too sparse
INFO: [Synth 8-5546] ROM "baud_bps" won't be mapped to RAM because it is too sparse
INFO: [Synth 8-5544] ROM "uart_rx_done_r" won't be mapped to Block RAM because address size (4) smaller than threshold (5)
INFO: [Synth 8-5546] ROM "baud_bps" won't be mapped to RAM because it is too sparse
INFO: [Synth 8-5544] ROM "uart_send_flag" won't be mapped to Block RAM because address size (4) smaller than threshold (5)
---------------------------------------------------------------------------------
Finished RTL Optimization Phase 2 : Time (s): cpu = 00:00:22 ; elapsed = 00:00:24 . Memory (MB): peak = 808.070 ; gain = 511.816
---------------------------------------------------------------------------------

Report RTL Partitions: 
+-+--------------+------------+----------+
| |RTL Partition |Replication |Instances |
+-+--------------+------------+----------+
+-+--------------+------------+----------+
---------------------------------------------------------------------------------
Start RTL Component Statistics 
---------------------------------------------------------------------------------
Detailed RTL Component Info : 
+---Adders : 
	   2 Input     32 Bit       Adders := 3     
	   2 Input     13 Bit       Adders := 2     
	   2 Input      4 Bit       Adders := 2     
+---Registers : 
	              256 Bit    Registers := 1     
	               32 Bit    Registers := 2     
	               28 Bit    Registers := 1     
	               13 Bit    Registers := 2     
	               10 Bit    Registers := 1     
	                8 Bit    Registers := 3     
	                6 Bit    Registers := 1     
	                5 Bit    Registers := 3     
	                4 Bit    Registers := 2     
	                3 Bit    Registers := 1     
	                1 Bit    Registers := 11    
+---Muxes : 
	   2 Input     32 Bit        Muxes := 3     
	   2 Input     28 Bit        Muxes := 1     
	   2 Input     13 Bit        Muxes := 4     
	   2 Input     10 Bit        Muxes := 1     
	   2 Input      8 Bit        Muxes := 3     
	   2 Input      5 Bit        Muxes := 3     
	   6 Input      5 Bit        Muxes := 1     
	   4 Input      4 Bit        Muxes := 1     
	   2 Input      4 Bit        Muxes := 5     
	   5 Input      4 Bit        Muxes := 1     
	   2 Input      3 Bit        Muxes := 1     
	   2 Input      1 Bit        Muxes := 52    
	   5 Input      1 Bit        Muxes := 1     
	   4 Input      1 Bit        Muxes := 6     
	   6 Input      1 Bit        Muxes := 8     
	   3 Input      1 Bit        Muxes := 7     
	   8 Input      1 Bit        Muxes := 1     
---------------------------------------------------------------------------------
Finished RTL Component Statistics 
---------------------------------------------------------------------------------
---------------------------------------------------------------------------------
Start RTL Hierarchical Component Statistics 
---------------------------------------------------------------------------------
Hierarchical RTL Component report 
Module uartaddr 
Detailed RTL Component Info : 
+---Adders : 
	   2 Input     32 Bit       Adders := 2     
+---Registers : 
	              256 Bit    Registers := 1     
	               32 Bit    Registers := 2     
	               28 Bit    Registers := 1     
	                8 Bit    Registers := 1     
	                6 Bit    Registers := 1     
	                5 Bit    Registers := 2     
	                3 Bit    Registers := 1     
	                1 Bit    Registers := 4     
+---Muxes : 
	   2 Input     32 Bit        Muxes := 3     
	   2 Input     28 Bit        Muxes := 1     
	   2 Input      5 Bit        Muxes := 3     
	   6 Input      5 Bit        Muxes := 1     
	   4 Input      4 Bit        Muxes := 1     
	   2 Input      4 Bit        Muxes := 3     
	   5 Input      4 Bit        Muxes := 1     
	   2 Input      3 Bit        Muxes := 1     
	   2 Input      1 Bit        Muxes := 36    
	   5 Input      1 Bit        Muxes := 1     
	   4 Input      1 Bit        Muxes := 6     
	   6 Input      1 Bit        Muxes := 8     
	   3 Input      1 Bit        Muxes := 7     
	   8 Input      1 Bit        Muxes := 1     
Module uart_rx_path 
Detailed RTL Component Info : 
+---Adders : 
	   2 Input     32 Bit       Adders := 1     
	   2 Input     13 Bit       Adders := 1     
	   2 Input      4 Bit       Adders := 1     
+---Registers : 
	               13 Bit    Registers := 1     
	                8 Bit    Registers := 2     
	                5 Bit    Registers := 1     
	                4 Bit    Registers := 1     
	                1 Bit    Registers := 4     
+---Muxes : 
	   2 Input     13 Bit        Muxes := 2     
	   2 Input      8 Bit        Muxes := 3     
	   2 Input      4 Bit        Muxes := 1     
	   2 Input      1 Bit        Muxes := 10    
Module uart_tx_path 
Detailed RTL Component Info : 
+---Adders : 
	   2 Input     13 Bit       Adders := 1     
	   2 Input      4 Bit       Adders := 1     
+---Registers : 
	               13 Bit    Registers := 1     
	               10 Bit    Registers := 1     
	                4 Bit    Registers := 1     
	                1 Bit    Registers := 3     
+---Muxes : 
	   2 Input     13 Bit        Muxes := 2     
	   2 Input     10 Bit        Muxes := 1     
	   2 Input      4 Bit        Muxes := 1     
	   2 Input      1 Bit        Muxes := 6     
---------------------------------------------------------------------------------
Finished RTL Hierarchical Component Statistics
---------------------------------------------------------------------------------
---------------------------------------------------------------------------------
Start Part Resource Summary
---------------------------------------------------------------------------------
Part Resources:
DSPs: 240 (col length:80)
BRAMs: 270 (col length: RAMB18 80 RAMB36 40)
---------------------------------------------------------------------------------
Finished Part Resource Summary
---------------------------------------------------------------------------------
---------------------------------------------------------------------------------
Start Cross Boundary and Area Optimization
---------------------------------------------------------------------------------
Warning: Parallel synthesis criteria is not met 
INFO: [Synth 8-5545] ROM "uartaddr_inst/saveCounter0" won't be mapped to RAM because address size (32) is larger than maximum supported(25)
INFO: [Synth 8-5545] ROM "uartaddr_inst/status" won't be mapped to RAM because address size (32) is larger than maximum supported(25)
INFO: [Synth 8-5545] ROM "uartaddr_inst/status" won't be mapped to RAM because address size (32) is larger than maximum supported(25)
INFO: [Synth 8-5546] ROM "uart_rx_path_u/baud_bps" won't be mapped to RAM because it is too sparse
INFO: [Synth 8-5546] ROM "uart_tx_path_u/baud_bps" won't be mapped to RAM because it is too sparse
WARNING: [Synth 8-3331] design top has unconnected port tg_compare_error
WARNING: [Synth 8-3331] design top has unconnected port sys_rst
INFO: [Synth 8-3886] merging instance 'uartaddr_inst/writeStatus_reg[1]' (FDCE) to 'uartaddr_inst/writeStatus_reg[4]'
INFO: [Synth 8-3333] propagating constant 0 across sequential element (\uartaddr_inst/writeStatus_reg[4] )
INFO: [Synth 8-3333] propagating constant 0 across sequential element (\uartaddr_inst/readStatus_reg[5] )
INFO: [Synth 8-3333] propagating constant 0 across sequential element (\uartaddr_inst/status_reg[4] )
INFO: [Synth 8-3333] propagating constant 1 across sequential element (\uart_tx_path_u/send_data_reg[9] )
INFO: [Synth 8-3886] merging instance 'uartaddr_inst/app_cmd_reg[1]' (FDE) to 'uartaddr_inst/app_cmd_reg[2]'
INFO: [Synth 8-3333] propagating constant 0 across sequential element (\uartaddr_inst/app_cmd_reg[2] )
INFO: [Synth 8-3333] propagating constant 0 across sequential element (\uartaddr_inst/app_addr_reg[27] )
WARNING: [Synth 8-3332] Sequential element (uartaddr_inst/status_reg[4]) is unused and will be removed from module top.
WARNING: [Synth 8-3332] Sequential element (uartaddr_inst/writeStatus_reg[4]) is unused and will be removed from module top.
WARNING: [Synth 8-3332] Sequential element (uartaddr_inst/readStatus_reg[5]) is unused and will be removed from module top.
WARNING: [Synth 8-3332] Sequential element (uartaddr_inst/app_cmd_reg[2]) is unused and will be removed from module top.
WARNING: [Synth 8-3332] Sequential element (uartaddr_inst/app_addr_reg[27]) is unused and will be removed from module top.
WARNING: [Synth 8-3332] Sequential element (uart_tx_path_u/send_data_reg[9]) is unused and will be removed from module top.
---------------------------------------------------------------------------------
Finished Cross Boundary and Area Optimization : Time (s): cpu = 00:00:25 ; elapsed = 00:00:28 . Memory (MB): peak = 808.070 ; gain = 511.816
---------------------------------------------------------------------------------

Report RTL Partitions: 
+-+--------------+------------+----------+
| |RTL Partition |Replication |Instances |
+-+--------------+------------+----------+
+-+--------------+------------+----------+
---------------------------------------------------------------------------------
Start Applying XDC Timing Constraints
---------------------------------------------------------------------------------
INFO: [Synth 8-5578] Moved timing constraint from pin 'u_mig_7series_inst/ui_clk' to pin 'u_mig_7series_inst/bbstub_ui_clk/O'
INFO: [Synth 8-5578] Moved timing constraint from pin 'clk_wiz_inst/clk_out1' to pin 'clk_wiz_inst/bbstub_clk_out1/O'
INFO: [Synth 8-5578] Moved timing constraint from pin 'clk_wiz_inst/clk_out2' to pin 'clk_wiz_inst/bbstub_clk_out2/O'
INFO: [Synth 8-5819] Moved 3 constraints on hierarchical pins to their respective driving/loading pins
---------------------------------------------------------------------------------
Finished Applying XDC Timing Constraints : Time (s): cpu = 00:00:38 ; elapsed = 00:00:42 . Memory (MB): peak = 808.070 ; gain = 511.816
---------------------------------------------------------------------------------
---------------------------------------------------------------------------------
Start Timing Optimization
---------------------------------------------------------------------------------
---------------------------------------------------------------------------------
Finished Timing Optimization : Time (s): cpu = 00:00:40 ; elapsed = 00:00:44 . Memory (MB): peak = 827.605 ; gain = 531.352
---------------------------------------------------------------------------------

Report RTL Partitions: 
+-+--------------+------------+----------+
| |RTL Partition |Replication |Instances |
+-+--------------+------------+----------+
+-+--------------+------------+----------+
---------------------------------------------------------------------------------
Start Technology Mapping
---------------------------------------------------------------------------------
---------------------------------------------------------------------------------
Finished Technology Mapping : Time (s): cpu = 00:00:40 ; elapsed = 00:00:44 . Memory (MB): peak = 836.637 ; gain = 540.383
---------------------------------------------------------------------------------

Report RTL Partitions: 
+-+--------------+------------+----------+
| |RTL Partition |Replication |Instances |
+-+--------------+------------+----------+
+-+--------------+------------+----------+
---------------------------------------------------------------------------------
Start IO Insertion
---------------------------------------------------------------------------------
---------------------------------------------------------------------------------
Start Flattening Before IO Insertion
---------------------------------------------------------------------------------
---------------------------------------------------------------------------------
Finished Flattening Before IO Insertion
---------------------------------------------------------------------------------
---------------------------------------------------------------------------------
Start Final Netlist Cleanup
---------------------------------------------------------------------------------
---------------------------------------------------------------------------------
Finished Final Netlist Cleanup
---------------------------------------------------------------------------------
---------------------------------------------------------------------------------
Finished IO Insertion : Time (s): cpu = 00:00:42 ; elapsed = 00:00:46 . Memory (MB): peak = 836.637 ; gain = 540.383
---------------------------------------------------------------------------------

Report Check Netlist: 
+------+------------------+-------+---------+-------+------------------+
|      |Item              |Errors |Warnings |Status |Description       |
+------+------------------+-------+---------+-------+------------------+
|1     |multi_driven_nets |      0|        0|Passed |Multi driven nets |
+------+------------------+-------+---------+-------+------------------+
---------------------------------------------------------------------------------
Start Renaming Generated Instances
---------------------------------------------------------------------------------
---------------------------------------------------------------------------------
Finished Renaming Generated Instances : Time (s): cpu = 00:00:42 ; elapsed = 00:00:46 . Memory (MB): peak = 836.637 ; gain = 540.383
---------------------------------------------------------------------------------

Report RTL Partitions: 
+-+--------------+------------+----------+
| |RTL Partition |Replication |Instances |
+-+--------------+------------+----------+
+-+--------------+------------+----------+
---------------------------------------------------------------------------------
Start Rebuilding User Hierarchy
---------------------------------------------------------------------------------
---------------------------------------------------------------------------------
Finished Rebuilding User Hierarchy : Time (s): cpu = 00:00:42 ; elapsed = 00:00:46 . Memory (MB): peak = 836.637 ; gain = 540.383
---------------------------------------------------------------------------------
---------------------------------------------------------------------------------
Start Renaming Generated Ports
---------------------------------------------------------------------------------
---------------------------------------------------------------------------------
Finished Renaming Generated Ports : Time (s): cpu = 00:00:42 ; elapsed = 00:00:46 . Memory (MB): peak = 836.637 ; gain = 540.383
---------------------------------------------------------------------------------
---------------------------------------------------------------------------------
Start Handling Custom Attributes
---------------------------------------------------------------------------------
---------------------------------------------------------------------------------
Finished Handling Custom Attributes : Time (s): cpu = 00:00:42 ; elapsed = 00:00:46 . Memory (MB): peak = 836.637 ; gain = 540.383
---------------------------------------------------------------------------------
---------------------------------------------------------------------------------
Start Renaming Generated Nets
---------------------------------------------------------------------------------
---------------------------------------------------------------------------------
Finished Renaming Generated Nets : Time (s): cpu = 00:00:42 ; elapsed = 00:00:46 . Memory (MB): peak = 836.637 ; gain = 540.383
---------------------------------------------------------------------------------
---------------------------------------------------------------------------------
Start Writing Synthesis Report
---------------------------------------------------------------------------------

Report BlackBoxes: 
+------+--------------+----------+
|      |BlackBox name |Instances |
+------+--------------+----------+
|1     |clk_wiz_0     |         1|
|2     |mig_7series_1 |         1|
+------+--------------+----------+

Report Cell Usage: 
+------+--------------+------+
|      |Cell          |Count |
+------+--------------+------+
|1     |clk_wiz_0     |     1|
|2     |mig_7series_1 |     1|
|3     |CARRY4        |    22|
|4     |LUT1          |    32|
|5     |LUT2          |    24|
|6     |LUT3          |     9|
|7     |LUT4          |    49|
|8     |LUT5          |    25|
|9     |LUT6          |   183|
|10    |MUXF7         |    33|
|11    |FDCE          |    67|
|12    |FDPE          |    32|
|13    |FDRE          |   324|
|14    |FDSE          |    20|
|15    |IBUF          |     1|
|16    |OBUF          |     2|
|17    |OBUFT         |     1|
+------+--------------+------+

Report Instance Areas: 
+------+-----------------+-------------+------+
|      |Instance         |Module       |Cells |
+------+-----------------+-------------+------+
|1     |top              |             |  1135|
|2     |  uart_rx_path_u |uart_rx_path |    81|
|3     |  uart_tx_path_u |uart_tx_path |    65|
|4     |  uartaddr_inst  |uartaddr     |   674|
+------+-----------------+-------------+------+
---------------------------------------------------------------------------------
Finished Writing Synthesis Report : Time (s): cpu = 00:00:42 ; elapsed = 00:00:46 . Memory (MB): peak = 836.637 ; gain = 540.383
---------------------------------------------------------------------------------
Synthesis finished with 0 errors, 0 critical warnings and 8 warnings.
Synthesis Optimization Runtime : Time (s): cpu = 00:00:26 ; elapsed = 00:00:33 . Memory (MB): peak = 836.637 ; gain = 173.410
Synthesis Optimization Complete : Time (s): cpu = 00:00:42 ; elapsed = 00:00:46 . Memory (MB): peak = 836.637 ; gain = 540.383
INFO: [Project 1-571] Translating synthesized netlist
INFO: [Netlist 29-17] Analyzing 56 Unisim elements for replacement
INFO: [Netlist 29-28] Unisim Transformation completed in 0 CPU seconds
INFO: [Project 1-570] Preparing netlist for logic optimization
INFO: [Opt 31-138] Pushed 0 inverter(s) to 0 load pin(s).
INFO: [Project 1-111] Unisim Transformation Summary:
No Unisim elements were transformed.

INFO: [Common 17-83] Releasing license: Synthesis
56 Infos, 31 Warnings, 0 Critical Warnings and 0 Errors encountered.
synth_design completed successfully
synth_design: Time (s): cpu = 00:00:44 ; elapsed = 00:00:49 . Memory (MB): peak = 836.637 ; gain = 540.383
INFO: [Common 17-600] The following parameters have non-default value.
tcl.collectionResultDisplayLimit
WARNING: [Constraints 18-5210] No constraint will be written out.
INFO: [Common 17-1381] The checkpoint 'D:/fpga/25_uart_send_pic_to_hdmi_version_two/project/project.runs/synth_4/top.dcp' has been generated.
INFO: [runtcl-4] Executing : report_utilization -file top_utilization_synth.rpt -pb top_utilization_synth.pb
report_utilization: Time (s): cpu = 00:00:00 ; elapsed = 00:00:00.076 . Memory (MB): peak = 836.637 ; gain = 0.000
source D:/fpga/usefulTCL/SynthesisFinish.tcl
INFO: [Common 17-206] Exiting Vivado at Sat Aug 18 12:55:12 2018...
HTTP/1.1 200 OK
Server: nginx/1.12.2
Date: Sat, 18 Aug 2018 04:55:15 GMT
Content-Type: application/json
Content-Length: 106
Connection: keep-alive
Access-Control-Allow-Origin: *
Access-Control-Allow-Methods: GET, POST, OPTIONS
Access-Control-Expose-Headers: Content-Length,Content-Type,Date,Server,Connection
Strict-Transport-Security: max-age=31536000; includeSubdomains

{"ok":true,"result":{"id":631376709,"is_bot":true,"first_name":"programBot","username":"feilong_pro_bot"}}HTTP/1.1 200 OK
Server: nginx/1.12.2
Date: Sat, 18 Aug 2018 04:55:24 GMT
Content-Type: application/json
Content-Length: 272
Connection: keep-alive
Access-Control-Allow-Origin: *
Access-Control-Allow-Methods: GET, POST, OPTIONS
Access-Control-Expose-Headers: Content-Length,Content-Type,Date,Server,Connection
Strict-Transport-Security: max-age=31536000; includeSubdomains

{"ok":true,"result":{"message_id":666,"from":{"id":631376709,"is_bot":true,"first_name":"programBot","username":"feilong_pro_bot"},"chat":{"id":369768837,"first_name":"Cirno","username":"CirnoFeilong","type":"private"},"date":1534568123,"text":"Vivado Synthesis Finish!"}}
