MIG: 20:17:04 : Running customizer.xit
MIG: 20:17:04 : ################# RUNNING MIG INTERACTIVE ###################
MIG: 20:17:04 : Writing IN file for 'mig_7series_0'...compDirPath: /opt/Xilinx/Vivado/2018.2/data/ip/xilinx/mig_7series_v4_1... instDirPath: /home/feilong/.Xil/Vivado-25045-feilong-pc/coregen/mig_7series_0
MIG: 20:17:04 : synp_flow:  -- synthesis_mode: Other
MIG: 20:17:04 : outputDirectory: /home/feilong/.Xil/Vivado-25045-feilong-pc/coregen/mig_7series_0/_tmp/
MIG: 20:17:04 : vivado_mode: xpg_pa
MIG: 20:17:04 :  locked false  
MIG: 20:17:04 : HDL Language: Verilog
MIG: 20:17:04 : compInfo: true
MIG: 20:17:04 : relative mig path: coregen/ip/xilinx/other/com/xilinx/ip/mig_7series_v4_1/bin/lin64/mig
MIG: 20:17:04 : xilinx_path: /opt/Xilinx/Vivado/2018.2/ids_lite/ISE
MIG: 20:17:04 : I am in catch area
MIG: 20:17:04 : Running /opt/Xilinx/Vivado/2018.2/ids_lite/ISE/coregen/ip/xilinx/other/com/xilinx/ip/mig_7series_v4_1/bin/lin64/mig -cg_exc_inp /home/feilong/.Xil/Vivado-25045-feilong-pc/coregen/mig_7series_0/xil_txt.in -cg_exc_out /home/feilong/.Xil/Vivado-25045-feilong-pc/coregen/mig_7series_0/xil_txt.out ... 
MIG: 20:27:20 : Prasad before: xmlPropertyPrj --  .prj
MIG: 20:27:20 : Prasad After: xmlPropertyPrj -- mig_a.prj
MIG: 20:27:20 : XML_INPUT_FILE: /home/feilong/.Xil/Vivado-25045-feilong-pc/coregen/mig_7series_0/mig_a.prj
MIG: 20:27:20 : Component_Name: mig_7series_0
MIG: 20:27:20 : Moving mig_7series_0.veo ...
MIG: 20:27:20 : Moving mig_7series_0 ...
MIG: 20:27:20 : Moving mig_7series_0_xmdf.tcl ...
MIG: 20:27:20 : Sending back 0
MIG: 20:27:22 : xml_input_file: mig_a.prj
MIG: 20:27:22 : Absolute path of xml_input_file: /home/feilong/Storages/fpga/28_sobel/sobel/sobel.srcs/sources_1/ip/mig_7series_0/mig_a.prj
MIG: 20:27:22 : xml_input_file: mig_a.prj
MIG: 20:27:22 : Absolute path of xml_input_file: /home/feilong/Storages/fpga/28_sobel/sobel/sobel.srcs/sources_1/ip/mig_7series_0/mig_a.prj
MIG: 20:27:22 : In updateAllModelParams
MIG: 20:27:22 : IGN:     <ModuleName>mig_7series_0</ModuleName> <==>     <ModuleName>mig_7series_0</ModuleName> 
MIG: 20:27:22 : IGN:         <InputClkFreq>500</InputClkFreq> <==>         <InputClkFreq>500</InputClkFreq> 
MIG: 20:27:22 : XGUI hdlLanguage: Verilog
MIG: 20:27:22 : xgui vivado_mode: xpg_pa
MIG: 20:27:22 : xgui hdlLanguage: Verilog -- hdlExt: v
MIG: 20:27:22 : Reading /home/feilong/Storages/fpga/28_sobel/sobel/sobel.srcs/sources_1/ip/mig_7series_0/mig_7series_0/user_design/rtl/mig_7series_0_mig.v ...
MIG: 20:27:24 : 1
MIG: 20:27:24 : Inside fn mem: DDR3
MIG: 20:27:24 : detect_uiclk: 166666667
MIG: 20:27:24 : cntrl:  memtype: DDR3
MIG: 20:27:24 : 666
MIG: 20:27:24 :  MMCM_VCO single ctrl param_name: MMCM_VCO --  possibleMaxVcoVal: 666 
MIG: 20:27:24 : 
MIG: 20:27:24 : 
MIG: 20:27:24 : 166666667
MIG: 20:27:24 : 
MIG: 20:27:24 :  polarity_value: 1
MIG: 20:27:24 : 
MIG: 20:27:24 : 
MIG: 20:27:24 : cntrl:  memtype: DDR3
MIG: 20:27:24 : 
MIG: 20:27:24 :  Valid Param: DDR3_BANK_WIDTH ==> 3
MIG: 20:27:24 : 
MIG: 20:27:24 :  Valid Param: DDR3_CK_WIDTH ==> 1
MIG: 20:27:24 :  Invalid Param: DDR3_COL_WIDTH ==> 10
MIG: 20:27:24 : 
MIG: 20:27:24 :  Valid Param: DDR3_CS_WIDTH ==> 1
MIG: 20:27:24 : 
MIG: 20:27:24 :  Valid Param: DDR3_nCS_PER_RANK ==> 1
MIG: 20:27:24 : 
MIG: 20:27:24 :  Valid Param: DDR3_CKE_WIDTH ==> 1
MIG: 20:27:24 :  Invalid Param: DDR3_DATA_BUF_ADDR_WIDTH ==> 4
MIG: 20:27:24 :  Invalid Param: DDR3_DQ_CNT_WIDTH ==> 5
MIG: 20:27:24 :  Invalid Param: DDR3_DQ_PER_DM ==> 8
MIG: 20:27:24 : 4
MIG: 20:27:24 :  Valid Param: DDR3_DM_WIDTH ==> 4
MIG: 20:27:24 : 32
MIG: 20:27:24 :  Valid Param: DDR3_DQ_WIDTH ==> 32
MIG: 20:27:24 : 4
MIG: 20:27:24 :  Valid Param: DDR3_DQS_WIDTH ==> 4
MIG: 20:27:24 : 2
MIG: 20:27:24 :  Valid Param: DDR3_DQS_CNT_WIDTH ==> 2
MIG: 20:27:24 :  Invalid Param: DDR3_DRAM_WIDTH ==> 8
MIG: 20:27:24 : 
MIG: 20:27:24 :  Valid Param: ECC ==> OFF
MIG: 20:27:24 : 32
MIG: 20:27:24 :  Valid Param: DDR3_DATA_WIDTH ==> 32
MIG: 20:27:24 :  Invalid Param: ECC_TEST ==> "OFF"
MIG: 20:27:24 :  Invalid Param: DDR3_PAYLOAD_WIDTH ==> (ECC_TEST == "OFF") ? DATA_WIDTH : DQ_WIDTH
MIG: 20:27:24 :  Invalid Param: DDR3_MEM_ADDR_ORDER ==> "BANK_ROW_COLUMN"
MIG: 20:27:24 :  Invalid Param: DDR3_nBANK_MACHS ==> 4
MIG: 20:27:24 :  Invalid Param: DDR3_RANKS ==> 1
MIG: 20:27:24 : 
MIG: 20:27:24 :  Valid Param: DDR3_ODT_WIDTH ==> 1
MIG: 20:27:24 : 
MIG: 20:27:24 :  Valid Param: DDR3_ROW_WIDTH ==> 14
MIG: 20:27:24 : 28
MIG: 20:27:24 :  Valid Param: DDR3_ADDR_WIDTH ==> 28
MIG: 20:27:24 : 0
MIG: 20:27:24 :  Valid Param: DDR3_USE_CS_PORT ==> 0
MIG: 20:27:24 : 
MIG: 20:27:24 :  Valid Param: DDR3_USE_DM_PORT ==> 1
MIG: 20:27:24 : 
MIG: 20:27:24 :  Valid Param: DDR3_USE_ODT_PORT ==> 1
MIG: 20:27:24 :  Invalid Param: DDR3_IS_CLK_SHARED ==> "FALSE"
MIG: 20:27:24 :  Invalid Param: DDR3_PHY_CONTROL_MASTER_BANK ==> 1
MIG: 20:27:24 :  Invalid Param: DDR3_MEM_DENSITY ==> "2Gb"
MIG: 20:27:24 :  Invalid Param: DDR3_MEM_SPEEDGRADE ==> "15E"
MIG: 20:27:24 :  Invalid Param: DDR3_MEM_DEVICE_WIDTH ==> 16
MIG: 20:27:24 :  Invalid Param: DDR3_AL ==> "0"
MIG: 20:27:24 :  Invalid Param: DDR3_nAL ==> 0
MIG: 20:27:24 :  Invalid Param: DDR3_BURST_MODE ==> "8"
MIG: 20:27:24 :  Invalid Param: DDR3_BURST_TYPE ==> "SEQ"
MIG: 20:27:24 :  Invalid Param: DDR3_CL ==> 5
MIG: 20:27:24 :  Invalid Param: DDR3_CWL ==> 5
MIG: 20:27:24 :  Invalid Param: DDR3_OUTPUT_DRV ==> "HIGH"
MIG: 20:27:24 :  Invalid Param: DDR3_RTT_NOM ==> "40"
MIG: 20:27:24 :  Invalid Param: DDR3_RTT_WR ==> "OFF"
MIG: 20:27:24 :  Invalid Param: DDR3_ADDR_CMD_MODE ==> "1T"
MIG: 20:27:24 : 
MIG: 20:27:24 :  Valid Param: DDR3_REG_CTRL ==> OFF
MIG: 20:27:24 :  Invalid Param: DDR3_CA_MIRROR ==> "OFF"
MIG: 20:27:24 :  Invalid Param: DDR3_VDD_OP_VOLT ==> "150"
MIG: 20:27:24 :  Invalid Param: DDR3_CLKIN_PERIOD ==> 2000
MIG: 20:27:24 :  Invalid Param: DDR3_CLKFBOUT_MULT ==> 8
MIG: 20:27:24 :  Invalid Param: DDR3_DIVCLK_DIVIDE ==> 3
MIG: 20:27:24 :  Invalid Param: DDR3_CLKOUT0_PHASE ==> 0.0
MIG: 20:27:24 :  Invalid Param: DDR3_CLKOUT0_DIVIDE ==> 2
MIG: 20:27:24 :  Invalid Param: DDR3_CLKOUT1_DIVIDE ==> 4
MIG: 20:27:24 :  Invalid Param: DDR3_CLKOUT2_DIVIDE ==> 64
MIG: 20:27:24 :  Invalid Param: DDR3_CLKOUT3_DIVIDE ==> 8
MIG: 20:27:24 :  Invalid Param: DDR3_MMCM_VCO ==> 666
MIG: 20:27:24 :  Invalid Param: DDR3_MMCM_MULT_F ==> 4
MIG: 20:27:24 :  Invalid Param: DDR3_MMCM_DIVCLK_DIVIDE ==> 1
MIG: 20:27:24 :  Invalid Param: DDR3_tCKE ==> 5625
MIG: 20:27:24 :  Invalid Param: DDR3_tFAW ==> 45000
MIG: 20:27:24 :  Invalid Param: DDR3_tPRDI ==> 1_000_000
MIG: 20:27:24 :  Invalid Param: DDR3_tRAS ==> 36000
MIG: 20:27:24 :  Invalid Param: DDR3_tRCD ==> 13500
MIG: 20:27:24 :  Invalid Param: DDR3_tREFI ==> 7800000
MIG: 20:27:24 :  Invalid Param: DDR3_tRFC ==> 160000
MIG: 20:27:24 :  Invalid Param: DDR3_tRP ==> 13500
MIG: 20:27:24 :  Invalid Param: DDR3_tRRD ==> 7500
MIG: 20:27:24 :  Invalid Param: DDR3_tRTP ==> 7500
MIG: 20:27:24 :  Invalid Param: DDR3_tWTR ==> 7500
MIG: 20:27:24 :  Invalid Param: DDR3_tZQI ==> 128_000_000
MIG: 20:27:24 :  Invalid Param: DDR3_tZQCS ==> 64
MIG: 20:27:24 :  Invalid Param: DDR3_SIM_BYPASS_INIT_CAL ==> "OFF"
MIG: 20:27:24 :  Invalid Param: DDR3_SIMULATION ==> "FALSE"
MIG: 20:27:24 :  Invalid Param: DDR3_BYTE_LANES_B0 ==> 4'b1111
MIG: 20:27:24 :  Invalid Param: DDR3_BYTE_LANES_B1 ==> 4'b1111
MIG: 20:27:24 :  Invalid Param: DDR3_BYTE_LANES_B2 ==> 4'b0000
MIG: 20:27:24 :  Invalid Param: DDR3_BYTE_LANES_B3 ==> 4'b0000
MIG: 20:27:24 :  Invalid Param: DDR3_BYTE_LANES_B4 ==> 4'b0000
MIG: 20:27:24 :  Invalid Param: DDR3_DATA_CTL_B0 ==> 4'b1111
MIG: 20:27:24 :  Invalid Param: DDR3_DATA_CTL_B1 ==> 4'b0000
MIG: 20:27:24 :  Invalid Param: DDR3_DATA_CTL_B2 ==> 4'b0000
MIG: 20:27:24 :  Invalid Param: DDR3_DATA_CTL_B3 ==> 4'b0000
MIG: 20:27:24 :  Invalid Param: DDR3_DATA_CTL_B4 ==> 4'b0000
MIG: 20:27:24 :  Invalid Param: DDR3_PHY_0_BITLANES ==> 48'h3FE_2FF_3F7_2FF
MIG: 20:27:24 :  Invalid Param: DDR3_PHY_1_BITLANES ==> 48'h07C_FF5_403_0B4
MIG: 20:27:24 :  Invalid Param: DDR3_PHY_2_BITLANES ==> 48'h000_000_000_000
MIG: 20:27:24 :  Invalid Param: DDR3_CK_BYTE_MAP ==> 144'h00_00_00_00_00_00_00_00_00_00_00_00_00_00_00_00_00_11
MIG: 20:27:24 :  Invalid Param: DDR3_ADDR_MAP ==> 192'h000_000_104_12B_125_132_124_102_105_110_107_126_111_122_127_12A
MIG: 20:27:24 :  Invalid Param: DDR3_BANK_MAP ==> 36'h128_134_11A
MIG: 20:27:24 :  Invalid Param: DDR3_CAS_MAP ==> 12'h133
MIG: 20:27:24 :  Invalid Param: DDR3_CKE_ODT_BYTE_MAP ==> 8'h00
MIG: 20:27:24 :  Invalid Param: DDR3_CKE_MAP ==> 96'h000_000_000_000_000_000_000_135
MIG: 20:27:24 :  Invalid Param: DDR3_ODT_MAP ==> 96'h000_000_000_000_000_000_000_120
MIG: 20:27:24 :  Invalid Param: DDR3_CS_MAP ==> 120'h000_000_000_000_000_000_000_000_000_000
MIG: 20:27:24 :  Invalid Param: DDR3_PARITY_MAP ==> 12'h000
MIG: 20:27:24 :  Invalid Param: DDR3_RAS_MAP ==> 12'h136
MIG: 20:27:24 :  Invalid Param: DDR3_WE_MAP ==> 12'h129
MIG: 20:27:24 :  Invalid Param: DDR3_DQS_BYTE_MAP ==> 144'h00_00_00_00_00_00_00_00_00_00_00_00_00_00_00_01_02_03
MIG: 20:27:24 :  Invalid Param: DDR3_DATA0_MAP ==> 96'h034_036_032_038_031_039_035_037
MIG: 20:27:24 :  Invalid Param: DDR3_DATA1_MAP ==> 96'h026_023_024_025_020_021_027_029
MIG: 20:27:24 :  Invalid Param: DDR3_DATA2_MAP ==> 96'h017_018_014_016_010_012_015_019
MIG: 20:27:24 :  Invalid Param: DDR3_DATA3_MAP ==> 96'h004_001_009_000_002_005_007_006
MIG: 20:27:24 :  Invalid Param: DDR3_DATA4_MAP ==> 96'h000_000_000_000_000_000_000_000
MIG: 20:27:24 :  Invalid Param: DDR3_DATA5_MAP ==> 96'h000_000_000_000_000_000_000_000
MIG: 20:27:24 :  Invalid Param: DDR3_DATA6_MAP ==> 96'h000_000_000_000_000_000_000_000
MIG: 20:27:24 :  Invalid Param: DDR3_DATA7_MAP ==> 96'h000_000_000_000_000_000_000_000
MIG: 20:27:24 :  Invalid Param: DDR3_DATA8_MAP ==> 96'h000_000_000_000_000_000_000_000
MIG: 20:27:24 :  Invalid Param: DDR3_DATA9_MAP ==> 96'h000_000_000_000_000_000_000_000
MIG: 20:27:24 :  Invalid Param: DDR3_DATA10_MAP ==> 96'h000_000_000_000_000_000_000_000
MIG: 20:27:24 :  Invalid Param: DDR3_DATA11_MAP ==> 96'h000_000_000_000_000_000_000_000
MIG: 20:27:24 :  Invalid Param: DDR3_DATA12_MAP ==> 96'h000_000_000_000_000_000_000_000
MIG: 20:27:24 :  Invalid Param: DDR3_DATA13_MAP ==> 96'h000_000_000_000_000_000_000_000
MIG: 20:27:24 :  Invalid Param: DDR3_DATA14_MAP ==> 96'h000_000_000_000_000_000_000_000
MIG: 20:27:24 :  Invalid Param: DDR3_DATA15_MAP ==> 96'h000_000_000_000_000_000_000_000
MIG: 20:27:24 :  Invalid Param: DDR3_DATA16_MAP ==> 96'h000_000_000_000_000_000_000_000
MIG: 20:27:24 :  Invalid Param: DDR3_DATA17_MAP ==> 96'h000_000_000_000_000_000_000_000
MIG: 20:27:24 :  Invalid Param: DDR3_MASK0_MAP ==> 108'h000_000_000_000_000_003_011_022_033
MIG: 20:27:24 :  Invalid Param: DDR3_MASK1_MAP ==> 108'h000_000_000_000_000_000_000_000_000
MIG: 20:27:24 :  Invalid Param: DDR3_SLOT_0_CONFIG ==> 8'b0000_0001
MIG: 20:27:24 :  Invalid Param: DDR3_SLOT_1_CONFIG ==> 8'b0000_0000
MIG: 20:27:24 :  Invalid Param: DDR3_IBUF_LPWR_MODE ==> "OFF"
MIG: 20:27:24 :  Invalid Param: DDR3_DATA_IO_IDLE_PWRDWN ==> "ON"
MIG: 20:27:24 :  Invalid Param: DDR3_BANK_TYPE ==> "HR_IO"
MIG: 20:27:24 :  Invalid Param: DDR3_DATA_IO_PRIM_TYPE ==> "HR_LP"
MIG: 20:27:24 :  Invalid Param: DDR3_CKE_ODT_AUX ==> "FALSE"
MIG: 20:27:24 :  Invalid Param: DDR3_USER_REFRESH ==> "OFF"
MIG: 20:27:24 :  Invalid Param: DDR3_WRLVL ==> "ON"
MIG: 20:27:24 :  Invalid Param: DDR3_ORDERING ==> "NORM"
MIG: 20:27:24 :  Invalid Param: DDR3_CALIB_ROW_ADD ==> 16'h0000
MIG: 20:27:24 :  Invalid Param: DDR3_CALIB_COL_ADD ==> 12'h000
MIG: 20:27:24 :  Invalid Param: DDR3_CALIB_BA_ADD ==> 3'h0
MIG: 20:27:24 :  Invalid Param: DDR3_TCQ ==> 100
MIG: 20:27:24 :  Invalid Param: DDR3_IDELAY_ADJ ==> "OFF"
MIG: 20:27:24 :  Invalid Param: DDR3_FINE_PER_BIT ==> "OFF"
MIG: 20:27:24 :  Invalid Param: DDR3_CENTER_COMP_MODE ==> "OFF"
MIG: 20:27:24 :  Invalid Param: DDR3_PI_VAL_ADJ ==> "OFF"
MIG: 20:27:24 :  Invalid Param: DDR3_IODELAY_GRP0 ==> "MIG_7SERIES_0_IODELAY_MIG0"
MIG: 20:27:24 :  Invalid Param: DDR3_IODELAY_GRP1 ==> "MIG_7SERIES_0_IODELAY_MIG1"
MIG: 20:27:24 :  Invalid Param: DDR3_SYSCLK_TYPE ==> "NO_BUFFER"
MIG: 20:27:24 :  Invalid Param: DDR3_REFCLK_TYPE ==> "NO_BUFFER"
MIG: 20:27:24 :  Invalid Param: DDR3_SYS_RST_PORT ==> "FALSE"
MIG: 20:27:24 :  Invalid Param: DDR3_FPGA_SPEED_GRADE ==> 2
MIG: 20:27:24 :  Invalid Param: DDR3_CMD_PIPE_PLUS1 ==> "ON"
MIG: 20:27:24 :  Invalid Param: DDR3_DRAM_TYPE ==> "DDR3"
MIG: 20:27:24 :  Invalid Param: DDR3_CAL_WIDTH ==> "HALF"
MIG: 20:27:24 :  Invalid Param: DDR3_STARVE_LIMIT ==> 2
MIG: 20:27:24 :  Invalid Param: DDR3_REF_CLK_MMCM_IODELAY_CTRL ==> "FALSE"
MIG: 20:27:24 :  Invalid Param: DDR3_REFCLK_FREQ ==> 200.0
MIG: 20:27:24 :  Invalid Param: DDR3_DIFF_TERM_REFCLK ==> "TRUE"
MIG: 20:27:24 :  Invalid Param: DDR3_tCK ==> 3000
MIG: 20:27:24 : 
MIG: 20:27:24 :  Valid Param: DDR3_nCK_PER_CLK ==> 2
MIG: 20:27:24 :  Invalid Param: DDR3_DIFF_TERM_SYSCLK ==> "TRUE"
MIG: 20:27:24 : 
MIG: 20:27:24 :  Valid Param: DDR3_DEBUG_PORT ==> OFF
MIG: 20:27:24 : 
MIG: 20:27:24 :  Invalid Param: DDR3_TEMP_MON_CONTROL ==> "INTERNAL"
MIG: 20:27:24 :  Invalid Param: DDR3_FPGA_VOLT_TYPE ==> "N"
MIG: 20:27:24 :  Invalid Param: DDR3_RST_ACT_LOW ==> 1
MIG: 20:27:24 : NOBUF
MIG: 20:27:24 : NOBUF
MIG: 20:27:24 : 
MIG: 20:27:24 : Same Interface
MIG: 20:27:33 : Running synthesis.xit
MIG: 20:27:33 : IGN:     <ModuleName>mig_7series_0</ModuleName> <==>     <ModuleName>mig_7series_0</ModuleName> 
MIG: 20:27:33 : IGN:         <InputClkFreq>500</InputClkFreq> <==>         <InputClkFreq>500</InputClkFreq> 
MIG: 20:27:33 : Running vlog_synth_rpr.xit
MIG: 20:27:33 : IGN:     <ModuleName>mig_7series_0</ModuleName> <==>     <ModuleName>mig_7series_0</ModuleName> 
MIG: 20:27:33 : IGN:         <InputClkFreq>500</InputClkFreq> <==>         <InputClkFreq>500</InputClkFreq> 
MIG: 20:27:34 : Running simulation.xit
MIG: 20:27:34 : IGN:     <ModuleName>mig_7series_0</ModuleName> <==>     <ModuleName>mig_7series_0</ModuleName> 
MIG: 20:27:34 : IGN:         <InputClkFreq>500</InputClkFreq> <==>         <InputClkFreq>500</InputClkFreq> 
MIG: 20:27:34 : Running vlog_sim_rpr.xit .. PRASAD DBG1
MIG: 20:27:34 : IGN:     <ModuleName>mig_7series_0</ModuleName> <==>     <ModuleName>mig_7series_0</ModuleName> 
MIG: 20:27:34 : IGN:         <InputClkFreq>500</InputClkFreq> <==>         <InputClkFreq>500</InputClkFreq> 
MIG: 20:27:34 : Running implementation.xit
MIG: 20:27:34 : IGN:     <ModuleName>mig_7series_0</ModuleName> <==>     <ModuleName>mig_7series_0</ModuleName> 
MIG: 20:27:34 : IGN:         <InputClkFreq>500</InputClkFreq> <==>         <InputClkFreq>500</InputClkFreq> 
MIG: 20:49:33 : Running customizer.xit
MIG: 20:49:33 : ################# RUNNING MIG INTERACTIVE ###################
MIG: 20:49:33 : Writing IN file for 'mig_7series_0'...compDirPath: /opt/Xilinx/Vivado/2018.2/data/ip/xilinx/mig_7series_v4_1... instDirPath: /home/feilong/.Xil/Vivado-25045-feilong-pc/coregen/mig_7series_0
MIG: 20:49:33 : synp_flow:  -- synthesis_mode: Other
MIG: 20:49:33 : outputDirectory: /home/feilong/.Xil/Vivado-25045-feilong-pc/coregen/mig_7series_0/_tmp/
MIG: 20:49:33 : vivado_mode: xpg_pa
MIG: 20:49:33 :  locked false  
MIG: 20:49:33 : HDL Language: Verilog
MIG: 20:49:33 : compInfo: false
MIG: 20:49:33 : Vivado Options xc7a100t fgg484 -2
MIG: 20:49:33 : 1: xc7a100t 2: fgg484 3: -2
MIG: 20:49:33 : relative mig path: coregen/ip/xilinx/other/com/xilinx/ip/mig_7series_v4_1/bin/lin64/mig
MIG: 20:49:33 : xilinx_path: /opt/Xilinx/Vivado/2018.2/ids_lite/ISE
MIG: 20:49:33 : I am in catch area
MIG: 20:49:33 : Running /opt/Xilinx/Vivado/2018.2/ids_lite/ISE/coregen/ip/xilinx/other/com/xilinx/ip/mig_7series_v4_1/bin/lin64/mig -cg_exc_inp /home/feilong/.Xil/Vivado-25045-feilong-pc/coregen/mig_7series_0/xil_txt.in -cg_exc_out /home/feilong/.Xil/Vivado-25045-feilong-pc/coregen/mig_7series_0/xil_txt.out ... 
MIG: 21:17:42 : Prasad before: xmlPropertyPrj -- mig_a.prj
MIG: 21:17:42 : Prasad After: xmlPropertyPrj -- mig_b.prj
MIG: 21:17:42 : XML_INPUT_FILE: /home/feilong/.Xil/Vivado-25045-feilong-pc/coregen/mig_7series_0/mig_b.prj
MIG: 21:17:42 : Component_Name: mig_7series_0
MIG: 21:17:42 : Moving mig_7series_0.veo ...
MIG: 21:17:42 : Moving mig_7series_0 ...
MIG: 21:17:42 : Moving mig_7series_0_xmdf.tcl ...
MIG: 21:17:42 : Sending back 0
MIG: 21:17:43 : xml_input_file: mig_b.prj
MIG: 21:17:43 : Absolute path of xml_input_file: /home/feilong/Storages/fpga/28_sobel/sobel/sobel.srcs/sources_1/ip/mig_7series_0/mig_b.prj
MIG: 21:17:43 : xml_input_file: mig_b.prj
MIG: 21:17:43 : Absolute path of xml_input_file: /home/feilong/Storages/fpga/28_sobel/sobel/sobel.srcs/sources_1/ip/mig_7series_0/mig_b.prj
MIG: 21:17:43 : In updateAllModelParams
MIG: 21:17:43 : IGN:     <ModuleName>mig_7series_0</ModuleName> <==>     <ModuleName>mig_7series_0</ModuleName> 
MIG: 21:17:43 : IGN:         <InputClkFreq>500</InputClkFreq> <==>         <InputClkFreq>500</InputClkFreq> 
MIG: 21:17:43 : XGUI hdlLanguage: Verilog
MIG: 21:17:43 : xgui vivado_mode: xpg_pa
MIG: 21:17:43 : xgui hdlLanguage: Verilog -- hdlExt: v
MIG: 21:17:43 : Reading /home/feilong/Storages/fpga/28_sobel/sobel/sobel.srcs/sources_1/ip/mig_7series_0/mig_7series_0/user_design/rtl/mig_7series_0_mig.v ...
MIG: 21:17:44 : 
MIG: 21:17:44 : Inside fn mem: DDR3
MIG: 21:17:44 : detect_uiclk: 166666667
MIG: 21:17:44 : cntrl:  memtype: DDR3
MIG: 21:17:44 : 
MIG: 21:17:44 :  MMCM_VCO single ctrl param_name: MMCM_VCO --  possibleMaxVcoVal: 666 
MIG: 21:17:44 : 
MIG: 21:17:44 : 
MIG: 21:17:44 : 
MIG: 21:17:44 : 
MIG: 21:17:44 :  polarity_value: 1
MIG: 21:17:44 : 
MIG: 21:17:44 : 
MIG: 21:17:44 : cntrl:  memtype: DDR3
MIG: 21:17:44 : 
MIG: 21:17:44 :  Valid Param: DDR3_BANK_WIDTH ==> 3
MIG: 21:17:44 : 
MIG: 21:17:44 :  Valid Param: DDR3_CK_WIDTH ==> 1
MIG: 21:17:44 :  Invalid Param: DDR3_COL_WIDTH ==> 10
MIG: 21:17:44 : 
MIG: 21:17:44 :  Valid Param: DDR3_CS_WIDTH ==> 1
MIG: 21:17:44 : 
MIG: 21:17:44 :  Valid Param: DDR3_nCS_PER_RANK ==> 1
MIG: 21:17:44 : 
MIG: 21:17:44 :  Valid Param: DDR3_CKE_WIDTH ==> 1
MIG: 21:17:44 :  Invalid Param: DDR3_DATA_BUF_ADDR_WIDTH ==> 4
MIG: 21:17:44 :  Invalid Param: DDR3_DQ_CNT_WIDTH ==> 5
MIG: 21:17:44 :  Invalid Param: DDR3_DQ_PER_DM ==> 8
MIG: 21:17:44 : 
MIG: 21:17:44 :  Valid Param: DDR3_DM_WIDTH ==> 4
MIG: 21:17:44 : 
MIG: 21:17:44 :  Valid Param: DDR3_DQ_WIDTH ==> 32
MIG: 21:17:44 : 
MIG: 21:17:44 :  Valid Param: DDR3_DQS_WIDTH ==> 4
MIG: 21:17:44 : 
MIG: 21:17:44 :  Valid Param: DDR3_DQS_CNT_WIDTH ==> 2
MIG: 21:17:44 :  Invalid Param: DDR3_DRAM_WIDTH ==> 8
MIG: 21:17:44 : 
MIG: 21:17:44 :  Valid Param: ECC ==> OFF
MIG: 21:17:44 : 
MIG: 21:17:44 :  Valid Param: DDR3_DATA_WIDTH ==> 32
MIG: 21:17:44 :  Invalid Param: ECC_TEST ==> "OFF"
MIG: 21:17:44 :  Invalid Param: DDR3_PAYLOAD_WIDTH ==> (ECC_TEST == "OFF") ? DATA_WIDTH : DQ_WIDTH
MIG: 21:17:44 :  Invalid Param: DDR3_MEM_ADDR_ORDER ==> "BANK_ROW_COLUMN"
MIG: 21:17:44 :  Invalid Param: DDR3_nBANK_MACHS ==> 4
MIG: 21:17:44 :  Invalid Param: DDR3_RANKS ==> 1
MIG: 21:17:44 : 
MIG: 21:17:44 :  Valid Param: DDR3_ODT_WIDTH ==> 1
MIG: 21:17:44 : 
MIG: 21:17:44 :  Valid Param: DDR3_ROW_WIDTH ==> 14
MIG: 21:17:44 : 
MIG: 21:17:44 :  Valid Param: DDR3_ADDR_WIDTH ==> 28
MIG: 21:17:44 : 
MIG: 21:17:44 :  Valid Param: DDR3_USE_CS_PORT ==> 0
MIG: 21:17:44 : 
MIG: 21:17:44 :  Valid Param: DDR3_USE_DM_PORT ==> 1
MIG: 21:17:44 : 
MIG: 21:17:44 :  Valid Param: DDR3_USE_ODT_PORT ==> 1
MIG: 21:17:44 :  Invalid Param: DDR3_IS_CLK_SHARED ==> "FALSE"
MIG: 21:17:44 :  Invalid Param: DDR3_PHY_CONTROL_MASTER_BANK ==> 1
MIG: 21:17:44 :  Invalid Param: DDR3_MEM_DENSITY ==> "2Gb"
MIG: 21:17:44 :  Invalid Param: DDR3_MEM_SPEEDGRADE ==> "15E"
MIG: 21:17:44 :  Invalid Param: DDR3_MEM_DEVICE_WIDTH ==> 16
MIG: 21:17:44 :  Invalid Param: DDR3_AL ==> "0"
MIG: 21:17:44 :  Invalid Param: DDR3_nAL ==> 0
MIG: 21:17:44 :  Invalid Param: DDR3_BURST_MODE ==> "8"
MIG: 21:17:44 :  Invalid Param: DDR3_BURST_TYPE ==> "SEQ"
MIG: 21:17:44 :  Invalid Param: DDR3_CL ==> 5
MIG: 21:17:44 :  Invalid Param: DDR3_CWL ==> 5
MIG: 21:17:44 :  Invalid Param: DDR3_OUTPUT_DRV ==> "HIGH"
MIG: 21:17:44 :  Invalid Param: DDR3_RTT_NOM ==> "40"
MIG: 21:17:44 :  Invalid Param: DDR3_RTT_WR ==> "OFF"
MIG: 21:17:44 :  Invalid Param: DDR3_ADDR_CMD_MODE ==> "1T"
MIG: 21:17:44 : 
MIG: 21:17:44 :  Valid Param: DDR3_REG_CTRL ==> OFF
MIG: 21:17:44 :  Invalid Param: DDR3_CA_MIRROR ==> "OFF"
MIG: 21:17:44 :  Invalid Param: DDR3_VDD_OP_VOLT ==> "150"
MIG: 21:17:44 :  Invalid Param: DDR3_CLKIN_PERIOD ==> 2000
MIG: 21:17:44 :  Invalid Param: DDR3_CLKFBOUT_MULT ==> 8
MIG: 21:17:44 :  Invalid Param: DDR3_DIVCLK_DIVIDE ==> 3
MIG: 21:17:44 :  Invalid Param: DDR3_CLKOUT0_PHASE ==> 0.0
MIG: 21:17:44 :  Invalid Param: DDR3_CLKOUT0_DIVIDE ==> 2
MIG: 21:17:44 :  Invalid Param: DDR3_CLKOUT1_DIVIDE ==> 4
MIG: 21:17:44 :  Invalid Param: DDR3_CLKOUT2_DIVIDE ==> 64
MIG: 21:17:44 :  Invalid Param: DDR3_CLKOUT3_DIVIDE ==> 8
MIG: 21:17:44 :  Invalid Param: DDR3_MMCM_VCO ==> 666
MIG: 21:17:44 :  Invalid Param: DDR3_MMCM_MULT_F ==> 4
MIG: 21:17:44 :  Invalid Param: DDR3_MMCM_DIVCLK_DIVIDE ==> 1
MIG: 21:17:44 :  Invalid Param: DDR3_tCKE ==> 5625
MIG: 21:17:44 :  Invalid Param: DDR3_tFAW ==> 45000
MIG: 21:17:44 :  Invalid Param: DDR3_tPRDI ==> 1_000_000
MIG: 21:17:44 :  Invalid Param: DDR3_tRAS ==> 36000
MIG: 21:17:44 :  Invalid Param: DDR3_tRCD ==> 13500
MIG: 21:17:44 :  Invalid Param: DDR3_tREFI ==> 7800000
MIG: 21:17:44 :  Invalid Param: DDR3_tRFC ==> 160000
MIG: 21:17:44 :  Invalid Param: DDR3_tRP ==> 13500
MIG: 21:17:44 :  Invalid Param: DDR3_tRRD ==> 7500
MIG: 21:17:44 :  Invalid Param: DDR3_tRTP ==> 7500
MIG: 21:17:44 :  Invalid Param: DDR3_tWTR ==> 7500
MIG: 21:17:44 :  Invalid Param: DDR3_tZQI ==> 128_000_000
MIG: 21:17:44 :  Invalid Param: DDR3_tZQCS ==> 64
MIG: 21:17:44 :  Invalid Param: DDR3_SIM_BYPASS_INIT_CAL ==> "OFF"
MIG: 21:17:44 :  Invalid Param: DDR3_SIMULATION ==> "FALSE"
MIG: 21:17:44 :  Invalid Param: DDR3_BYTE_LANES_B0 ==> 4'b1111
MIG: 21:17:44 :  Invalid Param: DDR3_BYTE_LANES_B1 ==> 4'b1111
MIG: 21:17:44 :  Invalid Param: DDR3_BYTE_LANES_B2 ==> 4'b0000
MIG: 21:17:44 :  Invalid Param: DDR3_BYTE_LANES_B3 ==> 4'b0000
MIG: 21:17:44 :  Invalid Param: DDR3_BYTE_LANES_B4 ==> 4'b0000
MIG: 21:17:44 :  Invalid Param: DDR3_DATA_CTL_B0 ==> 4'b1111
MIG: 21:17:44 :  Invalid Param: DDR3_DATA_CTL_B1 ==> 4'b0000
MIG: 21:17:44 :  Invalid Param: DDR3_DATA_CTL_B2 ==> 4'b0000
MIG: 21:17:44 :  Invalid Param: DDR3_DATA_CTL_B3 ==> 4'b0000
MIG: 21:17:44 :  Invalid Param: DDR3_DATA_CTL_B4 ==> 4'b0000
MIG: 21:17:44 :  Invalid Param: DDR3_PHY_0_BITLANES ==> 48'h3FE_2FF_3F7_2FF
MIG: 21:17:44 :  Invalid Param: DDR3_PHY_1_BITLANES ==> 48'h07C_FF5_403_0B4
MIG: 21:17:44 :  Invalid Param: DDR3_PHY_2_BITLANES ==> 48'h000_000_000_000
MIG: 21:17:44 :  Invalid Param: DDR3_CK_BYTE_MAP ==> 144'h00_00_00_00_00_00_00_00_00_00_00_00_00_00_00_00_00_11
MIG: 21:17:44 :  Invalid Param: DDR3_ADDR_MAP ==> 192'h000_000_104_12B_125_132_124_102_105_110_107_126_111_122_127_12A
MIG: 21:17:44 :  Invalid Param: DDR3_BANK_MAP ==> 36'h128_134_11A
MIG: 21:17:44 :  Invalid Param: DDR3_CAS_MAP ==> 12'h133
MIG: 21:17:44 :  Invalid Param: DDR3_CKE_ODT_BYTE_MAP ==> 8'h00
MIG: 21:17:44 :  Invalid Param: DDR3_CKE_MAP ==> 96'h000_000_000_000_000_000_000_135
MIG: 21:17:44 :  Invalid Param: DDR3_ODT_MAP ==> 96'h000_000_000_000_000_000_000_120
MIG: 21:17:44 :  Invalid Param: DDR3_CS_MAP ==> 120'h000_000_000_000_000_000_000_000_000_000
MIG: 21:17:44 :  Invalid Param: DDR3_PARITY_MAP ==> 12'h000
MIG: 21:17:44 :  Invalid Param: DDR3_RAS_MAP ==> 12'h136
MIG: 21:17:44 :  Invalid Param: DDR3_WE_MAP ==> 12'h129
MIG: 21:17:44 :  Invalid Param: DDR3_DQS_BYTE_MAP ==> 144'h00_00_00_00_00_00_00_00_00_00_00_00_00_00_00_01_02_03
MIG: 21:17:44 :  Invalid Param: DDR3_DATA0_MAP ==> 96'h034_036_032_038_031_039_035_037
MIG: 21:17:44 :  Invalid Param: DDR3_DATA1_MAP ==> 96'h026_023_024_025_020_021_027_029
MIG: 21:17:44 :  Invalid Param: DDR3_DATA2_MAP ==> 96'h017_018_014_016_010_012_015_019
MIG: 21:17:44 :  Invalid Param: DDR3_DATA3_MAP ==> 96'h004_001_009_000_002_005_007_006
MIG: 21:17:44 :  Invalid Param: DDR3_DATA4_MAP ==> 96'h000_000_000_000_000_000_000_000
MIG: 21:17:44 :  Invalid Param: DDR3_DATA5_MAP ==> 96'h000_000_000_000_000_000_000_000
MIG: 21:17:44 :  Invalid Param: DDR3_DATA6_MAP ==> 96'h000_000_000_000_000_000_000_000
MIG: 21:17:44 :  Invalid Param: DDR3_DATA7_MAP ==> 96'h000_000_000_000_000_000_000_000
MIG: 21:17:44 :  Invalid Param: DDR3_DATA8_MAP ==> 96'h000_000_000_000_000_000_000_000
MIG: 21:17:44 :  Invalid Param: DDR3_DATA9_MAP ==> 96'h000_000_000_000_000_000_000_000
MIG: 21:17:44 :  Invalid Param: DDR3_DATA10_MAP ==> 96'h000_000_000_000_000_000_000_000
MIG: 21:17:44 :  Invalid Param: DDR3_DATA11_MAP ==> 96'h000_000_000_000_000_000_000_000
MIG: 21:17:44 :  Invalid Param: DDR3_DATA12_MAP ==> 96'h000_000_000_000_000_000_000_000
MIG: 21:17:44 :  Invalid Param: DDR3_DATA13_MAP ==> 96'h000_000_000_000_000_000_000_000
MIG: 21:17:44 :  Invalid Param: DDR3_DATA14_MAP ==> 96'h000_000_000_000_000_000_000_000
MIG: 21:17:44 :  Invalid Param: DDR3_DATA15_MAP ==> 96'h000_000_000_000_000_000_000_000
MIG: 21:17:44 :  Invalid Param: DDR3_DATA16_MAP ==> 96'h000_000_000_000_000_000_000_000
MIG: 21:17:44 :  Invalid Param: DDR3_DATA17_MAP ==> 96'h000_000_000_000_000_000_000_000
MIG: 21:17:44 :  Invalid Param: DDR3_MASK0_MAP ==> 108'h000_000_000_000_000_003_011_022_033
MIG: 21:17:44 :  Invalid Param: DDR3_MASK1_MAP ==> 108'h000_000_000_000_000_000_000_000_000
MIG: 21:17:44 :  Invalid Param: DDR3_SLOT_0_CONFIG ==> 8'b0000_0001
MIG: 21:17:44 :  Invalid Param: DDR3_SLOT_1_CONFIG ==> 8'b0000_0000
MIG: 21:17:44 :  Invalid Param: DDR3_IBUF_LPWR_MODE ==> "OFF"
MIG: 21:17:44 :  Invalid Param: DDR3_DATA_IO_IDLE_PWRDWN ==> "ON"
MIG: 21:17:44 :  Invalid Param: DDR3_BANK_TYPE ==> "HR_IO"
MIG: 21:17:44 :  Invalid Param: DDR3_DATA_IO_PRIM_TYPE ==> "HR_LP"
MIG: 21:17:44 :  Invalid Param: DDR3_CKE_ODT_AUX ==> "FALSE"
MIG: 21:17:44 :  Invalid Param: DDR3_USER_REFRESH ==> "OFF"
MIG: 21:17:44 :  Invalid Param: DDR3_WRLVL ==> "ON"
MIG: 21:17:44 :  Invalid Param: DDR3_ORDERING ==> "NORM"
MIG: 21:17:44 :  Invalid Param: DDR3_CALIB_ROW_ADD ==> 16'h0000
MIG: 21:17:44 :  Invalid Param: DDR3_CALIB_COL_ADD ==> 12'h000
MIG: 21:17:44 :  Invalid Param: DDR3_CALIB_BA_ADD ==> 3'h0
MIG: 21:17:44 :  Invalid Param: DDR3_TCQ ==> 100
MIG: 21:17:44 :  Invalid Param: DDR3_IDELAY_ADJ ==> "OFF"
MIG: 21:17:44 :  Invalid Param: DDR3_FINE_PER_BIT ==> "OFF"
MIG: 21:17:44 :  Invalid Param: DDR3_CENTER_COMP_MODE ==> "OFF"
MIG: 21:17:44 :  Invalid Param: DDR3_PI_VAL_ADJ ==> "OFF"
MIG: 21:17:44 :  Invalid Param: DDR3_IODELAY_GRP0 ==> "MIG_7SERIES_0_IODELAY_MIG0"
MIG: 21:17:44 :  Invalid Param: DDR3_IODELAY_GRP1 ==> "MIG_7SERIES_0_IODELAY_MIG1"
MIG: 21:17:44 :  Invalid Param: DDR3_SYSCLK_TYPE ==> "NO_BUFFER"
MIG: 21:17:44 :  Invalid Param: DDR3_REFCLK_TYPE ==> "NO_BUFFER"
MIG: 21:17:44 :  Invalid Param: DDR3_SYS_RST_PORT ==> "FALSE"
MIG: 21:17:44 :  Invalid Param: DDR3_FPGA_SPEED_GRADE ==> 2
MIG: 21:17:44 :  Invalid Param: DDR3_CMD_PIPE_PLUS1 ==> "ON"
MIG: 21:17:44 :  Invalid Param: DDR3_DRAM_TYPE ==> "DDR3"
MIG: 21:17:44 :  Invalid Param: DDR3_CAL_WIDTH ==> "HALF"
MIG: 21:17:44 :  Invalid Param: DDR3_STARVE_LIMIT ==> 2
MIG: 21:17:44 :  Invalid Param: DDR3_REF_CLK_MMCM_IODELAY_CTRL ==> "FALSE"
MIG: 21:17:44 :  Invalid Param: DDR3_REFCLK_FREQ ==> 200.0
MIG: 21:17:44 :  Invalid Param: DDR3_DIFF_TERM_REFCLK ==> "TRUE"
MIG: 21:17:44 :  Invalid Param: DDR3_tCK ==> 3000
MIG: 21:17:44 : 
MIG: 21:17:44 :  Valid Param: DDR3_nCK_PER_CLK ==> 2
MIG: 21:17:44 :  Invalid Param: DDR3_DIFF_TERM_SYSCLK ==> "TRUE"
MIG: 21:17:44 : 
MIG: 21:17:44 :  Valid Param: DDR3_DEBUG_PORT ==> OFF
MIG: 21:17:44 : 
MIG: 21:17:44 :  Invalid Param: DDR3_TEMP_MON_CONTROL ==> "INTERNAL"
MIG: 21:17:44 :  Invalid Param: DDR3_FPGA_VOLT_TYPE ==> "N"
MIG: 21:17:44 :  Invalid Param: DDR3_RST_ACT_LOW ==> 1
MIG: 21:17:44 : 
MIG: 21:17:44 : 
MIG: 21:17:44 : 
MIG: 21:17:44 : Same Interface
MIG: 21:17:48 : Running synthesis.xit
MIG: 21:17:48 : IGN:     <ModuleName>mig_7series_0</ModuleName> <==>     <ModuleName>mig_7series_0</ModuleName> 
MIG: 21:17:48 : IGN:         <InputClkFreq>500</InputClkFreq> <==>         <InputClkFreq>500</InputClkFreq> 
MIG: 21:17:48 : Running vlog_synth_rpr.xit
MIG: 21:17:48 : IGN:     <ModuleName>mig_7series_0</ModuleName> <==>     <ModuleName>mig_7series_0</ModuleName> 
MIG: 21:17:48 : IGN:         <InputClkFreq>500</InputClkFreq> <==>         <InputClkFreq>500</InputClkFreq> 
MIG: 21:17:49 : Running simulation.xit
MIG: 21:17:49 : IGN:     <ModuleName>mig_7series_0</ModuleName> <==>     <ModuleName>mig_7series_0</ModuleName> 
MIG: 21:17:49 : IGN:         <InputClkFreq>500</InputClkFreq> <==>         <InputClkFreq>500</InputClkFreq> 
MIG: 21:17:49 : Running vlog_sim_rpr.xit .. PRASAD DBG1
MIG: 21:17:49 : IGN:     <ModuleName>mig_7series_0</ModuleName> <==>     <ModuleName>mig_7series_0</ModuleName> 
MIG: 21:17:49 : IGN:         <InputClkFreq>500</InputClkFreq> <==>         <InputClkFreq>500</InputClkFreq> 
MIG: 21:17:49 : Running implementation.xit
MIG: 21:17:49 : IGN:     <ModuleName>mig_7series_0</ModuleName> <==>     <ModuleName>mig_7series_0</ModuleName> 
MIG: 21:17:49 : IGN:         <InputClkFreq>500</InputClkFreq> <==>         <InputClkFreq>500</InputClkFreq> 
MIG: 21:24:29 : Running example_syn.xit
MIG: 21:24:29 : IGN:     <ModuleName>mig_7series_0</ModuleName> <==>     <ModuleName>mig_7series_0</ModuleName> 
MIG: 21:24:29 : IGN:         <InputClkFreq>500</InputClkFreq> <==>         <InputClkFreq>500</InputClkFreq> 
MIG: 21:24:29 : Running example_sim.xit
MIG: 21:24:29 : IGN:     <ModuleName>mig_7series_0</ModuleName> <==>     <ModuleName>mig_7series_0</ModuleName> 
MIG: 21:24:29 : IGN:         <InputClkFreq>500</InputClkFreq> <==>         <InputClkFreq>500</InputClkFreq> 
MIG: 21:24:29 : MEM_TECH: DDR3_SDRAM
MIG: 21:24:29 : axi -- NATIVE
MIG: 21:24:29 : data_depth -- 1024
MIG: 22:27:23 : Running synthesis.xit
MIG: 22:27:23 : IGN:     <ModuleName>mig_7series_0</ModuleName> <==>     <ModuleName>mig_7series_0</ModuleName> 
MIG: 22:27:23 : IGN:         <InputClkFreq>500</InputClkFreq> <==>         <InputClkFreq>500</InputClkFreq> 
MIG: 22:27:24 : Running vlog_synth_rpr.xit
MIG: 22:27:24 : IGN:     <ModuleName>mig_7series_0</ModuleName> <==>     <ModuleName>mig_7series_0</ModuleName> 
MIG: 22:27:24 : IGN:         <InputClkFreq>500</InputClkFreq> <==>         <InputClkFreq>500</InputClkFreq> 
MIG: 22:27:24 : Running implementation.xit
MIG: 22:27:24 : IGN:     <ModuleName>mig_7series_0</ModuleName> <==>     <ModuleName>mig_7series_0</ModuleName> 
MIG: 22:27:24 : IGN:         <InputClkFreq>500</InputClkFreq> <==>         <InputClkFreq>500</InputClkFreq> 
MIG: 08:46:35 : xml_input_file: mig_b.prj
MIG: 08:46:35 : Absolute path of xml_input_file: d:/fpga/28_sobel/sobel/sobel.srcs/sources_1/ip/mig_7series_0/mig_b.prj
MIG: 08:46:35 : xml_input_file: mig_b.prj
MIG: 08:46:35 : Absolute path of xml_input_file: d:/fpga/28_sobel/sobel/sobel.srcs/sources_1/ip/mig_7series_0/mig_b.prj
