Model Technology ModelSim SE-64 vcom 10.2c Compiler 2013.07 Jul 19 2013
-- Loading package STANDARD
-- Loading package TEXTIO
-- Loading package std_logic_1164
-- Loading package std_logic_arith
-- Loading package STD_LOGIC_UNSIGNED
-- Compiling package ahblite_axi_bridge_pkg
-- Compiling package body ahblite_axi_bridge_pkg
-- Loading package ahblite_axi_bridge_pkg
-- Loading package NUMERIC_STD
-- Compiling entity counter_f
-- Compiling architecture imp of counter_f
-- Compiling entity time_out
-- Compiling architecture RTL of time_out
-- Loading entity counter_f
-- Loading package ahblite_axi_bridge_pkg
-- Compiling entity axi_wchannel
-- Compiling architecture RTL of axi_wchannel
-- Compiling entity axi_rchannel
-- Compiling architecture RTL of axi_rchannel
-- Compiling entity ahb_if
-- Compiling architecture RTL of ahb_if
-- Compiling entity ahb_data_counter
-- Compiling architecture RTL of ahb_data_counter
-- Compiling entity ahblite_axi_control
-- Compiling architecture RTL of ahblite_axi_control
-- Compiling entity ahblite_axi_bridge
-- Compiling architecture RTL of ahblite_axi_bridge
-- Loading entity ahblite_axi_control
-- Loading entity ahb_if
-- Loading entity ahb_data_counter
-- Loading entity axi_wchannel
-- Loading entity axi_rchannel
-- Loading entity time_out
