#-----------------------------------------------------------
# Vivado v2016.4 (64-bit)
# SW Build 1733598 on Wed Dec 14 22:35:39 MST 2016
# IP Build 1731160 on Wed Dec 14 23:47:21 MST 2016
# Start of session at: Sat Sep 23 18:44:23 2017
# Process ID: 13352
# Current directory: E:/MIA701SRC/MIA701_DDR
# Command line: vivado.exe -gui_launcher_event rodinguilauncherevent9476 E:\MIA701SRC\MIA701_DDR\mig_7series_0_ex.xpr
# Log file: E:/MIA701SRC/MIA701_DDR/vivado.log
# Journal file: E:/MIA701SRC/MIA701_DDR\vivado.jou
#-----------------------------------------------------------
start_gui
open_project E:/MIA701SRC/MIA701_DDR/mig_7series_0_ex.xpr
INFO: [Project 1-313] Project file moved from 'e:/DS_SRC/MIA701/MIA701DDR/mig_7series_0_ex' since last save.
Scanning sources...
Finished scanning sources
INFO: [IP_Flow 19-234] Refreshing IP repositories
INFO: [IP_Flow 19-1704] No user IP repositories specified
INFO: [IP_Flow 19-2313] Loaded Vivado IP repository 'D:/Xilinx/Vivado/2016.4/data/ip'.
open_project: Time (s): cpu = 00:00:08 ; elapsed = 00:00:06 . Memory (MB): peak = 874.211 ; gain = 200.914
set_property -name {xsim.simulate.runtime} -value {100000ns} -objects [get_filesets sim_1]
launch_simulation
INFO: [Vivado 12-4795] Using compiled simulation libraries for IPs
INFO: [SIM-utils-51] Simulation object is 'sim_1'
INFO: [USF-XSim-7] Finding pre-compiled libraries...
INFO: [USF-XSim-11] File 'D:/Xilinx/Vivado/2016.4/data/xsim/ip/xsim_ip.ini' copied to run dir:'E:/MIA701SRC/MIA701_DDR/mig_7series_0_ex.sim/sim_1/behav'
INFO: [USF-XSim-37] Inspecting design source files for 'sim_tb_top' in fileset 'sim_1'...
INFO: [SIM-utils-43] Exported 'E:/MIA701SRC/MIA701_DDR/mig_7series_0_ex.sim/sim_1/behav/xsim_run.bat'
INFO: [USF-XSim-97] Finding global include files...
INFO: [USF-XSim-98] Fetching design files from 'sim_1'...
INFO: [USF-XSim-2] XSim::Compile design
INFO: [USF-XSim-61] Executing 'COMPILE and ANALYZE' step in 'E:/MIA701SRC/MIA701_DDR/mig_7series_0_ex.sim/sim_1/behav'
"xvlog -m64 --relax -prj sim_tb_top_vlog.prj"
INFO: [VRFC 10-2263] Analyzing Verilog file "E:/MIA701SRC/MIA701_DDR/mig_7series_0_ex.srcs/sources_1/ip/clk_wiz_0/clk_wiz_0_clk_wiz.v" into library xil_defaultlib
INFO: [VRFC 10-311] analyzing module clk_wiz_0_clk_wiz
INFO: [VRFC 10-2263] Analyzing Verilog file "E:/MIA701SRC/MIA701_DDR/mig_7series_0_ex.srcs/sources_1/ip/clk_wiz_0/clk_wiz_0.v" into library xil_defaultlib
INFO: [VRFC 10-311] analyzing module clk_wiz_0
INFO: [VRFC 10-2263] Analyzing Verilog file "E:/MIA701SRC/MIA701_DDR/mig_7series_0_ex.srcs/sources_1/ip/mig_7series_0/mig_7series_0/user_design/rtl/clocking/mig_7series_v4_0_clk_ibuf.v" into library xil_defaultlib
INFO: [VRFC 10-311] analyzing module mig_7series_v4_0_clk_ibuf
INFO: [VRFC 10-2263] Analyzing Verilog file "E:/MIA701SRC/MIA701_DDR/mig_7series_0_ex.srcs/sources_1/ip/mig_7series_0/mig_7series_0/user_design/rtl/clocking/mig_7series_v4_0_infrastructure.v" into library xil_defaultlib
INFO: [VRFC 10-311] analyzing module mig_7series_v4_0_infrastructure
INFO: [VRFC 10-2458] undeclared symbol pll_clkfbout, assumed default net type wire [E:/MIA701SRC/MIA701_DDR/mig_7series_0_ex.srcs/sources_1/ip/mig_7series_0/mig_7series_0/user_design/rtl/clocking/mig_7series_v4_0_infrastructure.v:308]
INFO: [VRFC 10-2458] undeclared symbol clk_pll_i, assumed default net type wire [E:/MIA701SRC/MIA701_DDR/mig_7series_0_ex.srcs/sources_1/ip/mig_7series_0/mig_7series_0/user_design/rtl/clocking/mig_7series_v4_0_infrastructure.v:342]
INFO: [VRFC 10-2263] Analyzing Verilog file "E:/MIA701SRC/MIA701_DDR/mig_7series_0_ex.srcs/sources_1/ip/mig_7series_0/mig_7series_0/user_design/rtl/clocking/mig_7series_v4_0_iodelay_ctrl.v" into library xil_defaultlib
INFO: [VRFC 10-311] analyzing module mig_7series_v4_0_iodelay_ctrl
INFO: [VRFC 10-2263] Analyzing Verilog file "E:/MIA701SRC/MIA701_DDR/mig_7series_0_ex.srcs/sources_1/ip/mig_7series_0/mig_7series_0/user_design/rtl/clocking/mig_7series_v4_0_tempmon.v" into library xil_defaultlib
INFO: [VRFC 10-311] analyzing module mig_7series_v4_0_tempmon
INFO: [VRFC 10-2263] Analyzing Verilog file "E:/MIA701SRC/MIA701_DDR/mig_7series_0_ex.srcs/sources_1/ip/mig_7series_0/mig_7series_0/user_design/rtl/controller/mig_7series_v4_0_arb_mux.v" into library xil_defaultlib
INFO: [VRFC 10-311] analyzing module mig_7series_v4_0_arb_mux
INFO: [VRFC 10-2263] Analyzing Verilog file "E:/MIA701SRC/MIA701_DDR/mig_7series_0_ex.srcs/sources_1/ip/mig_7series_0/mig_7series_0/user_design/rtl/controller/mig_7series_v4_0_arb_row_col.v" into library xil_defaultlib
INFO: [VRFC 10-311] analyzing module mig_7series_v4_0_arb_row_col
INFO: [VRFC 10-2263] Analyzing Verilog file "E:/MIA701SRC/MIA701_DDR/mig_7series_0_ex.srcs/sources_1/ip/mig_7series_0/mig_7series_0/user_design/rtl/controller/mig_7series_v4_0_arb_select.v" into library xil_defaultlib
INFO: [VRFC 10-311] analyzing module mig_7series_v4_0_arb_select
INFO: [VRFC 10-2263] Analyzing Verilog file "E:/MIA701SRC/MIA701_DDR/mig_7series_0_ex.srcs/sources_1/ip/mig_7series_0/mig_7series_0/user_design/rtl/controller/mig_7series_v4_0_bank_cntrl.v" into library xil_defaultlib
INFO: [VRFC 10-311] analyzing module mig_7series_v4_0_bank_cntrl
INFO: [VRFC 10-2263] Analyzing Verilog file "E:/MIA701SRC/MIA701_DDR/mig_7series_0_ex.srcs/sources_1/ip/mig_7series_0/mig_7series_0/user_design/rtl/controller/mig_7series_v4_0_bank_common.v" into library xil_defaultlib
INFO: [VRFC 10-311] analyzing module mig_7series_v4_0_bank_common
INFO: [VRFC 10-2263] Analyzing Verilog file "E:/MIA701SRC/MIA701_DDR/mig_7series_0_ex.srcs/sources_1/ip/mig_7series_0/mig_7series_0/user_design/rtl/controller/mig_7series_v4_0_bank_compare.v" into library xil_defaultlib
INFO: [VRFC 10-311] analyzing module mig_7series_v4_0_bank_compare
INFO: [VRFC 10-2263] Analyzing Verilog file "E:/MIA701SRC/MIA701_DDR/mig_7series_0_ex.srcs/sources_1/ip/mig_7series_0/mig_7series_0/user_design/rtl/controller/mig_7series_v4_0_bank_mach.v" into library xil_defaultlib
INFO: [VRFC 10-311] analyzing module mig_7series_v4_0_bank_mach
INFO: [VRFC 10-2263] Analyzing Verilog file "E:/MIA701SRC/MIA701_DDR/mig_7series_0_ex.srcs/sources_1/ip/mig_7series_0/mig_7series_0/user_design/rtl/controller/mig_7series_v4_0_bank_queue.v" into library xil_defaultlib
INFO: [VRFC 10-311] analyzing module mig_7series_v4_0_bank_queue
INFO: [VRFC 10-2263] Analyzing Verilog file "E:/MIA701SRC/MIA701_DDR/mig_7series_0_ex.srcs/sources_1/ip/mig_7series_0/mig_7series_0/user_design/rtl/controller/mig_7series_v4_0_bank_state.v" into library xil_defaultlib
INFO: [VRFC 10-311] analyzing module mig_7series_v4_0_bank_state
INFO: [VRFC 10-2263] Analyzing Verilog file "E:/MIA701SRC/MIA701_DDR/mig_7series_0_ex.srcs/sources_1/ip/mig_7series_0/mig_7series_0/user_design/rtl/controller/mig_7series_v4_0_col_mach.v" into library xil_defaultlib
INFO: [VRFC 10-311] analyzing module mig_7series_v4_0_col_mach
INFO: [VRFC 10-2263] Analyzing Verilog file "E:/MIA701SRC/MIA701_DDR/mig_7series_0_ex.srcs/sources_1/ip/mig_7series_0/mig_7series_0/user_design/rtl/controller/mig_7series_v4_0_mc.v" into library xil_defaultlib
INFO: [VRFC 10-311] analyzing module mig_7series_v4_0_mc
INFO: [VRFC 10-2263] Analyzing Verilog file "E:/MIA701SRC/MIA701_DDR/mig_7series_0_ex.srcs/sources_1/ip/mig_7series_0/mig_7series_0/user_design/rtl/controller/mig_7series_v4_0_rank_cntrl.v" into library xil_defaultlib
INFO: [VRFC 10-311] analyzing module mig_7series_v4_0_rank_cntrl
INFO: [VRFC 10-2263] Analyzing Verilog file "E:/MIA701SRC/MIA701_DDR/mig_7series_0_ex.srcs/sources_1/ip/mig_7series_0/mig_7series_0/user_design/rtl/controller/mig_7series_v4_0_rank_common.v" into library xil_defaultlib
INFO: [VRFC 10-311] analyzing module mig_7series_v4_0_rank_common
INFO: [VRFC 10-2263] Analyzing Verilog file "E:/MIA701SRC/MIA701_DDR/mig_7series_0_ex.srcs/sources_1/ip/mig_7series_0/mig_7series_0/user_design/rtl/controller/mig_7series_v4_0_rank_mach.v" into library xil_defaultlib
INFO: [VRFC 10-311] analyzing module mig_7series_v4_0_rank_mach
INFO: [VRFC 10-2263] Analyzing Verilog file "E:/MIA701SRC/MIA701_DDR/mig_7series_0_ex.srcs/sources_1/ip/mig_7series_0/mig_7series_0/user_design/rtl/controller/mig_7series_v4_0_round_robin_arb.v" into library xil_defaultlib
INFO: [VRFC 10-311] analyzing module mig_7series_v4_0_round_robin_arb
INFO: [VRFC 10-2263] Analyzing Verilog file "E:/MIA701SRC/MIA701_DDR/mig_7series_0_ex.srcs/sources_1/ip/mig_7series_0/mig_7series_0/user_design/rtl/ecc/mig_7series_v4_0_ecc_buf.v" into library xil_defaultlib
INFO: [VRFC 10-311] analyzing module mig_7series_v4_0_ecc_buf
INFO: [VRFC 10-2263] Analyzing Verilog file "E:/MIA701SRC/MIA701_DDR/mig_7series_0_ex.srcs/sources_1/ip/mig_7series_0/mig_7series_0/user_design/rtl/ecc/mig_7series_v4_0_ecc_dec_fix.v" into library xil_defaultlib
INFO: [VRFC 10-311] analyzing module mig_7series_v4_0_ecc_dec_fix
INFO: [VRFC 10-2263] Analyzing Verilog file "E:/MIA701SRC/MIA701_DDR/mig_7series_0_ex.srcs/sources_1/ip/mig_7series_0/mig_7series_0/user_design/rtl/ecc/mig_7series_v4_0_ecc_gen.v" into library xil_defaultlib
INFO: [VRFC 10-311] analyzing module mig_7series_v4_0_ecc_gen
INFO: [VRFC 10-2263] Analyzing Verilog file "E:/MIA701SRC/MIA701_DDR/mig_7series_0_ex.srcs/sources_1/ip/mig_7series_0/mig_7series_0/user_design/rtl/ecc/mig_7series_v4_0_ecc_merge_enc.v" into library xil_defaultlib
INFO: [VRFC 10-311] analyzing module mig_7series_v4_0_ecc_merge_enc
INFO: [VRFC 10-2263] Analyzing Verilog file "E:/MIA701SRC/MIA701_DDR/mig_7series_0_ex.srcs/sources_1/ip/mig_7series_0/mig_7series_0/user_design/rtl/ecc/mig_7series_v4_0_fi_xor.v" into library xil_defaultlib
INFO: [VRFC 10-311] analyzing module mig_7series_v4_0_fi_xor
INFO: [VRFC 10-2263] Analyzing Verilog file "E:/MIA701SRC/MIA701_DDR/mig_7series_0_ex.srcs/sources_1/ip/mig_7series_0/mig_7series_0/user_design/rtl/ip_top/mig_7series_v4_0_memc_ui_top_std.v" into library xil_defaultlib
INFO: [VRFC 10-311] analyzing module mig_7series_v4_0_memc_ui_top_std
INFO: [VRFC 10-2263] Analyzing Verilog file "E:/MIA701SRC/MIA701_DDR/mig_7series_0_ex.srcs/sources_1/ip/mig_7series_0/mig_7series_0/user_design/rtl/ip_top/mig_7series_v4_0_mem_intfc.v" into library xil_defaultlib
INFO: [VRFC 10-311] analyzing module mig_7series_v4_0_mem_intfc
INFO: [VRFC 10-2263] Analyzing Verilog file "E:/MIA701SRC/MIA701_DDR/mig_7series_0_ex.srcs/sources_1/ip/mig_7series_0/mig_7series_0/user_design/rtl/phy/mig_7series_v4_0_ddr_byte_group_io.v" into library xil_defaultlib
INFO: [VRFC 10-311] analyzing module mig_7series_v4_0_ddr_byte_group_io
INFO: [VRFC 10-2263] Analyzing Verilog file "E:/MIA701SRC/MIA701_DDR/mig_7series_0_ex.srcs/sources_1/ip/mig_7series_0/mig_7series_0/user_design/rtl/phy/mig_7series_v4_0_ddr_byte_lane.v" into library xil_defaultlib
INFO: [VRFC 10-311] analyzing module mig_7series_v4_0_ddr_byte_lane
INFO: [VRFC 10-2263] Analyzing Verilog file "E:/MIA701SRC/MIA701_DDR/mig_7series_0_ex.srcs/sources_1/ip/mig_7series_0/mig_7series_0/user_design/rtl/phy/mig_7series_v4_0_ddr_calib_top.v" into library xil_defaultlib
INFO: [VRFC 10-311] analyzing module mig_7series_v4_0_ddr_calib_top
INFO: [VRFC 10-2263] Analyzing Verilog file "E:/MIA701SRC/MIA701_DDR/mig_7series_0_ex.srcs/sources_1/ip/mig_7series_0/mig_7series_0/user_design/rtl/phy/mig_7series_v4_0_ddr_if_post_fifo.v" into library xil_defaultlib
INFO: [VRFC 10-311] analyzing module mig_7series_v4_0_ddr_if_post_fifo
INFO: [VRFC 10-2263] Analyzing Verilog file "E:/MIA701SRC/MIA701_DDR/mig_7series_0_ex.srcs/sources_1/ip/mig_7series_0/mig_7series_0/user_design/rtl/phy/mig_7series_v4_0_ddr_mc_phy.v" into library xil_defaultlib
INFO: [VRFC 10-311] analyzing module mig_7series_v4_0_ddr_mc_phy
INFO: [VRFC 10-2263] Analyzing Verilog file "E:/MIA701SRC/MIA701_DDR/mig_7series_0_ex.srcs/sources_1/ip/mig_7series_0/mig_7series_0/user_design/rtl/phy/mig_7series_v4_0_ddr_mc_phy_wrapper.v" into library xil_defaultlib
INFO: [VRFC 10-311] analyzing module mig_7series_v4_0_ddr_mc_phy_wrapper
INFO: [VRFC 10-2263] Analyzing Verilog file "E:/MIA701SRC/MIA701_DDR/mig_7series_0_ex.srcs/sources_1/ip/mig_7series_0/mig_7series_0/user_design/rtl/phy/mig_7series_v4_0_ddr_of_pre_fifo.v" into library xil_defaultlib
INFO: [VRFC 10-311] analyzing module mig_7series_v4_0_ddr_of_pre_fifo
INFO: [VRFC 10-2263] Analyzing Verilog file "E:/MIA701SRC/MIA701_DDR/mig_7series_0_ex.srcs/sources_1/ip/mig_7series_0/mig_7series_0/user_design/rtl/phy/mig_7series_v4_0_ddr_phy_4lanes.v" into library xil_defaultlib
INFO: [VRFC 10-311] analyzing module mig_7series_v4_0_ddr_phy_4lanes
INFO: [VRFC 10-2263] Analyzing Verilog file "E:/MIA701SRC/MIA701_DDR/mig_7series_0_ex.srcs/sources_1/ip/mig_7series_0/mig_7series_0/user_design/rtl/phy/mig_7series_v4_0_ddr_phy_ck_addr_cmd_delay.v" into library xil_defaultlib
INFO: [VRFC 10-311] analyzing module mig_7series_v4_0_ddr_phy_ck_addr_cmd_delay
INFO: [VRFC 10-2263] Analyzing Verilog file "E:/MIA701SRC/MIA701_DDR/mig_7series_0_ex.srcs/sources_1/ip/mig_7series_0/mig_7series_0/user_design/rtl/phy/mig_7series_v4_0_ddr_phy_dqs_found_cal.v" into library xil_defaultlib
INFO: [VRFC 10-311] analyzing module mig_7series_v4_0_ddr_phy_dqs_found_cal
INFO: [VRFC 10-2263] Analyzing Verilog file "E:/MIA701SRC/MIA701_DDR/mig_7series_0_ex.srcs/sources_1/ip/mig_7series_0/mig_7series_0/user_design/rtl/phy/mig_7series_v4_0_ddr_phy_dqs_found_cal_hr.v" into library xil_defaultlib
INFO: [VRFC 10-311] analyzing module mig_7series_v4_0_ddr_phy_dqs_found_cal_hr
INFO: [VRFC 10-2263] Analyzing Verilog file "E:/MIA701SRC/MIA701_DDR/mig_7series_0_ex.srcs/sources_1/ip/mig_7series_0/mig_7series_0/user_design/rtl/phy/mig_7series_v4_0_ddr_phy_init.v" into library xil_defaultlib
INFO: [VRFC 10-311] analyzing module mig_7series_v4_0_ddr_phy_init
INFO: [VRFC 10-2263] Analyzing Verilog file "E:/MIA701SRC/MIA701_DDR/mig_7series_0_ex.srcs/sources_1/ip/mig_7series_0/mig_7series_0/user_design/rtl/phy/mig_7series_v4_0_ddr_phy_ocd_cntlr.v" into library xil_defaultlib
INFO: [VRFC 10-311] analyzing module mig_7series_v4_0_ddr_phy_ocd_cntlr
INFO: [VRFC 10-2263] Analyzing Verilog file "E:/MIA701SRC/MIA701_DDR/mig_7series_0_ex.srcs/sources_1/ip/mig_7series_0/mig_7series_0/user_design/rtl/phy/mig_7series_v4_0_ddr_phy_ocd_data.v" into library xil_defaultlib
INFO: [VRFC 10-311] analyzing module mig_7series_v4_0_ddr_phy_ocd_data
INFO: [VRFC 10-2263] Analyzing Verilog file "E:/MIA701SRC/MIA701_DDR/mig_7series_0_ex.srcs/sources_1/ip/mig_7series_0/mig_7series_0/user_design/rtl/phy/mig_7series_v4_0_ddr_phy_ocd_edge.v" into library xil_defaultlib
INFO: [VRFC 10-311] analyzing module mig_7series_v4_0_ddr_phy_ocd_edge
INFO: [VRFC 10-2263] Analyzing Verilog file "E:/MIA701SRC/MIA701_DDR/mig_7series_0_ex.srcs/sources_1/ip/mig_7series_0/mig_7series_0/user_design/rtl/phy/mig_7series_v4_0_ddr_phy_ocd_lim.v" into library xil_defaultlib
INFO: [VRFC 10-311] analyzing module mig_7series_v4_0_ddr_phy_ocd_lim
INFO: [VRFC 10-2263] Analyzing Verilog file "E:/MIA701SRC/MIA701_DDR/mig_7series_0_ex.srcs/sources_1/ip/mig_7series_0/mig_7series_0/user_design/rtl/phy/mig_7series_v4_0_ddr_phy_ocd_mux.v" into library xil_defaultlib
INFO: [VRFC 10-311] analyzing module mig_7series_v4_0_ddr_phy_ocd_mux
INFO: [VRFC 10-2263] Analyzing Verilog file "E:/MIA701SRC/MIA701_DDR/mig_7series_0_ex.srcs/sources_1/ip/mig_7series_0/mig_7series_0/user_design/rtl/phy/mig_7series_v4_0_ddr_phy_ocd_po_cntlr.v" into library xil_defaultlib
INFO: [VRFC 10-311] analyzing module mig_7series_v4_0_ddr_phy_ocd_po_cntlr
INFO: [VRFC 10-2263] Analyzing Verilog file "E:/MIA701SRC/MIA701_DDR/mig_7series_0_ex.srcs/sources_1/ip/mig_7series_0/mig_7series_0/user_design/rtl/phy/mig_7series_v4_0_ddr_phy_ocd_samp.v" into library xil_defaultlib
INFO: [VRFC 10-311] analyzing module mig_7series_v4_0_ddr_phy_ocd_samp
INFO: [VRFC 10-2263] Analyzing Verilog file "E:/MIA701SRC/MIA701_DDR/mig_7series_0_ex.srcs/sources_1/ip/mig_7series_0/mig_7series_0/user_design/rtl/phy/mig_7series_v4_0_ddr_phy_oclkdelay_cal.v" into library xil_defaultlib
INFO: [VRFC 10-311] analyzing module mig_7series_v4_0_ddr_phy_oclkdelay_cal
INFO: [VRFC 10-2263] Analyzing Verilog file "E:/MIA701SRC/MIA701_DDR/mig_7series_0_ex.srcs/sources_1/ip/mig_7series_0/mig_7series_0/user_design/rtl/phy/mig_7series_v4_0_ddr_phy_prbs_rdlvl.v" into library xil_defaultlib
INFO: [VRFC 10-311] analyzing module mig_7series_v4_0_ddr_phy_prbs_rdlvl
INFO: [VRFC 10-2263] Analyzing Verilog file "E:/MIA701SRC/MIA701_DDR/mig_7series_0_ex.srcs/sources_1/ip/mig_7series_0/mig_7series_0/user_design/rtl/phy/mig_7series_v4_0_ddr_phy_rdlvl.v" into library xil_defaultlib
INFO: [VRFC 10-311] analyzing module mig_7series_v4_0_ddr_phy_rdlvl
INFO: [VRFC 10-2263] Analyzing Verilog file "E:/MIA701SRC/MIA701_DDR/mig_7series_0_ex.srcs/sources_1/ip/mig_7series_0/mig_7series_0/user_design/rtl/phy/mig_7series_v4_0_ddr_phy_tempmon.v" into library xil_defaultlib
INFO: [VRFC 10-311] analyzing module mig_7series_v4_0_ddr_phy_tempmon
INFO: [VRFC 10-2263] Analyzing Verilog file "E:/MIA701SRC/MIA701_DDR/mig_7series_0_ex.srcs/sources_1/ip/mig_7series_0/mig_7series_0/user_design/rtl/phy/mig_7series_v4_0_ddr_phy_top.v" into library xil_defaultlib
INFO: [VRFC 10-311] analyzing module mig_7series_v4_0_ddr_phy_top
INFO: [VRFC 10-2263] Analyzing Verilog file "E:/MIA701SRC/MIA701_DDR/mig_7series_0_ex.srcs/sources_1/ip/mig_7series_0/mig_7series_0/user_design/rtl/phy/mig_7series_v4_0_ddr_phy_wrcal.v" into library xil_defaultlib
INFO: [VRFC 10-311] analyzing module mig_7series_v4_0_ddr_phy_wrcal
INFO: [VRFC 10-2263] Analyzing Verilog file "E:/MIA701SRC/MIA701_DDR/mig_7series_0_ex.srcs/sources_1/ip/mig_7series_0/mig_7series_0/user_design/rtl/phy/mig_7series_v4_0_ddr_phy_wrlvl.v" into library xil_defaultlib
INFO: [VRFC 10-311] analyzing module mig_7series_v4_0_ddr_phy_wrlvl
INFO: [VRFC 10-2263] Analyzing Verilog file "E:/MIA701SRC/MIA701_DDR/mig_7series_0_ex.srcs/sources_1/ip/mig_7series_0/mig_7series_0/user_design/rtl/phy/mig_7series_v4_0_ddr_phy_wrlvl_off_delay.v" into library xil_defaultlib
INFO: [VRFC 10-311] analyzing module mig_7series_v4_0_ddr_phy_wrlvl_off_delay
INFO: [VRFC 10-2263] Analyzing Verilog file "E:/MIA701SRC/MIA701_DDR/mig_7series_0_ex.srcs/sources_1/ip/mig_7series_0/mig_7series_0/user_design/rtl/phy/mig_7series_v4_0_ddr_prbs_gen.v" into library xil_defaultlib
INFO: [VRFC 10-311] analyzing module mig_7series_v4_0_ddr_prbs_gen
INFO: [VRFC 10-2263] Analyzing Verilog file "E:/MIA701SRC/MIA701_DDR/mig_7series_0_ex.srcs/sources_1/ip/mig_7series_0/mig_7series_0/user_design/rtl/phy/mig_7series_v4_0_ddr_skip_calib_tap.v" into library xil_defaultlib
INFO: [VRFC 10-311] analyzing module mig_7series_v4_0_ddr_skip_calib_tap
INFO: [VRFC 10-2263] Analyzing Verilog file "E:/MIA701SRC/MIA701_DDR/mig_7series_0_ex.srcs/sources_1/ip/mig_7series_0/mig_7series_0/user_design/rtl/phy/mig_7series_v4_0_poc_cc.v" into library xil_defaultlib
INFO: [VRFC 10-311] analyzing module mig_7series_v4_0_poc_cc
INFO: [VRFC 10-2263] Analyzing Verilog file "E:/MIA701SRC/MIA701_DDR/mig_7series_0_ex.srcs/sources_1/ip/mig_7series_0/mig_7series_0/user_design/rtl/phy/mig_7series_v4_0_poc_edge_store.v" into library xil_defaultlib
INFO: [VRFC 10-311] analyzing module mig_7series_v4_0_poc_edge_store
INFO: [VRFC 10-2263] Analyzing Verilog file "E:/MIA701SRC/MIA701_DDR/mig_7series_0_ex.srcs/sources_1/ip/mig_7series_0/mig_7series_0/user_design/rtl/phy/mig_7series_v4_0_poc_meta.v" into library xil_defaultlib
INFO: [VRFC 10-311] analyzing module mig_7series_v4_0_poc_meta
INFO: [VRFC 10-2263] Analyzing Verilog file "E:/MIA701SRC/MIA701_DDR/mig_7series_0_ex.srcs/sources_1/ip/mig_7series_0/mig_7series_0/user_design/rtl/phy/mig_7series_v4_0_poc_pd.v" into library xil_defaultlib
INFO: [VRFC 10-311] analyzing module mig_7series_v4_0_poc_pd
INFO: [VRFC 10-2263] Analyzing Verilog file "E:/MIA701SRC/MIA701_DDR/mig_7series_0_ex.srcs/sources_1/ip/mig_7series_0/mig_7series_0/user_design/rtl/phy/mig_7series_v4_0_poc_tap_base.v" into library xil_defaultlib
INFO: [VRFC 10-311] analyzing module mig_7series_v4_0_poc_tap_base
INFO: [VRFC 10-2263] Analyzing Verilog file "E:/MIA701SRC/MIA701_DDR/mig_7series_0_ex.srcs/sources_1/ip/mig_7series_0/mig_7series_0/user_design/rtl/phy/mig_7series_v4_0_poc_top.v" into library xil_defaultlib
INFO: [VRFC 10-311] analyzing module mig_7series_v4_0_poc_top
INFO: [VRFC 10-2263] Analyzing Verilog file "E:/MIA701SRC/MIA701_DDR/mig_7series_0_ex.srcs/sources_1/ip/mig_7series_0/mig_7series_0/user_design/rtl/ui/mig_7series_v4_0_ui_cmd.v" into library xil_defaultlib
INFO: [VRFC 10-311] analyzing module mig_7series_v4_0_ui_cmd
INFO: [VRFC 10-2263] Analyzing Verilog file "E:/MIA701SRC/MIA701_DDR/mig_7series_0_ex.srcs/sources_1/ip/mig_7series_0/mig_7series_0/user_design/rtl/ui/mig_7series_v4_0_ui_rd_data.v" into library xil_defaultlib
INFO: [VRFC 10-311] analyzing module mig_7series_v4_0_ui_rd_data
INFO: [VRFC 10-2263] Analyzing Verilog file "E:/MIA701SRC/MIA701_DDR/mig_7series_0_ex.srcs/sources_1/ip/mig_7series_0/mig_7series_0/user_design/rtl/ui/mig_7series_v4_0_ui_top.v" into library xil_defaultlib
INFO: [VRFC 10-311] analyzing module mig_7series_v4_0_ui_top
INFO: [VRFC 10-2263] Analyzing Verilog file "E:/MIA701SRC/MIA701_DDR/mig_7series_0_ex.srcs/sources_1/ip/mig_7series_0/mig_7series_0/user_design/rtl/ui/mig_7series_v4_0_ui_wr_data.v" into library xil_defaultlib
INFO: [VRFC 10-311] analyzing module mig_7series_v4_0_ui_wr_data
INFO: [VRFC 10-2263] Analyzing Verilog file "E:/MIA701SRC/MIA701_DDR/mig_7series_0_ex.srcs/sources_1/ip/mig_7series_0/mig_7series_0/user_design/rtl/mig_7series_0_mig_sim.v" into library xil_defaultlib
INFO: [VRFC 10-311] analyzing module mig_7series_0_mig
INFO: [VRFC 10-2458] undeclared symbol dbg_sel_po_incdec, assumed default net type wire [E:/MIA701SRC/MIA701_DDR/mig_7series_0_ex.srcs/sources_1/ip/mig_7series_0/mig_7series_0/user_design/rtl/mig_7series_0_mig_sim.v:1094]
INFO: [VRFC 10-2458] undeclared symbol dbg_po_f_inc, assumed default net type wire [E:/MIA701SRC/MIA701_DDR/mig_7series_0_ex.srcs/sources_1/ip/mig_7series_0/mig_7series_0/user_design/rtl/mig_7series_0_mig_sim.v:1098]
INFO: [VRFC 10-2458] undeclared symbol dbg_po_f_stg23_sel, assumed default net type wire [E:/MIA701SRC/MIA701_DDR/mig_7series_0_ex.srcs/sources_1/ip/mig_7series_0/mig_7series_0/user_design/rtl/mig_7series_0_mig_sim.v:1099]
INFO: [VRFC 10-2458] undeclared symbol dbg_po_f_dec, assumed default net type wire [E:/MIA701SRC/MIA701_DDR/mig_7series_0_ex.srcs/sources_1/ip/mig_7series_0/mig_7series_0/user_design/rtl/mig_7series_0_mig_sim.v:1100]
INFO: [VRFC 10-2263] Analyzing Verilog file "E:/MIA701SRC/MIA701_DDR/mig_7series_0_ex.srcs/sources_1/ip/mig_7series_0/mig_7series_0/user_design/rtl/mig_7series_0.v" into library xil_defaultlib
INFO: [VRFC 10-311] analyzing module mig_7series_0
INFO: [VRFC 10-2263] Analyzing Verilog file "E:/MIA701SRC/MIA701_DDR/imports/example_top.v" into library xil_defaultlib
INFO: [VRFC 10-311] analyzing module example_top
INFO: [VRFC 10-2458] undeclared symbol clk_50, assumed default net type wire [E:/MIA701SRC/MIA701_DDR/imports/example_top.v:241]
WARNING: [VRFC 10-1315] redeclaration of ansi port init_calib_complete is not allowed [E:/MIA701SRC/MIA701_DDR/imports/example_top.v:380]
WARNING: [VRFC 10-756] identifier state1 is used before its declaration [E:/MIA701SRC/MIA701_DDR/imports/example_top.v:439]
WARNING: [VRFC 10-756] identifier state1 is used before its declaration [E:/MIA701SRC/MIA701_DDR/imports/example_top.v:441]
INFO: [VRFC 10-2263] Analyzing SystemVerilog file "E:/MIA701SRC/MIA701_DDR/imports/ddr3_model.sv" into library xil_defaultlib
INFO: [VRFC 10-311] analyzing module ddr3_model
INFO: [VRFC 10-2263] Analyzing Verilog file "E:/MIA701SRC/MIA701_DDR/imports/wiredly.v" into library xil_defaultlib
INFO: [VRFC 10-311] analyzing module WireDelay
INFO: [VRFC 10-2263] Analyzing Verilog file "E:/MIA701SRC/MIA701_DDR/imports/sim_tb_top.v" into library xil_defaultlib
INFO: [VRFC 10-311] analyzing module sim_tb_top
INFO: [VRFC 10-2263] Analyzing Verilog file "E:/MIA701SRC/MIA701_DDR/mig_7series_0_ex.sim/sim_1/behav/glbl.v" into library xil_defaultlib
INFO: [VRFC 10-311] analyzing module glbl
run_program: Time (s): cpu = 00:00:00 ; elapsed = 00:00:14 . Memory (MB): peak = 876.832 ; gain = 0.000
INFO: [USF-XSim-69] 'compile' step finished in '13' seconds
INFO: [USF-XSim-3] XSim::Elaborate design
INFO: [USF-XSim-61] Executing 'ELABORATE' step in 'E:/MIA701SRC/MIA701_DDR/mig_7series_0_ex.sim/sim_1/behav'
¾Ü¾ø·ÃÎÊ¡£
run_program: Time (s): cpu = 00:00:01 ; elapsed = 00:00:32 . Memory (MB): peak = 876.832 ; gain = 0.000
INFO: [USF-XSim-69] 'elaborate' step finished in '32' seconds
ERROR: [USF-XSim-62] 'elaborate' step failed with error(s) while executing 'E:/MIA701SRC/MIA701_DDR/mig_7series_0_ex.sim/sim_1/behav/elaborate.bat' script. Please check that the file has the correct 'read/write/execute' permissions and the Tcl console output for any other possible errors or warnings.
ERROR: [Vivado 12-4473] Detected error while running simulation. Please correct the issue and retry this operation.
launch_simulation: Time (s): cpu = 00:00:02 ; elapsed = 00:00:47 . Memory (MB): peak = 876.832 ; gain = 0.000
ERROR: [Common 17-39] 'launch_simulation' failed due to earlier errors.
exit
INFO: [Common 17-206] Exiting Vivado at Sat Sep 23 18:47:36 2017...
