Model Technology ModelSim SE-64 vcom 10.2c Compiler 2013.07 Jul 19 2013
-- Loading package STANDARD
-- Loading package TEXTIO
-- Loading package std_logic_1164
-- Loading package NUMERIC_STD
-- Compiling entity axi_master_burst_wr_demux
-- Compiling architecture implementation of axi_master_burst_wr_demux
-- Compiling entity axi_master_burst_strb_gen
-- Compiling architecture implementation of axi_master_burst_strb_gen
-- Compiling entity axi_master_burst_rdmux
-- Compiling architecture implementation of axi_master_burst_rdmux
-- Loading package std_logic_arith
-- Loading package STD_LOGIC_UNSIGNED
-- Loading package lib_pkg
-- Loading entity srl_fifo_f
-- Compiling entity axi_master_burst_fifo
-- Compiling architecture imp of axi_master_burst_fifo
-- Loading entity axi_master_burst_fifo
-- Compiling entity axi_master_burst_wr_status_cntl
-- Compiling architecture implementation of axi_master_burst_wr_status_cntl
-- Loading entity axi_master_burst_strb_gen
-- Compiling entity axi_master_burst_wrdata_cntl
-- Compiling architecture implementation of axi_master_burst_wrdata_cntl
-- Compiling entity axi_master_burst_stbs_set
-- Compiling architecture implementation of axi_master_burst_stbs_set
-- Compiling entity axi_master_burst_skid_buf
-- Compiling architecture implementation of axi_master_burst_skid_buf
-- Loading entity axi_master_burst_wr_demux
-- Compiling entity axi_master_burst_skid2mm_buf
-- Compiling architecture implementation of axi_master_burst_skid2mm_buf
-- Compiling entity axi_master_burst_rd_status_cntl
-- Compiling architecture implementation of axi_master_burst_rd_status_cntl
-- Loading entity axi_master_burst_rdmux
-- Compiling entity axi_master_burst_rddata_cntl
-- Compiling architecture implementation of axi_master_burst_rddata_cntl
-- Compiling entity axi_master_burst_pcc
-- Compiling architecture implementation of axi_master_burst_pcc
-- Compiling entity axi_master_burst_first_stb_offset
-- Compiling architecture implementation of axi_master_burst_first_stb_offset
-- Compiling entity axi_master_burst_addr_cntl
-- Compiling architecture implementation of axi_master_burst_addr_cntl
-- Compiling entity axi_master_burst_wr_llink
-- Compiling architecture implementation of axi_master_burst_wr_llink
-- Compiling entity axi_master_burst_reset
-- Compiling architecture implementation of axi_master_burst_reset
-- Loading entity axi_master_burst_pcc
-- Loading entity axi_master_burst_addr_cntl
-- Loading entity axi_master_burst_rddata_cntl
-- Loading entity axi_master_burst_wrdata_cntl
-- Loading entity axi_master_burst_rd_status_cntl
-- Loading entity axi_master_burst_wr_status_cntl
-- Loading entity axi_master_burst_skid_buf
-- Loading entity axi_master_burst_skid2mm_buf
-- Compiling entity axi_master_burst_rd_wr_cntlr
-- Compiling architecture implementation of axi_master_burst_rd_wr_cntlr
-- Compiling entity axi_master_burst_rd_llink
-- Compiling architecture implementation of axi_master_burst_rd_llink
-- Loading entity axi_master_burst_stbs_set
-- Loading entity axi_master_burst_first_stb_offset
-- Compiling entity axi_master_burst_cmd_status
-- Compiling architecture implementation of axi_master_burst_cmd_status
-- Loading entity axi_master_burst_reset
-- Loading entity axi_master_burst_cmd_status
-- Loading entity axi_master_burst_rd_wr_cntlr
-- Loading entity axi_master_burst_rd_llink
-- Loading entity axi_master_burst_wr_llink
-- Compiling entity axi_master_burst
-- Compiling architecture implementation of axi_master_burst
