Release 14.7 - xst P.20131013 (nt64)
Copyright (c) 1995-2013 Xilinx, Inc.  All rights reserved.
--> Parameter TMPDIR set to xst/projnav.tmp


Total REAL time to Xst completion: 0.00 secs
Total CPU time to Xst completion: 0.18 secs
 
--> Parameter xsthdpdir set to xst


Total REAL time to Xst completion: 0.00 secs
Total CPU time to Xst completion: 0.18 secs
 
--> Reading design: hj_move.prj

TABLE OF CONTENTS
  1) Synthesis Options Summary
  2) HDL Parsing
  3) HDL Elaboration
  4) HDL Synthesis
       4.1) HDL Synthesis Report
  5) Advanced HDL Synthesis
       5.1) Advanced HDL Synthesis Report
  6) Low Level Synthesis
  7) Partition Report
  8) Design Summary
       8.1) Primitive and Black Box Usage
       8.2) Device utilization summary
       8.3) Partition Resource Summary
       8.4) Timing Report
            8.4.1) Clock Information
            8.4.2) Asynchronous Control Signals Information
            8.4.3) Timing Summary
            8.4.4) Timing Details
            8.4.5) Cross Clock Domains Report


=========================================================================
*                      Synthesis Options Summary                        *
=========================================================================
---- Source Parameters
Input File Name                    : "hj_move.prj"
Ignore Synthesis Constraint File   : NO

---- Target Parameters
Output File Name                   : "hj_move"
Output Format                      : NGC
Target Device                      : xc6slx16-2-csg324

---- Source Options
Top Module Name                    : hj_move
Automatic FSM Extraction           : YES
FSM Encoding Algorithm             : Auto
Safe Implementation                : No
FSM Style                          : LUT
RAM Extraction                     : Yes
RAM Style                          : Auto
ROM Extraction                     : Yes
Shift Register Extraction          : YES
ROM Style                          : Auto
Resource Sharing                   : YES
Asynchronous To Synchronous        : NO
Shift Register Minimum Size        : 2
Use DSP Block                      : Auto
Automatic Register Balancing       : No

---- Target Options
LUT Combining                      : Auto
Reduce Control Sets                : Auto
Add IO Buffers                     : YES
Global Maximum Fanout              : 100000
Add Generic Clock Buffer(BUFG)     : 16
Register Duplication               : YES
Optimize Instantiated Primitives   : NO
Use Clock Enable                   : Auto
Use Synchronous Set                : Auto
Use Synchronous Reset              : Auto
Pack IO Registers into IOBs        : Auto
Equivalent register Removal        : YES

---- General Options
Optimization Goal                  : Speed
Optimization Effort                : 1
Power Reduction                    : NO
Keep Hierarchy                     : No
Netlist Hierarchy                  : As_Optimized
RTL Output                         : Yes
Global Optimization                : AllClockNets
Read Cores                         : YES
Write Timing Constraints           : NO
Cross Clock Analysis               : NO
Hierarchy Separator                : /
Bus Delimiter                      : <>
Case Specifier                     : Maintain
Slice Utilization Ratio            : 100
BRAM Utilization Ratio             : 100
DSP48 Utilization Ratio            : 100
Auto BRAM Packing                  : NO
Slice Utilization Ratio Delta      : 5

=========================================================================


=========================================================================
*                          HDL Parsing                                  *
=========================================================================
Analyzing Verilog file "D:\fpga\19_vga_ise\src\xy2addr.v" into library work
Parsing module <xy2addr>.
Analyzing Verilog file "D:\fpga\19_vga_ise\src\vga.v" into library work
Parsing module <vga>.
Analyzing Verilog file "D:\fpga\19_vga_ise\src\rom.v" into library work
Parsing module <rom>.
Analyzing Verilog file "D:\fpga\19_vga_ise\src\pll.v" into library work
Parsing module <pll>.
Analyzing Verilog file "D:\fpga\19_vga_ise\src\picbox.v" into library work
Parsing module <picbox>.
Analyzing Verilog file "D:\fpga\19_vga_ise\src\divclock.v" into library work
Parsing module <divclk>.
Analyzing Verilog file "D:\fpga\19_vga_ise\src\cov8_1.v" into library work
Parsing module <cov8_1>.
Analyzing Verilog file "D:\fpga\19_vga_ise\src\hj_move.v" into library work
Parsing module <hj_move>.

=========================================================================
*                            HDL Elaboration                            *
=========================================================================

Elaborating module <hj_move>.

Elaborating module <pll>.
ERROR:HDLCompiler:1654 - "D:\fpga\19_vga_ise\src\pll.v" Line 53: Instantiating <altpll_component> from unknown module <altpll>
Module pll remains a blackbox, due to errors in its contents
WARNING:HDLCompiler:1499 - "D:\fpga\19_vga_ise\src\pll.v" Line 39: Empty module <pll> remains a black box.

Elaborating module <vga(HBackPorch=40,HFrontPorch=8,HLeftBoader=8,HorAddr=640,HorBlankStart=648,HorBlankTime=144,HorSyncStart=656,HorSyncTime=96,HorTotal=800,HRightBorder=8,VBackPorch=25,VBottomBorder=8,VerAddr=480,VerBlankStart=488,VerBlankTime=29,VerSyncStart=490,VerSyncTime=2,VerTotal=525,VFrontPorch=2,VTopBorder=8)>.
WARNING:HDLCompiler:413 - "D:\fpga\19_vga_ise\src\vga.v" Line 93: Result of 32-bit expression is truncated to fit in 1-bit target.
WARNING:HDLCompiler:413 - "D:\fpga\19_vga_ise\src\vga.v" Line 105: Result of 32-bit expression is truncated to fit in 1-bit target.
WARNING:HDLCompiler:413 - "D:\fpga\19_vga_ise\src\vga.v" Line 117: Result of 17-bit expression is truncated to fit in 16-bit target.
WARNING:HDLCompiler:413 - "D:\fpga\19_vga_ise\src\vga.v" Line 133: Result of 17-bit expression is truncated to fit in 16-bit target.

Elaborating module <picbox(box_h=100,box_w=100,box_x_speed=1,box_y_speed=1,drawable_h=480,drawable_w=640)>.
WARNING:HDLCompiler:413 - "D:\fpga\19_vga_ise\src\picbox.v" Line 58: Result of 32-bit expression is truncated to fit in 16-bit target.
WARNING:HDLCompiler:413 - "D:\fpga\19_vga_ise\src\picbox.v" Line 60: Result of 32-bit expression is truncated to fit in 16-bit target.
WARNING:HDLCompiler:413 - "D:\fpga\19_vga_ise\src\picbox.v" Line 67: Result of 32-bit expression is truncated to fit in 8-bit target.
WARNING:HDLCompiler:413 - "D:\fpga\19_vga_ise\src\picbox.v" Line 73: Result of 32-bit expression is truncated to fit in 16-bit target.
WARNING:HDLCompiler:413 - "D:\fpga\19_vga_ise\src\picbox.v" Line 75: Result of 32-bit expression is truncated to fit in 16-bit target.

Elaborating module <rom>.
ERROR:HDLCompiler:1654 - "D:\fpga\19_vga_ise\src\rom.v" Line 58: Instantiating <altsyncram_component> from unknown module <altsyncram>
Module rom remains a blackbox, due to errors in its contents
WARNING:HDLCompiler:1499 - "D:\fpga\19_vga_ise\src\rom.v" Line 39: Empty module <rom> remains a black box.

Elaborating module <cov8_1>.

Elaborating module <xy2addr(WIDTH=100)>.
WARNING:HDLCompiler:413 - "D:\fpga\19_vga_ise\src\xy2addr.v" Line 22: Result of 24-bit expression is truncated to fit in 14-bit target.

Elaborating module <divclk(div_count=500000)>.
WARNING:HDLCompiler:413 - "D:\fpga\19_vga_ise\src\divclock.v" Line 33: Result of 32-bit expression is truncated to fit in 1-bit target.
--> 

Total memory usage is 4520712 kilobytes

Number of errors   :    2 (   0 filtered)
Number of warnings :   13 (   0 filtered)
Number of infos    :    0 (   0 filtered)

