#-----------------------------------------------------------
# Vivado v2018.2 (64-bit)
# SW Build 2258646 on Thu Jun 14 20:03:12 MDT 2018
# IP Build 2256618 on Thu Jun 14 22:10:49 MDT 2018
# Start of session at: Wed Aug 15 09:07:36 2018
# Process ID: 13992
# Current directory: D:/fpga/25_uart_send_pic_to_hdmi_version_two/project
# Command line: vivado.exe -gui_launcher_event rodinguilauncherevent16144 D:\fpga\25_uart_send_pic_to_hdmi_version_two\project\project.xpr
# Log file: D:/fpga/25_uart_send_pic_to_hdmi_version_two/project/vivado.log
# Journal file: D:/fpga/25_uart_send_pic_to_hdmi_version_two/project\vivado.jou
#-----------------------------------------------------------
start_gui
open_project D:/fpga/25_uart_send_pic_to_hdmi_version_two/project/project.xpr
Scanning sources...
Finished scanning sources
INFO: [IP_Flow 19-234] Refreshing IP repositories
INFO: [IP_Flow 19-1704] No user IP repositories specified
INFO: [IP_Flow 19-2313] Loaded Vivado IP repository 'D:/Xilinx/vivado/Vivado/2018.2/data/ip'.
open_project: Time (s): cpu = 00:00:23 ; elapsed = 00:00:12 . Memory (MB): peak = 819.004 ; gain = 119.957
update_compile_order -fileset sources_1
set_property target_simulator XSim [current_project]
update_ip_catalog
launch_simulation
INFO: [Vivado 12-5698] Checking validity of IPs in the design for the 'XSim' simulator...
INFO: [Vivado 12-5682] Launching behavioral simulation in 'D:/fpga/25_uart_send_pic_to_hdmi_version_two/project/project.sim/sim_1/behav/xsim'
INFO: [Vivado 12-4795] Using compiled simulation libraries for IPs
INFO: [SIM-utils-51] Simulation object is 'sim_1'
INFO: [USF-XSim-7] Finding pre-compiled libraries...
INFO: [USF-XSim-11] File 'D:/Xilinx/vivado/Vivado/2018.2/data/xsim/xsim.ini' copied to run dir:'D:/fpga/25_uart_send_pic_to_hdmi_version_two/project/project.sim/sim_1/behav/xsim'
INFO: [SIM-utils-54] Inspecting design source files for 'sim_tb_top' in fileset 'sim_1'...
INFO: [USF-XSim-97] Finding global include files...
INFO: [USF-XSim-98] Fetching design files from 'sim_1'...
INFO: [USF-XSim-2] XSim::Compile design
INFO: [USF-XSim-61] Executing 'COMPILE and ANALYZE' step in 'D:/fpga/25_uart_send_pic_to_hdmi_version_two/project/project.sim/sim_1/behav/xsim'
"xvlog --incr --relax -prj sim_tb_top_vlog.prj"
INFO: [USF-XSim-69] 'compile' step finished in '5' seconds
INFO: [USF-XSim-3] XSim::Elaborate design
INFO: [USF-XSim-61] Executing 'ELABORATE' step in 'D:/fpga/25_uart_send_pic_to_hdmi_version_two/project/project.sim/sim_1/behav/xsim'
Vivado Simulator 2018.2
Copyright 1986-1999, 2001-2018 Xilinx, Inc. All Rights Reserved.
Running: D:/Xilinx/vivado/Vivado/2018.2/bin/unwrapped/win64.o/xelab.exe -wto 7ae3406260cf4ff39df5a4c502001fcc --incr --debug typical --relax --mt 2 -L xil_defaultlib -L unisims_ver -L unimacro_ver -L secureip -L xpm --snapshot sim_tb_top_behav xil_defaultlib.sim_tb_top xil_defaultlib.glbl -log elaborate.log 
Using 2 slave threads.
Starting static elaboration
WARNING: [VRFC 10-278] actual bit length 32 differs from formal bit length 28 for port app_addr [D:/fpga/25_uart_send_pic_to_hdmi_version_two/project/project.srcs/sources_1/new/top.v:177]
WARNING: [VRFC 10-278] actual bit length 32 differs from formal bit length 3 for port app_cmd [D:/fpga/25_uart_send_pic_to_hdmi_version_two/project/project.srcs/sources_1/new/top.v:178]
WARNING: [VRFC 10-278] actual bit length 32 differs from formal bit length 1 for port app_en [D:/fpga/25_uart_send_pic_to_hdmi_version_two/project/project.srcs/sources_1/new/top.v:179]
WARNING: [VRFC 10-278] actual bit length 32 differs from formal bit length 256 for port app_wdf_data [D:/fpga/25_uart_send_pic_to_hdmi_version_two/project/project.srcs/sources_1/new/top.v:180]
WARNING: [VRFC 10-278] actual bit length 32 differs from formal bit length 1 for port app_wdf_end [D:/fpga/25_uart_send_pic_to_hdmi_version_two/project/project.srcs/sources_1/new/top.v:181]
WARNING: [VRFC 10-278] actual bit length 32 differs from formal bit length 1 for port app_wdf_wren [D:/fpga/25_uart_send_pic_to_hdmi_version_two/project/project.srcs/sources_1/new/top.v:182]
WARNING: [VRFC 10-278] actual bit length 1 differs from formal bit length 256 for port app_rd_data [D:/fpga/25_uart_send_pic_to_hdmi_version_two/project/project.srcs/sources_1/new/top.v:183]
WARNING: [VRFC 10-278] actual bit length 32 differs from formal bit length 1 for port app_sr_req [D:/fpga/25_uart_send_pic_to_hdmi_version_two/project/project.srcs/sources_1/new/top.v:188]
WARNING: [VRFC 10-278] actual bit length 32 differs from formal bit length 1 for port app_ref_req [D:/fpga/25_uart_send_pic_to_hdmi_version_two/project/project.srcs/sources_1/new/top.v:189]
WARNING: [VRFC 10-278] actual bit length 32 differs from formal bit length 1 for port app_zq_req [D:/fpga/25_uart_send_pic_to_hdmi_version_two/project/project.srcs/sources_1/new/top.v:190]
WARNING: [VRFC 10-278] actual bit length 12 differs from formal bit length 8 for port pi_dqs_found_lanes [D:/fpga/25_uart_send_pic_to_hdmi_version_two/project/project.srcs/sources_1/ip/mig_7series_0/mig_7series_0/user_design/rtl/phy/mig_7series_v4_1_ddr_mc_phy_wrapper.v:1671]
WARNING: [VRFC 10-278] actual bit length 12 differs from formal bit length 8 for port pi_phase_locked_lanes [D:/fpga/25_uart_send_pic_to_hdmi_version_two/project/project.srcs/sources_1/ip/mig_7series_0/mig_7series_0/user_design/rtl/phy/mig_7series_v4_1_ddr_mc_phy_wrapper.v:1679]
WARNING: [VRFC 10-278] actual bit length 12 differs from formal bit length 8 for port pi_dqs_found_lanes [D:/fpga/25_uart_send_pic_to_hdmi_version_two/project/project.srcs/sources_1/ip/mig_7series_0/mig_7series_0/user_design/rtl/phy/mig_7series_v4_1_ddr_phy_top.v:1340]
WARNING: [VRFC 10-278] actual bit length 1 differs from formal bit length 8 for port uart_rx_data_o [D:/fpga/25_uart_send_pic_to_hdmi_version_two/project/project.srcs/sources_1/new/top.v:210]
WARNING: [VRFC 10-278] actual bit length 1 differs from formal bit length 8 for port uart_tx_data_i [D:/fpga/25_uart_send_pic_to_hdmi_version_two/project/project.srcs/sources_1/new/top.v:216]
WARNING: [VRFC 10-278] actual bit length 32 differs from formal bit length 1 for port uart_tx_en_i [D:/fpga/25_uart_send_pic_to_hdmi_version_two/project/project.srcs/sources_1/new/top.v:217]
Completed static elaboration
INFO: [XSIM 43-4323] No Change in HDL. Linking previously generated obj files to create kernel
run_program: Time (s): cpu = 00:00:01 ; elapsed = 00:00:20 . Memory (MB): peak = 924.055 ; gain = 0.000
INFO: [USF-XSim-69] 'elaborate' step finished in '19' seconds
INFO: [USF-XSim-4] XSim::Simulate design
INFO: [USF-XSim-61] Executing 'SIMULATE' step in 'D:/fpga/25_uart_send_pic_to_hdmi_version_two/project/project.sim/sim_1/behav/xsim'
INFO: [USF-XSim-98] *** Running xsim
   with args "sim_tb_top_behav -key {Behavioral:sim_1:Functional:sim_tb_top} -tclbatch {sim_tb_top.tcl} -log {simulate.log}"
INFO: [USF-XSim-8] Loading simulator feature
Vivado Simulator 2018.2
Time resolution is 1 fs
source sim_tb_top.tcl
# set curr_wave [current_wave_config]
# if { [string length $curr_wave] == 0 } {
#   if { [llength [get_objects]] > 0} {
#     add_wave /
#     set_property needs_save false [current_wave_config]
#   } else {
#      send_msg_id Add_Wave-1 WARNING "No top level signals found. Simulator will start without a wave window. If you want to open a wave window go to 'File->New Waveform Configuration' or type 'create_wave_config' in the TCL console."
#   }
# }
# run 1000ns
WARNING: file design.txt could not be opened
 *** Warning: The analog data file design.txt for XADC instance sim_tb_top.u_ip_top.u_mig_7series_0.u_mig_7series_0_mig.temp_mon_enabled.u_tempmon.xadc_supplied_temperature.XADC_inst was not found. Use the SIM_MONITOR_FILE parameter to specify the analog data file name or use the default name: design.txt.

############# Write Clocks PLLE2_ADV Parameters #############

nCK_PER_CLK      =       4
CLK_PERIOD       =    5000
CLKIN1_PERIOD    =   5.000
DIVCLK_DIVIDE    =       1
CLKFBOUT_MULT    =       4
VCO_PERIOD       =  1250.0
CLKOUT0_DIVIDE_F =       1
CLKOUT1_DIVIDE   =       2
CLKOUT2_DIVIDE   =      32
CLKOUT3_DIVIDE   =       8
CLKOUT0_PERIOD   =    1250
CLKOUT1_PERIOD   =    2500
CLKOUT2_PERIOD   =   40000
CLKOUT3_PERIOD   =   10000
CLKOUT4_PERIOD   =    5000
############################################################

############# MMCME2_ADV Parameters #############

MMCM_MULT_F           =           8
MMCM_VCO_FREQ (MHz)   = 800.000
MMCM_VCO_PERIOD       = 1250.000
#################################################

sim_tb_top.u_ip_top.u_mig_7series_0.u_mig_7series_0_mig.u_memc_ui_top_std.mem_intfc0.ddr_phy_top0.u_ddr_mc_phy_wrapper.u_ddr_mc_phy : BYTE_LANES_B0 = f BYTE_LANES_B1 = f DATA_CTL_B0 = f DATA_CTL_B1 = 0
sim_tb_top.u_ip_top.u_mig_7series_0.u_mig_7series_0_mig.u_memc_ui_top_std.mem_intfc0.ddr_phy_top0.u_ddr_mc_phy_wrapper.u_ddr_mc_phy : HIGHEST_LANE =           8 HIGHEST_LANE_B0 =           4 HIGHEST_LANE_B1 =           4
sim_tb_top.u_ip_top.u_mig_7series_0.u_mig_7series_0_mig.u_memc_ui_top_std.mem_intfc0.ddr_phy_top0.u_ddr_mc_phy_wrapper.u_ddr_mc_phy : HIGHEST_BANK =           2
sim_tb_top.u_ip_top.u_mig_7series_0.u_mig_7series_0_mig.u_memc_ui_top_std.mem_intfc0.ddr_phy_top0.u_ddr_mc_phy_wrapper.u_ddr_mc_phy : FREQ_REF_PERIOD         = 1250.00 
sim_tb_top.u_ip_top.u_mig_7series_0.u_mig_7series_0_mig.u_memc_ui_top_std.mem_intfc0.ddr_phy_top0.u_ddr_mc_phy_wrapper.u_ddr_mc_phy : DDR_TCK                 = 2500 
sim_tb_top.u_ip_top.u_mig_7series_0.u_mig_7series_0_mig.u_memc_ui_top_std.mem_intfc0.ddr_phy_top0.u_ddr_mc_phy_wrapper.u_ddr_mc_phy : PO_S2_TAPS_SIZE         = 9.77 
sim_tb_top.u_ip_top.u_mig_7series_0.u_mig_7series_0_mig.u_memc_ui_top_std.mem_intfc0.ddr_phy_top0.u_ddr_mc_phy_wrapper.u_ddr_mc_phy : PO_CIRC_BUF_EARLY       = 1 
sim_tb_top.u_ip_top.u_mig_7series_0.u_mig_7series_0_mig.u_memc_ui_top_std.mem_intfc0.ddr_phy_top0.u_ddr_mc_phy_wrapper.u_ddr_mc_phy : PO_CIRC_BUF_OFFSET      = 1219.75 
sim_tb_top.u_ip_top.u_mig_7series_0.u_mig_7series_0_mig.u_memc_ui_top_std.mem_intfc0.ddr_phy_top0.u_ddr_mc_phy_wrapper.u_ddr_mc_phy : PO_CIRC_BUF_META_ZONE   = 200.00 
sim_tb_top.u_ip_top.u_mig_7series_0.u_mig_7series_0_mig.u_memc_ui_top_std.mem_intfc0.ddr_phy_top0.u_ddr_mc_phy_wrapper.u_ddr_mc_phy : PO_STG2_FINE_INTR_DLY   = 769.25 
sim_tb_top.u_ip_top.u_mig_7series_0.u_mig_7series_0_mig.u_memc_ui_top_std.mem_intfc0.ddr_phy_top0.u_ddr_mc_phy_wrapper.u_ddr_mc_phy : PO_STG2_COARSE_INTR_DLY = 511.00 
sim_tb_top.u_ip_top.u_mig_7series_0.u_mig_7series_0_mig.u_memc_ui_top_std.mem_intfc0.ddr_phy_top0.u_ddr_mc_phy_wrapper.u_ddr_mc_phy : PO_STG2_INTRINSIC_DELAY = 1280.25 
sim_tb_top.u_ip_top.u_mig_7series_0.u_mig_7series_0_mig.u_memc_ui_top_std.mem_intfc0.ddr_phy_top0.u_ddr_mc_phy_wrapper.u_ddr_mc_phy : PO_CIRC_BUF_DELAY       = 60 
sim_tb_top.u_ip_top.u_mig_7series_0.u_mig_7series_0_mig.u_memc_ui_top_std.mem_intfc0.ddr_phy_top0.u_ddr_mc_phy_wrapper.u_ddr_mc_phy : PO_INTRINSIC_DELAY      = 1280.25 
sim_tb_top.u_ip_top.u_mig_7series_0.u_mig_7series_0_mig.u_memc_ui_top_std.mem_intfc0.ddr_phy_top0.u_ddr_mc_phy_wrapper.u_ddr_mc_phy : PO_DELAY                = 1866.19 
sim_tb_top.u_ip_top.u_mig_7series_0.u_mig_7series_0_mig.u_memc_ui_top_std.mem_intfc0.ddr_phy_top0.u_ddr_mc_phy_wrapper.u_ddr_mc_phy : PO_OCLK_DELAY           = 0 
sim_tb_top.u_ip_top.u_mig_7series_0.u_mig_7series_0_mig.u_memc_ui_top_std.mem_intfc0.ddr_phy_top0.u_ddr_mc_phy_wrapper.u_ddr_mc_phy : L_PHY_0_PO_FINE_DELAY   = 60 
sim_tb_top.u_ip_top.u_mig_7series_0.u_mig_7series_0_mig.u_memc_ui_top_std.mem_intfc0.ddr_phy_top0.u_ddr_mc_phy_wrapper.u_ddr_mc_phy : PI_STG1_INTRINSIC_DELAY = 0.00 
sim_tb_top.u_ip_top.u_mig_7series_0.u_mig_7series_0_mig.u_memc_ui_top_std.mem_intfc0.ddr_phy_top0.u_ddr_mc_phy_wrapper.u_ddr_mc_phy : PI_STG2_INTRINSIC_DELAY = 744.00 
sim_tb_top.u_ip_top.u_mig_7series_0.u_mig_7series_0_mig.u_memc_ui_top_std.mem_intfc0.ddr_phy_top0.u_ddr_mc_phy_wrapper.u_ddr_mc_phy : PI_INTRINSIC_DELAY      = 744.00 
sim_tb_top.u_ip_top.u_mig_7series_0.u_mig_7series_0_mig.u_memc_ui_top_std.mem_intfc0.ddr_phy_top0.u_ddr_mc_phy_wrapper.u_ddr_mc_phy : PI_MAX_STG2_DELAY       = 615.23 
sim_tb_top.u_ip_top.u_mig_7series_0.u_mig_7series_0_mig.u_memc_ui_top_std.mem_intfc0.ddr_phy_top0.u_ddr_mc_phy_wrapper.u_ddr_mc_phy : PI_OFFSET               = -78.00 
sim_tb_top.u_ip_top.u_mig_7series_0.u_mig_7series_0_mig.u_memc_ui_top_std.mem_intfc0.ddr_phy_top0.u_ddr_mc_phy_wrapper.u_ddr_mc_phy : a negative PI_OFFSET means that rclk path is longer than oclk path so rclk will be delayed to next oclk edge and the negedge of rclk may be used.
sim_tb_top.u_ip_top.u_mig_7series_0.u_mig_7series_0_mig.u_memc_ui_top_std.mem_intfc0.ddr_phy_top0.u_ddr_mc_phy_wrapper.u_ddr_mc_phy : PI_STG2_DELAY           = 615.23 
sim_tb_top.u_ip_top.u_mig_7series_0.u_mig_7series_0_mig.u_memc_ui_top_std.mem_intfc0.ddr_phy_top0.u_ddr_mc_phy_wrapper.u_ddr_mc_phy :PI_STG2_DELAY_CAND       = 1172.00 
sim_tb_top.u_ip_top.u_mig_7series_0.u_mig_7series_0_mig.u_memc_ui_top_std.mem_intfc0.ddr_phy_top0.u_ddr_mc_phy_wrapper.u_ddr_mc_phy : DEFAULT_RCLK_DELAY      = 63 
sim_tb_top.u_ip_top.u_mig_7series_0.u_mig_7series_0_mig.u_memc_ui_top_std.mem_intfc0.ddr_phy_top0.u_ddr_mc_phy_wrapper.u_ddr_mc_phy : RCLK_SELECT_EDGE        = 0 
WARNING: sim_tb_top.u_ip_top.u_mig_7series_0.u_mig_7series_0_mig.u_memc_ui_top_std.mem_intfc0.ddr_phy_top0.u_ddr_mc_phy_wrapper.u_ddr_mc_phy: The required delay though the phaser_in to internally match the aux_out clock  to ddr clock exceeds the maximum allowable delay. The clock edge  will occur at the output registers of aux_out 556.77 ps before the ddr clock  edge. If aux_out is used for memory inputs, this may violate setup or hold time.
Warning: [Unisim MMCME2_ADV-20] Input CLKIN1 period and attribute CLKIN1_PERIOD are not same. Instance sim_tb_top.u_ip_top.instance_name.inst.mmcm_adv_inst 
Warning : input CLKIN1 period and attribute CLKIN1_PERIOD on PLLE2_ADV instance sim_tb_top.u_ip_top.u_mig_7series_0.u_mig_7series_0_mig.u_ddr3_infrastructure.plle2_i are not same.
Warning: [Unisim MMCME2_ADV-20] Input CLKIN1 period and attribute CLKIN1_PERIOD are not same. Instance sim_tb_top.u_ip_top.u_mig_7series_0.u_mig_7series_0_mig.u_ddr3_infrastructure.gen_mmcm.mmcm_i 
Warning: Invalid average CLKIN frequency detected = 3189.801 MHz
    on PHASER_REF instance sim_tb_top.u_ip_top.u_mig_7series_0.u_mig_7series_0_mig.u_memc_ui_top_std.mem_intfc0.ddr_phy_top0.u_ddr_mc_phy_wrapper.u_ddr_mc_phy.ddr_phy_4lanes_0.u_ddr_phy_4lanes.phaser_ref_i at time 612190.0 ps ps.
    The valid CLKIN frequency range is:
        Minimum = 400.000 MHz
        Maximum = 1066.000 MHz
Warning: Invalid average CLKIN frequency detected = 3189.801 MHz
    on PHASER_REF instance sim_tb_top.u_ip_top.u_mig_7series_0.u_mig_7series_0_mig.u_memc_ui_top_std.mem_intfc0.ddr_phy_top0.u_ddr_mc_phy_wrapper.u_ddr_mc_phy.ddr_phy_4lanes_1.u_ddr_phy_4lanes.phaser_ref_i at time 612190.0 ps ps.
    The valid CLKIN frequency range is:
        Minimum = 400.000 MHz
        Maximum = 1066.000 MHz
run: Time (s): cpu = 00:00:03 ; elapsed = 00:00:06 . Memory (MB): peak = 935.422 ; gain = 0.000
xsim: Time (s): cpu = 00:00:11 ; elapsed = 00:00:11 . Memory (MB): peak = 935.422 ; gain = 11.367
INFO: [USF-XSim-96] XSim completed. Design snapshot 'sim_tb_top_behav' loaded.
INFO: [USF-XSim-97] XSim simulation ran for 1000ns
launch_simulation: Time (s): cpu = 00:00:16 ; elapsed = 00:00:39 . Memory (MB): peak = 935.422 ; gain = 35.102
run 1000 us
