Model Technology ModelSim SE-64 vcom 10.2c Compiler 2013.07 Jul 19 2013
-- Loading package STANDARD
-- Loading package TEXTIO
-- Loading package std_logic_1164
-- Loading package NUMERIC_STD
-- Loading package std_logic_arith
-- Loading package STD_LOGIC_UNSIGNED
-- Loading package lib_pkg
-- Compiling package axi_mcdma_pkg
-- Compiling package body axi_mcdma_pkg
-- Loading package axi_mcdma_pkg
-- Loading package ATTRIBUTES
-- Loading package std_logic_misc
-- Loading package axi_mcdma_pkg
-- Compiling entity axi_mcdma_reset
-- Compiling architecture implementation of axi_mcdma_reset
** Error: (vcom-11) Could not find lib_cdc_v1_0_2.cdc_sync.
** Error: D:\Xilinx\vivado\Vivado\2018.2\data\ip\xilinx\axi_mcdma_v1_0\hdl\axi_mcdma_v1_0_vh_rfs.vhd(931): (vcom-1195) Cannot find expanded name "lib_cdc_v1_0_2.cdc_sync".
** Error: D:\Xilinx\vivado\Vivado\2018.2\data\ip\xilinx\axi_mcdma_v1_0\hdl\axi_mcdma_v1_0_vh_rfs.vhd(931): Unknown expanded name.
** Error: (vcom-11) Could not find lib_cdc_v1_0_2.cdc_sync.
** Error: D:\Xilinx\vivado\Vivado\2018.2\data\ip\xilinx\axi_mcdma_v1_0\hdl\axi_mcdma_v1_0_vh_rfs.vhd(1033): (vcom-1195) Cannot find expanded name "lib_cdc_v1_0_2.cdc_sync".
** Error: D:\Xilinx\vivado\Vivado\2018.2\data\ip\xilinx\axi_mcdma_v1_0\hdl\axi_mcdma_v1_0_vh_rfs.vhd(1033): Unknown expanded name.
** Error: (vcom-11) Could not find lib_cdc_v1_0_2.cdc_sync.
** Error: D:\Xilinx\vivado\Vivado\2018.2\data\ip\xilinx\axi_mcdma_v1_0\hdl\axi_mcdma_v1_0_vh_rfs.vhd(1062): (vcom-1195) Cannot find expanded name "lib_cdc_v1_0_2.cdc_sync".
** Error: D:\Xilinx\vivado\Vivado\2018.2\data\ip\xilinx\axi_mcdma_v1_0\hdl\axi_mcdma_v1_0_vh_rfs.vhd(1062): Unknown expanded name.
** Error: (vcom-11) Could not find lib_cdc_v1_0_2.cdc_sync.
** Error: D:\Xilinx\vivado\Vivado\2018.2\data\ip\xilinx\axi_mcdma_v1_0\hdl\axi_mcdma_v1_0_vh_rfs.vhd(1157): (vcom-1195) Cannot find expanded name "lib_cdc_v1_0_2.cdc_sync".
** Error: D:\Xilinx\vivado\Vivado\2018.2\data\ip\xilinx\axi_mcdma_v1_0\hdl\axi_mcdma_v1_0_vh_rfs.vhd(1157): Unknown expanded name.
** Error: (vcom-11) Could not find lib_cdc_v1_0_2.cdc_sync.
** Error: D:\Xilinx\vivado\Vivado\2018.2\data\ip\xilinx\axi_mcdma_v1_0\hdl\axi_mcdma_v1_0_vh_rfs.vhd(1232): (vcom-1195) Cannot find expanded name "lib_cdc_v1_0_2.cdc_sync".
** Error: D:\Xilinx\vivado\Vivado\2018.2\data\ip\xilinx\axi_mcdma_v1_0\hdl\axi_mcdma_v1_0_vh_rfs.vhd(1232): Unknown expanded name.
** Error: (vcom-11) Could not find lib_cdc_v1_0_2.cdc_sync.
** Error: D:\Xilinx\vivado\Vivado\2018.2\data\ip\xilinx\axi_mcdma_v1_0\hdl\axi_mcdma_v1_0_vh_rfs.vhd(1281): (vcom-1195) Cannot find expanded name "lib_cdc_v1_0_2.cdc_sync".
** Error: D:\Xilinx\vivado\Vivado\2018.2\data\ip\xilinx\axi_mcdma_v1_0\hdl\axi_mcdma_v1_0_vh_rfs.vhd(1281): Unknown expanded name.
** Error: (vcom-11) Could not find lib_cdc_v1_0_2.cdc_sync.
** Error: D:\Xilinx\vivado\Vivado\2018.2\data\ip\xilinx\axi_mcdma_v1_0\hdl\axi_mcdma_v1_0_vh_rfs.vhd(1345): (vcom-1195) Cannot find expanded name "lib_cdc_v1_0_2.cdc_sync".
** Error: D:\Xilinx\vivado\Vivado\2018.2\data\ip\xilinx\axi_mcdma_v1_0\hdl\axi_mcdma_v1_0_vh_rfs.vhd(1345): Unknown expanded name.
** Error: D:\Xilinx\vivado\Vivado\2018.2\data\ip\xilinx\axi_mcdma_v1_0\hdl\axi_mcdma_v1_0_vh_rfs.vhd(1411): VHDL Compiler exiting
