Model Technology ModelSim SE-64 vlog 10.2c Compiler 2013.07 Jul 19 2013
-- Compiling module axi_traffic_gen_v3_0_3_asynch_rst_ff
-- Compiling module axi_traffic_gen_v3_0_3_slvram_v7
-- Compiling module axi_traffic_gen_v3_0_3_regslice
-- Compiling module axi_traffic_gen_v3_0_3_inferram
-- Compiling module axi_traffic_gen_v3_0_3_randgen
-- Compiling module axi_traffic_gen_v3_0_3_id_track
-- Compiling module axi_traffic_gen_v3_0_3_ex_fifo
-- Compiling module axi_traffic_gen_v3_0_3_cmdram
-- Compiling module axi_traffic_gen_v3_0_3_addrgen
-- Compiling module axi_traffic_gen_v3_0_3_s_w_channel
-- Compiling module axi_traffic_gen_v3_0_3_s_r_channel
-- Compiling module axi_traffic_gen_v3_0_3_sharedram_wrap
-- Compiling module axi_traffic_gen_v3_0_3_registers
-- Compiling module axi_traffic_gen_v3_0_3_paramram_wrap
-- Compiling module axi_traffic_gen_v3_0_3_paramram_64_wrap
-- Compiling module axi_traffic_gen_v3_0_3_addrram_wrap
-- Compiling module axi_traffic_gen_v3_0_3_m_w_channel
-- Compiling module axi_traffic_gen_v3_0_3_m_r_channel
-- Compiling module axi_traffic_gen_v3_0_3_cmdram_wrap
-- Compiling module axi_traffic_gen_v3_0_3_static_regblk
-- Compiling module axi_traffic_gen_v3_0_3_static_cmdgen
-- Compiling module axi_traffic_gen_v3_0_3_static_mrdwr
-- Compiling module axi_traffic_gen_v3_0_3_static_top
-- Compiling module axi_traffic_gen_v3_0_3_slave_only_top
-- Compiling module axi_traffic_gen_v3_0_3_basic_n_full_top
-- Compiling module axi_traffic_gen_v3_0_3_axis_fifo
-- Compiling module axi_traffic_gen_v3_0_3_streaming_top
-- Compiling module axi_traffic_gen_v3_0_3_systeminit_dmg
-- Compiling module axi_traffic_gen_v3_0_3_systeminit_mrdwr
-- Compiling module axi_traffic_gen_v3_0_3_systeminit_top
-- Compiling module axi_traffic_gen_v3_0_3_top

Top level modules:
	axi_traffic_gen_v3_0_3_top
