Model Technology ModelSim SE-64 vcom 10.2c Compiler 2013.07 Jul 19 2013
-- Loading package STANDARD
-- Loading package TEXTIO
-- Loading package std_logic_1164
-- Loading package NUMERIC_STD
-- Loading package ATTRIBUTES
-- Loading package std_logic_misc
-- Loading package std_logic_arith
-- Loading package STD_LOGIC_UNSIGNED
-- Compiling package xd_adapter_pkg
-- Compiling package body xd_adapter_pkg
-- Loading package xd_adapter_pkg
-- Loading package xd_adapter_pkg
-- Compiling entity synchronizer_ff
-- Compiling architecture xilinx of synchronizer_ff
-- Compiling entity clk_x_pntrs
-- Compiling architecture xilinx of clk_x_pntrs
-- Loading entity synchronizer_ff
-- Compiling entity axis_acc_adapter_cdc_sync
-- Compiling architecture implementation of axis_acc_adapter_cdc_sync
** Error: (vcom-11) Could not find unisim.vcomponents.
** Error: D:\Xilinx\vivado\Vivado\2018.2\data\ip\xilinx\axis_accelerator_adapter_v2_1\hdl\axis_accelerator_adapter_v2_1_rfs.vhd(1906): (vcom-1195) Cannot find expanded name "unisim.vcomponents".
** Error: D:\Xilinx\vivado\Vivado\2018.2\data\ip\xilinx\axis_accelerator_adapter_v2_1\hdl\axis_accelerator_adapter_v2_1_rfs.vhd(1906): Unknown expanded name.
** Error: D:\Xilinx\vivado\Vivado\2018.2\data\ip\xilinx\axis_accelerator_adapter_v2_1\hdl\axis_accelerator_adapter_v2_1_rfs.vhd(1911): VHDL Compiler exiting
