Vivado Simulator 2018.2
Copyright 1986-1999, 2001-2018 Xilinx, Inc. All Rights Reserved.
Running: D:/Xilinx/vivado/Vivado/2018.2/bin/unwrapped/win64.o/xelab.exe -wto 6df28e47327e4b5087b22d8b51c56bff --incr --debug typical --relax --mt 2 -L fifo_generator_v13_2_2 -L xil_defaultlib -L unisims_ver -L unimacro_ver -L secureip -L xpm --snapshot tb_sobel_behav xil_defaultlib.tb_sobel xil_defaultlib.glbl -log elaborate.log 
Using 2 slave threads.
Starting static elaboration
WARNING: [VRFC 10-278] actual bit length 16 differs from formal bit length 8 for port grayPic [D:/fpga/28_sobel/sobel/sobel.srcs/sim_1/new/tb_sobel.v:57]
Completed static elaboration
Starting simulation data flow analysis
Completed simulation data flow analysis
Time Resolution for simulation is 1ps
Compiling module fifo_generator_v13_2_2.fifo_generator_v13_2_2_bhv_ver_s...
Compiling module fifo_generator_v13_2_2.fifo_generator_v13_2_2_bhv_ver_p...
Compiling module fifo_generator_v13_2_2.fifo_generator_v13_2_2_CONV_VER(...
Compiling module fifo_generator_v13_2_2.fifo_generator_vlog_beh(C_COMMON...
Compiling module fifo_generator_v13_2_2.fifo_generator_v13_2_2(C_COMMON_...
Compiling module xil_defaultlib.fifo_vgaline
Compiling module xil_defaultlib.martix_3x3
Compiling module xil_defaultlib.sobel
Compiling module xil_defaultlib.tb_sobel
Compiling module xil_defaultlib.glbl
Built simulation snapshot tb_sobel_behav
